[ 2017-06-28T00:00:20+08:00 ] ::1 /efan/index.php/Home/Login/Public/submitInfo
INFO: [ app_init ] --START--
INFO: Run Behavior\BuildLiteBehavior [ RunTime:0.000021s ]
INFO: [ app_init ] --END-- [ RunTime:0.000429s ]
INFO: [ app_begin ] --START--
INFO: Run Behavior\ReadHtmlCacheBehavior [ RunTime:0.000476s ]
INFO: [ app_begin ] --END-- [ RunTime:0.000534s ]
SQL: SHOW COLUMNS FROM `efan_college_major` [ RunTime:0.0035s ]
SQL: SELECT * FROM `efan_college_major` WHERE `cid` = 0  [ RunTime:0.0006s ]
SQL: SHOW COLUMNS FROM `efan_user` [ RunTime:0.0024s ]
NOTIC: [8] Undefined variable: uid /Applications/XAMPP/xamppfiles/htdocs/efan/Application/Home/Controller/Login/PublicController.class.php 第 261 行.
SQL: SELECT `name` FROM `efan_user` WHERE `uid` = null LIMIT 1   [ RunTime:0.0003s ]
INFO: [ view_parse ] --START--
INFO: [ template_filter ] --START--
INFO: Run Behavior\ContentReplaceBehavior [ RunTime:0.000092s ]
INFO: [ template_filter ] --END-- [ RunTime:0.000131s ]
NOTIC: [8] Undefined variable: title /Applications/XAMPP/xamppfiles/htdocs/efan/Application/Runtime/Cache/Home/7f684ad314265909b7ec9dca8bee2598.php 第 11 行.
NOTIC: [8] Undefined variable: Think /Applications/XAMPP/xamppfiles/htdocs/efan/Application/Runtime/Cache/Home/7f684ad314265909b7ec9dca8bee2598.php 第 100 行.
NOTIC: [8] Undefined variable: Think /Applications/XAMPP/xamppfiles/htdocs/efan/Application/Runtime/Cache/Home/7f684ad314265909b7ec9dca8bee2598.php 第 122 行.
NOTIC: [8] Undefined variable: Think /Applications/XAMPP/xamppfiles/htdocs/efan/Application/Runtime/Cache/Home/7f684ad314265909b7ec9dca8bee2598.php 第 136 行.
NOTIC: [8] Undefined variable: major /Applications/XAMPP/xamppfiles/htdocs/efan/Application/Runtime/Cache/Home/7f684ad314265909b7ec9dca8bee2598.php 第 138 行.
NOTIC: [8] Undefined variable: Think /Applications/XAMPP/xamppfiles/htdocs/efan/Application/Runtime/Cache/Home/7f684ad314265909b7ec9dca8bee2598.php 第 200 行.
INFO: Run Behavior\ParseTemplateBehavior [ RunTime:0.011808s ]
INFO: [ view_parse ] --END-- [ RunTime:0.011856s ]
INFO: [ view_filter ] --START--
INFO: Run Behavior\WriteHtmlCacheBehavior [ RunTime:0.000113s ]
INFO: [ view_filter ] --END-- [ RunTime:0.000136s ]
INFO: [ app_end ] --START--
INFO: Run Behavior\ShowPageTraceBehavior [ RunTime:0.000478s ]
INFO: [ app_end ] --END-- [ RunTime:0.000517s ]

[ 2017-06-28T00:00:46+08:00 ] ::1 /efan/index.php/Home/Login/Public/submitInfo.efan
INFO: [ app_init ] --START--
INFO: Run Behavior\BuildLiteBehavior [ RunTime:0.000010s ]
INFO: [ app_init ] --END-- [ RunTime:0.000225s ]
INFO: [ app_begin ] --START--
INFO: Run Behavior\ReadHtmlCacheBehavior [ RunTime:0.000284s ]
INFO: [ app_begin ] --END-- [ RunTime:0.000315s ]

[ 2017-06-28T00:01:57+08:00 ] ::1 /efan/index.php/Home/Login/Public/submitInfo.efan
INFO: [ app_init ] --START--
INFO: Run Behavior\BuildLiteBehavior [ RunTime:0.000014s ]
INFO: [ app_init ] --END-- [ RunTime:0.000229s ]
INFO: [ app_begin ] --START--
INFO: Run Behavior\ReadHtmlCacheBehavior [ RunTime:0.001082s ]
INFO: [ app_begin ] --END-- [ RunTime:0.001135s ]

[ 2017-06-28T00:01:59+08:00 ] ::1 /efan/index.php/Home/Login/Public/submitInfo
INFO: [ app_init ] --START--
INFO: Run Behavior\BuildLiteBehavior [ RunTime:0.000010s ]
INFO: [ app_init ] --END-- [ RunTime:0.000216s ]
INFO: [ app_begin ] --START--
INFO: Run Behavior\ReadHtmlCacheBehavior [ RunTime:0.000511s ]
INFO: [ app_begin ] --END-- [ RunTime:0.000615s ]
SQL: SHOW COLUMNS FROM `efan_college_major` [ RunTime:0.0021s ]
SQL: SELECT * FROM `efan_college_major` WHERE `cid` = 0  [ RunTime:0.0006s ]
SQL: SHOW COLUMNS FROM `efan_user` [ RunTime:0.0035s ]
NOTIC: [8] Undefined variable: uid /Applications/XAMPP/xamppfiles/htdocs/efan/Application/Home/Controller/Login/PublicController.class.php 第 261 行.
SQL: SELECT `name` FROM `efan_user` WHERE `uid` = null LIMIT 1   [ RunTime:0.0004s ]
INFO: [ view_parse ] --START--
INFO: [ template_filter ] --START--
INFO: Run Behavior\ContentReplaceBehavior [ RunTime:0.000139s ]
INFO: [ template_filter ] --END-- [ RunTime:0.000225s ]
NOTIC: [8] Undefined variable: title /Applications/XAMPP/xamppfiles/htdocs/efan/Application/Runtime/Cache/Home/7f684ad314265909b7ec9dca8bee2598.php 第 11 行.
NOTIC: [8] Undefined variable: Think /Applications/XAMPP/xamppfiles/htdocs/efan/Application/Runtime/Cache/Home/7f684ad314265909b7ec9dca8bee2598.php 第 100 行.
NOTIC: [8] Undefined variable: Think /Applications/XAMPP/xamppfiles/htdocs/efan/Application/Runtime/Cache/Home/7f684ad314265909b7ec9dca8bee2598.php 第 122 行.
NOTIC: [8] Undefined variable: Think /Applications/XAMPP/xamppfiles/htdocs/efan/Application/Runtime/Cache/Home/7f684ad314265909b7ec9dca8bee2598.php 第 136 行.
NOTIC: [8] Undefined variable: major /Applications/XAMPP/xamppfiles/htdocs/efan/Application/Runtime/Cache/Home/7f684ad314265909b7ec9dca8bee2598.php 第 138 行.
NOTIC: [8] Undefined variable: Think /Applications/XAMPP/xamppfiles/htdocs/efan/Application/Runtime/Cache/Home/7f684ad314265909b7ec9dca8bee2598.php 第 200 行.
INFO: Run Behavior\ParseTemplateBehavior [ RunTime:0.011668s ]
INFO: [ view_parse ] --END-- [ RunTime:0.011751s ]
INFO: [ view_filter ] --START--
INFO: Run Behavior\WriteHtmlCacheBehavior [ RunTime:0.000185s ]
INFO: [ view_filter ] --END-- [ RunTime:0.000218s ]
INFO: [ app_end ] --START--
INFO: Run Behavior\ShowPageTraceBehavior [ RunTime:0.001730s ]
INFO: [ app_end ] --END-- [ RunTime:0.002026s ]

[ 2017-06-28T00:02:02+08:00 ] ::1 /efan/index.php/Home/Login/Public/submitInfo.efan
INFO: [ app_init ] --START--
INFO: Run Behavior\BuildLiteBehavior [ RunTime:0.000011s ]
INFO: [ app_init ] --END-- [ RunTime:0.000227s ]
INFO: [ app_begin ] --START--
INFO: Run Behavior\ReadHtmlCacheBehavior [ RunTime:0.000302s ]
INFO: [ app_begin ] --END-- [ RunTime:0.000341s ]

[ 2017-06-28T00:05:03+08:00 ] ::1 /efan/index.php/Home/Login/Public/findMajor.efan
INFO: [ app_init ] --START--
INFO: Run Behavior\BuildLiteBehavior [ RunTime:0.000010s ]
INFO: [ app_init ] --END-- [ RunTime:0.000227s ]
INFO: [ app_begin ] --START--
INFO: Run Behavior\ReadHtmlCacheBehavior [ RunTime:0.000287s ]
INFO: [ app_begin ] --END-- [ RunTime:0.000320s ]
SQL: SHOW COLUMNS FROM `efan_college_major` [ RunTime:0.0028s ]
SQL: SELECT `id`,`title` FROM `efan_college_major` WHERE `cid` = 2  [ RunTime:0.0002s ]

[ 2017-06-28T00:05:04+08:00 ] ::1 /efan/index.php/Home/Login/Public/findClass.efan
INFO: [ app_init ] --START--
INFO: Run Behavior\BuildLiteBehavior [ RunTime:0.000010s ]
INFO: [ app_init ] --END-- [ RunTime:0.000218s ]
INFO: [ app_begin ] --START--
INFO: Run Behavior\ReadHtmlCacheBehavior [ RunTime:0.000363s ]
INFO: [ app_begin ] --END-- [ RunTime:0.000402s ]
SQL: SHOW COLUMNS FROM `efan_college_major` [ RunTime:0.0025s ]
SQL: SELECT `class` FROM `efan_college_major` WHERE `id` = 21 LIMIT 1   [ RunTime:0.0002s ]

[ 2017-06-28T00:05:07+08:00 ] ::1 /efan/index.php/Home/Login/Public/submitInfo.efan
INFO: [ app_init ] --START--
INFO: Run Behavior\BuildLiteBehavior [ RunTime:0.000009s ]
INFO: [ app_init ] --END-- [ RunTime:0.000233s ]
INFO: [ app_begin ] --START--
INFO: Run Behavior\ReadHtmlCacheBehavior [ RunTime:0.000275s ]
INFO: [ app_begin ] --END-- [ RunTime:0.000309s ]

[ 2017-06-28T14:41:31+08:00 ] ::1 /efan/index.php/Home/Login/Public/submitInfo.efan
INFO: [ app_init ] --START--
INFO: Run Behavior\BuildLiteBehavior [ RunTime:0.000024s ]
INFO: [ app_init ] --END-- [ RunTime:0.001811s ]
INFO: [ app_begin ] --START--
INFO: Run Behavior\ReadHtmlCacheBehavior [ RunTime:0.000630s ]
INFO: [ app_begin ] --END-- [ RunTime:0.000669s ]

