[ 2017-05-23T22:55:50+08:00 ] ::1 /efan/index.php/Home/User/User/index/key/USERLIST.efan
INFO: [ app_init ] --START--
INFO: Run Behavior\BuildLiteBehavior [ RunTime:0.000010s ]
INFO: [ app_init ] --END-- [ RunTime:0.000305s ]
INFO: [ app_begin ] --START--
INFO: Run Behavior\ReadHtmlCacheBehavior [ RunTime:0.000282s ]
INFO: [ app_begin ] --END-- [ RunTime:0.000317s ]
NOTIC: [8] Use of undefined constant URL_HTML_SUFFIX - assumed 'URL_HTML_SUFFIX' /Applications/XAMPP/xamppfiles/htdocs/efan/Application/Home/Controller/HomeController.class.php 第 211 行.
SQL: SHOW COLUMNS FROM `efan_module` [ RunTime:0.0016s ]
SQL: SELECT COUNT(*) AS tp_count FROM `efan_module` WHERE `url` = 'User/User/index' AND `key` = 'USERLIST' AND `hide` = 0 LIMIT 1   [ RunTime:0.0004s ]
SQL: SHOW COLUMNS FROM `efan_auth_group_module` [ RunTime:0.0012s ]
SQL: SELECT * FROM `efan_auth_group_module` WHERE `module_key` = 'USERLIST'  [ RunTime:0.0002s ]
NOTIC: [8] Undefined index: group_id /Applications/XAMPP/xamppfiles/htdocs/efan/Application/Home/Controller/HomeController.class.php 第 173 行.
SQL: SELECT DISTINCT  `permision` FROM `efan_auth_group_module` WHERE `module_key` = 'USERLIST'  [ RunTime:0.0001s ]
SQL: SHOW COLUMNS FROM `efan_interim_permision` [ RunTime:0.0011s ]
SQL: SELECT `interimpermision` FROM `efan_interim_permision` WHERE `uid` = 18 AND `time` > 1495551350  [ RunTime:0.0002s ]
NOTIC: [8] Undefined variable: authGroupAccess /Applications/XAMPP/xamppfiles/htdocs/efan/Application/Home/Controller/HomeController.class.php 第 109 行.
NOTIC: [2] Invalid argument supplied for foreach() /Applications/XAMPP/xamppfiles/htdocs/efan/Application/Home/Controller/HomeController.class.php 第 109 行.
SQL: SHOW COLUMNS FROM `efan_auth_group_module` [ RunTime:0.0013s ]
SQL: SELECT DISTINCT  `module_key` FROM `efan_auth_group_module` WHERE `permision` <= 6  [ RunTime:0.0014s ]
SQL: SHOW COLUMNS FROM `efan_interim_permision` [ RunTime:0.0014s ]
SQL: SELECT `interimpermision` FROM `efan_interim_permision` WHERE `uid` = 18 AND `time` > 1495551350  [ RunTime:0.0002s ]
SQL: SHOW COLUMNS FROM `efan_module` [ RunTime:0.0012s ]
SQL: SELECT `title`,`url`,`key`,`pid`,`pic` FROM `efan_module` WHERE `key` IN ('','INFORMATION','INFORMATIONBUG','INFORMATIONCHANGEPASSWORD','INFORMATIONLOGINOUT','WELCOMEINDEX','TEAMDAILY','TEAMDAILYLIST','TEAMDAILYNEW','TEAMDAILYOTHER','TEAMDAILYPTHERSUBMIT','TEAMDAILYSUBMIT','USEREDIT','USERINFORMATION','USERINTERIMPERMI','USERLIST','ADDADDON','ADDHOOK','ADDONCONFIG','ADDONDISABLE','ADDONENABLE','ADDONINSTALL','ADDONSMANAGER','ADDONUNINSTALL','ARTICLE','ARTICLEADD','ARTICLEAJAX','ARTICLEDEL','ARTICLEDELIMG','ARTICLEDETAIL','ARTICLEEDIT','ARTICLELIST','ARTICLESEARCH','ARTICLEVIEW','AUDITION','AUDITIONADD','AUDITIONEDIT','AUDITIONEDITBTN','AUDITIONIN','AUDITIONINTERIM','AUDITIONLAST','AUDITIONNEXT','AUDITIONOUT','AUDITIONROTATION','AUDITIONSENDMESSAGE','AUDITIONTIME','AUTHACCESS','AUTHADDTOGROUP','AUTHCREATEGROUP','AUTHEDITGROUP','AUTHEMPLOYEE','AUTHGROUPDELETE','AUTHMANAGER','AUTHREMOVEFROMGROUP','CHANGECLASSIFY','CHANGECLASSIFYREALADD','CHANGELABLE','CHANGGOODAJAX','CLASSIFYADD','CLASSIFYADDAJAX','CLASSIFYADDBOTTOMAJAX','CLASSIFYDELETE','CLASSIFYDELETEUPDATE','CLASSIFYEDIT','CLASSIFYEDITBOTTOMAJAX','CLASSIFYEDITREALEDIT','CLASSIFYLIST','COLUMNADD','COLUMNAJAX','COLUMNCHECK','COLUMNDEL','COLUMNDELIMG','COLUMNEDIT','COLUMNLIST','COLUMNLISTIMG','COLUMNLISTUPLOADIFY','COLUMNMANAGER','COLUMNUPLOADIFY','COLUMNVIEW','CREATIVECLUB','CREATIVECLUBADMIN','CREATIVECLUBADMINCLOSE','CREATIVECLUBADMINCOUNTNO','CREATIVECLUBADMINDELETE','CREATIVECLUBADMINDOWNLOAD','CREATIVECLUBADMINEDIT','CREATIVECLUBADMINEDITEDIT','CREATIVECLUBADMINLEADINGIN','CREATIVECLUBADMINOPEN','CREATIVECLUBADMINPDF','CREATIVECLUBLIST','CREATIVECLUBLISTREPLY','CREATIVECLUBLISTREPLYDELETE','CREATIVECLUBLISTREPLYDISCUSS','CREATIVECLUBLISTREPLYEDIT','CREATIVECLUBLISTREPLYREPLY','CREATIVECLUBNEW','CREATIVECLUBNEWSUBMIT','DBBACKDELETE','DBBACKNOW','DBEXPORT','DBIMPORT','DBIMPORTOPERATE','DBMANAGER','DELHOOK','EDITHOOK','EMPLOYEEADD','EMPLOYEEDELETE','EMPLOYEEFORBID','EMPLOYEELIST','EMPLOYEEMANAGER','EMPLOYEERESUME','EXTENDMANAGER','GOODADD','GOODADDCLASSIFY','GOODADDTRUE','GOODADDUPLOADIFY','GOODDELETE','GOODEDIT','GOODEDITADD','GOODEDITADDCLASSIFY','GOODEDITDELPIC','GOODEDITDELPIC2','GOODEDITUPLOADIFY','GOODLIST','GOODMANAGER','GOODOFF','GOODON','HOOKMANAGER','LABLEADD','LABLEDELETE','LABLEEDIT','LABLELIST','LISTFORM','LISTFORMINDEX','LISTFORMINDEXDEL','LISTFORMINDEXVIEW','RECRUIT','RECRUITCHANGE','RECRUITINDEX','RECRUITVIEW','SYSTEMCONFIG','SYSTEMMANAGER','TABLEOPTIMIZE','TABLEREPAIR','TEAMDAILYADMIN','TEAMDAILYADMINMAKE','TEAMDAILYLISTLOOK','TEAMDAILYLISTUPLOAD','TEAMDAILYOTHERSUBMIT','TEAMDAILYSUBMITAPPLY','USERDELETE','WEBCONFIG') AND `hide` = 0 AND `type` = 1 ORDER BY sort asc  [ RunTime:0.0006s ]
SQL: SHOW COLUMNS FROM `efan_module` [ RunTime:0.0012s ]
SQL: SELECT `url`,`key` FROM `efan_module` WHERE `hide` = 0 AND `pid` = 'USERLIST' AND `type` = 2 ORDER BY sort asc  [ RunTime:0.0002s ]
SQL: SHOW COLUMNS FROM `efan_auth_group_module` [ RunTime:0.0010s ]
SQL: SELECT DISTINCT  `module_key` FROM `efan_auth_group_module` WHERE `permision` <= 6  [ RunTime:0.0004s ]
SQL: SHOW COLUMNS FROM `efan_interim_permision` [ RunTime:0.0014s ]
SQL: SELECT `interimpermision` FROM `efan_interim_permision` WHERE `uid` = 18 AND `time` > 1495551350  [ RunTime:0.0002s ]
SQL: SHOW COLUMNS FROM `efan_user` [ RunTime:0.0014s ]
SQL: SELECT `id`,`name`,`uid`,`url` FROM `efan_user` WHERE `uid` = 18  [ RunTime:0.0002s ]
SQL: SHOW COLUMNS FROM `efan_user` [ RunTime:0.0011s ]
SQL: SELECT * FROM `efan_user`  [ RunTime:0.0001s ]
INFO: [ view_parse ] --START--
INFO: [ template_filter ] --START--
INFO: Run Behavior\ContentReplaceBehavior [ RunTime:0.000060s ]
INFO: [ template_filter ] --END-- [ RunTime:0.000089s ]
INFO: Run Behavior\ParseTemplateBehavior [ RunTime:0.005606s ]
INFO: [ view_parse ] --END-- [ RunTime:0.005635s ]
INFO: [ view_filter ] --START--
INFO: Run Behavior\WriteHtmlCacheBehavior [ RunTime:0.000542s ]
INFO: [ view_filter ] --END-- [ RunTime:0.000584s ]
INFO: [ app_end ] --START--
INFO: Run Behavior\ShowPageTraceBehavior [ RunTime:0.001089s ]
INFO: [ app_end ] --END-- [ RunTime:0.001151s ]

