[ 2017-07-12T00:07:37+08:00 ] ::1 /efan/index.php/Home/Mobile/Mobileadmin/index/key/MOBILEADMIN.efan
INFO: [ app_init ] --START--
INFO: Run Behavior\BuildLiteBehavior [ RunTime:0.000014s ]
INFO: [ app_init ] --END-- [ RunTime:0.000626s ]
INFO: [ app_begin ] --START--
INFO: Run Behavior\ReadHtmlCacheBehavior [ RunTime:0.000684s ]
INFO: [ app_begin ] --END-- [ RunTime:0.000722s ]

[ 2017-07-12T00:07:56+08:00 ] ::1 /efan/index.php/Home/Mobile/Mobileadmin/index/key/MOBILEADMIN.efan
INFO: [ app_init ] --START--
INFO: Run Behavior\BuildLiteBehavior [ RunTime:0.000039s ]
INFO: [ app_init ] --END-- [ RunTime:0.000444s ]
INFO: [ app_begin ] --START--
INFO: Run Behavior\ReadHtmlCacheBehavior [ RunTime:0.000744s ]
INFO: [ app_begin ] --END-- [ RunTime:0.000801s ]
NOTIC: [8] Use of undefined constant URL_HTML_SUFFIX - assumed 'URL_HTML_SUFFIX' C:\phpStudy\WWW\efan\Application\Home\Controller\HomeController.class.php 第 211 行.
SQL: SHOW COLUMNS FROM `efan_module` [ RunTime:0.0088s ]
SQL: SELECT COUNT(*) AS tp_count FROM `efan_module` WHERE `url` = 'Mobile/Mobileadmin/index' AND `key` = 'MOBILEADMIN' AND `hide` = 0 LIMIT 1   [ RunTime:0.0002s ]
SQL: SHOW COLUMNS FROM `efan_auth_group_module` [ RunTime:0.0060s ]
SQL: SELECT * FROM `efan_auth_group_module` WHERE `module_key` = 'MOBILEADMIN'  [ RunTime:0.0003s ]
NOTIC: [8] Undefined index: group_id C:\phpStudy\WWW\efan\Application\Home\Controller\HomeController.class.php 第 173 行.
SQL: SELECT DISTINCT  `permision` FROM `efan_auth_group_module` WHERE `module_key` = 'MOBILEADMIN'  [ RunTime:0.0002s ]
SQL: SHOW COLUMNS FROM `efan_interim_permision` [ RunTime:0.0057s ]
SQL: SELECT `interimpermision` FROM `efan_interim_permision` WHERE `uid` = 18 AND `time` > 1499789275  [ RunTime:0.0002s ]
NOTIC: [8] Undefined variable: authGroupAccess C:\phpStudy\WWW\efan\Application\Home\Controller\HomeController.class.php 第 109 行.
NOTIC: [2] Invalid argument supplied for foreach() C:\phpStudy\WWW\efan\Application\Home\Controller\HomeController.class.php 第 109 行.
SQL: SHOW COLUMNS FROM `efan_auth_group_module` [ RunTime:0.0055s ]
SQL: SELECT DISTINCT  `module_key` FROM `efan_auth_group_module` WHERE `permision` <= 10  [ RunTime:0.0008s ]
SQL: SHOW COLUMNS FROM `efan_interim_permision` [ RunTime:0.0059s ]
SQL: SELECT `interimpermision` FROM `efan_interim_permision` WHERE `uid` = 18 AND `time` > 1499789275  [ RunTime:0.0002s ]
SQL: SHOW COLUMNS FROM `efan_module` [ RunTime:0.0056s ]
SQL: SELECT `title`,`url`,`key`,`pid`,`pic` FROM `efan_module` WHERE `key` IN ('CREATIVECLUB','CREATIVECLUBLIST','CREATIVECLUBLISTREPLY','CREATIVECLUBLISTREPLYDELETE','CREATIVECLUBLISTREPLYDISCUSS','CREATIVECLUBLISTREPLYREPLY','CREATIVECLUBLISTREPLYRETURN','INFORMATION','INFORMATIONBUG','INFORMATIONBUGSUBMIT','INFORMATIONCHANGEPASSWORD','INFORMATIONCHANGEPASSWORDSUBMIT','INFORMATIONLOGINOUT','INFORMATIONUSER','INFORMATIONUSERSUBMIT','MOBILE','MOBILECREATIVE','MOBILECREATIVESUBMIT','MOBILELIST','MOBILELISTDELETE','MOBILELISTEDIT','MOBILELISTEDITSUBMIT','MOBILELISTLOOK','TEAMDAILY','TEAMDAILYLIST','TEAMDAILYLISTLOOK','TEAMDAILYLISTUPLOAD','TEAMDAILYNEW','TEAMDAILYOTHER','TEAMDAILYOTHERSUBMIT','TEAMDAILYSUBMIT','WELCOMEINDEX','WELCOMEINDEXNOTICE','MOBILESCORE','MOBILESCORESCORE','MOBILESCORESCORESUBMIT','CREATIVECLUBADMIN','CREATIVECLUBADMINCLOSE','CREATIVECLUBADMINCOUNTNO','CREATIVECLUBADMINDELETE','CREATIVECLUBADMINDOWNLOAD','CREATIVECLUBADMINEDIT','CREATIVECLUBADMINEDITEDIT','CREATIVECLUBADMINGROUP','CREATIVECLUBADMINGROUPSUBMIT','CREATIVECLUBADMINLEADINGIN','CREATIVECLUBADMINOPEN','CREATIVECLUBADMINPDF','CREATIVECLUBLISTEDIT','CREATIVECLUBLISTEDITSUBMIT','CREATIVECLUBLISTREPLYEDIT','CREATIVECLUBLISTREPLYEDITSUBMIT','CREATIVECLUBNEW','CREATIVECLUBNEWSUBMIT','MOBIELADMINSUBMITTIMENEWSUBMIT','MOBILEADMIN','MOBILEADMINDELETE','MOBILEADMINEDIT','MOBILEADMINEDITSUBMIT','MOBILEADMINGROUPLIST','MOBILEADMINGROUPLISTDELETE','MOBILEADMINGROUPLISTEDIT','MOBILEADMINGROUPLISTEDITSUBMIT','MOBILEADMINGROUPLISTLOCK','MOBILEADMINGROUPLISTNEW','MOBILEADMINGROUPLISTNEWSUBMIT','MOBILEADMINGROUPLISTUNLOCK','MOBILEADMINSUBMITTIME','MOBILEADMINSUBMITTIMEDELETE','MOBILEADMINSUBMITTIMEEDIT','MOBILEADMINSUBMITTIMEEDITSUBMIT','MOBILEADMINSUBMITTIMENEW','MOBILEADMINUPLOADLEADER','RECRUIT','RECRUITCHANGE','RECRUITINDEX','RECRUITVIEW','AUDITION','AUDITIONADD','AUDITIONEDIT','AUDITIONEDITSUBMIT','AUDITIONIN','AUDITIONINTERIM','AUDITIONLAST','AUDITIONNEXT','AUDITIONOUT','AUDITIONROTATION','AUDITIONSENDMESSAGE','AUDITIONTIME','AUDITIONTIMESUBMIT','RECRUITADMIN','RECRUITADMINNEW','RECRUITADMINNEWSUBMIT','SYSTEM','SYSTEMMAJOREDIT','SYSTEMMAJORINDEX','SYSTEMMAJORNEW','SYSTEMMAJORNEWSUBMIT','USERCHANGEPERMISION','USERDELETE','USERDISLIMITLOGIN','USEREDIT','USEREDITSUBMIT','USERINFORMATION','USERINTERIMPERMISION','USERINTERIMPERMISIONDELETE','USERINTERIMPERMISIONEDIT','USERINTERIMPERMISIONEDITSUBMIT','USERINTERIMPERMISIONNEW','USERINTERIMPERMISIONNEWSUBMIT','USERLEADINGIN','USERLEADINGINSUBMIT','USERLIMITLOGIN','USERLIST','USERMESSAGE','USERMESSAGESEND','USERNEW','USERNEWSUBMIT','USERRESETPASSWORLD','USERTEMPLEDOWNLOAD','WELCOMEINDEXNOTICEDELETE','WELCOMEINDEXNOTICEDISIMPORTANT','WELCOMEINDEXNOTICEEDIT','WELCOMEINDEXNOTICEEDITSUBMIT','WELCOMEINDEXNOTICEIMPORTANT','WELCOMEINDEXNOTICENEW','WELCOMEINDEXNOTICENEWSUBMIT','MOBILELEADER','MOBILELEADERCHANGE','MOBILELEADERCHANGESUBMIT','TEAMDAILYADMIN','TEAMDAILYADMINLOOK','TEAMDAILYADMINMAKE') AND `hide` = 0 AND `type` = 1 ORDER BY sort asc  [ RunTime:0.0009s ]
SQL: SHOW COLUMNS FROM `efan_module` [ RunTime:0.0060s ]
SQL: SELECT `url`,`key` FROM `efan_module` WHERE `hide` = 0 AND `pid` = 'MOBILEADMIN' AND `type` = 2 ORDER BY sort asc  [ RunTime:0.0005s ]
SQL: SHOW COLUMNS FROM `efan_auth_group_module` [ RunTime:0.0056s ]
SQL: SELECT DISTINCT  `module_key` FROM `efan_auth_group_module` WHERE `permision` <= 10  [ RunTime:0.0007s ]
SQL: SHOW COLUMNS FROM `efan_interim_permision` [ RunTime:0.0057s ]
SQL: SELECT `interimpermision` FROM `efan_interim_permision` WHERE `uid` = 18 AND `time` > 1499789276  [ RunTime:0.0002s ]
SQL: SHOW COLUMNS FROM `efan_user` [ RunTime:0.0060s ]
SQL: SELECT `id`,`name`,`uid`,`url` FROM `efan_user` WHERE `uid` = 18  [ RunTime:0.0002s ]
SQL: SHOW COLUMNS FROM `efan_mobile_group` [ RunTime:0.0060s ]
SQL: SELECT * FROM `efan_mobile_group`  [ RunTime:0.0003s ]
SQL: SHOW COLUMNS FROM `efan_mobile_creative_time` [ RunTime:0.0065s ]
SQL: SHOW COLUMNS FROM `efan_mobile_creative` [ RunTime:0.0063s ]
SQL: SELECT * FROM `efan_mobile_creative`  [ RunTime:0.0002s ]
SQL: SELECT `info` FROM `efan_mobile_creative_time` WHERE `creative_time_start` <= '1499354057' AND `creative_time_end` >= '1499354057' LIMIT 1   [ RunTime:0.0002s ]
SQL: SELECT `info` FROM `efan_mobile_creative_time` WHERE `creative_time_start` <= '1499354940' AND `creative_time_end` >= '1499354940' LIMIT 1   [ RunTime:0.0002s ]
INFO: [ view_parse ] --START--
INFO: [ template_filter ] --START--
INFO: Run Behavior\ContentReplaceBehavior [ RunTime:0.000205s ]
INFO: [ template_filter ] --END-- [ RunTime:0.000247s ]
NOTIC: [8] Undefined index: name C:\phpStudy\WWW\efan\Application\Runtime\Cache\Home\d2752404b8487697e839958f51f740c9.php 第 165 行.
NOTIC: [8] Undefined index: state C:\phpStudy\WWW\efan\Application\Runtime\Cache\Home\d2752404b8487697e839958f51f740c9.php 第 172 行.
NOTIC: [8] Undefined index: state C:\phpStudy\WWW\efan\Application\Runtime\Cache\Home\d2752404b8487697e839958f51f740c9.php 第 178 行.
NOTIC: [8] Undefined index: name C:\phpStudy\WWW\efan\Application\Runtime\Cache\Home\d2752404b8487697e839958f51f740c9.php 第 165 行.
NOTIC: [8] Undefined index: state C:\phpStudy\WWW\efan\Application\Runtime\Cache\Home\d2752404b8487697e839958f51f740c9.php 第 172 行.
NOTIC: [8] Undefined index: state C:\phpStudy\WWW\efan\Application\Runtime\Cache\Home\d2752404b8487697e839958f51f740c9.php 第 178 行.
NOTIC: [8] Undefined variable: permisionList C:\phpStudy\WWW\efan\Application\Runtime\Cache\Home\d2752404b8487697e839958f51f740c9.php 第 275 行.
NOTIC: [8] Undefined variable: interimPermisionList C:\phpStudy\WWW\efan\Application\Runtime\Cache\Home\d2752404b8487697e839958f51f740c9.php 第 361 行.
INFO: Run Behavior\ParseTemplateBehavior [ RunTime:0.016267s ]
INFO: [ view_parse ] --END-- [ RunTime:0.016303s ]
INFO: [ view_filter ] --START--
INFO: Run Behavior\WriteHtmlCacheBehavior [ RunTime:0.000450s ]
INFO: [ view_filter ] --END-- [ RunTime:0.000478s ]
INFO: [ app_end ] --START--
INFO: Run Behavior\ShowPageTraceBehavior [ RunTime:0.000664s ]
INFO: [ app_end ] --END-- [ RunTime:0.000698s ]

[ 2017-07-12T00:09:46+08:00 ] ::1 /efan/index.php/Home/Mobile/Mobileadmin/index/key/MOBILEADMIN.efan
INFO: [ app_init ] --START--
INFO: Run Behavior\BuildLiteBehavior [ RunTime:0.000012s ]
INFO: [ app_init ] --END-- [ RunTime:0.000442s ]
INFO: [ app_begin ] --START--
INFO: Run Behavior\ReadHtmlCacheBehavior [ RunTime:0.000644s ]
INFO: [ app_begin ] --END-- [ RunTime:0.000682s ]
NOTIC: [8] Use of undefined constant URL_HTML_SUFFIX - assumed 'URL_HTML_SUFFIX' C:\phpStudy\WWW\efan\Application\Home\Controller\HomeController.class.php 第 211 行.
SQL: SHOW COLUMNS FROM `efan_module` [ RunTime:0.0080s ]
SQL: SELECT COUNT(*) AS tp_count FROM `efan_module` WHERE `url` = 'Mobile/Mobileadmin/index' AND `key` = 'MOBILEADMIN' AND `hide` = 0 LIMIT 1   [ RunTime:0.0002s ]
SQL: SHOW COLUMNS FROM `efan_auth_group_module` [ RunTime:0.0056s ]
SQL: SELECT * FROM `efan_auth_group_module` WHERE `module_key` = 'MOBILEADMIN'  [ RunTime:0.0002s ]
NOTIC: [8] Undefined index: group_id C:\phpStudy\WWW\efan\Application\Home\Controller\HomeController.class.php 第 173 行.
SQL: SELECT DISTINCT  `permision` FROM `efan_auth_group_module` WHERE `module_key` = 'MOBILEADMIN'  [ RunTime:0.0002s ]
SQL: SHOW COLUMNS FROM `efan_interim_permision` [ RunTime:0.0057s ]
SQL: SELECT `interimpermision` FROM `efan_interim_permision` WHERE `uid` = 18 AND `time` > 1499789386  [ RunTime:0.0002s ]
NOTIC: [8] Undefined variable: authGroupAccess C:\phpStudy\WWW\efan\Application\Home\Controller\HomeController.class.php 第 109 行.
NOTIC: [2] Invalid argument supplied for foreach() C:\phpStudy\WWW\efan\Application\Home\Controller\HomeController.class.php 第 109 行.
SQL: SHOW COLUMNS FROM `efan_auth_group_module` [ RunTime:0.0058s ]
SQL: SELECT DISTINCT  `module_key` FROM `efan_auth_group_module` WHERE `permision` <= 10  [ RunTime:0.0007s ]
SQL: SHOW COLUMNS FROM `efan_interim_permision` [ RunTime:0.0057s ]
SQL: SELECT `interimpermision` FROM `efan_interim_permision` WHERE `uid` = 18 AND `time` > 1499789386  [ RunTime:0.0002s ]
SQL: SHOW COLUMNS FROM `efan_module` [ RunTime:0.0058s ]
SQL: SELECT `title`,`url`,`key`,`pid`,`pic` FROM `efan_module` WHERE `key` IN ('CREATIVECLUB','CREATIVECLUBLIST','CREATIVECLUBLISTREPLY','CREATIVECLUBLISTREPLYDELETE','CREATIVECLUBLISTREPLYDISCUSS','CREATIVECLUBLISTREPLYREPLY','CREATIVECLUBLISTREPLYRETURN','INFORMATION','INFORMATIONBUG','INFORMATIONBUGSUBMIT','INFORMATIONCHANGEPASSWORD','INFORMATIONCHANGEPASSWORDSUBMIT','INFORMATIONLOGINOUT','INFORMATIONUSER','INFORMATIONUSERSUBMIT','MOBILE','MOBILECREATIVE','MOBILECREATIVESUBMIT','MOBILELIST','MOBILELISTDELETE','MOBILELISTEDIT','MOBILELISTEDITSUBMIT','MOBILELISTLOOK','TEAMDAILY','TEAMDAILYLIST','TEAMDAILYLISTLOOK','TEAMDAILYLISTUPLOAD','TEAMDAILYNEW','TEAMDAILYOTHER','TEAMDAILYOTHERSUBMIT','TEAMDAILYSUBMIT','WELCOMEINDEX','WELCOMEINDEXNOTICE','MOBILESCORE','MOBILESCORESCORE','MOBILESCORESCORESUBMIT','CREATIVECLUBADMIN','CREATIVECLUBADMINCLOSE','CREATIVECLUBADMINCOUNTNO','CREATIVECLUBADMINDELETE','CREATIVECLUBADMINDOWNLOAD','CREATIVECLUBADMINEDIT','CREATIVECLUBADMINEDITEDIT','CREATIVECLUBADMINGROUP','CREATIVECLUBADMINGROUPSUBMIT','CREATIVECLUBADMINLEADINGIN','CREATIVECLUBADMINOPEN','CREATIVECLUBADMINPDF','CREATIVECLUBLISTEDIT','CREATIVECLUBLISTEDITSUBMIT','CREATIVECLUBLISTREPLYEDIT','CREATIVECLUBLISTREPLYEDITSUBMIT','CREATIVECLUBNEW','CREATIVECLUBNEWSUBMIT','MOBIELADMINSUBMITTIMENEWSUBMIT','MOBILEADMIN','MOBILEADMINDELETE','MOBILEADMINEDIT','MOBILEADMINEDITSUBMIT','MOBILEADMINGROUPLIST','MOBILEADMINGROUPLISTDELETE','MOBILEADMINGROUPLISTEDIT','MOBILEADMINGROUPLISTEDITSUBMIT','MOBILEADMINGROUPLISTLOCK','MOBILEADMINGROUPLISTNEW','MOBILEADMINGROUPLISTNEWSUBMIT','MOBILEADMINGROUPLISTUNLOCK','MOBILEADMINSUBMITTIME','MOBILEADMINSUBMITTIMEDELETE','MOBILEADMINSUBMITTIMEEDIT','MOBILEADMINSUBMITTIMEEDITSUBMIT','MOBILEADMINSUBMITTIMENEW','MOBILEADMINUPLOADLEADER','RECRUIT','RECRUITCHANGE','RECRUITINDEX','RECRUITVIEW','AUDITION','AUDITIONADD','AUDITIONEDIT','AUDITIONEDITSUBMIT','AUDITIONIN','AUDITIONINTERIM','AUDITIONLAST','AUDITIONNEXT','AUDITIONOUT','AUDITIONROTATION','AUDITIONSENDMESSAGE','AUDITIONTIME','AUDITIONTIMESUBMIT','RECRUITADMIN','RECRUITADMINNEW','RECRUITADMINNEWSUBMIT','SYSTEM','SYSTEMMAJOREDIT','SYSTEMMAJORINDEX','SYSTEMMAJORNEW','SYSTEMMAJORNEWSUBMIT','USERCHANGEPERMISION','USERDELETE','USERDISLIMITLOGIN','USEREDIT','USEREDITSUBMIT','USERINFORMATION','USERINTERIMPERMISION','USERINTERIMPERMISIONDELETE','USERINTERIMPERMISIONEDIT','USERINTERIMPERMISIONEDITSUBMIT','USERINTERIMPERMISIONNEW','USERINTERIMPERMISIONNEWSUBMIT','USERLEADINGIN','USERLEADINGINSUBMIT','USERLIMITLOGIN','USERLIST','USERMESSAGE','USERMESSAGESEND','USERNEW','USERNEWSUBMIT','USERRESETPASSWORLD','USERTEMPLEDOWNLOAD','WELCOMEINDEXNOTICEDELETE','WELCOMEINDEXNOTICEDISIMPORTANT','WELCOMEINDEXNOTICEEDIT','WELCOMEINDEXNOTICEEDITSUBMIT','WELCOMEINDEXNOTICEIMPORTANT','WELCOMEINDEXNOTICENEW','WELCOMEINDEXNOTICENEWSUBMIT','MOBILELEADER','MOBILELEADERCHANGE','MOBILELEADERCHANGESUBMIT','TEAMDAILYADMIN','TEAMDAILYADMINLOOK','TEAMDAILYADMINMAKE') AND `hide` = 0 AND `type` = 1 ORDER BY sort asc  [ RunTime:0.0009s ]
SQL: SHOW COLUMNS FROM `efan_module` [ RunTime:0.0058s ]
SQL: SELECT `url`,`key` FROM `efan_module` WHERE `hide` = 0 AND `pid` = 'MOBILEADMIN' AND `type` = 2 ORDER BY sort asc  [ RunTime:0.0004s ]
SQL: SHOW COLUMNS FROM `efan_auth_group_module` [ RunTime:0.0054s ]
SQL: SELECT DISTINCT  `module_key` FROM `efan_auth_group_module` WHERE `permision` <= 10  [ RunTime:0.0008s ]
SQL: SHOW COLUMNS FROM `efan_interim_permision` [ RunTime:0.0057s ]
SQL: SELECT `interimpermision` FROM `efan_interim_permision` WHERE `uid` = 18 AND `time` > 1499789386  [ RunTime:0.0002s ]
SQL: SHOW COLUMNS FROM `efan_user` [ RunTime:0.0058s ]
SQL: SELECT `id`,`name`,`uid`,`url` FROM `efan_user` WHERE `uid` = 18  [ RunTime:0.0002s ]
SQL: SHOW COLUMNS FROM `efan_mobile_group` [ RunTime:0.0061s ]
SQL: SELECT * FROM `efan_mobile_group`  [ RunTime:0.0002s ]
SQL: SHOW COLUMNS FROM `efan_mobile_creative_time` [ RunTime:0.0058s ]
SQL: SHOW COLUMNS FROM `efan_mobile_creative` [ RunTime:0.0056s ]
SQL: SELECT * FROM `efan_mobile_creative`  [ RunTime:0.0002s ]
SQL: SHOW COLUMNS FROM `efan_user` [ RunTime:0.0060s ]
SQL: SELECT `name` FROM `efan_user` WHERE `uid` = 18 LIMIT 1   [ RunTime:0.0002s ]
SQL: SELECT `info` FROM `efan_mobile_creative_time` WHERE `creative_time_start` <= '1499354057' AND `creative_time_end` >= '1499354057' LIMIT 1   [ RunTime:0.0002s ]
SQL: SELECT `name` FROM `efan_user` WHERE `uid` = 18 LIMIT 1   [ RunTime:0.0002s ]
SQL: SELECT `info` FROM `efan_mobile_creative_time` WHERE `creative_time_start` <= '1499354940' AND `creative_time_end` >= '1499354940' LIMIT 1   [ RunTime:0.0002s ]
INFO: [ view_parse ] --START--
INFO: [ template_filter ] --START--
INFO: Run Behavior\ContentReplaceBehavior [ RunTime:0.000212s ]
INFO: [ template_filter ] --END-- [ RunTime:0.000250s ]
NOTIC: [8] Undefined index: state C:\phpStudy\WWW\efan\Application\Runtime\Cache\Home\d2752404b8487697e839958f51f740c9.php 第 172 行.
NOTIC: [8] Undefined index: state C:\phpStudy\WWW\efan\Application\Runtime\Cache\Home\d2752404b8487697e839958f51f740c9.php 第 178 行.
NOTIC: [8] Undefined index: state C:\phpStudy\WWW\efan\Application\Runtime\Cache\Home\d2752404b8487697e839958f51f740c9.php 第 172 行.
NOTIC: [8] Undefined index: state C:\phpStudy\WWW\efan\Application\Runtime\Cache\Home\d2752404b8487697e839958f51f740c9.php 第 178 行.
NOTIC: [8] Undefined variable: permisionList C:\phpStudy\WWW\efan\Application\Runtime\Cache\Home\d2752404b8487697e839958f51f740c9.php 第 275 行.
NOTIC: [8] Undefined variable: interimPermisionList C:\phpStudy\WWW\efan\Application\Runtime\Cache\Home\d2752404b8487697e839958f51f740c9.php 第 361 行.
INFO: Run Behavior\ParseTemplateBehavior [ RunTime:0.015035s ]
INFO: [ view_parse ] --END-- [ RunTime:0.015070s ]
INFO: [ view_filter ] --START--
INFO: Run Behavior\WriteHtmlCacheBehavior [ RunTime:0.000475s ]
INFO: [ view_filter ] --END-- [ RunTime:0.000504s ]
INFO: [ app_end ] --START--
INFO: Run Behavior\ShowPageTraceBehavior [ RunTime:0.000659s ]
INFO: [ app_end ] --END-- [ RunTime:0.000693s ]

[ 2017-07-12T13:46:23+08:00 ] ::1 /efan/
INFO: [ app_init ] --START--
INFO: Run Behavior\BuildLiteBehavior [ RunTime:0.000016s ]
INFO: [ app_init ] --END-- [ RunTime:0.003785s ]
INFO: [ app_begin ] --START--
INFO: Run Behavior\ReadHtmlCacheBehavior [ RunTime:0.009559s ]
INFO: [ app_begin ] --END-- [ RunTime:0.009633s ]

[ 2017-07-12T13:46:24+08:00 ] ::1 /efan/index.php/Home/Main/Index/index/key/WELCOMEINDEX.efan
INFO: [ app_init ] --START--
INFO: Run Behavior\BuildLiteBehavior [ RunTime:0.000040s ]
INFO: [ app_init ] --END-- [ RunTime:0.000520s ]
INFO: [ app_begin ] --START--
INFO: Run Behavior\ReadHtmlCacheBehavior [ RunTime:0.000447s ]
INFO: [ app_begin ] --END-- [ RunTime:0.000502s ]
NOTIC: [8] Use of undefined constant URL_HTML_SUFFIX - assumed 'URL_HTML_SUFFIX' D:\phpStudy\WWW\efan\Application\Home\Controller\HomeController.class.php 第 211 行.
SQL: SHOW COLUMNS FROM `efan_module` [ RunTime:0.0923s ]
SQL: SELECT COUNT(*) AS tp_count FROM `efan_module` WHERE `url` = 'Main/Index/index' AND `key` = 'WELCOMEINDEX' AND `hide` = 0 LIMIT 1   [ RunTime:0.0214s ]
SQL: SHOW COLUMNS FROM `efan_auth_group_module` [ RunTime:0.0053s ]
SQL: SELECT * FROM `efan_auth_group_module` WHERE `module_key` = 'WELCOMEINDEX'  [ RunTime:0.0004s ]
NOTIC: [8] Undefined index: group_id D:\phpStudy\WWW\efan\Application\Home\Controller\HomeController.class.php 第 173 行.
SQL: SELECT DISTINCT  `permision` FROM `efan_auth_group_module` WHERE `module_key` = 'WELCOMEINDEX'  [ RunTime:0.0017s ]
SQL: SHOW COLUMNS FROM `efan_interim_permision` [ RunTime:0.0057s ]
SQL: SELECT `interimpermision` FROM `efan_interim_permision` WHERE `uid` = 18 AND `time` > 1499838384  [ RunTime:0.0069s ]
NOTIC: [8] Undefined variable: authGroupAccess D:\phpStudy\WWW\efan\Application\Home\Controller\HomeController.class.php 第 109 行.
NOTIC: [2] Invalid argument supplied for foreach() D:\phpStudy\WWW\efan\Application\Home\Controller\HomeController.class.php 第 109 行.
SQL: SHOW COLUMNS FROM `efan_auth_group_module` [ RunTime:0.0043s ]
SQL: SELECT DISTINCT  `module_key` FROM `efan_auth_group_module` WHERE `permision` <= 10  [ RunTime:0.0049s ]
SQL: SHOW COLUMNS FROM `efan_interim_permision` [ RunTime:0.0059s ]
SQL: SELECT `interimpermision` FROM `efan_interim_permision` WHERE `uid` = 18 AND `time` > 1499838384  [ RunTime:0.0003s ]
SQL: SHOW COLUMNS FROM `efan_module` [ RunTime:0.0056s ]
SQL: SELECT `title`,`url`,`key`,`pid`,`pic` FROM `efan_module` WHERE `key` IN ('CREATIVECLUB','CREATIVECLUBLIST','CREATIVECLUBLISTREPLY','CREATIVECLUBLISTREPLYDELETE','CREATIVECLUBLISTREPLYDISCUSS','CREATIVECLUBLISTREPLYREPLY','CREATIVECLUBLISTREPLYRETURN','INFORMATION','INFORMATIONBUG','INFORMATIONBUGSUBMIT','INFORMATIONCHANGEPASSWORD','INFORMATIONCHANGEPASSWORDSUBMIT','INFORMATIONLOGINOUT','INFORMATIONUSER','INFORMATIONUSERSUBMIT','MOBILE','MOBILECREATIVE','MOBILECREATIVESUBMIT','MOBILELIST','MOBILELISTDELETE','MOBILELISTEDIT','MOBILELISTEDITSUBMIT','MOBILELISTLOOK','TEAMDAILY','TEAMDAILYLIST','TEAMDAILYLISTLOOK','TEAMDAILYLISTUPLOAD','TEAMDAILYNEW','TEAMDAILYOTHER','TEAMDAILYOTHERSUBMIT','TEAMDAILYSUBMIT','WELCOMEINDEX','WELCOMEINDEXNOTICE','MOBILESCORE','MOBILESCORESCORE','MOBILESCORESCORESUBMIT','CREATIVECLUBADMIN','CREATIVECLUBADMINCLOSE','CREATIVECLUBADMINCOUNTNO','CREATIVECLUBADMINDELETE','CREATIVECLUBADMINDOWNLOAD','CREATIVECLUBADMINEDIT','CREATIVECLUBADMINEDITEDIT','CREATIVECLUBADMINGROUP','CREATIVECLUBADMINGROUPSUBMIT','CREATIVECLUBADMINLEADINGIN','CREATIVECLUBADMINOPEN','CREATIVECLUBADMINPDF','CREATIVECLUBLISTEDIT','CREATIVECLUBLISTEDITSUBMIT','CREATIVECLUBLISTREPLYEDIT','CREATIVECLUBLISTREPLYEDITSUBMIT','CREATIVECLUBNEW','CREATIVECLUBNEWSUBMIT','MOBIELADMINSUBMITTIMENEWSUBMIT','MOBILEADMIN','MOBILEADMINDELETE','MOBILEADMINEDIT','MOBILEADMINEDITSUBMIT','MOBILEADMINGROUPLIST','MOBILEADMINGROUPLISTDELETE','MOBILEADMINGROUPLISTEDIT','MOBILEADMINGROUPLISTEDITSUBMIT','MOBILEADMINGROUPLISTLOCK','MOBILEADMINGROUPLISTNEW','MOBILEADMINGROUPLISTNEWSUBMIT','MOBILEADMINGROUPLISTUNLOCK','MOBILEADMINSUBMITTIME','MOBILEADMINSUBMITTIMEDELETE','MOBILEADMINSUBMITTIMEEDIT','MOBILEADMINSUBMITTIMEEDITSUBMIT','MOBILEADMINSUBMITTIMENEW','MOBILEADMINUPLOADLEADER','RECRUIT','RECRUITCHANGE','RECRUITINDEX','RECRUITVIEW','AUDITION','AUDITIONADD','AUDITIONEDIT','AUDITIONEDITSUBMIT','AUDITIONIN','AUDITIONINTERIM','AUDITIONLAST','AUDITIONNEXT','AUDITIONOUT','AUDITIONROTATION','AUDITIONSENDMESSAGE','AUDITIONTIME','AUDITIONTIMESUBMIT','RECRUITADMIN','RECRUITADMINNEW','RECRUITADMINNEWSUBMIT','SYSTEM','SYSTEMMAJOREDIT','SYSTEMMAJORINDEX','SYSTEMMAJORNEW','SYSTEMMAJORNEWSUBMIT','USERCHANGEPERMISION','USERDELETE','USERDISLIMITLOGIN','USEREDIT','USEREDITSUBMIT','USERINFORMATION','USERINTERIMPERMISION','USERINTERIMPERMISIONDELETE','USERINTERIMPERMISIONEDIT','USERINTERIMPERMISIONEDITSUBMIT','USERINTERIMPERMISIONNEW','USERINTERIMPERMISIONNEWSUBMIT','USERLEADINGIN','USERLEADINGINSUBMIT','USERLIMITLOGIN','USERLIST','USERMESSAGE','USERMESSAGESEND','USERNEW','USERNEWSUBMIT','USERRESETPASSWORLD','USERTEMPLEDOWNLOAD','WELCOMEINDEXNOTICEDELETE','WELCOMEINDEXNOTICEDISIMPORTANT','WELCOMEINDEXNOTICEEDIT','WELCOMEINDEXNOTICEEDITSUBMIT','WELCOMEINDEXNOTICEIMPORTANT','WELCOMEINDEXNOTICENEW','WELCOMEINDEXNOTICENEWSUBMIT','MOBILELEADER','MOBILELEADERCHANGE','MOBILELEADERCHANGESUBMIT','TEAMDAILYADMIN','TEAMDAILYADMINLOOK','TEAMDAILYADMINMAKE') AND `hide` = 0 AND `type` = 1 ORDER BY sort asc  [ RunTime:0.0027s ]
SQL: SHOW COLUMNS FROM `efan_module` [ RunTime:0.0047s ]
SQL: SELECT `url`,`key` FROM `efan_module` WHERE `hide` = 0 AND `pid` = 'WELCOMEINDEX' AND `type` = 2 ORDER BY sort asc  [ RunTime:0.0004s ]
SQL: SHOW COLUMNS FROM `efan_auth_group_module` [ RunTime:0.0051s ]
SQL: SELECT DISTINCT  `module_key` FROM `efan_auth_group_module` WHERE `permision` <= 10  [ RunTime:0.0015s ]
SQL: SHOW COLUMNS FROM `efan_interim_permision` [ RunTime:0.0045s ]
SQL: SELECT `interimpermision` FROM `efan_interim_permision` WHERE `uid` = 18 AND `time` > 1499838384  [ RunTime:0.0002s ]
SQL: SHOW COLUMNS FROM `efan_user` [ RunTime:0.0056s ]
SQL: SELECT `id`,`name`,`uid`,`url` FROM `efan_user` WHERE `uid` = 18  [ RunTime:0.0003s ]
SQL: SHOW COLUMNS FROM `efan_notice` [ RunTime:0.0043s ]
SQL: SELECT COUNT(*) AS tp_count FROM `efan_notice` LIMIT 1   [ RunTime:0.0161s ]
SQL: SELECT * FROM `efan_notice` ORDER BY `id` desc LIMIT 0,10   [ RunTime:0.0005s ]
INFO: [ view_parse ] --START--
INFO: [ template_filter ] --START--
INFO: Run Behavior\ContentReplaceBehavior [ RunTime:0.021492s ]
INFO: [ template_filter ] --END-- [ RunTime:0.021597s ]
NOTIC: [8] Undefined variable: Think D:\phpStudy\WWW\efan\Application\Runtime\Cache\Home\a13dae09a421c6f3da00619f94a7ad1a.php 第 116 行.
INFO: Run Behavior\ParseTemplateBehavior [ RunTime:0.153345s ]
INFO: [ view_parse ] --END-- [ RunTime:0.153435s ]
INFO: [ view_filter ] --START--
INFO: Run Behavior\WriteHtmlCacheBehavior [ RunTime:0.000968s ]
INFO: [ view_filter ] --END-- [ RunTime:0.001043s ]
INFO: [ app_end ] --START--
INFO: Run Behavior\ShowPageTraceBehavior [ RunTime:0.028973s ]
INFO: [ app_end ] --END-- [ RunTime:0.029256s ]

[ 2017-07-12T13:46:42+08:00 ] ::1 /efan/index.php/Home/Main/Index/index/key/WELCOMEINDEX.efan
INFO: [ app_init ] --START--
INFO: Run Behavior\BuildLiteBehavior [ RunTime:0.000025s ]
INFO: [ app_init ] --END-- [ RunTime:0.000596s ]
INFO: [ app_begin ] --START--
INFO: Run Behavior\ReadHtmlCacheBehavior [ RunTime:0.000642s ]
INFO: [ app_begin ] --END-- [ RunTime:0.000737s ]
NOTIC: [8] Use of undefined constant URL_HTML_SUFFIX - assumed 'URL_HTML_SUFFIX' D:\phpStudy\WWW\efan\Application\Home\Controller\HomeController.class.php 第 211 行.
SQL: SHOW COLUMNS FROM `efan_module` [ RunTime:0.0058s ]
SQL: SELECT COUNT(*) AS tp_count FROM `efan_module` WHERE `url` = 'Main/Index/index' AND `key` = 'WELCOMEINDEX' AND `hide` = 0 LIMIT 1   [ RunTime:0.0005s ]
SQL: SHOW COLUMNS FROM `efan_auth_group_module` [ RunTime:0.0050s ]
SQL: SELECT * FROM `efan_auth_group_module` WHERE `module_key` = 'WELCOMEINDEX'  [ RunTime:0.0004s ]
NOTIC: [8] Undefined index: group_id D:\phpStudy\WWW\efan\Application\Home\Controller\HomeController.class.php 第 173 行.
SQL: SELECT DISTINCT  `permision` FROM `efan_auth_group_module` WHERE `module_key` = 'WELCOMEINDEX'  [ RunTime:0.0004s ]
SQL: SHOW COLUMNS FROM `efan_interim_permision` [ RunTime:0.0053s ]
SQL: SELECT `interimpermision` FROM `efan_interim_permision` WHERE `uid` = 18 AND `time` > 1499838402  [ RunTime:0.0003s ]
NOTIC: [8] Undefined variable: authGroupAccess D:\phpStudy\WWW\efan\Application\Home\Controller\HomeController.class.php 第 109 行.
NOTIC: [2] Invalid argument supplied for foreach() D:\phpStudy\WWW\efan\Application\Home\Controller\HomeController.class.php 第 109 行.
SQL: SHOW COLUMNS FROM `efan_auth_group_module` [ RunTime:0.0054s ]
SQL: SELECT DISTINCT  `module_key` FROM `efan_auth_group_module` WHERE `permision` <= 10  [ RunTime:0.0016s ]
SQL: SHOW COLUMNS FROM `efan_interim_permision` [ RunTime:0.0055s ]
SQL: SELECT `interimpermision` FROM `efan_interim_permision` WHERE `uid` = 18 AND `time` > 1499838402  [ RunTime:0.0004s ]
SQL: SHOW COLUMNS FROM `efan_module` [ RunTime:0.0055s ]
SQL: SELECT `title`,`url`,`key`,`pid`,`pic` FROM `efan_module` WHERE `key` IN ('CREATIVECLUB','CREATIVECLUBLIST','CREATIVECLUBLISTREPLY','CREATIVECLUBLISTREPLYDELETE','CREATIVECLUBLISTREPLYDISCUSS','CREATIVECLUBLISTREPLYREPLY','CREATIVECLUBLISTREPLYRETURN','INFORMATION','INFORMATIONBUG','INFORMATIONBUGSUBMIT','INFORMATIONCHANGEPASSWORD','INFORMATIONCHANGEPASSWORDSUBMIT','INFORMATIONLOGINOUT','INFORMATIONUSER','INFORMATIONUSERSUBMIT','MOBILE','MOBILECREATIVE','MOBILECREATIVESUBMIT','MOBILELIST','MOBILELISTDELETE','MOBILELISTEDIT','MOBILELISTEDITSUBMIT','MOBILELISTLOOK','TEAMDAILY','TEAMDAILYLIST','TEAMDAILYLISTLOOK','TEAMDAILYLISTUPLOAD','TEAMDAILYNEW','TEAMDAILYOTHER','TEAMDAILYOTHERSUBMIT','TEAMDAILYSUBMIT','WELCOMEINDEX','WELCOMEINDEXNOTICE','MOBILESCORE','MOBILESCORESCORE','MOBILESCORESCORESUBMIT','CREATIVECLUBADMIN','CREATIVECLUBADMINCLOSE','CREATIVECLUBADMINCOUNTNO','CREATIVECLUBADMINDELETE','CREATIVECLUBADMINDOWNLOAD','CREATIVECLUBADMINEDIT','CREATIVECLUBADMINEDITEDIT','CREATIVECLUBADMINGROUP','CREATIVECLUBADMINGROUPSUBMIT','CREATIVECLUBADMINLEADINGIN','CREATIVECLUBADMINOPEN','CREATIVECLUBADMINPDF','CREATIVECLUBLISTEDIT','CREATIVECLUBLISTEDITSUBMIT','CREATIVECLUBLISTREPLYEDIT','CREATIVECLUBLISTREPLYEDITSUBMIT','CREATIVECLUBNEW','CREATIVECLUBNEWSUBMIT','MOBIELADMINSUBMITTIMENEWSUBMIT','MOBILEADMIN','MOBILEADMINDELETE','MOBILEADMINEDIT','MOBILEADMINEDITSUBMIT','MOBILEADMINGROUPLIST','MOBILEADMINGROUPLISTDELETE','MOBILEADMINGROUPLISTEDIT','MOBILEADMINGROUPLISTEDITSUBMIT','MOBILEADMINGROUPLISTLOCK','MOBILEADMINGROUPLISTNEW','MOBILEADMINGROUPLISTNEWSUBMIT','MOBILEADMINGROUPLISTUNLOCK','MOBILEADMINSUBMITTIME','MOBILEADMINSUBMITTIMEDELETE','MOBILEADMINSUBMITTIMEEDIT','MOBILEADMINSUBMITTIMEEDITSUBMIT','MOBILEADMINSUBMITTIMENEW','MOBILEADMINUPLOADLEADER','RECRUIT','RECRUITCHANGE','RECRUITINDEX','RECRUITVIEW','AUDITION','AUDITIONADD','AUDITIONEDIT','AUDITIONEDITSUBMIT','AUDITIONIN','AUDITIONINTERIM','AUDITIONLAST','AUDITIONNEXT','AUDITIONOUT','AUDITIONROTATION','AUDITIONSENDMESSAGE','AUDITIONTIME','AUDITIONTIMESUBMIT','RECRUITADMIN','RECRUITADMINNEW','RECRUITADMINNEWSUBMIT','SYSTEM','SYSTEMMAJOREDIT','SYSTEMMAJORINDEX','SYSTEMMAJORNEW','SYSTEMMAJORNEWSUBMIT','USERCHANGEPERMISION','USERDELETE','USERDISLIMITLOGIN','USEREDIT','USEREDITSUBMIT','USERINFORMATION','USERINTERIMPERMISION','USERINTERIMPERMISIONDELETE','USERINTERIMPERMISIONEDIT','USERINTERIMPERMISIONEDITSUBMIT','USERINTERIMPERMISIONNEW','USERINTERIMPERMISIONNEWSUBMIT','USERLEADINGIN','USERLEADINGINSUBMIT','USERLIMITLOGIN','USERLIST','USERMESSAGE','USERMESSAGESEND','USERNEW','USERNEWSUBMIT','USERRESETPASSWORLD','USERTEMPLEDOWNLOAD','WELCOMEINDEXNOTICEDELETE','WELCOMEINDEXNOTICEDISIMPORTANT','WELCOMEINDEXNOTICEEDIT','WELCOMEINDEXNOTICEEDITSUBMIT','WELCOMEINDEXNOTICEIMPORTANT','WELCOMEINDEXNOTICENEW','WELCOMEINDEXNOTICENEWSUBMIT','MOBILELEADER','MOBILELEADERCHANGE','MOBILELEADERCHANGESUBMIT','TEAMDAILYADMIN','TEAMDAILYADMINLOOK','TEAMDAILYADMINMAKE') AND `hide` = 0 AND `type` = 1 ORDER BY sort asc  [ RunTime:0.0018s ]
SQL: SHOW COLUMNS FROM `efan_module` [ RunTime:0.0056s ]
SQL: SELECT `url`,`key` FROM `efan_module` WHERE `hide` = 0 AND `pid` = 'WELCOMEINDEX' AND `type` = 2 ORDER BY sort asc  [ RunTime:0.0004s ]
SQL: SHOW COLUMNS FROM `efan_auth_group_module` [ RunTime:0.0056s ]
SQL: SELECT DISTINCT  `module_key` FROM `efan_auth_group_module` WHERE `permision` <= 10  [ RunTime:0.0012s ]
SQL: SHOW COLUMNS FROM `efan_interim_permision` [ RunTime:0.0053s ]
SQL: SELECT `interimpermision` FROM `efan_interim_permision` WHERE `uid` = 18 AND `time` > 1499838402  [ RunTime:0.0004s ]
SQL: SHOW COLUMNS FROM `efan_user` [ RunTime:0.0063s ]
SQL: SELECT `id`,`name`,`uid`,`url` FROM `efan_user` WHERE `uid` = 18  [ RunTime:0.0004s ]
SQL: SHOW COLUMNS FROM `efan_notice` [ RunTime:0.0061s ]
SQL: SELECT COUNT(*) AS tp_count FROM `efan_notice` LIMIT 1   [ RunTime:0.0003s ]
SQL: SELECT * FROM `efan_notice` ORDER BY `id` desc LIMIT 0,10   [ RunTime:0.0005s ]
INFO: [ view_parse ] --START--
INFO: [ template_filter ] --START--
INFO: Run Behavior\ContentReplaceBehavior [ RunTime:0.000223s ]
INFO: [ template_filter ] --END-- [ RunTime:0.000318s ]
NOTIC: [8] Undefined variable: Think D:\phpStudy\WWW\efan\Application\Runtime\Cache\Home\a13dae09a421c6f3da00619f94a7ad1a.php 第 116 行.
INFO: Run Behavior\ParseTemplateBehavior [ RunTime:0.017707s ]
INFO: [ view_parse ] --END-- [ RunTime:0.017793s ]
INFO: [ view_filter ] --START--
INFO: Run Behavior\WriteHtmlCacheBehavior [ RunTime:0.000744s ]
INFO: [ view_filter ] --END-- [ RunTime:0.000809s ]
INFO: [ app_end ] --START--
INFO: Run Behavior\ShowPageTraceBehavior [ RunTime:0.001857s ]
INFO: [ app_end ] --END-- [ RunTime:0.002061s ]

[ 2017-07-12T13:47:10+08:00 ] ::1 /efan/index.php/Home/Main/Index/index/key/WELCOMEINDEX.efan
INFO: [ app_init ] --START--
INFO: Run Behavior\BuildLiteBehavior [ RunTime:0.000016s ]
INFO: [ app_init ] --END-- [ RunTime:0.000482s ]
INFO: [ app_begin ] --START--
INFO: Run Behavior\ReadHtmlCacheBehavior [ RunTime:0.000687s ]
INFO: [ app_begin ] --END-- [ RunTime:0.000746s ]
NOTIC: [8] Use of undefined constant URL_HTML_SUFFIX - assumed 'URL_HTML_SUFFIX' D:\phpStudy\WWW\efan\Application\Home\Controller\HomeController.class.php 第 211 行.
SQL: SHOW COLUMNS FROM `efan_module` [ RunTime:0.0087s ]
SQL: SELECT COUNT(*) AS tp_count FROM `efan_module` WHERE `url` = 'Main/Index/index' AND `key` = 'WELCOMEINDEX' AND `hide` = 0 LIMIT 1   [ RunTime:0.0004s ]
SQL: SHOW COLUMNS FROM `efan_auth_group_module` [ RunTime:0.0078s ]
SQL: SELECT * FROM `efan_auth_group_module` WHERE `module_key` = 'WELCOMEINDEX'  [ RunTime:0.0006s ]
NOTIC: [8] Undefined index: group_id D:\phpStudy\WWW\efan\Application\Home\Controller\HomeController.class.php 第 173 行.
SQL: SELECT DISTINCT  `permision` FROM `efan_auth_group_module` WHERE `module_key` = 'WELCOMEINDEX'  [ RunTime:0.0006s ]
SQL: SHOW COLUMNS FROM `efan_interim_permision` [ RunTime:0.0067s ]
SQL: SELECT `interimpermision` FROM `efan_interim_permision` WHERE `uid` = 18 AND `time` > 1499838430  [ RunTime:0.0005s ]
NOTIC: [8] Undefined variable: authGroupAccess D:\phpStudy\WWW\efan\Application\Home\Controller\HomeController.class.php 第 109 行.
NOTIC: [2] Invalid argument supplied for foreach() D:\phpStudy\WWW\efan\Application\Home\Controller\HomeController.class.php 第 109 行.
SQL: SHOW COLUMNS FROM `efan_auth_group_module` [ RunTime:0.0051s ]
SQL: SELECT DISTINCT  `module_key` FROM `efan_auth_group_module` WHERE `permision` <= 10  [ RunTime:0.0010s ]
SQL: SHOW COLUMNS FROM `efan_interim_permision` [ RunTime:0.0053s ]
SQL: SELECT `interimpermision` FROM `efan_interim_permision` WHERE `uid` = 18 AND `time` > 1499838430  [ RunTime:0.0003s ]
SQL: SHOW COLUMNS FROM `efan_module` [ RunTime:0.0047s ]
SQL: SELECT `title`,`url`,`key`,`pid`,`pic` FROM `efan_module` WHERE `key` IN ('CREATIVECLUB','CREATIVECLUBLIST','CREATIVECLUBLISTREPLY','CREATIVECLUBLISTREPLYDELETE','CREATIVECLUBLISTREPLYDISCUSS','CREATIVECLUBLISTREPLYREPLY','CREATIVECLUBLISTREPLYRETURN','INFORMATION','INFORMATIONBUG','INFORMATIONBUGSUBMIT','INFORMATIONCHANGEPASSWORD','INFORMATIONCHANGEPASSWORDSUBMIT','INFORMATIONLOGINOUT','INFORMATIONUSER','INFORMATIONUSERSUBMIT','MOBILE','MOBILECREATIVE','MOBILECREATIVESUBMIT','MOBILELIST','MOBILELISTDELETE','MOBILELISTEDIT','MOBILELISTEDITSUBMIT','MOBILELISTLOOK','TEAMDAILY','TEAMDAILYLIST','TEAMDAILYLISTLOOK','TEAMDAILYLISTUPLOAD','TEAMDAILYNEW','TEAMDAILYOTHER','TEAMDAILYOTHERSUBMIT','TEAMDAILYSUBMIT','WELCOMEINDEX','WELCOMEINDEXNOTICE','MOBILESCORE','MOBILESCORESCORE','MOBILESCORESCORESUBMIT','CREATIVECLUBADMIN','CREATIVECLUBADMINCLOSE','CREATIVECLUBADMINCOUNTNO','CREATIVECLUBADMINDELETE','CREATIVECLUBADMINDOWNLOAD','CREATIVECLUBADMINEDIT','CREATIVECLUBADMINEDITEDIT','CREATIVECLUBADMINGROUP','CREATIVECLUBADMINGROUPSUBMIT','CREATIVECLUBADMINLEADINGIN','CREATIVECLUBADMINOPEN','CREATIVECLUBADMINPDF','CREATIVECLUBLISTEDIT','CREATIVECLUBLISTEDITSUBMIT','CREATIVECLUBLISTREPLYEDIT','CREATIVECLUBLISTREPLYEDITSUBMIT','CREATIVECLUBNEW','CREATIVECLUBNEWSUBMIT','MOBIELADMINSUBMITTIMENEWSUBMIT','MOBILEADMIN','MOBILEADMINDELETE','MOBILEADMINEDIT','MOBILEADMINEDITSUBMIT','MOBILEADMINGROUPLIST','MOBILEADMINGROUPLISTDELETE','MOBILEADMINGROUPLISTEDIT','MOBILEADMINGROUPLISTEDITSUBMIT','MOBILEADMINGROUPLISTLOCK','MOBILEADMINGROUPLISTNEW','MOBILEADMINGROUPLISTNEWSUBMIT','MOBILEADMINGROUPLISTUNLOCK','MOBILEADMINSUBMITTIME','MOBILEADMINSUBMITTIMEDELETE','MOBILEADMINSUBMITTIMEEDIT','MOBILEADMINSUBMITTIMEEDITSUBMIT','MOBILEADMINSUBMITTIMENEW','MOBILEADMINUPLOADLEADER','RECRUIT','RECRUITCHANGE','RECRUITINDEX','RECRUITVIEW','AUDITION','AUDITIONADD','AUDITIONEDIT','AUDITIONEDITSUBMIT','AUDITIONIN','AUDITIONINTERIM','AUDITIONLAST','AUDITIONNEXT','AUDITIONOUT','AUDITIONROTATION','AUDITIONSENDMESSAGE','AUDITIONTIME','AUDITIONTIMESUBMIT','RECRUITADMIN','RECRUITADMINNEW','RECRUITADMINNEWSUBMIT','SYSTEM','SYSTEMMAJOREDIT','SYSTEMMAJORINDEX','SYSTEMMAJORNEW','SYSTEMMAJORNEWSUBMIT','USERCHANGEPERMISION','USERDELETE','USERDISLIMITLOGIN','USEREDIT','USEREDITSUBMIT','USERINFORMATION','USERINTERIMPERMISION','USERINTERIMPERMISIONDELETE','USERINTERIMPERMISIONEDIT','USERINTERIMPERMISIONEDITSUBMIT','USERINTERIMPERMISIONNEW','USERINTERIMPERMISIONNEWSUBMIT','USERLEADINGIN','USERLEADINGINSUBMIT','USERLIMITLOGIN','USERLIST','USERMESSAGE','USERMESSAGESEND','USERNEW','USERNEWSUBMIT','USERRESETPASSWORLD','USERTEMPLEDOWNLOAD','WELCOMEINDEXNOTICEDELETE','WELCOMEINDEXNOTICEDISIMPORTANT','WELCOMEINDEXNOTICEEDIT','WELCOMEINDEXNOTICEEDITSUBMIT','WELCOMEINDEXNOTICEIMPORTANT','WELCOMEINDEXNOTICENEW','WELCOMEINDEXNOTICENEWSUBMIT','MOBILELEADER','MOBILELEADERCHANGE','MOBILELEADERCHANGESUBMIT','TEAMDAILYADMIN','TEAMDAILYADMINLOOK','TEAMDAILYADMINMAKE') AND `hide` = 0 AND `type` = 1 ORDER BY sort asc  [ RunTime:0.0014s ]
SQL: SHOW COLUMNS FROM `efan_module` [ RunTime:0.0041s ]
SQL: SELECT `url`,`key` FROM `efan_module` WHERE `hide` = 0 AND `pid` = 'WELCOMEINDEX' AND `type` = 2 ORDER BY sort asc  [ RunTime:0.0004s ]
SQL: SHOW COLUMNS FROM `efan_auth_group_module` [ RunTime:0.0040s ]
SQL: SELECT DISTINCT  `module_key` FROM `efan_auth_group_module` WHERE `permision` <= 10  [ RunTime:0.0012s ]
SQL: SHOW COLUMNS FROM `efan_interim_permision` [ RunTime:0.0049s ]
SQL: SELECT `interimpermision` FROM `efan_interim_permision` WHERE `uid` = 18 AND `time` > 1499838430  [ RunTime:0.0003s ]
SQL: SHOW COLUMNS FROM `efan_user` [ RunTime:0.0072s ]
SQL: SELECT `id`,`name`,`uid`,`url` FROM `efan_user` WHERE `uid` = 18  [ RunTime:0.0004s ]
SQL: SHOW COLUMNS FROM `efan_notice` [ RunTime:0.0064s ]
SQL: SELECT COUNT(*) AS tp_count FROM `efan_notice` LIMIT 1   [ RunTime:0.0005s ]
SQL: SELECT * FROM `efan_notice` ORDER BY `id` desc LIMIT 0,10   [ RunTime:0.0006s ]
INFO: [ view_parse ] --START--
INFO: [ template_filter ] --START--
INFO: Run Behavior\ContentReplaceBehavior [ RunTime:0.000224s ]
INFO: [ template_filter ] --END-- [ RunTime:0.000313s ]
NOTIC: [8] Undefined variable: Think D:\phpStudy\WWW\efan\Application\Runtime\Cache\Home\a13dae09a421c6f3da00619f94a7ad1a.php 第 116 行.
INFO: Run Behavior\ParseTemplateBehavior [ RunTime:0.020414s ]
INFO: [ view_parse ] --END-- [ RunTime:0.020504s ]
INFO: [ view_filter ] --START--
INFO: Run Behavior\WriteHtmlCacheBehavior [ RunTime:0.001650s ]
INFO: [ view_filter ] --END-- [ RunTime:0.001807s ]
INFO: [ app_end ] --START--
INFO: Run Behavior\ShowPageTraceBehavior [ RunTime:0.001099s ]
INFO: [ app_end ] --END-- [ RunTime:0.001360s ]

[ 2017-07-12T13:50:47+08:00 ] ::1 /efan/index.php/Home/Main/Index/index/key/WELCOMEINDEX.efan
INFO: [ app_init ] --START--
INFO: Run Behavior\BuildLiteBehavior [ RunTime:0.000014s ]
INFO: [ app_init ] --END-- [ RunTime:0.000433s ]
INFO: [ app_begin ] --START--
INFO: Run Behavior\ReadHtmlCacheBehavior [ RunTime:0.000592s ]
INFO: [ app_begin ] --END-- [ RunTime:0.000650s ]
NOTIC: [8] Use of undefined constant URL_HTML_SUFFIX - assumed 'URL_HTML_SUFFIX' D:\phpStudy\WWW\efan\Application\Home\Controller\HomeController.class.php 第 211 行.
SQL: SHOW COLUMNS FROM `efan_module` [ RunTime:0.0159s ]
SQL: SELECT COUNT(*) AS tp_count FROM `efan_module` WHERE `url` = 'Main/Index/index' AND `key` = 'WELCOMEINDEX' AND `hide` = 0 LIMIT 1   [ RunTime:0.0005s ]
SQL: SHOW COLUMNS FROM `efan_auth_group_module` [ RunTime:0.0078s ]
SQL: SELECT * FROM `efan_auth_group_module` WHERE `module_key` = 'WELCOMEINDEX'  [ RunTime:0.0006s ]
NOTIC: [8] Undefined index: group_id D:\phpStudy\WWW\efan\Application\Home\Controller\HomeController.class.php 第 173 行.
SQL: SELECT DISTINCT  `permision` FROM `efan_auth_group_module` WHERE `module_key` = 'WELCOMEINDEX'  [ RunTime:0.0005s ]
SQL: SHOW COLUMNS FROM `efan_interim_permision` [ RunTime:0.0076s ]
SQL: SELECT `interimpermision` FROM `efan_interim_permision` WHERE `uid` = 18 AND `time` > 1499838647  [ RunTime:0.0005s ]
NOTIC: [8] Undefined variable: authGroupAccess D:\phpStudy\WWW\efan\Application\Home\Controller\HomeController.class.php 第 109 行.
NOTIC: [2] Invalid argument supplied for foreach() D:\phpStudy\WWW\efan\Application\Home\Controller\HomeController.class.php 第 109 行.
SQL: SHOW COLUMNS FROM `efan_auth_group_module` [ RunTime:0.0068s ]
SQL: SELECT DISTINCT  `module_key` FROM `efan_auth_group_module` WHERE `permision` <= 10  [ RunTime:0.0014s ]
SQL: SHOW COLUMNS FROM `efan_interim_permision` [ RunTime:0.0042s ]
SQL: SELECT `interimpermision` FROM `efan_interim_permision` WHERE `uid` = 18 AND `time` > 1499838647  [ RunTime:0.0003s ]
SQL: SHOW COLUMNS FROM `efan_module` [ RunTime:0.0050s ]
SQL: SELECT `title`,`url`,`key`,`pid`,`pic` FROM `efan_module` WHERE `key` IN ('CREATIVECLUB','CREATIVECLUBLIST','CREATIVECLUBLISTREPLY','CREATIVECLUBLISTREPLYDELETE','CREATIVECLUBLISTREPLYDISCUSS','CREATIVECLUBLISTREPLYREPLY','CREATIVECLUBLISTREPLYRETURN','INFORMATION','INFORMATIONBUG','INFORMATIONBUGSUBMIT','INFORMATIONCHANGEPASSWORD','INFORMATIONCHANGEPASSWORDSUBMIT','INFORMATIONLOGINOUT','INFORMATIONUSER','INFORMATIONUSERSUBMIT','MOBILE','MOBILECREATIVE','MOBILECREATIVESUBMIT','MOBILELIST','MOBILELISTDELETE','MOBILELISTEDIT','MOBILELISTEDITSUBMIT','MOBILELISTLOOK','TEAMDAILY','TEAMDAILYLIST','TEAMDAILYLISTLOOK','TEAMDAILYLISTUPLOAD','TEAMDAILYNEW','TEAMDAILYOTHER','TEAMDAILYOTHERSUBMIT','TEAMDAILYSUBMIT','WELCOMEINDEX','WELCOMEINDEXNOTICE','MOBILESCORE','MOBILESCORESCORE','MOBILESCORESCORESUBMIT','CREATIVECLUBADMIN','CREATIVECLUBADMINCLOSE','CREATIVECLUBADMINCOUNTNO','CREATIVECLUBADMINDELETE','CREATIVECLUBADMINDOWNLOAD','CREATIVECLUBADMINEDIT','CREATIVECLUBADMINEDITEDIT','CREATIVECLUBADMINGROUP','CREATIVECLUBADMINGROUPSUBMIT','CREATIVECLUBADMINLEADINGIN','CREATIVECLUBADMINOPEN','CREATIVECLUBADMINPDF','CREATIVECLUBLISTEDIT','CREATIVECLUBLISTEDITSUBMIT','CREATIVECLUBLISTREPLYEDIT','CREATIVECLUBLISTREPLYEDITSUBMIT','CREATIVECLUBNEW','CREATIVECLUBNEWSUBMIT','MOBIELADMINSUBMITTIMENEWSUBMIT','MOBILEADMIN','MOBILEADMINDELETE','MOBILEADMINEDIT','MOBILEADMINEDITSUBMIT','MOBILEADMINGROUPLIST','MOBILEADMINGROUPLISTDELETE','MOBILEADMINGROUPLISTEDIT','MOBILEADMINGROUPLISTEDITSUBMIT','MOBILEADMINGROUPLISTLOCK','MOBILEADMINGROUPLISTNEW','MOBILEADMINGROUPLISTNEWSUBMIT','MOBILEADMINGROUPLISTUNLOCK','MOBILEADMINSUBMITTIME','MOBILEADMINSUBMITTIMEDELETE','MOBILEADMINSUBMITTIMEEDIT','MOBILEADMINSUBMITTIMEEDITSUBMIT','MOBILEADMINSUBMITTIMENEW','MOBILEADMINUPLOADLEADER','RECRUIT','RECRUITCHANGE','RECRUITINDEX','RECRUITVIEW','AUDITION','AUDITIONADD','AUDITIONEDIT','AUDITIONEDITSUBMIT','AUDITIONIN','AUDITIONINTERIM','AUDITIONLAST','AUDITIONNEXT','AUDITIONOUT','AUDITIONROTATION','AUDITIONSENDMESSAGE','AUDITIONTIME','AUDITIONTIMESUBMIT','RECRUITADMIN','RECRUITADMINNEW','RECRUITADMINNEWSUBMIT','SYSTEM','SYSTEMMAJOREDIT','SYSTEMMAJORINDEX','SYSTEMMAJORNEW','SYSTEMMAJORNEWSUBMIT','USERCHANGEPERMISION','USERDELETE','USERDISLIMITLOGIN','USEREDIT','USEREDITSUBMIT','USERINFORMATION','USERINTERIMPERMISION','USERINTERIMPERMISIONDELETE','USERINTERIMPERMISIONEDIT','USERINTERIMPERMISIONEDITSUBMIT','USERINTERIMPERMISIONNEW','USERINTERIMPERMISIONNEWSUBMIT','USERLEADINGIN','USERLEADINGINSUBMIT','USERLIMITLOGIN','USERLIST','USERMESSAGE','USERMESSAGESEND','USERNEW','USERNEWSUBMIT','USERRESETPASSWORLD','USERTEMPLEDOWNLOAD','WELCOMEINDEXNOTICEDELETE','WELCOMEINDEXNOTICEDISIMPORTANT','WELCOMEINDEXNOTICEEDIT','WELCOMEINDEXNOTICEEDITSUBMIT','WELCOMEINDEXNOTICEIMPORTANT','WELCOMEINDEXNOTICENEW','WELCOMEINDEXNOTICENEWSUBMIT','MOBILELEADER','MOBILELEADERCHANGE','MOBILELEADERCHANGESUBMIT','TEAMDAILYADMIN','TEAMDAILYADMINLOOK','TEAMDAILYADMINMAKE') AND `hide` = 0 AND `type` = 1 ORDER BY sort asc  [ RunTime:0.0014s ]
SQL: SHOW COLUMNS FROM `efan_module` [ RunTime:0.0046s ]
SQL: SELECT `url`,`key` FROM `efan_module` WHERE `hide` = 0 AND `pid` = 'WELCOMEINDEX' AND `type` = 2 ORDER BY sort asc  [ RunTime:0.0004s ]
SQL: SHOW COLUMNS FROM `efan_auth_group_module` [ RunTime:0.0037s ]
SQL: SELECT DISTINCT  `module_key` FROM `efan_auth_group_module` WHERE `permision` <= 10  [ RunTime:0.0010s ]
SQL: SHOW COLUMNS FROM `efan_interim_permision` [ RunTime:0.0042s ]
SQL: SELECT `interimpermision` FROM `efan_interim_permision` WHERE `uid` = 18 AND `time` > 1499838647  [ RunTime:0.0003s ]
SQL: SHOW COLUMNS FROM `efan_user` [ RunTime:0.0047s ]
SQL: SELECT `id`,`name`,`uid`,`url` FROM `efan_user` WHERE `uid` = 18  [ RunTime:0.0003s ]
SQL: SHOW COLUMNS FROM `efan_notice` [ RunTime:0.0057s ]
SQL: SELECT COUNT(*) AS tp_count FROM `efan_notice` LIMIT 1   [ RunTime:0.0004s ]
SQL: SELECT * FROM `efan_notice` ORDER BY `id` desc LIMIT 0,10   [ RunTime:0.0004s ]
INFO: [ view_parse ] --START--
INFO: [ template_filter ] --START--
INFO: Run Behavior\ContentReplaceBehavior [ RunTime:0.000129s ]
INFO: [ template_filter ] --END-- [ RunTime:0.000179s ]
NOTIC: [8] Undefined variable: Think D:\phpStudy\WWW\efan\Application\Runtime\Cache\Home\a13dae09a421c6f3da00619f94a7ad1a.php 第 116 行.
INFO: Run Behavior\ParseTemplateBehavior [ RunTime:0.012454s ]
INFO: [ view_parse ] --END-- [ RunTime:0.012503s ]
INFO: [ view_filter ] --START--
INFO: Run Behavior\WriteHtmlCacheBehavior [ RunTime:0.000398s ]
INFO: [ view_filter ] --END-- [ RunTime:0.000438s ]
INFO: [ app_end ] --START--
INFO: Run Behavior\ShowPageTraceBehavior [ RunTime:0.000710s ]
INFO: [ app_end ] --END-- [ RunTime:0.000804s ]

[ 2017-07-12T13:51:09+08:00 ] ::1 /efan/index.php/Home/Main/Index/index/key/WELCOMEINDEX.efan
INFO: [ app_init ] --START--
INFO: Run Behavior\BuildLiteBehavior [ RunTime:0.000015s ]
INFO: [ app_init ] --END-- [ RunTime:0.000461s ]
INFO: [ app_begin ] --START--
INFO: Run Behavior\ReadHtmlCacheBehavior [ RunTime:0.000619s ]
INFO: [ app_begin ] --END-- [ RunTime:0.000680s ]
NOTIC: [8] Use of undefined constant URL_HTML_SUFFIX - assumed 'URL_HTML_SUFFIX' D:\phpStudy\WWW\efan\Application\Home\Controller\HomeController.class.php 第 211 行.
SQL: SHOW COLUMNS FROM `efan_module` [ RunTime:0.0092s ]
SQL: SELECT COUNT(*) AS tp_count FROM `efan_module` WHERE `url` = 'Main/Index/index' AND `key` = 'WELCOMEINDEX' AND `hide` = 0 LIMIT 1   [ RunTime:0.0005s ]
SQL: SHOW COLUMNS FROM `efan_auth_group_module` [ RunTime:0.0075s ]
SQL: SELECT * FROM `efan_auth_group_module` WHERE `module_key` = 'WELCOMEINDEX'  [ RunTime:0.0005s ]
NOTIC: [8] Undefined index: group_id D:\phpStudy\WWW\efan\Application\Home\Controller\HomeController.class.php 第 173 行.
SQL: SELECT DISTINCT  `permision` FROM `efan_auth_group_module` WHERE `module_key` = 'WELCOMEINDEX'  [ RunTime:0.0004s ]
SQL: SHOW COLUMNS FROM `efan_interim_permision` [ RunTime:0.0104s ]
SQL: SELECT `interimpermision` FROM `efan_interim_permision` WHERE `uid` = 18 AND `time` > 1499838669  [ RunTime:0.0005s ]
NOTIC: [8] Undefined variable: authGroupAccess D:\phpStudy\WWW\efan\Application\Home\Controller\HomeController.class.php 第 109 行.
NOTIC: [2] Invalid argument supplied for foreach() D:\phpStudy\WWW\efan\Application\Home\Controller\HomeController.class.php 第 109 行.
SQL: SHOW COLUMNS FROM `efan_auth_group_module` [ RunTime:0.0081s ]
SQL: SELECT DISTINCT  `module_key` FROM `efan_auth_group_module` WHERE `permision` <= 10  [ RunTime:0.0019s ]
SQL: SHOW COLUMNS FROM `efan_interim_permision` [ RunTime:0.0044s ]
SQL: SELECT `interimpermision` FROM `efan_interim_permision` WHERE `uid` = 18 AND `time` > 1499838669  [ RunTime:0.0003s ]
SQL: SHOW COLUMNS FROM `efan_module` [ RunTime:0.0061s ]
SQL: SELECT `title`,`url`,`key`,`pid`,`pic` FROM `efan_module` WHERE `key` IN ('CREATIVECLUB','CREATIVECLUBLIST','CREATIVECLUBLISTREPLY','CREATIVECLUBLISTREPLYDELETE','CREATIVECLUBLISTREPLYDISCUSS','CREATIVECLUBLISTREPLYREPLY','CREATIVECLUBLISTREPLYRETURN','INFORMATION','INFORMATIONBUG','INFORMATIONBUGSUBMIT','INFORMATIONCHANGEPASSWORD','INFORMATIONCHANGEPASSWORDSUBMIT','INFORMATIONLOGINOUT','INFORMATIONUSER','INFORMATIONUSERSUBMIT','MOBILE','MOBILECREATIVE','MOBILECREATIVESUBMIT','MOBILELIST','MOBILELISTDELETE','MOBILELISTEDIT','MOBILELISTEDITSUBMIT','MOBILELISTLOOK','TEAMDAILY','TEAMDAILYLIST','TEAMDAILYLISTLOOK','TEAMDAILYLISTUPLOAD','TEAMDAILYNEW','TEAMDAILYOTHER','TEAMDAILYOTHERSUBMIT','TEAMDAILYSUBMIT','WELCOMEINDEX','WELCOMEINDEXNOTICE','MOBILESCORE','MOBILESCORESCORE','MOBILESCORESCORESUBMIT','CREATIVECLUBADMIN','CREATIVECLUBADMINCLOSE','CREATIVECLUBADMINCOUNTNO','CREATIVECLUBADMINDELETE','CREATIVECLUBADMINDOWNLOAD','CREATIVECLUBADMINEDIT','CREATIVECLUBADMINEDITEDIT','CREATIVECLUBADMINGROUP','CREATIVECLUBADMINGROUPSUBMIT','CREATIVECLUBADMINLEADINGIN','CREATIVECLUBADMINOPEN','CREATIVECLUBADMINPDF','CREATIVECLUBLISTEDIT','CREATIVECLUBLISTEDITSUBMIT','CREATIVECLUBLISTREPLYEDIT','CREATIVECLUBLISTREPLYEDITSUBMIT','CREATIVECLUBNEW','CREATIVECLUBNEWSUBMIT','MOBIELADMINSUBMITTIMENEWSUBMIT','MOBILEADMIN','MOBILEADMINDELETE','MOBILEADMINEDIT','MOBILEADMINEDITSUBMIT','MOBILEADMINGROUPLIST','MOBILEADMINGROUPLISTDELETE','MOBILEADMINGROUPLISTEDIT','MOBILEADMINGROUPLISTEDITSUBMIT','MOBILEADMINGROUPLISTLOCK','MOBILEADMINGROUPLISTNEW','MOBILEADMINGROUPLISTNEWSUBMIT','MOBILEADMINGROUPLISTUNLOCK','MOBILEADMINSUBMITTIME','MOBILEADMINSUBMITTIMEDELETE','MOBILEADMINSUBMITTIMEEDIT','MOBILEADMINSUBMITTIMEEDITSUBMIT','MOBILEADMINSUBMITTIMENEW','MOBILEADMINUPLOADLEADER','RECRUIT','RECRUITCHANGE','RECRUITINDEX','RECRUITVIEW','AUDITION','AUDITIONADD','AUDITIONEDIT','AUDITIONEDITSUBMIT','AUDITIONIN','AUDITIONINTERIM','AUDITIONLAST','AUDITIONNEXT','AUDITIONOUT','AUDITIONROTATION','AUDITIONSENDMESSAGE','AUDITIONTIME','AUDITIONTIMESUBMIT','RECRUITADMIN','RECRUITADMINNEW','RECRUITADMINNEWSUBMIT','SYSTEM','SYSTEMMAJOREDIT','SYSTEMMAJORINDEX','SYSTEMMAJORNEW','SYSTEMMAJORNEWSUBMIT','USERCHANGEPERMISION','USERDELETE','USERDISLIMITLOGIN','USEREDIT','USEREDITSUBMIT','USERINFORMATION','USERINTERIMPERMISION','USERINTERIMPERMISIONDELETE','USERINTERIMPERMISIONEDIT','USERINTERIMPERMISIONEDITSUBMIT','USERINTERIMPERMISIONNEW','USERINTERIMPERMISIONNEWSUBMIT','USERLEADINGIN','USERLEADINGINSUBMIT','USERLIMITLOGIN','USERLIST','USERMESSAGE','USERMESSAGESEND','USERNEW','USERNEWSUBMIT','USERRESETPASSWORLD','USERTEMPLEDOWNLOAD','WELCOMEINDEXNOTICEDELETE','WELCOMEINDEXNOTICEDISIMPORTANT','WELCOMEINDEXNOTICEEDIT','WELCOMEINDEXNOTICEEDITSUBMIT','WELCOMEINDEXNOTICEIMPORTANT','WELCOMEINDEXNOTICENEW','WELCOMEINDEXNOTICENEWSUBMIT','MOBILELEADER','MOBILELEADERCHANGE','MOBILELEADERCHANGESUBMIT','TEAMDAILYADMIN','TEAMDAILYADMINLOOK','TEAMDAILYADMINMAKE') AND `hide` = 0 AND `type` = 1 ORDER BY sort asc  [ RunTime:0.0014s ]
SQL: SHOW COLUMNS FROM `efan_module` [ RunTime:0.0049s ]
SQL: SELECT `url`,`key` FROM `efan_module` WHERE `hide` = 0 AND `pid` = 'WELCOMEINDEX' AND `type` = 2 ORDER BY sort asc  [ RunTime:0.0004s ]
SQL: SHOW COLUMNS FROM `efan_auth_group_module` [ RunTime:0.0050s ]
SQL: SELECT DISTINCT  `module_key` FROM `efan_auth_group_module` WHERE `permision` <= 10  [ RunTime:0.0012s ]
SQL: SHOW COLUMNS FROM `efan_interim_permision` [ RunTime:0.0045s ]
SQL: SELECT `interimpermision` FROM `efan_interim_permision` WHERE `uid` = 18 AND `time` > 1499838669  [ RunTime:0.0003s ]
SQL: SHOW COLUMNS FROM `efan_user` [ RunTime:0.0044s ]
SQL: SELECT `id`,`name`,`uid`,`url` FROM `efan_user` WHERE `uid` = 18  [ RunTime:0.0003s ]
SQL: SHOW COLUMNS FROM `efan_notice` [ RunTime:0.0046s ]
SQL: SELECT COUNT(*) AS tp_count FROM `efan_notice` LIMIT 1   [ RunTime:0.0003s ]
SQL: SELECT * FROM `efan_notice` ORDER BY `id` desc LIMIT 0,10   [ RunTime:0.0003s ]
INFO: [ view_parse ] --START--
INFO: [ template_filter ] --START--
INFO: Run Behavior\ContentReplaceBehavior [ RunTime:0.000129s ]
INFO: [ template_filter ] --END-- [ RunTime:0.000181s ]
NOTIC: [8] Undefined variable: Think D:\phpStudy\WWW\efan\Application\Runtime\Cache\Home\a13dae09a421c6f3da00619f94a7ad1a.php 第 116 行.
INFO: Run Behavior\ParseTemplateBehavior [ RunTime:0.012308s ]
INFO: [ view_parse ] --END-- [ RunTime:0.012376s ]
INFO: [ view_filter ] --START--
INFO: Run Behavior\WriteHtmlCacheBehavior [ RunTime:0.000417s ]
INFO: [ view_filter ] --END-- [ RunTime:0.000469s ]
INFO: [ app_end ] --START--
INFO: Run Behavior\ShowPageTraceBehavior [ RunTime:0.000736s ]
INFO: [ app_end ] --END-- [ RunTime:0.000788s ]

[ 2017-07-12T14:34:50+08:00 ] ::1 /efan/
INFO: [ app_init ] --START--
INFO: Run Behavior\BuildLiteBehavior [ RunTime:0.000014s ]
INFO: [ app_init ] --END-- [ RunTime:0.000518s ]
INFO: [ app_begin ] --START--
INFO: Run Behavior\ReadHtmlCacheBehavior [ RunTime:0.000941s ]
INFO: [ app_begin ] --END-- [ RunTime:0.001038s ]

[ 2017-07-12T14:34:52+08:00 ] ::1 /efan/index.php/Home/Main/Index/index/key/WELCOMEINDEX.efan
INFO: [ app_init ] --START--
INFO: Run Behavior\BuildLiteBehavior [ RunTime:0.000022s ]
INFO: [ app_init ] --END-- [ RunTime:0.000504s ]
INFO: [ app_begin ] --START--
INFO: Run Behavior\ReadHtmlCacheBehavior [ RunTime:0.000452s ]
INFO: [ app_begin ] --END-- [ RunTime:0.000508s ]
NOTIC: [8] Use of undefined constant URL_HTML_SUFFIX - assumed 'URL_HTML_SUFFIX' D:\phpStudy\WWW\efan\Application\Home\Controller\HomeController.class.php 第 211 行.
SQL: SHOW COLUMNS FROM `efan_module` [ RunTime:0.0137s ]
SQL: SELECT COUNT(*) AS tp_count FROM `efan_module` WHERE `url` = 'Main/Index/index' AND `key` = 'WELCOMEINDEX' AND `hide` = 0 LIMIT 1   [ RunTime:0.0010s ]
SQL: SHOW COLUMNS FROM `efan_auth_group_module` [ RunTime:0.0094s ]
SQL: SELECT * FROM `efan_auth_group_module` WHERE `module_key` = 'WELCOMEINDEX'  [ RunTime:0.0007s ]
NOTIC: [8] Undefined index: group_id D:\phpStudy\WWW\efan\Application\Home\Controller\HomeController.class.php 第 173 行.
SQL: SELECT DISTINCT  `permision` FROM `efan_auth_group_module` WHERE `module_key` = 'WELCOMEINDEX'  [ RunTime:0.0005s ]
SQL: SHOW COLUMNS FROM `efan_interim_permision` [ RunTime:0.0103s ]
SQL: SELECT `interimpermision` FROM `efan_interim_permision` WHERE `uid` = 18 AND `time` > 1499841291  [ RunTime:0.0005s ]
NOTIC: [8] Undefined variable: authGroupAccess D:\phpStudy\WWW\efan\Application\Home\Controller\HomeController.class.php 第 109 行.
NOTIC: [2] Invalid argument supplied for foreach() D:\phpStudy\WWW\efan\Application\Home\Controller\HomeController.class.php 第 109 行.
SQL: SHOW COLUMNS FROM `efan_auth_group_module` [ RunTime:0.0058s ]
SQL: SELECT DISTINCT  `module_key` FROM `efan_auth_group_module` WHERE `permision` <= 10  [ RunTime:0.0016s ]
SQL: SHOW COLUMNS FROM `efan_interim_permision` [ RunTime:0.0055s ]
SQL: SELECT `interimpermision` FROM `efan_interim_permision` WHERE `uid` = 18 AND `time` > 1499841291  [ RunTime:0.0004s ]
SQL: SHOW COLUMNS FROM `efan_module` [ RunTime:0.0056s ]
SQL: SELECT `title`,`url`,`key`,`pid`,`pic` FROM `efan_module` WHERE `key` IN ('CREATIVECLUB','CREATIVECLUBLIST','CREATIVECLUBLISTREPLY','CREATIVECLUBLISTREPLYDELETE','CREATIVECLUBLISTREPLYDISCUSS','CREATIVECLUBLISTREPLYREPLY','CREATIVECLUBLISTREPLYRETURN','INFORMATION','INFORMATIONBUG','INFORMATIONBUGSUBMIT','INFORMATIONCHANGEPASSWORD','INFORMATIONCHANGEPASSWORDSUBMIT','INFORMATIONLOGINOUT','INFORMATIONUSER','INFORMATIONUSERSUBMIT','MOBILE','MOBILECREATIVE','MOBILECREATIVESUBMIT','MOBILELIST','MOBILELISTDELETE','MOBILELISTEDIT','MOBILELISTEDITSUBMIT','MOBILELISTLOOK','TEAMDAILY','TEAMDAILYLIST','TEAMDAILYLISTLOOK','TEAMDAILYLISTUPLOAD','TEAMDAILYNEW','TEAMDAILYOTHER','TEAMDAILYOTHERSUBMIT','TEAMDAILYSUBMIT','WELCOMEINDEX','WELCOMEINDEXNOTICE','MOBILESCORE','MOBILESCORESCORE','MOBILESCORESCORESUBMIT','CREATIVECLUBADMIN','CREATIVECLUBADMINCLOSE','CREATIVECLUBADMINCOUNTNO','CREATIVECLUBADMINDELETE','CREATIVECLUBADMINDOWNLOAD','CREATIVECLUBADMINEDIT','CREATIVECLUBADMINEDITEDIT','CREATIVECLUBADMINGROUP','CREATIVECLUBADMINGROUPSUBMIT','CREATIVECLUBADMINLEADINGIN','CREATIVECLUBADMINOPEN','CREATIVECLUBADMINPDF','CREATIVECLUBLISTEDIT','CREATIVECLUBLISTEDITSUBMIT','CREATIVECLUBLISTREPLYEDIT','CREATIVECLUBLISTREPLYEDITSUBMIT','CREATIVECLUBNEW','CREATIVECLUBNEWSUBMIT','MOBIELADMINSUBMITTIMENEWSUBMIT','MOBILEADMIN','MOBILEADMINDELETE','MOBILEADMINEDIT','MOBILEADMINEDITSUBMIT','MOBILEADMINGROUPLIST','MOBILEADMINGROUPLISTDELETE','MOBILEADMINGROUPLISTEDIT','MOBILEADMINGROUPLISTEDITSUBMIT','MOBILEADMINGROUPLISTLOCK','MOBILEADMINGROUPLISTNEW','MOBILEADMINGROUPLISTNEWSUBMIT','MOBILEADMINGROUPLISTUNLOCK','MOBILEADMINSUBMITTIME','MOBILEADMINSUBMITTIMEDELETE','MOBILEADMINSUBMITTIMEEDIT','MOBILEADMINSUBMITTIMEEDITSUBMIT','MOBILEADMINSUBMITTIMENEW','MOBILEADMINUPLOADLEADER','RECRUIT','RECRUITCHANGE','RECRUITINDEX','RECRUITVIEW','AUDITION','AUDITIONADD','AUDITIONEDIT','AUDITIONEDITSUBMIT','AUDITIONIN','AUDITIONINTERIM','AUDITIONLAST','AUDITIONNEXT','AUDITIONOUT','AUDITIONROTATION','AUDITIONSENDMESSAGE','AUDITIONTIME','AUDITIONTIMESUBMIT','RECRUITADMIN','RECRUITADMINNEW','RECRUITADMINNEWSUBMIT','SYSTEM','SYSTEMMAJOREDIT','SYSTEMMAJORINDEX','SYSTEMMAJORNEW','SYSTEMMAJORNEWSUBMIT','USERCHANGEPERMISION','USERDELETE','USERDISLIMITLOGIN','USEREDIT','USEREDITSUBMIT','USERINFORMATION','USERINTERIMPERMISION','USERINTERIMPERMISIONDELETE','USERINTERIMPERMISIONEDIT','USERINTERIMPERMISIONEDITSUBMIT','USERINTERIMPERMISIONNEW','USERINTERIMPERMISIONNEWSUBMIT','USERLEADINGIN','USERLEADINGINSUBMIT','USERLIMITLOGIN','USERLIST','USERMESSAGE','USERMESSAGESEND','USERNEW','USERNEWSUBMIT','USERRESETPASSWORLD','USERTEMPLEDOWNLOAD','WELCOMEINDEXNOTICEDELETE','WELCOMEINDEXNOTICEDISIMPORTANT','WELCOMEINDEXNOTICEEDIT','WELCOMEINDEXNOTICEEDITSUBMIT','WELCOMEINDEXNOTICEIMPORTANT','WELCOMEINDEXNOTICENEW','WELCOMEINDEXNOTICENEWSUBMIT','MOBILELEADER','MOBILELEADERCHANGE','MOBILELEADERCHANGESUBMIT','TEAMDAILYADMIN','TEAMDAILYADMINLOOK','TEAMDAILYADMINMAKE') AND `hide` = 0 AND `type` = 1 ORDER BY sort asc  [ RunTime:0.0018s ]
SQL: SHOW COLUMNS FROM `efan_module` [ RunTime:0.0056s ]
SQL: SELECT `url`,`key` FROM `efan_module` WHERE `hide` = 0 AND `pid` = 'WELCOMEINDEX' AND `type` = 2 ORDER BY sort asc  [ RunTime:0.0006s ]
SQL: SHOW COLUMNS FROM `efan_auth_group_module` [ RunTime:0.0036s ]
SQL: SELECT DISTINCT  `module_key` FROM `efan_auth_group_module` WHERE `permision` <= 10  [ RunTime:0.0010s ]
SQL: SHOW COLUMNS FROM `efan_interim_permision` [ RunTime:0.0045s ]
SQL: SELECT `interimpermision` FROM `efan_interim_permision` WHERE `uid` = 18 AND `time` > 1499841292  [ RunTime:0.0003s ]
SQL: SHOW COLUMNS FROM `efan_user` [ RunTime:0.0049s ]
SQL: SELECT `id`,`name`,`uid`,`url` FROM `efan_user` WHERE `uid` = 18  [ RunTime:0.0003s ]
SQL: SHOW COLUMNS FROM `efan_notice` [ RunTime:0.0040s ]
SQL: SELECT COUNT(*) AS tp_count FROM `efan_notice` LIMIT 1   [ RunTime:0.0004s ]
SQL: SELECT * FROM `efan_notice` ORDER BY `id` desc LIMIT 0,10   [ RunTime:0.0003s ]
INFO: [ view_parse ] --START--
INFO: [ template_filter ] --START--
INFO: Run Behavior\ContentReplaceBehavior [ RunTime:0.000133s ]
INFO: [ template_filter ] --END-- [ RunTime:0.000183s ]
NOTIC: [8] Undefined variable: Think D:\phpStudy\WWW\efan\Application\Runtime\Cache\Home\a13dae09a421c6f3da00619f94a7ad1a.php 第 116 行.
INFO: Run Behavior\ParseTemplateBehavior [ RunTime:0.013501s ]
INFO: [ view_parse ] --END-- [ RunTime:0.013558s ]
INFO: [ view_filter ] --START--
INFO: Run Behavior\WriteHtmlCacheBehavior [ RunTime:0.000714s ]
INFO: [ view_filter ] --END-- [ RunTime:0.000769s ]
INFO: [ app_end ] --START--
INFO: Run Behavior\ShowPageTraceBehavior [ RunTime:0.001170s ]
INFO: [ app_end ] --END-- [ RunTime:0.001248s ]

[ 2017-07-12T14:34:57+08:00 ] ::1 /efan/index.php/Home/Main/Index/index/key/dashboard-1.html
INFO: [ app_init ] --START--
INFO: Run Behavior\BuildLiteBehavior [ RunTime:0.000022s ]
INFO: [ app_init ] --END-- [ RunTime:0.000538s ]
INFO: [ app_begin ] --START--
INFO: Run Behavior\ReadHtmlCacheBehavior [ RunTime:0.000620s ]
INFO: [ app_begin ] --END-- [ RunTime:0.000695s ]
NOTIC: [8] Use of undefined constant URL_HTML_SUFFIX - assumed 'URL_HTML_SUFFIX' D:\phpStudy\WWW\efan\Application\Home\Controller\HomeController.class.php 第 211 行.
SQL: SHOW COLUMNS FROM `efan_module` [ RunTime:0.0056s ]
SQL: SELECT COUNT(*) AS tp_count FROM `efan_module` WHERE `url` = 'Main/Index/index' AND `key` = 'dashboard-1.html' AND `hide` = 0 LIMIT 1   [ RunTime:0.0003s ]
INFO: [ view_parse ] --START--
INFO: [ template_filter ] --START--
INFO: Run Behavior\ContentReplaceBehavior [ RunTime:0.000121s ]
INFO: [ template_filter ] --END-- [ RunTime:0.000216s ]
INFO: Run Behavior\ParseTemplateBehavior [ RunTime:0.048276s ]
INFO: [ view_parse ] --END-- [ RunTime:0.048362s ]
INFO: [ view_filter ] --START--
INFO: Run Behavior\WriteHtmlCacheBehavior [ RunTime:0.000614s ]
INFO: [ view_filter ] --END-- [ RunTime:0.000673s ]

[ 2017-07-12T14:35:39+08:00 ] ::1 /efan/index.php/Home/User/User/index/key/USERLIST.efan
INFO: [ app_init ] --START--
INFO: Run Behavior\BuildLiteBehavior [ RunTime:0.000016s ]
INFO: [ app_init ] --END-- [ RunTime:0.000488s ]
INFO: [ app_begin ] --START--
INFO: Run Behavior\ReadHtmlCacheBehavior [ RunTime:0.000794s ]
INFO: [ app_begin ] --END-- [ RunTime:0.000880s ]
NOTIC: [8] Use of undefined constant URL_HTML_SUFFIX - assumed 'URL_HTML_SUFFIX' D:\phpStudy\WWW\efan\Application\Home\Controller\HomeController.class.php 第 211 行.
SQL: SHOW COLUMNS FROM `efan_module` [ RunTime:0.0068s ]
SQL: SELECT COUNT(*) AS tp_count FROM `efan_module` WHERE `url` = 'User/User/index' AND `key` = 'USERLIST' AND `hide` = 0 LIMIT 1   [ RunTime:0.0004s ]
SQL: SHOW COLUMNS FROM `efan_auth_group_module` [ RunTime:0.0042s ]
SQL: SELECT * FROM `efan_auth_group_module` WHERE `module_key` = 'USERLIST'  [ RunTime:0.0003s ]
NOTIC: [8] Undefined index: group_id D:\phpStudy\WWW\efan\Application\Home\Controller\HomeController.class.php 第 173 行.
SQL: SELECT DISTINCT  `permision` FROM `efan_auth_group_module` WHERE `module_key` = 'USERLIST'  [ RunTime:0.0002s ]
SQL: SHOW COLUMNS FROM `efan_interim_permision` [ RunTime:0.0046s ]
SQL: SELECT `interimpermision` FROM `efan_interim_permision` WHERE `uid` = 18 AND `time` > 1499841339  [ RunTime:0.0003s ]
NOTIC: [8] Undefined variable: authGroupAccess D:\phpStudy\WWW\efan\Application\Home\Controller\HomeController.class.php 第 109 行.
NOTIC: [2] Invalid argument supplied for foreach() D:\phpStudy\WWW\efan\Application\Home\Controller\HomeController.class.php 第 109 行.
SQL: SHOW COLUMNS FROM `efan_auth_group_module` [ RunTime:0.0052s ]
SQL: SELECT DISTINCT  `module_key` FROM `efan_auth_group_module` WHERE `permision` <= 10  [ RunTime:0.0012s ]
SQL: SHOW COLUMNS FROM `efan_interim_permision` [ RunTime:0.0042s ]
SQL: SELECT `interimpermision` FROM `efan_interim_permision` WHERE `uid` = 18 AND `time` > 1499841339  [ RunTime:0.0003s ]
SQL: SHOW COLUMNS FROM `efan_module` [ RunTime:0.0050s ]
SQL: SELECT `title`,`url`,`key`,`pid`,`pic` FROM `efan_module` WHERE `key` IN ('CREATIVECLUB','CREATIVECLUBLIST','CREATIVECLUBLISTREPLY','CREATIVECLUBLISTREPLYDELETE','CREATIVECLUBLISTREPLYDISCUSS','CREATIVECLUBLISTREPLYREPLY','CREATIVECLUBLISTREPLYRETURN','INFORMATION','INFORMATIONBUG','INFORMATIONBUGSUBMIT','INFORMATIONCHANGEPASSWORD','INFORMATIONCHANGEPASSWORDSUBMIT','INFORMATIONLOGINOUT','INFORMATIONUSER','INFORMATIONUSERSUBMIT','MOBILE','MOBILECREATIVE','MOBILECREATIVESUBMIT','MOBILELIST','MOBILELISTDELETE','MOBILELISTEDIT','MOBILELISTEDITSUBMIT','MOBILELISTLOOK','TEAMDAILY','TEAMDAILYLIST','TEAMDAILYLISTLOOK','TEAMDAILYLISTUPLOAD','TEAMDAILYNEW','TEAMDAILYOTHER','TEAMDAILYOTHERSUBMIT','TEAMDAILYSUBMIT','WELCOMEINDEX','WELCOMEINDEXNOTICE','MOBILESCORE','MOBILESCORESCORE','MOBILESCORESCORESUBMIT','CREATIVECLUBADMIN','CREATIVECLUBADMINCLOSE','CREATIVECLUBADMINCOUNTNO','CREATIVECLUBADMINDELETE','CREATIVECLUBADMINDOWNLOAD','CREATIVECLUBADMINEDIT','CREATIVECLUBADMINEDITEDIT','CREATIVECLUBADMINGROUP','CREATIVECLUBADMINGROUPSUBMIT','CREATIVECLUBADMINLEADINGIN','CREATIVECLUBADMINOPEN','CREATIVECLUBADMINPDF','CREATIVECLUBLISTEDIT','CREATIVECLUBLISTEDITSUBMIT','CREATIVECLUBLISTREPLYEDIT','CREATIVECLUBLISTREPLYEDITSUBMIT','CREATIVECLUBNEW','CREATIVECLUBNEWSUBMIT','MOBIELADMINSUBMITTIMENEWSUBMIT','MOBILEADMIN','MOBILEADMINDELETE','MOBILEADMINEDIT','MOBILEADMINEDITSUBMIT','MOBILEADMINGROUPLIST','MOBILEADMINGROUPLISTDELETE','MOBILEADMINGROUPLISTEDIT','MOBILEADMINGROUPLISTEDITSUBMIT','MOBILEADMINGROUPLISTLOCK','MOBILEADMINGROUPLISTNEW','MOBILEADMINGROUPLISTNEWSUBMIT','MOBILEADMINGROUPLISTUNLOCK','MOBILEADMINSUBMITTIME','MOBILEADMINSUBMITTIMEDELETE','MOBILEADMINSUBMITTIMEEDIT','MOBILEADMINSUBMITTIMEEDITSUBMIT','MOBILEADMINSUBMITTIMENEW','MOBILEADMINUPLOADLEADER','RECRUIT','RECRUITCHANGE','RECRUITINDEX','RECRUITVIEW','AUDITION','AUDITIONADD','AUDITIONEDIT','AUDITIONEDITSUBMIT','AUDITIONIN','AUDITIONINTERIM','AUDITIONLAST','AUDITIONNEXT','AUDITIONOUT','AUDITIONROTATION','AUDITIONSENDMESSAGE','AUDITIONTIME','AUDITIONTIMESUBMIT','RECRUITADMIN','RECRUITADMINNEW','RECRUITADMINNEWSUBMIT','SYSTEM','SYSTEMMAJOREDIT','SYSTEMMAJORINDEX','SYSTEMMAJORNEW','SYSTEMMAJORNEWSUBMIT','USERCHANGEPERMISION','USERDELETE','USERDISLIMITLOGIN','USEREDIT','USEREDITSUBMIT','USERINFORMATION','USERINTERIMPERMISION','USERINTERIMPERMISIONDELETE','USERINTERIMPERMISIONEDIT','USERINTERIMPERMISIONEDITSUBMIT','USERINTERIMPERMISIONNEW','USERINTERIMPERMISIONNEWSUBMIT','USERLEADINGIN','USERLEADINGINSUBMIT','USERLIMITLOGIN','USERLIST','USERMESSAGE','USERMESSAGESEND','USERNEW','USERNEWSUBMIT','USERRESETPASSWORLD','USERTEMPLEDOWNLOAD','WELCOMEINDEXNOTICEDELETE','WELCOMEINDEXNOTICEDISIMPORTANT','WELCOMEINDEXNOTICEEDIT','WELCOMEINDEXNOTICEEDITSUBMIT','WELCOMEINDEXNOTICEIMPORTANT','WELCOMEINDEXNOTICENEW','WELCOMEINDEXNOTICENEWSUBMIT','MOBILELEADER','MOBILELEADERCHANGE','MOBILELEADERCHANGESUBMIT','TEAMDAILYADMIN','TEAMDAILYADMINLOOK','TEAMDAILYADMINMAKE') AND `hide` = 0 AND `type` = 1 ORDER BY sort asc  [ RunTime:0.0013s ]
SQL: SHOW COLUMNS FROM `efan_module` [ RunTime:0.0057s ]
SQL: SELECT `url`,`key` FROM `efan_module` WHERE `hide` = 0 AND `pid` = 'USERLIST' AND `type` = 2 ORDER BY sort asc  [ RunTime:0.0007s ]
SQL: SHOW COLUMNS FROM `efan_auth_group_module` [ RunTime:0.0056s ]
SQL: SELECT DISTINCT  `module_key` FROM `efan_auth_group_module` WHERE `permision` <= 10  [ RunTime:0.0015s ]
SQL: SHOW COLUMNS FROM `efan_interim_permision` [ RunTime:0.0047s ]
SQL: SELECT `interimpermision` FROM `efan_interim_permision` WHERE `uid` = 18 AND `time` > 1499841339  [ RunTime:0.0003s ]
SQL: SHOW COLUMNS FROM `efan_user` [ RunTime:0.0045s ]
SQL: SELECT `id`,`name`,`uid`,`url` FROM `efan_user` WHERE `uid` = 18  [ RunTime:0.0003s ]
SQL: SHOW COLUMNS FROM `efan_user` [ RunTime:0.0054s ]
SQL: SELECT `id`,`uid`,`name`,`phone`,`major`,`permision`,`state` FROM `efan_user`  [ RunTime:0.0003s ]
SQL: SHOW COLUMNS FROM `efan_permision` [ RunTime:0.0042s ]
SQL: SELECT * FROM `efan_permision` WHERE `class` = 1  [ RunTime:0.0004s ]
SQL: SELECT * FROM `efan_permision` WHERE `class` = 2  [ RunTime:0.0002s ]
INFO: [ view_parse ] --START--
INFO: [ template_filter ] --START--
INFO: Run Behavior\ContentReplaceBehavior [ RunTime:0.000282s ]
INFO: [ template_filter ] --END-- [ RunTime:0.000336s ]
NOTIC: [8] Undefined variable: Think D:\phpStudy\WWW\efan\Application\Runtime\Cache\Home\8cc16675c4c4cf00393fc15126d7c183.php 第 127 行.
NOTIC: [8] Undefined variable: Think D:\phpStudy\WWW\efan\Application\Runtime\Cache\Home\8cc16675c4c4cf00393fc15126d7c183.php 第 128 行.
NOTIC: [8] Undefined variable: Think D:\phpStudy\WWW\efan\Application\Runtime\Cache\Home\8cc16675c4c4cf00393fc15126d7c183.php 第 129 行.
NOTIC: [8] Undefined variable: Think D:\phpStudy\WWW\efan\Application\Runtime\Cache\Home\8cc16675c4c4cf00393fc15126d7c183.php 第 130 行.
NOTIC: [8] Undefined variable: Think D:\phpStudy\WWW\efan\Application\Runtime\Cache\Home\8cc16675c4c4cf00393fc15126d7c183.php 第 131 行.
NOTIC: [8] Undefined variable: Think D:\phpStudy\WWW\efan\Application\Runtime\Cache\Home\8cc16675c4c4cf00393fc15126d7c183.php 第 172 行.
NOTIC: [8] Undefined variable: Think D:\phpStudy\WWW\efan\Application\Runtime\Cache\Home\8cc16675c4c4cf00393fc15126d7c183.php 第 173 行.
NOTIC: [8] Undefined variable: Think D:\phpStudy\WWW\efan\Application\Runtime\Cache\Home\8cc16675c4c4cf00393fc15126d7c183.php 第 174 行.
NOTIC: [8] Undefined variable: Think D:\phpStudy\WWW\efan\Application\Runtime\Cache\Home\8cc16675c4c4cf00393fc15126d7c183.php 第 175 行.
NOTIC: [8] Undefined variable: Think D:\phpStudy\WWW\efan\Application\Runtime\Cache\Home\8cc16675c4c4cf00393fc15126d7c183.php 第 176 行.
NOTIC: [8] Undefined variable: Think D:\phpStudy\WWW\efan\Application\Runtime\Cache\Home\8cc16675c4c4cf00393fc15126d7c183.php 第 177 行.
NOTIC: [8] Undefined variable: Think D:\phpStudy\WWW\efan\Application\Runtime\Cache\Home\8cc16675c4c4cf00393fc15126d7c183.php 第 172 行.
NOTIC: [8] Undefined variable: Think D:\phpStudy\WWW\efan\Application\Runtime\Cache\Home\8cc16675c4c4cf00393fc15126d7c183.php 第 173 行.
NOTIC: [8] Undefined variable: Think D:\phpStudy\WWW\efan\Application\Runtime\Cache\Home\8cc16675c4c4cf00393fc15126d7c183.php 第 174 行.
NOTIC: [8] Undefined variable: Think D:\phpStudy\WWW\efan\Application\Runtime\Cache\Home\8cc16675c4c4cf00393fc15126d7c183.php 第 175 行.
NOTIC: [8] Undefined variable: Think D:\phpStudy\WWW\efan\Application\Runtime\Cache\Home\8cc16675c4c4cf00393fc15126d7c183.php 第 176 行.
NOTIC: [8] Undefined variable: Think D:\phpStudy\WWW\efan\Application\Runtime\Cache\Home\8cc16675c4c4cf00393fc15126d7c183.php 第 177 行.
NOTIC: [8] Undefined variable: Think D:\phpStudy\WWW\efan\Application\Runtime\Cache\Home\8cc16675c4c4cf00393fc15126d7c183.php 第 172 行.
NOTIC: [8] Undefined variable: Think D:\phpStudy\WWW\efan\Application\Runtime\Cache\Home\8cc16675c4c4cf00393fc15126d7c183.php 第 173 行.
NOTIC: [8] Undefined variable: Think D:\phpStudy\WWW\efan\Application\Runtime\Cache\Home\8cc16675c4c4cf00393fc15126d7c183.php 第 174 行.
NOTIC: [8] Undefined variable: Think D:\phpStudy\WWW\efan\Application\Runtime\Cache\Home\8cc16675c4c4cf00393fc15126d7c183.php 第 175 行.
NOTIC: [8] Undefined variable: Think D:\phpStudy\WWW\efan\Application\Runtime\Cache\Home\8cc16675c4c4cf00393fc15126d7c183.php 第 176 行.
NOTIC: [8] Undefined variable: Think D:\phpStudy\WWW\efan\Application\Runtime\Cache\Home\8cc16675c4c4cf00393fc15126d7c183.php 第 177 行.
NOTIC: [8] Undefined variable: Think D:\phpStudy\WWW\efan\Application\Runtime\Cache\Home\8cc16675c4c4cf00393fc15126d7c183.php 第 172 行.
NOTIC: [8] Undefined variable: Think D:\phpStudy\WWW\efan\Application\Runtime\Cache\Home\8cc16675c4c4cf00393fc15126d7c183.php 第 173 行.
NOTIC: [8] Undefined variable: Think D:\phpStudy\WWW\efan\Application\Runtime\Cache\Home\8cc16675c4c4cf00393fc15126d7c183.php 第 174 行.
NOTIC: [8] Undefined variable: Think D:\phpStudy\WWW\efan\Application\Runtime\Cache\Home\8cc16675c4c4cf00393fc15126d7c183.php 第 175 行.
NOTIC: [8] Undefined variable: Think D:\phpStudy\WWW\efan\Application\Runtime\Cache\Home\8cc16675c4c4cf00393fc15126d7c183.php 第 176 行.
NOTIC: [8] Undefined variable: Think D:\phpStudy\WWW\efan\Application\Runtime\Cache\Home\8cc16675c4c4cf00393fc15126d7c183.php 第 177 行.
NOTIC: [8] Undefined variable: Think D:\phpStudy\WWW\efan\Application\Runtime\Cache\Home\8cc16675c4c4cf00393fc15126d7c183.php 第 172 行.
NOTIC: [8] Undefined variable: Think D:\phpStudy\WWW\efan\Application\Runtime\Cache\Home\8cc16675c4c4cf00393fc15126d7c183.php 第 173 行.
NOTIC: [8] Undefined variable: Think D:\phpStudy\WWW\efan\Application\Runtime\Cache\Home\8cc16675c4c4cf00393fc15126d7c183.php 第 174 行.
NOTIC: [8] Undefined variable: Think D:\phpStudy\WWW\efan\Application\Runtime\Cache\Home\8cc16675c4c4cf00393fc15126d7c183.php 第 175 行.
NOTIC: [8] Undefined variable: Think D:\phpStudy\WWW\efan\Application\Runtime\Cache\Home\8cc16675c4c4cf00393fc15126d7c183.php 第 176 行.
NOTIC: [8] Undefined variable: Think D:\phpStudy\WWW\efan\Application\Runtime\Cache\Home\8cc16675c4c4cf00393fc15126d7c183.php 第 177 行.
NOTIC: [8] Undefined variable: Think D:\phpStudy\WWW\efan\Application\Runtime\Cache\Home\8cc16675c4c4cf00393fc15126d7c183.php 第 172 行.
NOTIC: [8] Undefined variable: Think D:\phpStudy\WWW\efan\Application\Runtime\Cache\Home\8cc16675c4c4cf00393fc15126d7c183.php 第 173 行.
NOTIC: [8] Undefined variable: Think D:\phpStudy\WWW\efan\Application\Runtime\Cache\Home\8cc16675c4c4cf00393fc15126d7c183.php 第 174 行.
NOTIC: [8] Undefined variable: Think D:\phpStudy\WWW\efan\Application\Runtime\Cache\Home\8cc16675c4c4cf00393fc15126d7c183.php 第 175 行.
NOTIC: [8] Undefined variable: Think D:\phpStudy\WWW\efan\Application\Runtime\Cache\Home\8cc16675c4c4cf00393fc15126d7c183.php 第 176 行.
NOTIC: [8] Undefined variable: Think D:\phpStudy\WWW\efan\Application\Runtime\Cache\Home\8cc16675c4c4cf00393fc15126d7c183.php 第 177 行.
NOTIC: [8] Undefined variable: Think D:\phpStudy\WWW\efan\Application\Runtime\Cache\Home\8cc16675c4c4cf00393fc15126d7c183.php 第 172 行.
NOTIC: [8] Undefined variable: Think D:\phpStudy\WWW\efan\Application\Runtime\Cache\Home\8cc16675c4c4cf00393fc15126d7c183.php 第 173 行.
NOTIC: [8] Undefined variable: Think D:\phpStudy\WWW\efan\Application\Runtime\Cache\Home\8cc16675c4c4cf00393fc15126d7c183.php 第 174 行.
NOTIC: [8] Undefined variable: Think D:\phpStudy\WWW\efan\Application\Runtime\Cache\Home\8cc16675c4c4cf00393fc15126d7c183.php 第 175 行.
NOTIC: [8] Undefined variable: Think D:\phpStudy\WWW\efan\Application\Runtime\Cache\Home\8cc16675c4c4cf00393fc15126d7c183.php 第 176 行.
NOTIC: [8] Undefined variable: Think D:\phpStudy\WWW\efan\Application\Runtime\Cache\Home\8cc16675c4c4cf00393fc15126d7c183.php 第 177 行.
NOTIC: [8] Undefined variable: Think D:\phpStudy\WWW\efan\Application\Runtime\Cache\Home\8cc16675c4c4cf00393fc15126d7c183.php 第 172 行.
NOTIC: [8] Undefined variable: Think D:\phpStudy\WWW\efan\Application\Runtime\Cache\Home\8cc16675c4c4cf00393fc15126d7c183.php 第 173 行.
NOTIC: [8] Undefined variable: Think D:\phpStudy\WWW\efan\Application\Runtime\Cache\Home\8cc16675c4c4cf00393fc15126d7c183.php 第 174 行.
NOTIC: [8] Undefined variable: Think D:\phpStudy\WWW\efan\Application\Runtime\Cache\Home\8cc16675c4c4cf00393fc15126d7c183.php 第 175 行.
NOTIC: [8] Undefined variable: Think D:\phpStudy\WWW\efan\Application\Runtime\Cache\Home\8cc16675c4c4cf00393fc15126d7c183.php 第 176 行.
NOTIC: [8] Undefined variable: Think D:\phpStudy\WWW\efan\Application\Runtime\Cache\Home\8cc16675c4c4cf00393fc15126d7c183.php 第 177 行.
NOTIC: [8] Undefined variable: Think D:\phpStudy\WWW\efan\Application\Runtime\Cache\Home\8cc16675c4c4cf00393fc15126d7c183.php 第 172 行.
NOTIC: [8] Undefined variable: Think D:\phpStudy\WWW\efan\Application\Runtime\Cache\Home\8cc16675c4c4cf00393fc15126d7c183.php 第 173 行.
NOTIC: [8] Undefined variable: Think D:\phpStudy\WWW\efan\Application\Runtime\Cache\Home\8cc16675c4c4cf00393fc15126d7c183.php 第 174 行.
NOTIC: [8] Undefined variable: Think D:\phpStudy\WWW\efan\Application\Runtime\Cache\Home\8cc16675c4c4cf00393fc15126d7c183.php 第 175 行.
NOTIC: [8] Undefined variable: Think D:\phpStudy\WWW\efan\Application\Runtime\Cache\Home\8cc16675c4c4cf00393fc15126d7c183.php 第 176 行.
NOTIC: [8] Undefined variable: Think D:\phpStudy\WWW\efan\Application\Runtime\Cache\Home\8cc16675c4c4cf00393fc15126d7c183.php 第 177 行.
NOTIC: [8] Undefined variable: Think D:\phpStudy\WWW\efan\Application\Runtime\Cache\Home\8cc16675c4c4cf00393fc15126d7c183.php 第 172 行.
NOTIC: [8] Undefined variable: Think D:\phpStudy\WWW\efan\Application\Runtime\Cache\Home\8cc16675c4c4cf00393fc15126d7c183.php 第 173 行.
NOTIC: [8] Undefined variable: Think D:\phpStudy\WWW\efan\Application\Runtime\Cache\Home\8cc16675c4c4cf00393fc15126d7c183.php 第 174 行.
NOTIC: [8] Undefined variable: Think D:\phpStudy\WWW\efan\Application\Runtime\Cache\Home\8cc16675c4c4cf00393fc15126d7c183.php 第 175 行.
NOTIC: [8] Undefined variable: Think D:\phpStudy\WWW\efan\Application\Runtime\Cache\Home\8cc16675c4c4cf00393fc15126d7c183.php 第 176 行.
NOTIC: [8] Undefined variable: Think D:\phpStudy\WWW\efan\Application\Runtime\Cache\Home\8cc16675c4c4cf00393fc15126d7c183.php 第 177 行.
NOTIC: [8] Undefined variable: Think D:\phpStudy\WWW\efan\Application\Runtime\Cache\Home\8cc16675c4c4cf00393fc15126d7c183.php 第 172 行.
NOTIC: [8] Undefined variable: Think D:\phpStudy\WWW\efan\Application\Runtime\Cache\Home\8cc16675c4c4cf00393fc15126d7c183.php 第 173 行.
NOTIC: [8] Undefined variable: Think D:\phpStudy\WWW\efan\Application\Runtime\Cache\Home\8cc16675c4c4cf00393fc15126d7c183.php 第 174 行.
NOTIC: [8] Undefined variable: Think D:\phpStudy\WWW\efan\Application\Runtime\Cache\Home\8cc16675c4c4cf00393fc15126d7c183.php 第 175 行.
NOTIC: [8] Undefined variable: Think D:\phpStudy\WWW\efan\Application\Runtime\Cache\Home\8cc16675c4c4cf00393fc15126d7c183.php 第 176 行.
NOTIC: [8] Undefined variable: Think D:\phpStudy\WWW\efan\Application\Runtime\Cache\Home\8cc16675c4c4cf00393fc15126d7c183.php 第 177 行.
NOTIC: [8] Undefined variable: Think D:\phpStudy\WWW\efan\Application\Runtime\Cache\Home\8cc16675c4c4cf00393fc15126d7c183.php 第 172 行.
NOTIC: [8] Undefined variable: Think D:\phpStudy\WWW\efan\Application\Runtime\Cache\Home\8cc16675c4c4cf00393fc15126d7c183.php 第 173 行.
NOTIC: [8] Undefined variable: Think D:\phpStudy\WWW\efan\Application\Runtime\Cache\Home\8cc16675c4c4cf00393fc15126d7c183.php 第 174 行.
NOTIC: [8] Undefined variable: Think D:\phpStudy\WWW\efan\Application\Runtime\Cache\Home\8cc16675c4c4cf00393fc15126d7c183.php 第 175 行.
NOTIC: [8] Undefined variable: Think D:\phpStudy\WWW\efan\Application\Runtime\Cache\Home\8cc16675c4c4cf00393fc15126d7c183.php 第 176 行.
NOTIC: [8] Undefined variable: Think D:\phpStudy\WWW\efan\Application\Runtime\Cache\Home\8cc16675c4c4cf00393fc15126d7c183.php 第 177 行.
NOTIC: [8] Undefined variable: Think D:\phpStudy\WWW\efan\Application\Runtime\Cache\Home\8cc16675c4c4cf00393fc15126d7c183.php 第 172 行.
NOTIC: [8] Undefined variable: Think D:\phpStudy\WWW\efan\Application\Runtime\Cache\Home\8cc16675c4c4cf00393fc15126d7c183.php 第 173 行.
NOTIC: [8] Undefined variable: Think D:\phpStudy\WWW\efan\Application\Runtime\Cache\Home\8cc16675c4c4cf00393fc15126d7c183.php 第 174 行.
NOTIC: [8] Undefined variable: Think D:\phpStudy\WWW\efan\Application\Runtime\Cache\Home\8cc16675c4c4cf00393fc15126d7c183.php 第 175 行.
NOTIC: [8] Undefined variable: Think D:\phpStudy\WWW\efan\Application\Runtime\Cache\Home\8cc16675c4c4cf00393fc15126d7c183.php 第 176 行.
NOTIC: [8] Undefined variable: Think D:\phpStudy\WWW\efan\Application\Runtime\Cache\Home\8cc16675c4c4cf00393fc15126d7c183.php 第 177 行.
NOTIC: [8] Undefined variable: Think D:\phpStudy\WWW\efan\Application\Runtime\Cache\Home\8cc16675c4c4cf00393fc15126d7c183.php 第 172 行.
NOTIC: [8] Undefined variable: Think D:\phpStudy\WWW\efan\Application\Runtime\Cache\Home\8cc16675c4c4cf00393fc15126d7c183.php 第 173 行.
NOTIC: [8] Undefined variable: Think D:\phpStudy\WWW\efan\Application\Runtime\Cache\Home\8cc16675c4c4cf00393fc15126d7c183.php 第 174 行.
NOTIC: [8] Undefined variable: Think D:\phpStudy\WWW\efan\Application\Runtime\Cache\Home\8cc16675c4c4cf00393fc15126d7c183.php 第 175 行.
NOTIC: [8] Undefined variable: Think D:\phpStudy\WWW\efan\Application\Runtime\Cache\Home\8cc16675c4c4cf00393fc15126d7c183.php 第 176 行.
NOTIC: [8] Undefined variable: Think D:\phpStudy\WWW\efan\Application\Runtime\Cache\Home\8cc16675c4c4cf00393fc15126d7c183.php 第 177 行.
NOTIC: [8] Undefined variable: Think D:\phpStudy\WWW\efan\Application\Runtime\Cache\Home\8cc16675c4c4cf00393fc15126d7c183.php 第 172 行.
NOTIC: [8] Undefined variable: Think D:\phpStudy\WWW\efan\Application\Runtime\Cache\Home\8cc16675c4c4cf00393fc15126d7c183.php 第 173 行.
NOTIC: [8] Undefined variable: Think D:\phpStudy\WWW\efan\Application\Runtime\Cache\Home\8cc16675c4c4cf00393fc15126d7c183.php 第 174 行.
NOTIC: [8] Undefined variable: Think D:\phpStudy\WWW\efan\Application\Runtime\Cache\Home\8cc16675c4c4cf00393fc15126d7c183.php 第 175 行.
NOTIC: [8] Undefined variable: Think D:\phpStudy\WWW\efan\Application\Runtime\Cache\Home\8cc16675c4c4cf00393fc15126d7c183.php 第 176 行.
NOTIC: [8] Undefined variable: Think D:\phpStudy\WWW\efan\Application\Runtime\Cache\Home\8cc16675c4c4cf00393fc15126d7c183.php 第 177 行.
NOTIC: [8] Undefined variable: Think D:\phpStudy\WWW\efan\Application\Runtime\Cache\Home\8cc16675c4c4cf00393fc15126d7c183.php 第 243 行.
NOTIC: [8] Undefined variable: Think D:\phpStudy\WWW\efan\Application\Runtime\Cache\Home\8cc16675c4c4cf00393fc15126d7c183.php 第 285 行.
NOTIC: [8] Undefined variable: Think D:\phpStudy\WWW\efan\Application\Runtime\Cache\Home\8cc16675c4c4cf00393fc15126d7c183.php 第 328 行.
INFO: Run Behavior\ParseTemplateBehavior [ RunTime:0.055109s ]
INFO: [ view_parse ] --END-- [ RunTime:0.055192s ]
INFO: [ view_filter ] --START--
INFO: Run Behavior\WriteHtmlCacheBehavior [ RunTime:0.000520s ]
INFO: [ view_filter ] --END-- [ RunTime:0.000563s ]
INFO: [ app_end ] --START--
INFO: Run Behavior\ShowPageTraceBehavior [ RunTime:0.001353s ]
INFO: [ app_end ] --END-- [ RunTime:0.001448s ]

[ 2017-07-12T15:52:14+08:00 ] ::1 /efan/
INFO: [ app_init ] --START--
INFO: Run Behavior\BuildLiteBehavior [ RunTime:0.000015s ]
INFO: [ app_init ] --END-- [ RunTime:0.001106s ]
INFO: [ app_begin ] --START--
INFO: Run Behavior\ReadHtmlCacheBehavior [ RunTime:0.007855s ]
INFO: [ app_begin ] --END-- [ RunTime:0.007943s ]

[ 2017-07-12T15:52:16+08:00 ] ::1 /efan/index.php/Home/Main/Index/index/key/WELCOMEINDEX.efan
INFO: [ app_init ] --START--
INFO: Run Behavior\BuildLiteBehavior [ RunTime:0.000022s ]
INFO: [ app_init ] --END-- [ RunTime:0.000608s ]
INFO: [ app_begin ] --START--
INFO: Run Behavior\ReadHtmlCacheBehavior [ RunTime:0.000598s ]
INFO: [ app_begin ] --END-- [ RunTime:0.000672s ]
NOTIC: [8] Use of undefined constant URL_HTML_SUFFIX - assumed 'URL_HTML_SUFFIX' D:\phpStudy\WWW\efan\Application\Home\Controller\HomeController.class.php 第 211 行.
SQL: SHOW COLUMNS FROM `efan_module` [ RunTime:0.0345s ]
SQL: SELECT COUNT(*) AS tp_count FROM `efan_module` WHERE `url` = 'Main/Index/index' AND `key` = 'WELCOMEINDEX' AND `hide` = 0 LIMIT 1   [ RunTime:0.0011s ]
SQL: SHOW COLUMNS FROM `efan_auth_group_module` [ RunTime:0.0159s ]
SQL: SELECT * FROM `efan_auth_group_module` WHERE `module_key` = 'WELCOMEINDEX'  [ RunTime:0.0007s ]
NOTIC: [8] Undefined index: group_id D:\phpStudy\WWW\efan\Application\Home\Controller\HomeController.class.php 第 173 行.
SQL: SELECT DISTINCT  `permision` FROM `efan_auth_group_module` WHERE `module_key` = 'WELCOMEINDEX'  [ RunTime:0.0005s ]
SQL: SHOW COLUMNS FROM `efan_interim_permision` [ RunTime:0.0056s ]
SQL: SELECT `interimpermision` FROM `efan_interim_permision` WHERE `uid` = 18 AND `time` > 1499845935  [ RunTime:0.0004s ]
NOTIC: [8] Undefined variable: authGroupAccess D:\phpStudy\WWW\efan\Application\Home\Controller\HomeController.class.php 第 109 行.
NOTIC: [2] Invalid argument supplied for foreach() D:\phpStudy\WWW\efan\Application\Home\Controller\HomeController.class.php 第 109 行.
SQL: SHOW COLUMNS FROM `efan_auth_group_module` [ RunTime:0.0044s ]
SQL: SELECT DISTINCT  `module_key` FROM `efan_auth_group_module` WHERE `permision` <= 10  [ RunTime:0.0014s ]
SQL: SHOW COLUMNS FROM `efan_interim_permision` [ RunTime:0.0052s ]
SQL: SELECT `interimpermision` FROM `efan_interim_permision` WHERE `uid` = 18 AND `time` > 1499845936  [ RunTime:0.0002s ]
SQL: SHOW COLUMNS FROM `efan_module` [ RunTime:0.0046s ]
SQL: SELECT `title`,`url`,`key`,`pid`,`pic` FROM `efan_module` WHERE `key` IN ('CREATIVECLUB','CREATIVECLUBLIST','CREATIVECLUBLISTREPLY','CREATIVECLUBLISTREPLYDELETE','CREATIVECLUBLISTREPLYDISCUSS','CREATIVECLUBLISTREPLYREPLY','CREATIVECLUBLISTREPLYRETURN','INFORMATION','INFORMATIONBUG','INFORMATIONBUGSUBMIT','INFORMATIONCHANGEPASSWORD','INFORMATIONCHANGEPASSWORDSUBMIT','INFORMATIONLOGINOUT','INFORMATIONUSER','INFORMATIONUSERSUBMIT','MOBILE','MOBILECREATIVE','MOBILECREATIVESUBMIT','MOBILELIST','MOBILELISTDELETE','MOBILELISTEDIT','MOBILELISTEDITSUBMIT','MOBILELISTLOOK','TEAMDAILY','TEAMDAILYLIST','TEAMDAILYLISTLOOK','TEAMDAILYLISTUPLOAD','TEAMDAILYNEW','TEAMDAILYOTHER','TEAMDAILYOTHERSUBMIT','TEAMDAILYSUBMIT','WELCOMEINDEX','WELCOMEINDEXNOTICE','MOBILESCORE','MOBILESCORESCORE','MOBILESCORESCORESUBMIT','CREATIVECLUBADMIN','CREATIVECLUBADMINCLOSE','CREATIVECLUBADMINCOUNTNO','CREATIVECLUBADMINDELETE','CREATIVECLUBADMINDOWNLOAD','CREATIVECLUBADMINEDIT','CREATIVECLUBADMINEDITEDIT','CREATIVECLUBADMINGROUP','CREATIVECLUBADMINGROUPSUBMIT','CREATIVECLUBADMINLEADINGIN','CREATIVECLUBADMINOPEN','CREATIVECLUBADMINPDF','CREATIVECLUBLISTEDIT','CREATIVECLUBLISTEDITSUBMIT','CREATIVECLUBLISTREPLYEDIT','CREATIVECLUBLISTREPLYEDITSUBMIT','CREATIVECLUBNEW','CREATIVECLUBNEWSUBMIT','MOBIELADMINSUBMITTIMENEWSUBMIT','MOBILEADMIN','MOBILEADMINDELETE','MOBILEADMINEDIT','MOBILEADMINEDITSUBMIT','MOBILEADMINGROUPLIST','MOBILEADMINGROUPLISTDELETE','MOBILEADMINGROUPLISTEDIT','MOBILEADMINGROUPLISTEDITSUBMIT','MOBILEADMINGROUPLISTLOCK','MOBILEADMINGROUPLISTNEW','MOBILEADMINGROUPLISTNEWSUBMIT','MOBILEADMINGROUPLISTUNLOCK','MOBILEADMINSUBMITTIME','MOBILEADMINSUBMITTIMEDELETE','MOBILEADMINSUBMITTIMEEDIT','MOBILEADMINSUBMITTIMEEDITSUBMIT','MOBILEADMINSUBMITTIMENEW','MOBILEADMINUPLOADLEADER','RECRUIT','RECRUITCHANGE','RECRUITINDEX','RECRUITVIEW','AUDITION','AUDITIONADD','AUDITIONEDIT','AUDITIONEDITSUBMIT','AUDITIONIN','AUDITIONINTERIM','AUDITIONLAST','AUDITIONNEXT','AUDITIONOUT','AUDITIONROTATION','AUDITIONSENDMESSAGE','AUDITIONTIME','AUDITIONTIMESUBMIT','RECRUITADMIN','RECRUITADMINNEW','RECRUITADMINNEWSUBMIT','SYSTEM','SYSTEMMAJOREDIT','SYSTEMMAJORINDEX','SYSTEMMAJORNEW','SYSTEMMAJORNEWSUBMIT','USERCHANGEPERMISION','USERDELETE','USERDISLIMITLOGIN','USEREDIT','USEREDITSUBMIT','USERINFORMATION','USERINTERIMPERMISION','USERINTERIMPERMISIONDELETE','USERINTERIMPERMISIONEDIT','USERINTERIMPERMISIONEDITSUBMIT','USERINTERIMPERMISIONNEW','USERINTERIMPERMISIONNEWSUBMIT','USERLEADINGIN','USERLEADINGINSUBMIT','USERLIMITLOGIN','USERLIST','USERMESSAGE','USERMESSAGESEND','USERNEW','USERNEWSUBMIT','USERRESETPASSWORLD','USERTEMPLEDOWNLOAD','WELCOMEINDEXNOTICEDELETE','WELCOMEINDEXNOTICEDISIMPORTANT','WELCOMEINDEXNOTICEEDIT','WELCOMEINDEXNOTICEEDITSUBMIT','WELCOMEINDEXNOTICEIMPORTANT','WELCOMEINDEXNOTICENEW','WELCOMEINDEXNOTICENEWSUBMIT','MOBILELEADER','MOBILELEADERCHANGE','MOBILELEADERCHANGESUBMIT','TEAMDAILYADMIN','TEAMDAILYADMINLOOK','TEAMDAILYADMINMAKE') AND `hide` = 0 AND `type` = 1 ORDER BY sort asc  [ RunTime:0.0016s ]
SQL: SHOW COLUMNS FROM `efan_module` [ RunTime:0.0041s ]
SQL: SELECT `url`,`key` FROM `efan_module` WHERE `hide` = 0 AND `pid` = 'WELCOMEINDEX' AND `type` = 2 ORDER BY sort asc  [ RunTime:0.0004s ]
SQL: SHOW COLUMNS FROM `efan_auth_group_module` [ RunTime:0.0041s ]
SQL: SELECT DISTINCT  `module_key` FROM `efan_auth_group_module` WHERE `permision` <= 10  [ RunTime:0.0010s ]
SQL: SHOW COLUMNS FROM `efan_interim_permision` [ RunTime:0.0058s ]
SQL: SELECT `interimpermision` FROM `efan_interim_permision` WHERE `uid` = 18 AND `time` > 1499845936  [ RunTime:0.0003s ]
SQL: SHOW COLUMNS FROM `efan_user` [ RunTime:0.0072s ]
SQL: SELECT `id`,`name`,`uid`,`url` FROM `efan_user` WHERE `uid` = 18  [ RunTime:0.0010s ]
SQL: SHOW COLUMNS FROM `efan_notice` [ RunTime:0.0057s ]
SQL: SELECT COUNT(*) AS tp_count FROM `efan_notice` LIMIT 1   [ RunTime:0.0005s ]
SQL: SELECT * FROM `efan_notice` ORDER BY `id` desc LIMIT 0,10   [ RunTime:0.0005s ]
INFO: [ view_parse ] --START--
INFO: [ template_filter ] --START--
INFO: Run Behavior\ContentReplaceBehavior [ RunTime:0.000187s ]
INFO: [ template_filter ] --END-- [ RunTime:0.000261s ]
NOTIC: [8] Undefined variable: Think D:\phpStudy\WWW\efan\Application\Runtime\Cache\Home\a13dae09a421c6f3da00619f94a7ad1a.php 第 116 行.
INFO: Run Behavior\ParseTemplateBehavior [ RunTime:0.040623s ]
INFO: [ view_parse ] --END-- [ RunTime:0.040720s ]
INFO: [ view_filter ] --START--
INFO: Run Behavior\WriteHtmlCacheBehavior [ RunTime:0.019034s ]
INFO: [ view_filter ] --END-- [ RunTime:0.019092s ]
INFO: [ app_end ] --START--
INFO: Run Behavior\ShowPageTraceBehavior [ RunTime:0.016167s ]
INFO: [ app_end ] --END-- [ RunTime:0.016248s ]

[ 2017-07-12T17:19:15+08:00 ] ::1 /efan/
INFO: [ app_init ] --START--
INFO: Run Behavior\BuildLiteBehavior [ RunTime:0.000017s ]
INFO: [ app_init ] --END-- [ RunTime:0.001212s ]
INFO: [ app_begin ] --START--
INFO: Run Behavior\ReadHtmlCacheBehavior [ RunTime:0.009674s ]
INFO: [ app_begin ] --END-- [ RunTime:0.009752s ]

[ 2017-07-12T17:19:16+08:00 ] ::1 /efan/index.php/Home/Main/Index/index/key/WELCOMEINDEX.efan
INFO: [ app_init ] --START--
INFO: Run Behavior\BuildLiteBehavior [ RunTime:0.000022s ]
INFO: [ app_init ] --END-- [ RunTime:0.000573s ]
INFO: [ app_begin ] --START--
INFO: Run Behavior\ReadHtmlCacheBehavior [ RunTime:0.000566s ]
INFO: [ app_begin ] --END-- [ RunTime:0.000657s ]
NOTIC: [8] Use of undefined constant URL_HTML_SUFFIX - assumed 'URL_HTML_SUFFIX' D:\phpStudy\WWW\efan\Application\Home\Controller\HomeController.class.php 第 211 行.
SQL: SHOW COLUMNS FROM `efan_module` [ RunTime:0.0451s ]
SQL: SELECT COUNT(*) AS tp_count FROM `efan_module` WHERE `url` = 'Main/Index/index' AND `key` = 'WELCOMEINDEX' AND `hide` = 0 LIMIT 1   [ RunTime:0.0011s ]
SQL: SHOW COLUMNS FROM `efan_auth_group_module` [ RunTime:0.0265s ]
SQL: SELECT * FROM `efan_auth_group_module` WHERE `module_key` = 'WELCOMEINDEX'  [ RunTime:0.0004s ]
NOTIC: [8] Undefined index: group_id D:\phpStudy\WWW\efan\Application\Home\Controller\HomeController.class.php 第 173 行.
SQL: SELECT DISTINCT  `permision` FROM `efan_auth_group_module` WHERE `module_key` = 'WELCOMEINDEX'  [ RunTime:0.0003s ]
SQL: SHOW COLUMNS FROM `efan_interim_permision` [ RunTime:0.0072s ]
SQL: SELECT `interimpermision` FROM `efan_interim_permision` WHERE `uid` = 18 AND `time` > 1499851156  [ RunTime:0.0003s ]
NOTIC: [8] Undefined variable: authGroupAccess D:\phpStudy\WWW\efan\Application\Home\Controller\HomeController.class.php 第 109 行.
NOTIC: [2] Invalid argument supplied for foreach() D:\phpStudy\WWW\efan\Application\Home\Controller\HomeController.class.php 第 109 行.
SQL: SHOW COLUMNS FROM `efan_auth_group_module` [ RunTime:0.0040s ]
SQL: SELECT DISTINCT  `module_key` FROM `efan_auth_group_module` WHERE `permision` <= 10  [ RunTime:0.0013s ]
SQL: SHOW COLUMNS FROM `efan_interim_permision` [ RunTime:0.0047s ]
SQL: SELECT `interimpermision` FROM `efan_interim_permision` WHERE `uid` = 18 AND `time` > 1499851156  [ RunTime:0.0004s ]
SQL: SHOW COLUMNS FROM `efan_module` [ RunTime:0.0056s ]
SQL: SELECT `title`,`url`,`key`,`pid`,`pic` FROM `efan_module` WHERE `key` IN ('CREATIVECLUB','CREATIVECLUBLIST','CREATIVECLUBLISTREPLY','CREATIVECLUBLISTREPLYDELETE','CREATIVECLUBLISTREPLYDISCUSS','CREATIVECLUBLISTREPLYREPLY','CREATIVECLUBLISTREPLYRETURN','INFORMATION','INFORMATIONBUG','INFORMATIONBUGSUBMIT','INFORMATIONCHANGEPASSWORD','INFORMATIONCHANGEPASSWORDSUBMIT','INFORMATIONLOGINOUT','INFORMATIONUSER','INFORMATIONUSERSUBMIT','MOBILE','MOBILECREATIVE','MOBILECREATIVESUBMIT','MOBILELIST','MOBILELISTDELETE','MOBILELISTEDIT','MOBILELISTEDITSUBMIT','MOBILELISTLOOK','TEAMDAILY','TEAMDAILYLIST','TEAMDAILYLISTLOOK','TEAMDAILYLISTUPLOAD','TEAMDAILYNEW','TEAMDAILYOTHER','TEAMDAILYOTHERSUBMIT','TEAMDAILYSUBMIT','WELCOMEINDEX','WELCOMEINDEXNOTICE','MOBILESCORE','MOBILESCORESCORE','MOBILESCORESCORESUBMIT','CREATIVECLUBADMIN','CREATIVECLUBADMINCLOSE','CREATIVECLUBADMINCOUNTNO','CREATIVECLUBADMINDELETE','CREATIVECLUBADMINDOWNLOAD','CREATIVECLUBADMINEDIT','CREATIVECLUBADMINEDITEDIT','CREATIVECLUBADMINGROUP','CREATIVECLUBADMINGROUPSUBMIT','CREATIVECLUBADMINLEADINGIN','CREATIVECLUBADMINOPEN','CREATIVECLUBADMINPDF','CREATIVECLUBLISTEDIT','CREATIVECLUBLISTEDITSUBMIT','CREATIVECLUBLISTREPLYEDIT','CREATIVECLUBLISTREPLYEDITSUBMIT','CREATIVECLUBNEW','CREATIVECLUBNEWSUBMIT','MOBIELADMINSUBMITTIMENEWSUBMIT','MOBILEADMIN','MOBILEADMINDELETE','MOBILEADMINEDIT','MOBILEADMINEDITSUBMIT','MOBILEADMINGROUPLIST','MOBILEADMINGROUPLISTDELETE','MOBILEADMINGROUPLISTEDIT','MOBILEADMINGROUPLISTEDITSUBMIT','MOBILEADMINGROUPLISTLOCK','MOBILEADMINGROUPLISTNEW','MOBILEADMINGROUPLISTNEWSUBMIT','MOBILEADMINGROUPLISTUNLOCK','MOBILEADMINSUBMITTIME','MOBILEADMINSUBMITTIMEDELETE','MOBILEADMINSUBMITTIMEEDIT','MOBILEADMINSUBMITTIMEEDITSUBMIT','MOBILEADMINSUBMITTIMENEW','MOBILEADMINUPLOADLEADER','RECRUIT','RECRUITCHANGE','RECRUITINDEX','RECRUITVIEW','AUDITION','AUDITIONADD','AUDITIONEDIT','AUDITIONEDITSUBMIT','AUDITIONIN','AUDITIONINTERIM','AUDITIONLAST','AUDITIONNEXT','AUDITIONOUT','AUDITIONROTATION','AUDITIONSENDMESSAGE','AUDITIONTIME','AUDITIONTIMESUBMIT','RECRUITADMIN','RECRUITADMINNEW','RECRUITADMINNEWSUBMIT','SYSTEM','SYSTEMMAJOREDIT','SYSTEMMAJORINDEX','SYSTEMMAJORNEW','SYSTEMMAJORNEWSUBMIT','USERCHANGEPERMISION','USERDELETE','USERDISLIMITLOGIN','USEREDIT','USEREDITSUBMIT','USERINFORMATION','USERINTERIMPERMISION','USERINTERIMPERMISIONDELETE','USERINTERIMPERMISIONEDIT','USERINTERIMPERMISIONEDITSUBMIT','USERINTERIMPERMISIONNEW','USERINTERIMPERMISIONNEWSUBMIT','USERLEADINGIN','USERLEADINGINSUBMIT','USERLIMITLOGIN','USERLIST','USERMESSAGE','USERMESSAGESEND','USERNEW','USERNEWSUBMIT','USERRESETPASSWORLD','USERTEMPLEDOWNLOAD','WELCOMEINDEXNOTICEDELETE','WELCOMEINDEXNOTICEDISIMPORTANT','WELCOMEINDEXNOTICEEDIT','WELCOMEINDEXNOTICEEDITSUBMIT','WELCOMEINDEXNOTICEIMPORTANT','WELCOMEINDEXNOTICENEW','WELCOMEINDEXNOTICENEWSUBMIT','MOBILELEADER','MOBILELEADERCHANGE','MOBILELEADERCHANGESUBMIT','TEAMDAILYADMIN','TEAMDAILYADMINLOOK','TEAMDAILYADMINMAKE') AND `hide` = 0 AND `type` = 1 ORDER BY sort asc  [ RunTime:0.0016s ]
SQL: SHOW COLUMNS FROM `efan_module` [ RunTime:0.0049s ]
SQL: SELECT `url`,`key` FROM `efan_module` WHERE `hide` = 0 AND `pid` = 'WELCOMEINDEX' AND `type` = 2 ORDER BY sort asc  [ RunTime:0.0004s ]
SQL: SHOW COLUMNS FROM `efan_auth_group_module` [ RunTime:0.0049s ]
SQL: SELECT DISTINCT  `module_key` FROM `efan_auth_group_module` WHERE `permision` <= 10  [ RunTime:0.0012s ]
SQL: SHOW COLUMNS FROM `efan_interim_permision` [ RunTime:0.0051s ]
SQL: SELECT `interimpermision` FROM `efan_interim_permision` WHERE `uid` = 18 AND `time` > 1499851156  [ RunTime:0.0004s ]
SQL: SHOW COLUMNS FROM `efan_user` [ RunTime:0.0087s ]
SQL: SELECT `id`,`name`,`uid`,`url` FROM `efan_user` WHERE `uid` = 18  [ RunTime:0.0007s ]
SQL: SHOW COLUMNS FROM `efan_notice` [ RunTime:0.0057s ]
SQL: SELECT COUNT(*) AS tp_count FROM `efan_notice` LIMIT 1   [ RunTime:0.0005s ]
SQL: SELECT * FROM `efan_notice` ORDER BY `id` desc LIMIT 0,10   [ RunTime:0.0004s ]
INFO: [ view_parse ] --START--
INFO: [ template_filter ] --START--
INFO: Run Behavior\ContentReplaceBehavior [ RunTime:0.000232s ]
INFO: [ template_filter ] --END-- [ RunTime:0.000327s ]
NOTIC: [8] Undefined variable: Think D:\phpStudy\WWW\efan\Application\Runtime\Cache\Home\a13dae09a421c6f3da00619f94a7ad1a.php 第 116 行.
INFO: Run Behavior\ParseTemplateBehavior [ RunTime:0.069991s ]
INFO: [ view_parse ] --END-- [ RunTime:0.070091s ]
INFO: [ view_filter ] --START--
INFO: Run Behavior\WriteHtmlCacheBehavior [ RunTime:0.013597s ]
INFO: [ view_filter ] --END-- [ RunTime:0.013662s ]
INFO: [ app_end ] --START--
INFO: Run Behavior\ShowPageTraceBehavior [ RunTime:0.001690s ]
INFO: [ app_end ] --END-- [ RunTime:0.001772s ]

