[ 2017-07-04T23:27:33+08:00 ] ::1 /efan/
INFO: [ app_init ] --START--
INFO: Run Behavior\BuildLiteBehavior [ RunTime:0.000026s ]
INFO: [ app_init ] --END-- [ RunTime:0.002179s ]
INFO: [ app_begin ] --START--
INFO: Run Behavior\ReadHtmlCacheBehavior [ RunTime:0.000668s ]
INFO: [ app_begin ] --END-- [ RunTime:0.000816s ]

[ 2017-07-04T23:27:33+08:00 ] ::1 /efan/index.php/Home/Main/Index/index/key/WELCOMEINDEX.efan
INFO: [ app_init ] --START--
INFO: Run Behavior\BuildLiteBehavior [ RunTime:0.000008s ]
INFO: [ app_init ] --END-- [ RunTime:0.000178s ]
INFO: [ app_begin ] --START--
INFO: Run Behavior\ReadHtmlCacheBehavior [ RunTime:0.000227s ]
INFO: [ app_begin ] --END-- [ RunTime:0.000266s ]
NOTIC: [8] Use of undefined constant URL_HTML_SUFFIX - assumed 'URL_HTML_SUFFIX' /Applications/XAMPP/xamppfiles/htdocs/efan/Application/Home/Controller/HomeController.class.php 第 211 行.
SQL: SHOW COLUMNS FROM `efan_module` [ RunTime:0.0033s ]
SQL: SELECT COUNT(*) AS tp_count FROM `efan_module` WHERE `url` = 'Main/Index/index' AND `key` = 'WELCOMEINDEX' AND `hide` = 0 LIMIT 1   [ RunTime:0.0040s ]
SQL: SHOW COLUMNS FROM `efan_auth_group_module` [ RunTime:0.0011s ]
SQL: SELECT * FROM `efan_auth_group_module` WHERE `module_key` = 'WELCOMEINDEX'  [ RunTime:0.0002s ]
NOTIC: [8] Undefined index: group_id /Applications/XAMPP/xamppfiles/htdocs/efan/Application/Home/Controller/HomeController.class.php 第 173 行.
SQL: SELECT DISTINCT  `permision` FROM `efan_auth_group_module` WHERE `module_key` = 'WELCOMEINDEX'  [ RunTime:0.0009s ]
SQL: SHOW COLUMNS FROM `efan_interim_permision` [ RunTime:0.0011s ]
SQL: SELECT `interimpermision` FROM `efan_interim_permision` WHERE `uid` = 18 AND `time` > 1499182053  [ RunTime:0.0005s ]
NOTIC: [8] Undefined variable: authGroupAccess /Applications/XAMPP/xamppfiles/htdocs/efan/Application/Home/Controller/HomeController.class.php 第 109 行.
NOTIC: [2] Invalid argument supplied for foreach() /Applications/XAMPP/xamppfiles/htdocs/efan/Application/Home/Controller/HomeController.class.php 第 109 行.
SQL: SHOW COLUMNS FROM `efan_auth_group_module` [ RunTime:0.0009s ]
SQL: SELECT DISTINCT  `module_key` FROM `efan_auth_group_module` WHERE `permision` <= 10  [ RunTime:0.0009s ]
SQL: SHOW COLUMNS FROM `efan_interim_permision` [ RunTime:0.0010s ]
SQL: SELECT `interimpermision` FROM `efan_interim_permision` WHERE `uid` = 18 AND `time` > 1499182053  [ RunTime:0.0002s ]
SQL: SHOW COLUMNS FROM `efan_module` [ RunTime:0.0010s ]
SQL: SELECT `title`,`url`,`key`,`pid`,`pic` FROM `efan_module` WHERE `key` IN ('CREATIVECLUB','CREATIVECLUBLIST','CREATIVECLUBLISTREPLY','CREATIVECLUBLISTREPLYDELETE','CREATIVECLUBLISTREPLYDISCUSS','CREATIVECLUBLISTREPLYEDIT','CREATIVECLUBLISTREPLYEDITSUBMIT','CREATIVECLUBLISTREPLYREPLY','CREATIVECLUBLISTREPLYRETURN','INFORMATION','INFORMATIONBUG','INFORMATIONBUGSYBMIT','INFORMATIONCHANGEPASSWORD','INFORMATIONCHANGEPASSWORDSUBMIT','INFORMATIONLOGINOUT','INFORMATIONUSER','INFORMATIONUSERSUBMIT','MOBILE','MOBILECREATIVE','MOBILECREATIVESUBMIT','TEAMDAILY','TEAMDAILYLIST','TEAMDAILYLISTLOOK','TEAMDAILYLISTUPLOAD','TEAMDAILYNEW','TEAMDAILYOTHER','TEAMDAILYOTHERSUBMIT','TEAMDAILYSUBMIT','WELCOMEINDEX','CREATIVECLUBADMIN','CREATIVECLUBADMINCLOSE','CREATIVECLUBADMINCOUNTNO','CREATIVECLUBADMINDELETE','CREATIVECLUBADMINDOWNLOAD','CREATIVECLUBADMINEDIT','CREATIVECLUBADMINEDITEDIT','CREATIVECLUBADMINGROUP','CREATIVECLUBADMINGROUPSUBMIT','CREATIVECLUBADMINLEADINGIN','CREATIVECLUBADMINOPEN','CREATIVECLUBADMINPDF','CREATIVECLUBLISTEDIT','CREATIVECLUBLISTEDITSUBMIT','CREATIVECLUBNEW','CREATIVECLUBNEWSUBMIT','RECRUIT','RECRUITCHANGE','RECRUITINDEX','RECRUITVIEW','AUDITION','AUDITIONADD','AUDITIONEDIT','AUDITIONEDITSUBMIT','AUDITIONIN','AUDITIONINTERIM','AUDITIONLAST','AUDITIONNEXT','AUDITIONOUT','AUDITIONROTATION','AUDITIONSENDMESSAGE','AUDITIONTIME','AUDITIONTIMESUBMIT','RECRUITADMIN','RECRUITADMINNEW','RECRUITADMINNEWSUBMIT','SYSTEM','SYSTEMMAJORINDEX','SYSTEMMAJORNEW','USERCHANGEPERMISION','USERDELETE','USERDISLIMITLOGIN','USEREDIT','USEREDITSUBMIT','USERINFORMATION','USERINTERIMPERMISION','USERINTERIMPERMISIONDELETE','USERINTERIMPERMISIONEDIT','USERINTERIMPERMISIONEDITSUBMIT','USERINTERIMPERMISIONNEW','USERINTERIMPERMISIONNEWSUBMIT','USERLEADINGIN','USERLEADINGINSUBMIT','USERLIMITLOGIN','USERLIST','USERMESSAGE','USERMESSAGESEND','USERNEW','USERNEWSUBMIT','USERRESETPASSWORLD','USERTEMPLEDOWNLOAD','WELCOMEINDEXNOTICE','WELCOMEINDEXNOTICEDELETE','WELCOMEINDEXNOTICEDISIMPORTANT','WELCOMEINDEXNOTICEEDIT','WELCOMEINDEXNOTICEEDITSUBMIT','WELCOMEINDEXNOTICEIMPORTANT','WELCOMEINDEXNOTICENEW','WELCOMEINDEXNOTICENEWSUBMIT','TEAMDAILYADMIN','TEAMDAILYADMINLOOK','TEAMDAILYADMINMAKE') AND `hide` = 0 AND `type` = 1 ORDER BY sort asc  [ RunTime:0.0008s ]
SQL: SHOW COLUMNS FROM `efan_module` [ RunTime:0.0010s ]
SQL: SELECT `url`,`key` FROM `efan_module` WHERE `hide` = 0 AND `pid` = 'WELCOMEINDEX' AND `type` = 2 ORDER BY sort asc  [ RunTime:0.0002s ]
SQL: SHOW COLUMNS FROM `efan_auth_group_module` [ RunTime:0.0020s ]
SQL: SELECT DISTINCT  `module_key` FROM `efan_auth_group_module` WHERE `permision` <= 10  [ RunTime:0.0004s ]
SQL: SHOW COLUMNS FROM `efan_interim_permision` [ RunTime:0.0011s ]
SQL: SELECT `interimpermision` FROM `efan_interim_permision` WHERE `uid` = 18 AND `time` > 1499182053  [ RunTime:0.0001s ]
SQL: SHOW COLUMNS FROM `efan_user` [ RunTime:0.0011s ]
SQL: SELECT `id`,`name`,`uid`,`url` FROM `efan_user` WHERE `uid` = 18  [ RunTime:0.0004s ]
SQL: SHOW COLUMNS FROM `efan_notice` [ RunTime:0.0017s ]
SQL: SELECT COUNT(*) AS tp_count FROM `efan_notice` LIMIT 1   [ RunTime:0.0007s ]
SQL: SELECT * FROM `efan_notice` ORDER BY `id` desc LIMIT 0,10   [ RunTime:0.0003s ]
INFO: [ view_parse ] --START--
INFO: [ template_filter ] --START--
INFO: Run Behavior\ContentReplaceBehavior [ RunTime:0.000076s ]
INFO: [ template_filter ] --END-- [ RunTime:0.000109s ]
NOTIC: [8] Undefined variable: Think /Applications/XAMPP/xamppfiles/htdocs/efan/Application/Runtime/Cache/Home/a13dae09a421c6f3da00619f94a7ad1a.php 第 116 行.
INFO: Run Behavior\ParseTemplateBehavior [ RunTime:0.016243s ]
INFO: [ view_parse ] --END-- [ RunTime:0.016287s ]
INFO: [ view_filter ] --START--
INFO: Run Behavior\WriteHtmlCacheBehavior [ RunTime:0.000336s ]
INFO: [ view_filter ] --END-- [ RunTime:0.000364s ]
INFO: [ app_end ] --START--
INFO: Run Behavior\ShowPageTraceBehavior [ RunTime:0.000814s ]
INFO: [ app_end ] --END-- [ RunTime:0.000860s ]

[ 2017-07-04T23:27:39+08:00 ] ::1 /efan/index.php/Home/Mobile/Creative/index/key/MOBILECREATIVE.efan
INFO: [ app_init ] --START--
INFO: Run Behavior\BuildLiteBehavior [ RunTime:0.000025s ]
INFO: [ app_init ] --END-- [ RunTime:0.000389s ]
INFO: [ app_begin ] --START--
INFO: Run Behavior\ReadHtmlCacheBehavior [ RunTime:0.000409s ]
INFO: [ app_begin ] --END-- [ RunTime:0.000480s ]
NOTIC: [8] Use of undefined constant URL_HTML_SUFFIX - assumed 'URL_HTML_SUFFIX' /Applications/XAMPP/xamppfiles/htdocs/efan/Application/Home/Controller/HomeController.class.php 第 211 行.
SQL: SHOW COLUMNS FROM `efan_module` [ RunTime:0.0023s ]
SQL: SELECT COUNT(*) AS tp_count FROM `efan_module` WHERE `url` = 'Mobile/Creative/index' AND `key` = 'MOBILECREATIVE' AND `hide` = 0 LIMIT 1   [ RunTime:0.0010s ]
SQL: SHOW COLUMNS FROM `efan_auth_group_module` [ RunTime:0.0011s ]
SQL: SELECT * FROM `efan_auth_group_module` WHERE `module_key` = 'MOBILECREATIVE'  [ RunTime:0.0002s ]
NOTIC: [8] Undefined index: group_id /Applications/XAMPP/xamppfiles/htdocs/efan/Application/Home/Controller/HomeController.class.php 第 173 行.
SQL: SELECT DISTINCT  `permision` FROM `efan_auth_group_module` WHERE `module_key` = 'MOBILECREATIVE'  [ RunTime:0.0001s ]
SQL: SHOW COLUMNS FROM `efan_interim_permision` [ RunTime:0.0017s ]
SQL: SELECT `interimpermision` FROM `efan_interim_permision` WHERE `uid` = 18 AND `time` > 1499182059  [ RunTime:0.0002s ]
NOTIC: [8] Undefined variable: authGroupAccess /Applications/XAMPP/xamppfiles/htdocs/efan/Application/Home/Controller/HomeController.class.php 第 109 行.
NOTIC: [2] Invalid argument supplied for foreach() /Applications/XAMPP/xamppfiles/htdocs/efan/Application/Home/Controller/HomeController.class.php 第 109 行.
SQL: SHOW COLUMNS FROM `efan_auth_group_module` [ RunTime:0.0010s ]
SQL: SELECT DISTINCT  `module_key` FROM `efan_auth_group_module` WHERE `permision` <= 10  [ RunTime:0.0003s ]
SQL: SHOW COLUMNS FROM `efan_interim_permision` [ RunTime:0.0010s ]
SQL: SELECT `interimpermision` FROM `efan_interim_permision` WHERE `uid` = 18 AND `time` > 1499182059  [ RunTime:0.0001s ]
SQL: SHOW COLUMNS FROM `efan_module` [ RunTime:0.0010s ]
SQL: SELECT `title`,`url`,`key`,`pid`,`pic` FROM `efan_module` WHERE `key` IN ('CREATIVECLUB','CREATIVECLUBLIST','CREATIVECLUBLISTREPLY','CREATIVECLUBLISTREPLYDELETE','CREATIVECLUBLISTREPLYDISCUSS','CREATIVECLUBLISTREPLYEDIT','CREATIVECLUBLISTREPLYEDITSUBMIT','CREATIVECLUBLISTREPLYREPLY','CREATIVECLUBLISTREPLYRETURN','INFORMATION','INFORMATIONBUG','INFORMATIONBUGSYBMIT','INFORMATIONCHANGEPASSWORD','INFORMATIONCHANGEPASSWORDSUBMIT','INFORMATIONLOGINOUT','INFORMATIONUSER','INFORMATIONUSERSUBMIT','MOBILE','MOBILECREATIVE','MOBILECREATIVESUBMIT','TEAMDAILY','TEAMDAILYLIST','TEAMDAILYLISTLOOK','TEAMDAILYLISTUPLOAD','TEAMDAILYNEW','TEAMDAILYOTHER','TEAMDAILYOTHERSUBMIT','TEAMDAILYSUBMIT','WELCOMEINDEX','CREATIVECLUBADMIN','CREATIVECLUBADMINCLOSE','CREATIVECLUBADMINCOUNTNO','CREATIVECLUBADMINDELETE','CREATIVECLUBADMINDOWNLOAD','CREATIVECLUBADMINEDIT','CREATIVECLUBADMINEDITEDIT','CREATIVECLUBADMINGROUP','CREATIVECLUBADMINGROUPSUBMIT','CREATIVECLUBADMINLEADINGIN','CREATIVECLUBADMINOPEN','CREATIVECLUBADMINPDF','CREATIVECLUBLISTEDIT','CREATIVECLUBLISTEDITSUBMIT','CREATIVECLUBNEW','CREATIVECLUBNEWSUBMIT','RECRUIT','RECRUITCHANGE','RECRUITINDEX','RECRUITVIEW','AUDITION','AUDITIONADD','AUDITIONEDIT','AUDITIONEDITSUBMIT','AUDITIONIN','AUDITIONINTERIM','AUDITIONLAST','AUDITIONNEXT','AUDITIONOUT','AUDITIONROTATION','AUDITIONSENDMESSAGE','AUDITIONTIME','AUDITIONTIMESUBMIT','RECRUITADMIN','RECRUITADMINNEW','RECRUITADMINNEWSUBMIT','SYSTEM','SYSTEMMAJORINDEX','SYSTEMMAJORNEW','USERCHANGEPERMISION','USERDELETE','USERDISLIMITLOGIN','USEREDIT','USEREDITSUBMIT','USERINFORMATION','USERINTERIMPERMISION','USERINTERIMPERMISIONDELETE','USERINTERIMPERMISIONEDIT','USERINTERIMPERMISIONEDITSUBMIT','USERINTERIMPERMISIONNEW','USERINTERIMPERMISIONNEWSUBMIT','USERLEADINGIN','USERLEADINGINSUBMIT','USERLIMITLOGIN','USERLIST','USERMESSAGE','USERMESSAGESEND','USERNEW','USERNEWSUBMIT','USERRESETPASSWORLD','USERTEMPLEDOWNLOAD','WELCOMEINDEXNOTICE','WELCOMEINDEXNOTICEDELETE','WELCOMEINDEXNOTICEDISIMPORTANT','WELCOMEINDEXNOTICEEDIT','WELCOMEINDEXNOTICEEDITSUBMIT','WELCOMEINDEXNOTICEIMPORTANT','WELCOMEINDEXNOTICENEW','WELCOMEINDEXNOTICENEWSUBMIT','TEAMDAILYADMIN','TEAMDAILYADMINLOOK','TEAMDAILYADMINMAKE') AND `hide` = 0 AND `type` = 1 ORDER BY sort asc  [ RunTime:0.0005s ]
SQL: SHOW COLUMNS FROM `efan_module` [ RunTime:0.0010s ]
SQL: SELECT `url`,`key` FROM `efan_module` WHERE `hide` = 0 AND `pid` = 'MOBILECREATIVE' AND `type` = 2 ORDER BY sort asc  [ RunTime:0.0002s ]
SQL: SHOW COLUMNS FROM `efan_auth_group_module` [ RunTime:0.0010s ]
SQL: SELECT DISTINCT  `module_key` FROM `efan_auth_group_module` WHERE `permision` <= 10  [ RunTime:0.0003s ]
SQL: SHOW COLUMNS FROM `efan_interim_permision` [ RunTime:0.0011s ]
SQL: SELECT `interimpermision` FROM `efan_interim_permision` WHERE `uid` = 18 AND `time` > 1499182059  [ RunTime:0.0001s ]
SQL: SHOW COLUMNS FROM `efan_user` [ RunTime:0.0011s ]
SQL: SELECT `id`,`name`,`uid`,`url` FROM `efan_user` WHERE `uid` = 18  [ RunTime:0.0002s ]
INFO: [ view_parse ] --START--
INFO: [ template_filter ] --START--
INFO: Run Behavior\ContentReplaceBehavior [ RunTime:0.000085s ]
INFO: [ template_filter ] --END-- [ RunTime:0.000119s ]
NOTIC: [8] Undefined index: time /Applications/XAMPP/xamppfiles/htdocs/efan/Application/Runtime/Cache/Home/165c058da1d42f59e7f032a35dae1abd.php 第 129 行.
NOTIC: [8] Undefined variable: Think /Applications/XAMPP/xamppfiles/htdocs/efan/Application/Runtime/Cache/Home/165c058da1d42f59e7f032a35dae1abd.php 第 168 行.
NOTIC: [8] Undefined index: CREATIVECLUBNEWSUBMIT /Applications/XAMPP/xamppfiles/htdocs/efan/Application/Runtime/Cache/Home/165c058da1d42f59e7f032a35dae1abd.php 第 168 行.
NOTIC: [8] Undefined index: CREATIVECLUBNEWSUBMIT /Applications/XAMPP/xamppfiles/htdocs/efan/Application/Runtime/Cache/Home/165c058da1d42f59e7f032a35dae1abd.php 第 168 行.
INFO: Run Behavior\ParseTemplateBehavior [ RunTime:0.009125s ]
INFO: [ view_parse ] --END-- [ RunTime:0.009157s ]
INFO: [ view_filter ] --START--
INFO: Run Behavior\WriteHtmlCacheBehavior [ RunTime:0.000119s ]
INFO: [ view_filter ] --END-- [ RunTime:0.000138s ]
INFO: [ app_end ] --START--
INFO: Run Behavior\ShowPageTraceBehavior [ RunTime:0.000421s ]
INFO: [ app_end ] --END-- [ RunTime:0.000447s ]

