[ 2017-07-05T23:15:04+08:00 ] ::1 /efan/
INFO: [ app_init ] --START--
INFO: Run Behavior\BuildLiteBehavior [ RunTime:0.000019s ]
INFO: [ app_init ] --END-- [ RunTime:0.003279s ]
INFO: [ app_begin ] --START--
INFO: Run Behavior\ReadHtmlCacheBehavior [ RunTime:0.001731s ]
INFO: [ app_begin ] --END-- [ RunTime:0.001810s ]

[ 2017-07-05T23:15:04+08:00 ] ::1 /efan/index.php/Home/Main/Index/index/key/WELCOMEINDEX.efan
INFO: [ app_init ] --START--
INFO: Run Behavior\BuildLiteBehavior [ RunTime:0.000010s ]
INFO: [ app_init ] --END-- [ RunTime:0.000243s ]
INFO: [ app_begin ] --START--
INFO: Run Behavior\ReadHtmlCacheBehavior [ RunTime:0.000232s ]
INFO: [ app_begin ] --END-- [ RunTime:0.000259s ]
NOTIC: [8] Use of undefined constant URL_HTML_SUFFIX - assumed 'URL_HTML_SUFFIX' /Applications/XAMPP/xamppfiles/htdocs/efan/Application/Home/Controller/HomeController.class.php 第 211 行.
SQL: SHOW COLUMNS FROM `efan_module` [ RunTime:0.0116s ]
SQL: SELECT COUNT(*) AS tp_count FROM `efan_module` WHERE `url` = 'Main/Index/index' AND `key` = 'WELCOMEINDEX' AND `hide` = 0 LIMIT 1   [ RunTime:0.0038s ]
SQL: SHOW COLUMNS FROM `efan_auth_group_module` [ RunTime:0.0013s ]
SQL: SELECT * FROM `efan_auth_group_module` WHERE `module_key` = 'WELCOMEINDEX'  [ RunTime:0.0002s ]
NOTIC: [8] Undefined index: group_id /Applications/XAMPP/xamppfiles/htdocs/efan/Application/Home/Controller/HomeController.class.php 第 173 行.
SQL: SELECT DISTINCT  `permision` FROM `efan_auth_group_module` WHERE `module_key` = 'WELCOMEINDEX'  [ RunTime:0.0006s ]
SQL: SHOW COLUMNS FROM `efan_interim_permision` [ RunTime:0.0009s ]
SQL: SELECT `interimpermision` FROM `efan_interim_permision` WHERE `uid` = 18 AND `time` > 1499267704  [ RunTime:0.0011s ]
NOTIC: [8] Undefined variable: authGroupAccess /Applications/XAMPP/xamppfiles/htdocs/efan/Application/Home/Controller/HomeController.class.php 第 109 行.
NOTIC: [2] Invalid argument supplied for foreach() /Applications/XAMPP/xamppfiles/htdocs/efan/Application/Home/Controller/HomeController.class.php 第 109 行.
SQL: SHOW COLUMNS FROM `efan_auth_group_module` [ RunTime:0.0009s ]
SQL: SELECT DISTINCT  `module_key` FROM `efan_auth_group_module` WHERE `permision` <= 10  [ RunTime:0.0022s ]
SQL: SHOW COLUMNS FROM `efan_interim_permision` [ RunTime:0.0016s ]
SQL: SELECT `interimpermision` FROM `efan_interim_permision` WHERE `uid` = 18 AND `time` > 1499267704  [ RunTime:0.0002s ]
SQL: SHOW COLUMNS FROM `efan_module` [ RunTime:0.0010s ]
SQL: SELECT `title`,`url`,`key`,`pid`,`pic` FROM `efan_module` WHERE `key` IN ('CREATIVECLUB','CREATIVECLUBLIST','CREATIVECLUBLISTREPLY','CREATIVECLUBLISTREPLYDELETE','CREATIVECLUBLISTREPLYDISCUSS','CREATIVECLUBLISTREPLYEDIT','CREATIVECLUBLISTREPLYEDITSUBMIT','CREATIVECLUBLISTREPLYREPLY','CREATIVECLUBLISTREPLYRETURN','INFORMATION','INFORMATIONBUG','INFORMATIONBUGSYBMIT','INFORMATIONCHANGEPASSWORD','INFORMATIONCHANGEPASSWORDSUBMIT','INFORMATIONLOGINOUT','INFORMATIONUSER','INFORMATIONUSERSUBMIT','MOBILE','MOBILECREATIVE','MOBILECREATIVESUBMIT','TEAMDAILY','TEAMDAILYLIST','TEAMDAILYLISTLOOK','TEAMDAILYLISTUPLOAD','TEAMDAILYNEW','TEAMDAILYOTHER','TEAMDAILYOTHERSUBMIT','TEAMDAILYSUBMIT','WELCOMEINDEX','CREATIVECLUBADMIN','CREATIVECLUBADMINCLOSE','CREATIVECLUBADMINCOUNTNO','CREATIVECLUBADMINDELETE','CREATIVECLUBADMINDOWNLOAD','CREATIVECLUBADMINEDIT','CREATIVECLUBADMINEDITEDIT','CREATIVECLUBADMINGROUP','CREATIVECLUBADMINGROUPSUBMIT','CREATIVECLUBADMINLEADINGIN','CREATIVECLUBADMINOPEN','CREATIVECLUBADMINPDF','CREATIVECLUBLISTEDIT','CREATIVECLUBLISTEDITSUBMIT','CREATIVECLUBNEW','CREATIVECLUBNEWSUBMIT','RECRUIT','RECRUITCHANGE','RECRUITINDEX','RECRUITVIEW','AUDITION','AUDITIONADD','AUDITIONEDIT','AUDITIONEDITSUBMIT','AUDITIONIN','AUDITIONINTERIM','AUDITIONLAST','AUDITIONNEXT','AUDITIONOUT','AUDITIONROTATION','AUDITIONSENDMESSAGE','AUDITIONTIME','AUDITIONTIMESUBMIT','RECRUITADMIN','RECRUITADMINNEW','RECRUITADMINNEWSUBMIT','SYSTEM','SYSTEMMAJORINDEX','SYSTEMMAJORNEW','USERCHANGEPERMISION','USERDELETE','USERDISLIMITLOGIN','USEREDIT','USEREDITSUBMIT','USERINFORMATION','USERINTERIMPERMISION','USERINTERIMPERMISIONDELETE','USERINTERIMPERMISIONEDIT','USERINTERIMPERMISIONEDITSUBMIT','USERINTERIMPERMISIONNEW','USERINTERIMPERMISIONNEWSUBMIT','USERLEADINGIN','USERLEADINGINSUBMIT','USERLIMITLOGIN','USERLIST','USERMESSAGE','USERMESSAGESEND','USERNEW','USERNEWSUBMIT','USERRESETPASSWORLD','USERTEMPLEDOWNLOAD','WELCOMEINDEXNOTICE','WELCOMEINDEXNOTICEDELETE','WELCOMEINDEXNOTICEDISIMPORTANT','WELCOMEINDEXNOTICEEDIT','WELCOMEINDEXNOTICEEDITSUBMIT','WELCOMEINDEXNOTICEIMPORTANT','WELCOMEINDEXNOTICENEW','WELCOMEINDEXNOTICENEWSUBMIT','TEAMDAILYADMIN','TEAMDAILYADMINLOOK','TEAMDAILYADMINMAKE') AND `hide` = 0 AND `type` = 1 ORDER BY sort asc  [ RunTime:0.0009s ]
SQL: SHOW COLUMNS FROM `efan_module` [ RunTime:0.0010s ]
SQL: SELECT `url`,`key` FROM `efan_module` WHERE `hide` = 0 AND `pid` = 'WELCOMEINDEX' AND `type` = 2 ORDER BY sort asc  [ RunTime:0.0002s ]
SQL: SHOW COLUMNS FROM `efan_auth_group_module` [ RunTime:0.0010s ]
SQL: SELECT DISTINCT  `module_key` FROM `efan_auth_group_module` WHERE `permision` <= 10  [ RunTime:0.0006s ]
SQL: SHOW COLUMNS FROM `efan_interim_permision` [ RunTime:0.0022s ]
SQL: SELECT `interimpermision` FROM `efan_interim_permision` WHERE `uid` = 18 AND `time` > 1499267704  [ RunTime:0.0004s ]
SQL: SHOW COLUMNS FROM `efan_user` [ RunTime:0.0021s ]
SQL: SELECT `id`,`name`,`uid`,`url` FROM `efan_user` WHERE `uid` = 18  [ RunTime:0.0005s ]
SQL: SHOW COLUMNS FROM `efan_notice` [ RunTime:0.0012s ]
SQL: SELECT COUNT(*) AS tp_count FROM `efan_notice` LIMIT 1   [ RunTime:0.0002s ]
SQL: SELECT * FROM `efan_notice` ORDER BY `id` desc LIMIT 0,10   [ RunTime:0.0002s ]
INFO: [ view_parse ] --START--
INFO: [ template_filter ] --START--
INFO: Run Behavior\ContentReplaceBehavior [ RunTime:0.000076s ]
INFO: [ template_filter ] --END-- [ RunTime:0.000125s ]
NOTIC: [8] Undefined variable: Think /Applications/XAMPP/xamppfiles/htdocs/efan/Application/Runtime/Cache/Home/a13dae09a421c6f3da00619f94a7ad1a.php 第 116 行.
INFO: Run Behavior\ParseTemplateBehavior [ RunTime:0.019216s ]
INFO: [ view_parse ] --END-- [ RunTime:0.019280s ]
INFO: [ view_filter ] --START--
INFO: Run Behavior\WriteHtmlCacheBehavior [ RunTime:0.000753s ]
INFO: [ view_filter ] --END-- [ RunTime:0.000813s ]
INFO: [ app_end ] --START--
INFO: Run Behavior\ShowPageTraceBehavior [ RunTime:0.001450s ]
INFO: [ app_end ] --END-- [ RunTime:0.001555s ]

[ 2017-07-05T23:15:07+08:00 ] ::1 /efan/index.php/Home/Mobile/Creative/index/key/MOBILECREATIVE.efan
INFO: [ app_init ] --START--
INFO: Run Behavior\BuildLiteBehavior [ RunTime:0.000020s ]
INFO: [ app_init ] --END-- [ RunTime:0.000483s ]
INFO: [ app_begin ] --START--
INFO: Run Behavior\ReadHtmlCacheBehavior [ RunTime:0.000389s ]
INFO: [ app_begin ] --END-- [ RunTime:0.000436s ]
NOTIC: [8] Use of undefined constant URL_HTML_SUFFIX - assumed 'URL_HTML_SUFFIX' /Applications/XAMPP/xamppfiles/htdocs/efan/Application/Home/Controller/HomeController.class.php 第 211 行.
SQL: SHOW COLUMNS FROM `efan_module` [ RunTime:0.0017s ]
SQL: SELECT COUNT(*) AS tp_count FROM `efan_module` WHERE `url` = 'Mobile/Creative/index' AND `key` = 'MOBILECREATIVE' AND `hide` = 0 LIMIT 1   [ RunTime:0.0002s ]
SQL: SHOW COLUMNS FROM `efan_auth_group_module` [ RunTime:0.0011s ]
SQL: SELECT * FROM `efan_auth_group_module` WHERE `module_key` = 'MOBILECREATIVE'  [ RunTime:0.0005s ]
NOTIC: [8] Undefined index: group_id /Applications/XAMPP/xamppfiles/htdocs/efan/Application/Home/Controller/HomeController.class.php 第 173 行.
SQL: SELECT DISTINCT  `permision` FROM `efan_auth_group_module` WHERE `module_key` = 'MOBILECREATIVE'  [ RunTime:0.0005s ]
SQL: SHOW COLUMNS FROM `efan_interim_permision` [ RunTime:0.0025s ]
SQL: SELECT `interimpermision` FROM `efan_interim_permision` WHERE `uid` = 18 AND `time` > 1499267707  [ RunTime:0.0005s ]
NOTIC: [8] Undefined variable: authGroupAccess /Applications/XAMPP/xamppfiles/htdocs/efan/Application/Home/Controller/HomeController.class.php 第 109 行.
NOTIC: [2] Invalid argument supplied for foreach() /Applications/XAMPP/xamppfiles/htdocs/efan/Application/Home/Controller/HomeController.class.php 第 109 行.
SQL: SHOW COLUMNS FROM `efan_auth_group_module` [ RunTime:0.0013s ]
SQL: SELECT DISTINCT  `module_key` FROM `efan_auth_group_module` WHERE `permision` <= 10  [ RunTime:0.0004s ]
SQL: SHOW COLUMNS FROM `efan_interim_permision` [ RunTime:0.0010s ]
SQL: SELECT `interimpermision` FROM `efan_interim_permision` WHERE `uid` = 18 AND `time` > 1499267707  [ RunTime:0.0001s ]
SQL: SHOW COLUMNS FROM `efan_module` [ RunTime:0.0011s ]
SQL: SELECT `title`,`url`,`key`,`pid`,`pic` FROM `efan_module` WHERE `key` IN ('CREATIVECLUB','CREATIVECLUBLIST','CREATIVECLUBLISTREPLY','CREATIVECLUBLISTREPLYDELETE','CREATIVECLUBLISTREPLYDISCUSS','CREATIVECLUBLISTREPLYEDIT','CREATIVECLUBLISTREPLYEDITSUBMIT','CREATIVECLUBLISTREPLYREPLY','CREATIVECLUBLISTREPLYRETURN','INFORMATION','INFORMATIONBUG','INFORMATIONBUGSYBMIT','INFORMATIONCHANGEPASSWORD','INFORMATIONCHANGEPASSWORDSUBMIT','INFORMATIONLOGINOUT','INFORMATIONUSER','INFORMATIONUSERSUBMIT','MOBILE','MOBILECREATIVE','MOBILECREATIVESUBMIT','TEAMDAILY','TEAMDAILYLIST','TEAMDAILYLISTLOOK','TEAMDAILYLISTUPLOAD','TEAMDAILYNEW','TEAMDAILYOTHER','TEAMDAILYOTHERSUBMIT','TEAMDAILYSUBMIT','WELCOMEINDEX','CREATIVECLUBADMIN','CREATIVECLUBADMINCLOSE','CREATIVECLUBADMINCOUNTNO','CREATIVECLUBADMINDELETE','CREATIVECLUBADMINDOWNLOAD','CREATIVECLUBADMINEDIT','CREATIVECLUBADMINEDITEDIT','CREATIVECLUBADMINGROUP','CREATIVECLUBADMINGROUPSUBMIT','CREATIVECLUBADMINLEADINGIN','CREATIVECLUBADMINOPEN','CREATIVECLUBADMINPDF','CREATIVECLUBLISTEDIT','CREATIVECLUBLISTEDITSUBMIT','CREATIVECLUBNEW','CREATIVECLUBNEWSUBMIT','RECRUIT','RECRUITCHANGE','RECRUITINDEX','RECRUITVIEW','AUDITION','AUDITIONADD','AUDITIONEDIT','AUDITIONEDITSUBMIT','AUDITIONIN','AUDITIONINTERIM','AUDITIONLAST','AUDITIONNEXT','AUDITIONOUT','AUDITIONROTATION','AUDITIONSENDMESSAGE','AUDITIONTIME','AUDITIONTIMESUBMIT','RECRUITADMIN','RECRUITADMINNEW','RECRUITADMINNEWSUBMIT','SYSTEM','SYSTEMMAJORINDEX','SYSTEMMAJORNEW','USERCHANGEPERMISION','USERDELETE','USERDISLIMITLOGIN','USEREDIT','USEREDITSUBMIT','USERINFORMATION','USERINTERIMPERMISION','USERINTERIMPERMISIONDELETE','USERINTERIMPERMISIONEDIT','USERINTERIMPERMISIONEDITSUBMIT','USERINTERIMPERMISIONNEW','USERINTERIMPERMISIONNEWSUBMIT','USERLEADINGIN','USERLEADINGINSUBMIT','USERLIMITLOGIN','USERLIST','USERMESSAGE','USERMESSAGESEND','USERNEW','USERNEWSUBMIT','USERRESETPASSWORLD','USERTEMPLEDOWNLOAD','WELCOMEINDEXNOTICE','WELCOMEINDEXNOTICEDELETE','WELCOMEINDEXNOTICEDISIMPORTANT','WELCOMEINDEXNOTICEEDIT','WELCOMEINDEXNOTICEEDITSUBMIT','WELCOMEINDEXNOTICEIMPORTANT','WELCOMEINDEXNOTICENEW','WELCOMEINDEXNOTICENEWSUBMIT','TEAMDAILYADMIN','TEAMDAILYADMINLOOK','TEAMDAILYADMINMAKE') AND `hide` = 0 AND `type` = 1 ORDER BY sort asc  [ RunTime:0.0005s ]
SQL: SHOW COLUMNS FROM `efan_module` [ RunTime:0.0012s ]
SQL: SELECT `url`,`key` FROM `efan_module` WHERE `hide` = 0 AND `pid` = 'MOBILECREATIVE' AND `type` = 2 ORDER BY sort asc  [ RunTime:0.0002s ]
SQL: SHOW COLUMNS FROM `efan_auth_group_module` [ RunTime:0.0010s ]
SQL: SELECT DISTINCT  `module_key` FROM `efan_auth_group_module` WHERE `permision` <= 10  [ RunTime:0.0003s ]
SQL: SHOW COLUMNS FROM `efan_interim_permision` [ RunTime:0.0010s ]
SQL: SELECT `interimpermision` FROM `efan_interim_permision` WHERE `uid` = 18 AND `time` > 1499267707  [ RunTime:0.0001s ]
SQL: SHOW COLUMNS FROM `efan_user` [ RunTime:0.0012s ]
SQL: SELECT `id`,`name`,`uid`,`url` FROM `efan_user` WHERE `uid` = 18  [ RunTime:0.0002s ]
SQL: SHOW COLUMNS FROM `efan_mobile_group` [ RunTime:0.0011s ]
SQL: SELECT * FROM `efan_mobile_group` WHERE `active` = 1  [ RunTime:0.0002s ]
INFO: [ view_parse ] --START--
INFO: [ template_filter ] --START--
INFO: Run Behavior\ContentReplaceBehavior [ RunTime:0.000073s ]
INFO: [ template_filter ] --END-- [ RunTime:0.000111s ]
NOTIC: [8] Undefined index: time /Applications/XAMPP/xamppfiles/htdocs/efan/Application/Runtime/Cache/Home/165c058da1d42f59e7f032a35dae1abd.php 第 129 行.
NOTIC: [8] Undefined variable: Think /Applications/XAMPP/xamppfiles/htdocs/efan/Application/Runtime/Cache/Home/165c058da1d42f59e7f032a35dae1abd.php 第 164 行.
NOTIC: [8] Undefined index: CREATIVECLUBNEWSUBMIT /Applications/XAMPP/xamppfiles/htdocs/efan/Application/Runtime/Cache/Home/165c058da1d42f59e7f032a35dae1abd.php 第 164 行.
NOTIC: [8] Undefined index: CREATIVECLUBNEWSUBMIT /Applications/XAMPP/xamppfiles/htdocs/efan/Application/Runtime/Cache/Home/165c058da1d42f59e7f032a35dae1abd.php 第 164 行.
INFO: Run Behavior\ParseTemplateBehavior [ RunTime:0.009822s ]
INFO: [ view_parse ] --END-- [ RunTime:0.009851s ]
INFO: [ view_filter ] --START--
INFO: Run Behavior\WriteHtmlCacheBehavior [ RunTime:0.000133s ]
INFO: [ view_filter ] --END-- [ RunTime:0.000154s ]
INFO: [ app_end ] --START--
INFO: Run Behavior\ShowPageTraceBehavior [ RunTime:0.000385s ]
INFO: [ app_end ] --END-- [ RunTime:0.000417s ]

[ 2017-07-05T23:22:30+08:00 ] ::1 /efan/index.php/Home/Mobile/Creative/index/key/MOBILECREATIVE.efan
INFO: [ app_init ] --START--
INFO: Run Behavior\BuildLiteBehavior [ RunTime:0.000203s ]
INFO: [ app_init ] --END-- [ RunTime:0.001657s ]
INFO: [ app_begin ] --START--
INFO: Run Behavior\ReadHtmlCacheBehavior [ RunTime:0.000529s ]
INFO: [ app_begin ] --END-- [ RunTime:0.000618s ]
NOTIC: [8] Use of undefined constant URL_HTML_SUFFIX - assumed 'URL_HTML_SUFFIX' /Applications/XAMPP/xamppfiles/htdocs/efan/Application/Home/Controller/HomeController.class.php 第 211 行.
SQL: SHOW COLUMNS FROM `efan_module` [ RunTime:0.0016s ]
SQL: SELECT COUNT(*) AS tp_count FROM `efan_module` WHERE `url` = 'Mobile/Creative/index' AND `key` = 'MOBILECREATIVE' AND `hide` = 0 LIMIT 1   [ RunTime:0.0003s ]
SQL: SHOW COLUMNS FROM `efan_auth_group_module` [ RunTime:0.0015s ]
SQL: SELECT * FROM `efan_auth_group_module` WHERE `module_key` = 'MOBILECREATIVE'  [ RunTime:0.0006s ]
NOTIC: [8] Undefined index: group_id /Applications/XAMPP/xamppfiles/htdocs/efan/Application/Home/Controller/HomeController.class.php 第 173 行.
SQL: SELECT DISTINCT  `permision` FROM `efan_auth_group_module` WHERE `module_key` = 'MOBILECREATIVE'  [ RunTime:0.0005s ]
SQL: SHOW COLUMNS FROM `efan_interim_permision` [ RunTime:0.0012s ]
SQL: SELECT `interimpermision` FROM `efan_interim_permision` WHERE `uid` = 18 AND `time` > 1499268150  [ RunTime:0.0011s ]
NOTIC: [8] Undefined variable: authGroupAccess /Applications/XAMPP/xamppfiles/htdocs/efan/Application/Home/Controller/HomeController.class.php 第 109 行.
NOTIC: [2] Invalid argument supplied for foreach() /Applications/XAMPP/xamppfiles/htdocs/efan/Application/Home/Controller/HomeController.class.php 第 109 行.
SQL: SHOW COLUMNS FROM `efan_auth_group_module` [ RunTime:0.0013s ]
SQL: SELECT DISTINCT  `module_key` FROM `efan_auth_group_module` WHERE `permision` <= 10  [ RunTime:0.0004s ]
SQL: SHOW COLUMNS FROM `efan_interim_permision` [ RunTime:0.0012s ]
SQL: SELECT `interimpermision` FROM `efan_interim_permision` WHERE `uid` = 18 AND `time` > 1499268150  [ RunTime:0.0001s ]
SQL: SHOW COLUMNS FROM `efan_module` [ RunTime:0.0010s ]
SQL: SELECT `title`,`url`,`key`,`pid`,`pic` FROM `efan_module` WHERE `key` IN ('CREATIVECLUB','CREATIVECLUBLIST','CREATIVECLUBLISTREPLY','CREATIVECLUBLISTREPLYDELETE','CREATIVECLUBLISTREPLYDISCUSS','CREATIVECLUBLISTREPLYEDIT','CREATIVECLUBLISTREPLYEDITSUBMIT','CREATIVECLUBLISTREPLYREPLY','CREATIVECLUBLISTREPLYRETURN','INFORMATION','INFORMATIONBUG','INFORMATIONBUGSYBMIT','INFORMATIONCHANGEPASSWORD','INFORMATIONCHANGEPASSWORDSUBMIT','INFORMATIONLOGINOUT','INFORMATIONUSER','INFORMATIONUSERSUBMIT','MOBILE','MOBILECREATIVE','MOBILECREATIVESUBMIT','TEAMDAILY','TEAMDAILYLIST','TEAMDAILYLISTLOOK','TEAMDAILYLISTUPLOAD','TEAMDAILYNEW','TEAMDAILYOTHER','TEAMDAILYOTHERSUBMIT','TEAMDAILYSUBMIT','WELCOMEINDEX','CREATIVECLUBADMIN','CREATIVECLUBADMINCLOSE','CREATIVECLUBADMINCOUNTNO','CREATIVECLUBADMINDELETE','CREATIVECLUBADMINDOWNLOAD','CREATIVECLUBADMINEDIT','CREATIVECLUBADMINEDITEDIT','CREATIVECLUBADMINGROUP','CREATIVECLUBADMINGROUPSUBMIT','CREATIVECLUBADMINLEADINGIN','CREATIVECLUBADMINOPEN','CREATIVECLUBADMINPDF','CREATIVECLUBLISTEDIT','CREATIVECLUBLISTEDITSUBMIT','CREATIVECLUBNEW','CREATIVECLUBNEWSUBMIT','RECRUIT','RECRUITCHANGE','RECRUITINDEX','RECRUITVIEW','AUDITION','AUDITIONADD','AUDITIONEDIT','AUDITIONEDITSUBMIT','AUDITIONIN','AUDITIONINTERIM','AUDITIONLAST','AUDITIONNEXT','AUDITIONOUT','AUDITIONROTATION','AUDITIONSENDMESSAGE','AUDITIONTIME','AUDITIONTIMESUBMIT','RECRUITADMIN','RECRUITADMINNEW','RECRUITADMINNEWSUBMIT','SYSTEM','SYSTEMMAJORINDEX','SYSTEMMAJORNEW','USERCHANGEPERMISION','USERDELETE','USERDISLIMITLOGIN','USEREDIT','USEREDITSUBMIT','USERINFORMATION','USERINTERIMPERMISION','USERINTERIMPERMISIONDELETE','USERINTERIMPERMISIONEDIT','USERINTERIMPERMISIONEDITSUBMIT','USERINTERIMPERMISIONNEW','USERINTERIMPERMISIONNEWSUBMIT','USERLEADINGIN','USERLEADINGINSUBMIT','USERLIMITLOGIN','USERLIST','USERMESSAGE','USERMESSAGESEND','USERNEW','USERNEWSUBMIT','USERRESETPASSWORLD','USERTEMPLEDOWNLOAD','WELCOMEINDEXNOTICE','WELCOMEINDEXNOTICEDELETE','WELCOMEINDEXNOTICEDISIMPORTANT','WELCOMEINDEXNOTICEEDIT','WELCOMEINDEXNOTICEEDITSUBMIT','WELCOMEINDEXNOTICEIMPORTANT','WELCOMEINDEXNOTICENEW','WELCOMEINDEXNOTICENEWSUBMIT','TEAMDAILYADMIN','TEAMDAILYADMINLOOK','TEAMDAILYADMINMAKE') AND `hide` = 0 AND `type` = 1 ORDER BY sort asc  [ RunTime:0.0005s ]
SQL: SHOW COLUMNS FROM `efan_module` [ RunTime:0.0012s ]
SQL: SELECT `url`,`key` FROM `efan_module` WHERE `hide` = 0 AND `pid` = 'MOBILECREATIVE' AND `type` = 2 ORDER BY sort asc  [ RunTime:0.0002s ]
SQL: SHOW COLUMNS FROM `efan_auth_group_module` [ RunTime:0.0011s ]
SQL: SELECT DISTINCT  `module_key` FROM `efan_auth_group_module` WHERE `permision` <= 10  [ RunTime:0.0003s ]
SQL: SHOW COLUMNS FROM `efan_interim_permision` [ RunTime:0.0012s ]
SQL: SELECT `interimpermision` FROM `efan_interim_permision` WHERE `uid` = 18 AND `time` > 1499268150  [ RunTime:0.0001s ]
SQL: SHOW COLUMNS FROM `efan_user` [ RunTime:0.0013s ]
SQL: SELECT `id`,`name`,`uid`,`url` FROM `efan_user` WHERE `uid` = 18  [ RunTime:0.0001s ]
SQL: SHOW COLUMNS FROM `efan_mobile_group` [ RunTime:0.0010s ]
SQL: SELECT * FROM `efan_mobile_group` WHERE `active` = 1  [ RunTime:0.0002s ]
INFO: [ view_parse ] --START--
INFO: [ template_filter ] --START--
INFO: Run Behavior\ContentReplaceBehavior [ RunTime:0.000069s ]
INFO: [ template_filter ] --END-- [ RunTime:0.000101s ]
NOTIC: [8] Undefined variable: Think /Applications/XAMPP/xamppfiles/htdocs/efan/Application/Runtime/Cache/Home/165c058da1d42f59e7f032a35dae1abd.php 第 164 行.
INFO: Run Behavior\ParseTemplateBehavior [ RunTime:0.008576s ]
INFO: [ view_parse ] --END-- [ RunTime:0.008617s ]
INFO: [ view_filter ] --START--
INFO: Run Behavior\WriteHtmlCacheBehavior [ RunTime:0.000103s ]
INFO: [ view_filter ] --END-- [ RunTime:0.000121s ]
INFO: [ app_end ] --START--
INFO: Run Behavior\ShowPageTraceBehavior [ RunTime:0.000377s ]
INFO: [ app_end ] --END-- [ RunTime:0.000405s ]

