[ 2017-06-16T19:37:43+08:00 ] ::1 /efan/
INFO: [ app_init ] --START--
INFO: Run Behavior\BuildLiteBehavior [ RunTime:0.000018s ]
INFO: [ app_init ] --END-- [ RunTime:0.000399s ]
INFO: [ app_begin ] --START--
INFO: Run Behavior\ReadHtmlCacheBehavior [ RunTime:0.000307s ]
INFO: [ app_begin ] --END-- [ RunTime:0.000346s ]

[ 2017-06-16T19:37:43+08:00 ] ::1 /efan/index.php/Home/Main/Index/index/key/WELCOMEINDEX.efan
INFO: [ app_init ] --START--
INFO: Run Behavior\BuildLiteBehavior [ RunTime:0.000008s ]
INFO: [ app_init ] --END-- [ RunTime:0.000169s ]
INFO: [ app_begin ] --START--
INFO: Run Behavior\ReadHtmlCacheBehavior [ RunTime:0.000212s ]
INFO: [ app_begin ] --END-- [ RunTime:0.000238s ]

[ 2017-06-16T19:37:43+08:00 ] ::1 /efan/index.php/Home/Login/Public/login.efan
INFO: [ app_init ] --START--
INFO: Run Behavior\BuildLiteBehavior [ RunTime:0.000007s ]
INFO: [ app_init ] --END-- [ RunTime:0.000163s ]
INFO: [ app_begin ] --START--
INFO: Run Behavior\ReadHtmlCacheBehavior [ RunTime:0.000207s ]
INFO: [ app_begin ] --END-- [ RunTime:0.000232s ]
INFO: [ view_parse ] --START--
INFO: [ template_filter ] --START--
INFO: Run Behavior\ContentReplaceBehavior [ RunTime:0.000057s ]
INFO: [ template_filter ] --END-- [ RunTime:0.000100s ]
NOTIC: [2] file_put_contents(./Application/Runtime/Cache/Home/f44ec2fa7b0c4fc3b15689018440cf9e.php): failed to open stream: Permission denied /Applications/XAMPP/xamppfiles/htdocs/efan/ThinkPHP/Library/Think/Storage/Driver/File.class.php 第 47 行.
ERR: _STORAGE_WRITE_ERROR_:./Application/Runtime/Cache/Home/f44ec2fa7b0c4fc3b15689018440cf9e.php

[ 2017-06-16T19:39:27+08:00 ] ::1 /efan/index.php/Home/Login/Public/login.efan
INFO: [ app_init ] --START--
INFO: Run Behavior\BuildLiteBehavior [ RunTime:0.000012s ]
INFO: [ app_init ] --END-- [ RunTime:0.000694s ]
INFO: [ app_begin ] --START--
INFO: Run Behavior\ReadHtmlCacheBehavior [ RunTime:0.001028s ]
INFO: [ app_begin ] --END-- [ RunTime:0.001092s ]
INFO: [ view_parse ] --START--
INFO: [ template_filter ] --START--
INFO: Run Behavior\ContentReplaceBehavior [ RunTime:0.000040s ]
INFO: [ template_filter ] --END-- [ RunTime:0.000073s ]
NOTIC: [8] Undefined variable: TMPL_TITLE /Applications/XAMPP/xamppfiles/htdocs/efan/Application/Runtime/Cache/Home/f44ec2fa7b0c4fc3b15689018440cf9e.php 第 11 行.
NOTIC: [8] Undefined variable: Think /Applications/XAMPP/xamppfiles/htdocs/efan/Application/Runtime/Cache/Home/f44ec2fa7b0c4fc3b15689018440cf9e.php 第 85 行.
INFO: Run Behavior\ParseTemplateBehavior [ RunTime:0.005435s ]
INFO: [ view_parse ] --END-- [ RunTime:0.005466s ]
INFO: [ view_filter ] --START--
INFO: Run Behavior\WriteHtmlCacheBehavior [ RunTime:0.000431s ]
INFO: [ view_filter ] --END-- [ RunTime:0.000457s ]
INFO: [ app_end ] --START--
INFO: Run Behavior\ShowPageTraceBehavior [ RunTime:0.000858s ]
INFO: [ app_end ] --END-- [ RunTime:0.000889s ]

[ 2017-06-16T19:39:27+08:00 ] ::1 /efan/index.php/Home/Login/Public/verify.efan
INFO: [ app_init ] --START--
INFO: Run Behavior\BuildLiteBehavior [ RunTime:0.000010s ]
INFO: [ app_init ] --END-- [ RunTime:0.000252s ]
INFO: [ app_begin ] --START--
INFO: Run Behavior\ReadHtmlCacheBehavior [ RunTime:0.000363s ]
INFO: [ app_begin ] --END-- [ RunTime:0.000407s ]
INFO: [ app_end ] --START--
INFO: Run Behavior\ShowPageTraceBehavior [ RunTime:0.000817s ]
INFO: [ app_end ] --END-- [ RunTime:0.000865s ]

[ 2017-06-16T19:39:39+08:00 ] ::1 /efan/index.php/Home/Login/Public/login.efan
INFO: [ app_init ] --START--
INFO: Run Behavior\BuildLiteBehavior [ RunTime:0.000010s ]
INFO: [ app_init ] --END-- [ RunTime:0.000222s ]
INFO: [ app_begin ] --START--
INFO: Run Behavior\ReadHtmlCacheBehavior [ RunTime:0.000281s ]
INFO: [ app_begin ] --END-- [ RunTime:0.000312s ]
SQL: SHOW COLUMNS FROM `efan_user` [ RunTime:0.0020s ]
SQL: SELECT `uid`,`permision`,`state`,`url`,`passwordstate`,`infostate` FROM `efan_user` WHERE `uid` = 18 AND `password` = 'e10adc3949ba59abbe56e057f20f883e' LIMIT 1   [ RunTime:0.0006s ]

[ 2017-06-16T19:39:41+08:00 ] ::1 /efan/index.php/Home/Login/Public/changePass/id/MTVkMjNmTlhLL2RvL3dzOUdtTVZqbGVwNWIxMTZ1b1o3azdwQnkybFJR.efan
INFO: [ app_init ] --START--
INFO: Run Behavior\BuildLiteBehavior [ RunTime:0.000010s ]
INFO: [ app_init ] --END-- [ RunTime:0.000207s ]
INFO: [ app_begin ] --START--
INFO: Run Behavior\ReadHtmlCacheBehavior [ RunTime:0.000266s ]
INFO: [ app_begin ] --END-- [ RunTime:0.000294s ]
INFO: [ view_parse ] --START--
INFO: [ template_filter ] --START--
INFO: Run Behavior\ContentReplaceBehavior [ RunTime:0.000101s ]
INFO: [ template_filter ] --END-- [ RunTime:0.000173s ]
NOTIC: [8] Undefined variable: title /Applications/XAMPP/xamppfiles/htdocs/efan/Application/Runtime/Cache/Home/e25a2d2348cb80d1f743e9c29d692b65.php 第 11 行.
NOTIC: [8] Undefined variable: pageTitle1 /Applications/XAMPP/xamppfiles/htdocs/efan/Application/Runtime/Cache/Home/e25a2d2348cb80d1f743e9c29d692b65.php 第 50 行.
NOTIC: [8] Undefined variable: Think /Applications/XAMPP/xamppfiles/htdocs/efan/Application/Runtime/Cache/Home/e25a2d2348cb80d1f743e9c29d692b65.php 第 89 行.
INFO: Run Behavior\ParseTemplateBehavior [ RunTime:0.006401s ]
INFO: [ view_parse ] --END-- [ RunTime:0.006430s ]
INFO: [ view_filter ] --START--
INFO: Run Behavior\WriteHtmlCacheBehavior [ RunTime:0.000112s ]
INFO: [ view_filter ] --END-- [ RunTime:0.000134s ]
INFO: [ app_end ] --START--
INFO: Run Behavior\ShowPageTraceBehavior [ RunTime:0.000307s ]
INFO: [ app_end ] --END-- [ RunTime:0.000331s ]

[ 2017-06-16T19:39:58+08:00 ] ::1 /efan/index.php/Home/Login/Public/changePass.efan
INFO: [ app_init ] --START--
INFO: Run Behavior\BuildLiteBehavior [ RunTime:0.000015s ]
INFO: [ app_init ] --END-- [ RunTime:0.000304s ]
INFO: [ app_begin ] --START--
INFO: Run Behavior\ReadHtmlCacheBehavior [ RunTime:0.000291s ]
INFO: [ app_begin ] --END-- [ RunTime:0.000322s ]
SQL: SHOW COLUMNS FROM `efan_user` [ RunTime:0.0040s ]
SQL: UPDATE `efan_user` SET `password`='64a6a12bc0cec4d6df0db956e34b50ec',`passwordstate`='0' WHERE `uid` = 18 [ RunTime:0.0004s ]

[ 2017-06-16T19:39:59+08:00 ] ::1 /efan/index.php/Home/Login/Public/login.efan
INFO: [ app_init ] --START--
INFO: Run Behavior\BuildLiteBehavior [ RunTime:0.000023s ]
INFO: [ app_init ] --END-- [ RunTime:0.000797s ]
INFO: [ app_begin ] --START--
INFO: Run Behavior\ReadHtmlCacheBehavior [ RunTime:0.001219s ]
INFO: [ app_begin ] --END-- [ RunTime:0.001471s ]
INFO: [ view_parse ] --START--
INFO: [ template_filter ] --START--
INFO: Run Behavior\ContentReplaceBehavior [ RunTime:0.000052s ]
INFO: [ template_filter ] --END-- [ RunTime:0.000095s ]
NOTIC: [8] Undefined variable: TMPL_TITLE /Applications/XAMPP/xamppfiles/htdocs/efan/Application/Runtime/Cache/Home/f44ec2fa7b0c4fc3b15689018440cf9e.php 第 11 行.
NOTIC: [8] Undefined variable: Think /Applications/XAMPP/xamppfiles/htdocs/efan/Application/Runtime/Cache/Home/f44ec2fa7b0c4fc3b15689018440cf9e.php 第 85 行.
INFO: Run Behavior\ParseTemplateBehavior [ RunTime:0.006661s ]
INFO: [ view_parse ] --END-- [ RunTime:0.006722s ]
INFO: [ view_filter ] --START--
INFO: Run Behavior\WriteHtmlCacheBehavior [ RunTime:0.000170s ]
INFO: [ view_filter ] --END-- [ RunTime:0.000201s ]
INFO: [ app_end ] --START--
INFO: Run Behavior\ShowPageTraceBehavior [ RunTime:0.000480s ]
INFO: [ app_end ] --END-- [ RunTime:0.000516s ]

[ 2017-06-16T19:39:59+08:00 ] ::1 /efan/index.php/Home/Login/Public/verify.efan
INFO: [ app_init ] --START--
INFO: Run Behavior\BuildLiteBehavior [ RunTime:0.000014s ]
INFO: [ app_init ] --END-- [ RunTime:0.000339s ]
INFO: [ app_begin ] --START--
INFO: Run Behavior\ReadHtmlCacheBehavior [ RunTime:0.000436s ]
INFO: [ app_begin ] --END-- [ RunTime:0.000489s ]
INFO: [ app_end ] --START--
INFO: Run Behavior\ShowPageTraceBehavior [ RunTime:0.000543s ]
INFO: [ app_end ] --END-- [ RunTime:0.000607s ]

[ 2017-06-16T19:40:13+08:00 ] ::1 /efan/index.php/Home/Login/Public/login.efan
INFO: [ app_init ] --START--
INFO: Run Behavior\BuildLiteBehavior [ RunTime:0.000009s ]
INFO: [ app_init ] --END-- [ RunTime:0.000230s ]
INFO: [ app_begin ] --START--
INFO: Run Behavior\ReadHtmlCacheBehavior [ RunTime:0.000282s ]
INFO: [ app_begin ] --END-- [ RunTime:0.000313s ]
SQL: SHOW COLUMNS FROM `efan_user` [ RunTime:0.0032s ]
SQL: SELECT `uid`,`permision`,`state`,`url`,`passwordstate`,`infostate` FROM `efan_user` WHERE `uid` = 18 AND `password` = '64a6a12bc0cec4d6df0db956e34b50ec' LIMIT 1   [ RunTime:0.0004s ]
NOTIC: [8] Use of undefined constant UID - assumed 'UID' /Applications/XAMPP/xamppfiles/htdocs/efan/Application/Home/Controller/Login/PublicController.class.php 第 72 行.

[ 2017-06-16T19:40:13+08:00 ] ::1 /efan/index.php/Home/Main/index/index/key/WELCOMEINDEX.efan
INFO: [ app_init ] --START--
INFO: Run Behavior\BuildLiteBehavior [ RunTime:0.000009s ]
INFO: [ app_init ] --END-- [ RunTime:0.000229s ]
INFO: [ app_begin ] --START--
INFO: Run Behavior\ReadHtmlCacheBehavior [ RunTime:0.000449s ]
INFO: [ app_begin ] --END-- [ RunTime:0.000509s ]
NOTIC: [8] Use of undefined constant URL_HTML_SUFFIX - assumed 'URL_HTML_SUFFIX' /Applications/XAMPP/xamppfiles/htdocs/efan/Application/Home/Controller/HomeController.class.php 第 211 行.
SQL: SHOW COLUMNS FROM `efan_module` [ RunTime:0.0014s ]
SQL: SELECT COUNT(*) AS tp_count FROM `efan_module` WHERE `url` = 'Main/index/index' AND `key` = 'WELCOMEINDEX' AND `hide` = 0 LIMIT 1   [ RunTime:0.0005s ]
SQL: SHOW COLUMNS FROM `efan_auth_group_module` [ RunTime:0.0013s ]
SQL: SELECT * FROM `efan_auth_group_module` WHERE `module_key` = 'WELCOMEINDEX'  [ RunTime:0.0002s ]
NOTIC: [8] Undefined index: group_id /Applications/XAMPP/xamppfiles/htdocs/efan/Application/Home/Controller/HomeController.class.php 第 173 行.
SQL: SELECT DISTINCT  `permision` FROM `efan_auth_group_module` WHERE `module_key` = 'WELCOMEINDEX'  [ RunTime:0.0007s ]
SQL: SHOW COLUMNS FROM `efan_interim_permision` [ RunTime:0.0012s ]
SQL: SELECT `interimpermision` FROM `efan_interim_permision` WHERE `uid` = 18 AND `time` > 1497613213  [ RunTime:0.0005s ]
NOTIC: [8] Undefined variable: authGroupAccess /Applications/XAMPP/xamppfiles/htdocs/efan/Application/Home/Controller/HomeController.class.php 第 109 行.
NOTIC: [2] Invalid argument supplied for foreach() /Applications/XAMPP/xamppfiles/htdocs/efan/Application/Home/Controller/HomeController.class.php 第 109 行.
SQL: SHOW COLUMNS FROM `efan_auth_group_module` [ RunTime:0.0012s ]
SQL: SELECT DISTINCT  `module_key` FROM `efan_auth_group_module` WHERE `permision` <= '6'  [ RunTime:0.0009s ]
SQL: SHOW COLUMNS FROM `efan_interim_permision` [ RunTime:0.0012s ]
SQL: SELECT `interimpermision` FROM `efan_interim_permision` WHERE `uid` = 18 AND `time` > 1497613213  [ RunTime:0.0002s ]
SQL: SHOW COLUMNS FROM `efan_module` [ RunTime:0.0015s ]
SQL: SELECT `title`,`url`,`key`,`pid`,`pic` FROM `efan_module` WHERE `key` IN ('AUDITION','AUDITIONADD','AUDITIONEDIT','AUDITIONEDITSUBMIT','AUDITIONIN','AUDITIONINTERIM','AUDITIONLAST','AUDITIONNEXT','AUDITIONOUT','AUDITIONROTATION','AUDITIONSENDMESSAGE','AUDITIONTIME','AUDITIONTIMESUBMIT','CREATIVECLUB','CREATIVECLUBADMIN','CREATIVECLUBADMINCLOSE','CREATIVECLUBADMINCOUNTNO','CREATIVECLUBADMINDELETE','CREATIVECLUBADMINDOWNLOAD','CREATIVECLUBADMINEDIT','CREATIVECLUBADMINEDITEDIT','CREATIVECLUBADMINGROUP','CREATIVECLUBADMINGROUPSUBMIT','CREATIVECLUBADMINLEADINGIN','CREATIVECLUBADMINOPEN','CREATIVECLUBADMINPDF','CREATIVECLUBLIST','CREATIVECLUBLISTEDIT','CREATIVECLUBLISTEDITSUBMIT','CREATIVECLUBLISTREPLY','CREATIVECLUBLISTREPLYDELETE','CREATIVECLUBLISTREPLYDISCUSS','CREATIVECLUBLISTREPLYEDIT','CREATIVECLUBLISTREPLYEDITSUBMIT','CREATIVECLUBLISTREPLYREPLY','CREATIVECLUBLISTREPLYRETURN','CREATIVECLUBNEW','CREATIVECLUBNEWSUBMIT','INFORMATION','INFORMATIONBUG','INFORMATIONBUGSYBMIT','INFORMATIONCHANGEPASSWORD','INFORMATIONCHANGEPASSWORDSUBMIT','INFORMATIONLOGINOUT','INFORMATIONUSER','INFORMATIONUSERSUBMIT','MOBILE','MOBILECREATIVE','MOBILECREATIVESUBMIT','RECRUIT','RECRUITADMIN','RECRUITADMINNEW','RECRUITADMINNEWSUBMIT','RECRUITCHANGE','RECRUITINDEX','RECRUITVIEW','TEAMDAILY','TEAMDAILYADMIN','TEAMDAILYADMINLOOK','TEAMDAILYADMINMAKE','TEAMDAILYLIST','TEAMDAILYLISTLOOK','TEAMDAILYLISTUPLOAD','TEAMDAILYNEW','TEAMDAILYOTHER','TEAMDAILYOTHERSUBMIT','TEAMDAILYSUBMIT','USERCHANGEPERMISION','USERDELETE','USERDISLIMITLOGIN','USEREDIT','USEREDITSUBMIT','USERINFORMATION','USERINTERIMPERMI','USERLEADINGIN','USERLEADINGINSUBMIT','USERLIMITLOGIN','USERLIST','USERMESSAGE','USERMESSAGESEND','USERNEW','USERNEWSUBMIT','USERRESETPASSWORLD','USERTEMPLEDOWNLOAD','WELCOMEINDEX','WELCOMEINDEXNOTICE','WELCOMEINDEXNOTICESUBMIT') AND `hide` = 0 AND `type` = 1 ORDER BY sort asc  [ RunTime:0.0015s ]
SQL: SHOW COLUMNS FROM `efan_module` [ RunTime:0.0015s ]
SQL: SELECT `url`,`key` FROM `efan_module` WHERE `hide` = 0 AND `pid` = 'WELCOMEINDEX' AND `type` = 2 ORDER BY sort asc  [ RunTime:0.0002s ]
SQL: SHOW COLUMNS FROM `efan_auth_group_module` [ RunTime:0.0012s ]
SQL: SELECT DISTINCT  `module_key` FROM `efan_auth_group_module` WHERE `permision` <= '6'  [ RunTime:0.0003s ]
SQL: SHOW COLUMNS FROM `efan_interim_permision` [ RunTime:0.0010s ]
SQL: SELECT `interimpermision` FROM `efan_interim_permision` WHERE `uid` = 18 AND `time` > 1497613213  [ RunTime:0.0001s ]
SQL: SHOW COLUMNS FROM `efan_user` [ RunTime:0.0013s ]
SQL: SELECT `id`,`name`,`uid`,`url` FROM `efan_user` WHERE `uid` = 18  [ RunTime:0.0001s ]
INFO: [ view_parse ] --START--
INFO: [ template_filter ] --START--
INFO: Run Behavior\ContentReplaceBehavior [ RunTime:0.000098s ]
INFO: [ template_filter ] --END-- [ RunTime:0.000141s ]
INFO: Run Behavior\ParseTemplateBehavior [ RunTime:0.014189s ]
INFO: [ view_parse ] --END-- [ RunTime:0.014233s ]
INFO: [ view_filter ] --START--
INFO: Run Behavior\WriteHtmlCacheBehavior [ RunTime:0.000099s ]
INFO: [ view_filter ] --END-- [ RunTime:0.000118s ]
INFO: [ app_end ] --START--
INFO: Run Behavior\ShowPageTraceBehavior [ RunTime:0.000368s ]
INFO: [ app_end ] --END-- [ RunTime:0.000402s ]

[ 2017-06-16T19:40:29+08:00 ] ::1 /efan/index.php/Home/User/User/index/key/USERLIST.efan
INFO: [ app_init ] --START--
INFO: Run Behavior\BuildLiteBehavior [ RunTime:0.000019s ]
INFO: [ app_init ] --END-- [ RunTime:0.000826s ]
INFO: [ app_begin ] --START--
INFO: Run Behavior\ReadHtmlCacheBehavior [ RunTime:0.000524s ]
INFO: [ app_begin ] --END-- [ RunTime:0.000563s ]
NOTIC: [8] Use of undefined constant URL_HTML_SUFFIX - assumed 'URL_HTML_SUFFIX' /Applications/XAMPP/xamppfiles/htdocs/efan/Application/Home/Controller/HomeController.class.php 第 211 行.
SQL: SHOW COLUMNS FROM `efan_module` [ RunTime:0.0011s ]
SQL: SELECT COUNT(*) AS tp_count FROM `efan_module` WHERE `url` = 'User/User/index' AND `key` = 'USERLIST' AND `hide` = 0 LIMIT 1   [ RunTime:0.0002s ]
SQL: SHOW COLUMNS FROM `efan_auth_group_module` [ RunTime:0.0011s ]
SQL: SELECT * FROM `efan_auth_group_module` WHERE `module_key` = 'USERLIST'  [ RunTime:0.0002s ]
NOTIC: [8] Undefined index: group_id /Applications/XAMPP/xamppfiles/htdocs/efan/Application/Home/Controller/HomeController.class.php 第 173 行.
SQL: SELECT DISTINCT  `permision` FROM `efan_auth_group_module` WHERE `module_key` = 'USERLIST'  [ RunTime:0.0002s ]
SQL: SHOW COLUMNS FROM `efan_interim_permision` [ RunTime:0.0016s ]
SQL: SELECT `interimpermision` FROM `efan_interim_permision` WHERE `uid` = 18 AND `time` > 1497613229  [ RunTime:0.0002s ]
NOTIC: [8] Undefined variable: authGroupAccess /Applications/XAMPP/xamppfiles/htdocs/efan/Application/Home/Controller/HomeController.class.php 第 109 行.
NOTIC: [2] Invalid argument supplied for foreach() /Applications/XAMPP/xamppfiles/htdocs/efan/Application/Home/Controller/HomeController.class.php 第 109 行.
SQL: SHOW COLUMNS FROM `efan_auth_group_module` [ RunTime:0.0010s ]
SQL: SELECT DISTINCT  `module_key` FROM `efan_auth_group_module` WHERE `permision` <= '6'  [ RunTime:0.0004s ]
SQL: SHOW COLUMNS FROM `efan_interim_permision` [ RunTime:0.0011s ]
SQL: SELECT `interimpermision` FROM `efan_interim_permision` WHERE `uid` = 18 AND `time` > 1497613229  [ RunTime:0.0001s ]
SQL: SHOW COLUMNS FROM `efan_module` [ RunTime:0.0010s ]
SQL: SELECT `title`,`url`,`key`,`pid`,`pic` FROM `efan_module` WHERE `key` IN ('AUDITION','AUDITIONADD','AUDITIONEDIT','AUDITIONEDITSUBMIT','AUDITIONIN','AUDITIONINTERIM','AUDITIONLAST','AUDITIONNEXT','AUDITIONOUT','AUDITIONROTATION','AUDITIONSENDMESSAGE','AUDITIONTIME','AUDITIONTIMESUBMIT','CREATIVECLUB','CREATIVECLUBADMIN','CREATIVECLUBADMINCLOSE','CREATIVECLUBADMINCOUNTNO','CREATIVECLUBADMINDELETE','CREATIVECLUBADMINDOWNLOAD','CREATIVECLUBADMINEDIT','CREATIVECLUBADMINEDITEDIT','CREATIVECLUBADMINGROUP','CREATIVECLUBADMINGROUPSUBMIT','CREATIVECLUBADMINLEADINGIN','CREATIVECLUBADMINOPEN','CREATIVECLUBADMINPDF','CREATIVECLUBLIST','CREATIVECLUBLISTEDIT','CREATIVECLUBLISTEDITSUBMIT','CREATIVECLUBLISTREPLY','CREATIVECLUBLISTREPLYDELETE','CREATIVECLUBLISTREPLYDISCUSS','CREATIVECLUBLISTREPLYEDIT','CREATIVECLUBLISTREPLYEDITSUBMIT','CREATIVECLUBLISTREPLYREPLY','CREATIVECLUBLISTREPLYRETURN','CREATIVECLUBNEW','CREATIVECLUBNEWSUBMIT','INFORMATION','INFORMATIONBUG','INFORMATIONBUGSYBMIT','INFORMATIONCHANGEPASSWORD','INFORMATIONCHANGEPASSWORDSUBMIT','INFORMATIONLOGINOUT','INFORMATIONUSER','INFORMATIONUSERSUBMIT','MOBILE','MOBILECREATIVE','MOBILECREATIVESUBMIT','RECRUIT','RECRUITADMIN','RECRUITADMINNEW','RECRUITADMINNEWSUBMIT','RECRUITCHANGE','RECRUITINDEX','RECRUITVIEW','TEAMDAILY','TEAMDAILYADMIN','TEAMDAILYADMINLOOK','TEAMDAILYADMINMAKE','TEAMDAILYLIST','TEAMDAILYLISTLOOK','TEAMDAILYLISTUPLOAD','TEAMDAILYNEW','TEAMDAILYOTHER','TEAMDAILYOTHERSUBMIT','TEAMDAILYSUBMIT','USERCHANGEPERMISION','USERDELETE','USERDISLIMITLOGIN','USEREDIT','USEREDITSUBMIT','USERINFORMATION','USERINTERIMPERMI','USERLEADINGIN','USERLEADINGINSUBMIT','USERLIMITLOGIN','USERLIST','USERMESSAGE','USERMESSAGESEND','USERNEW','USERNEWSUBMIT','USERRESETPASSWORLD','USERTEMPLEDOWNLOAD','WELCOMEINDEX','WELCOMEINDEXNOTICE','WELCOMEINDEXNOTICESUBMIT') AND `hide` = 0 AND `type` = 1 ORDER BY sort asc  [ RunTime:0.0008s ]
SQL: SHOW COLUMNS FROM `efan_module` [ RunTime:0.0010s ]
SQL: SELECT `url`,`key` FROM `efan_module` WHERE `hide` = 0 AND `pid` = 'USERLIST' AND `type` = 2 ORDER BY sort asc  [ RunTime:0.0003s ]
SQL: SHOW COLUMNS FROM `efan_auth_group_module` [ RunTime:0.0011s ]
SQL: SELECT DISTINCT  `module_key` FROM `efan_auth_group_module` WHERE `permision` <= '6'  [ RunTime:0.0003s ]
SQL: SHOW COLUMNS FROM `efan_interim_permision` [ RunTime:0.0012s ]
SQL: SELECT `interimpermision` FROM `efan_interim_permision` WHERE `uid` = 18 AND `time` > 1497613229  [ RunTime:0.0001s ]
SQL: SHOW COLUMNS FROM `efan_user` [ RunTime:0.0012s ]
SQL: SELECT `id`,`name`,`uid`,`url` FROM `efan_user` WHERE `uid` = 18  [ RunTime:0.0002s ]
SQL: SHOW COLUMNS FROM `efan_user` [ RunTime:0.0010s ]
SQL: SELECT `id`,`uid`,`name`,`phone`,`major`,`state` FROM `efan_user`  [ RunTime:0.0001s ]
INFO: [ view_parse ] --START--
INFO: [ template_filter ] --START--
INFO: Run Behavior\ContentReplaceBehavior [ RunTime:0.000066s ]
INFO: [ template_filter ] --END-- [ RunTime:0.000106s ]
NOTIC: [8] Undefined variable: Think /Applications/XAMPP/xamppfiles/htdocs/efan/Application/Runtime/Cache/Home/8cc16675c4c4cf00393fc15126d7c183.php 第 127 行.
NOTIC: [8] Undefined variable: Think /Applications/XAMPP/xamppfiles/htdocs/efan/Application/Runtime/Cache/Home/8cc16675c4c4cf00393fc15126d7c183.php 第 128 行.
NOTIC: [8] Undefined variable: Think /Applications/XAMPP/xamppfiles/htdocs/efan/Application/Runtime/Cache/Home/8cc16675c4c4cf00393fc15126d7c183.php 第 129 行.
NOTIC: [8] Undefined variable: Think /Applications/XAMPP/xamppfiles/htdocs/efan/Application/Runtime/Cache/Home/8cc16675c4c4cf00393fc15126d7c183.php 第 130 行.
NOTIC: [8] Undefined variable: Think /Applications/XAMPP/xamppfiles/htdocs/efan/Application/Runtime/Cache/Home/8cc16675c4c4cf00393fc15126d7c183.php 第 166 行.
NOTIC: [8] Undefined variable: Think /Applications/XAMPP/xamppfiles/htdocs/efan/Application/Runtime/Cache/Home/8cc16675c4c4cf00393fc15126d7c183.php 第 167 行.
NOTIC: [8] Undefined variable: Think /Applications/XAMPP/xamppfiles/htdocs/efan/Application/Runtime/Cache/Home/8cc16675c4c4cf00393fc15126d7c183.php 第 166 行.
NOTIC: [8] Undefined variable: Think /Applications/XAMPP/xamppfiles/htdocs/efan/Application/Runtime/Cache/Home/8cc16675c4c4cf00393fc15126d7c183.php 第 167 行.
NOTIC: [8] Undefined variable: Think /Applications/XAMPP/xamppfiles/htdocs/efan/Application/Runtime/Cache/Home/8cc16675c4c4cf00393fc15126d7c183.php 第 166 行.
NOTIC: [8] Undefined variable: Think /Applications/XAMPP/xamppfiles/htdocs/efan/Application/Runtime/Cache/Home/8cc16675c4c4cf00393fc15126d7c183.php 第 167 行.
NOTIC: [8] Undefined variable: Think /Applications/XAMPP/xamppfiles/htdocs/efan/Application/Runtime/Cache/Home/8cc16675c4c4cf00393fc15126d7c183.php 第 166 行.
NOTIC: [8] Undefined variable: Think /Applications/XAMPP/xamppfiles/htdocs/efan/Application/Runtime/Cache/Home/8cc16675c4c4cf00393fc15126d7c183.php 第 167 行.
NOTIC: [8] Undefined variable: Think /Applications/XAMPP/xamppfiles/htdocs/efan/Application/Runtime/Cache/Home/8cc16675c4c4cf00393fc15126d7c183.php 第 166 行.
NOTIC: [8] Undefined variable: Think /Applications/XAMPP/xamppfiles/htdocs/efan/Application/Runtime/Cache/Home/8cc16675c4c4cf00393fc15126d7c183.php 第 167 行.
NOTIC: [8] Undefined variable: Think /Applications/XAMPP/xamppfiles/htdocs/efan/Application/Runtime/Cache/Home/8cc16675c4c4cf00393fc15126d7c183.php 第 166 行.
NOTIC: [8] Undefined variable: Think /Applications/XAMPP/xamppfiles/htdocs/efan/Application/Runtime/Cache/Home/8cc16675c4c4cf00393fc15126d7c183.php 第 167 行.
NOTIC: [8] Undefined variable: Think /Applications/XAMPP/xamppfiles/htdocs/efan/Application/Runtime/Cache/Home/8cc16675c4c4cf00393fc15126d7c183.php 第 166 行.
NOTIC: [8] Undefined variable: Think /Applications/XAMPP/xamppfiles/htdocs/efan/Application/Runtime/Cache/Home/8cc16675c4c4cf00393fc15126d7c183.php 第 167 行.
NOTIC: [8] Undefined variable: Think /Applications/XAMPP/xamppfiles/htdocs/efan/Application/Runtime/Cache/Home/8cc16675c4c4cf00393fc15126d7c183.php 第 166 行.
NOTIC: [8] Undefined variable: Think /Applications/XAMPP/xamppfiles/htdocs/efan/Application/Runtime/Cache/Home/8cc16675c4c4cf00393fc15126d7c183.php 第 167 行.
NOTIC: [8] Undefined variable: Think /Applications/XAMPP/xamppfiles/htdocs/efan/Application/Runtime/Cache/Home/8cc16675c4c4cf00393fc15126d7c183.php 第 166 行.
NOTIC: [8] Undefined variable: Think /Applications/XAMPP/xamppfiles/htdocs/efan/Application/Runtime/Cache/Home/8cc16675c4c4cf00393fc15126d7c183.php 第 167 行.
NOTIC: [8] Undefined variable: Think /Applications/XAMPP/xamppfiles/htdocs/efan/Application/Runtime/Cache/Home/8cc16675c4c4cf00393fc15126d7c183.php 第 166 行.
NOTIC: [8] Undefined variable: Think /Applications/XAMPP/xamppfiles/htdocs/efan/Application/Runtime/Cache/Home/8cc16675c4c4cf00393fc15126d7c183.php 第 167 行.
NOTIC: [8] Undefined variable: Think /Applications/XAMPP/xamppfiles/htdocs/efan/Application/Runtime/Cache/Home/8cc16675c4c4cf00393fc15126d7c183.php 第 166 行.
NOTIC: [8] Undefined variable: Think /Applications/XAMPP/xamppfiles/htdocs/efan/Application/Runtime/Cache/Home/8cc16675c4c4cf00393fc15126d7c183.php 第 167 行.
NOTIC: [8] Undefined variable: Think /Applications/XAMPP/xamppfiles/htdocs/efan/Application/Runtime/Cache/Home/8cc16675c4c4cf00393fc15126d7c183.php 第 166 行.
NOTIC: [8] Undefined variable: Think /Applications/XAMPP/xamppfiles/htdocs/efan/Application/Runtime/Cache/Home/8cc16675c4c4cf00393fc15126d7c183.php 第 167 行.
NOTIC: [8] Undefined variable: Think /Applications/XAMPP/xamppfiles/htdocs/efan/Application/Runtime/Cache/Home/8cc16675c4c4cf00393fc15126d7c183.php 第 166 行.
NOTIC: [8] Undefined variable: Think /Applications/XAMPP/xamppfiles/htdocs/efan/Application/Runtime/Cache/Home/8cc16675c4c4cf00393fc15126d7c183.php 第 167 行.
NOTIC: [8] Undefined variable: Think /Applications/XAMPP/xamppfiles/htdocs/efan/Application/Runtime/Cache/Home/8cc16675c4c4cf00393fc15126d7c183.php 第 166 行.
NOTIC: [8] Undefined variable: Think /Applications/XAMPP/xamppfiles/htdocs/efan/Application/Runtime/Cache/Home/8cc16675c4c4cf00393fc15126d7c183.php 第 167 行.
NOTIC: [8] Undefined variable: Think /Applications/XAMPP/xamppfiles/htdocs/efan/Application/Runtime/Cache/Home/8cc16675c4c4cf00393fc15126d7c183.php 第 166 行.
NOTIC: [8] Undefined variable: Think /Applications/XAMPP/xamppfiles/htdocs/efan/Application/Runtime/Cache/Home/8cc16675c4c4cf00393fc15126d7c183.php 第 167 行.
NOTIC: [8] Undefined variable: Think /Applications/XAMPP/xamppfiles/htdocs/efan/Application/Runtime/Cache/Home/8cc16675c4c4cf00393fc15126d7c183.php 第 166 行.
NOTIC: [8] Undefined variable: Think /Applications/XAMPP/xamppfiles/htdocs/efan/Application/Runtime/Cache/Home/8cc16675c4c4cf00393fc15126d7c183.php 第 167 行.
NOTIC: [8] Undefined variable: Think /Applications/XAMPP/xamppfiles/htdocs/efan/Application/Runtime/Cache/Home/8cc16675c4c4cf00393fc15126d7c183.php 第 166 行.
NOTIC: [8] Undefined variable: Think /Applications/XAMPP/xamppfiles/htdocs/efan/Application/Runtime/Cache/Home/8cc16675c4c4cf00393fc15126d7c183.php 第 167 行.
NOTIC: [8] Undefined variable: Think /Applications/XAMPP/xamppfiles/htdocs/efan/Application/Runtime/Cache/Home/8cc16675c4c4cf00393fc15126d7c183.php 第 166 行.
NOTIC: [8] Undefined variable: Think /Applications/XAMPP/xamppfiles/htdocs/efan/Application/Runtime/Cache/Home/8cc16675c4c4cf00393fc15126d7c183.php 第 167 行.
NOTIC: [8] Undefined variable: Think /Applications/XAMPP/xamppfiles/htdocs/efan/Application/Runtime/Cache/Home/8cc16675c4c4cf00393fc15126d7c183.php 第 166 行.
NOTIC: [8] Undefined variable: Think /Applications/XAMPP/xamppfiles/htdocs/efan/Application/Runtime/Cache/Home/8cc16675c4c4cf00393fc15126d7c183.php 第 167 行.
NOTIC: [8] Undefined variable: Think /Applications/XAMPP/xamppfiles/htdocs/efan/Application/Runtime/Cache/Home/8cc16675c4c4cf00393fc15126d7c183.php 第 166 行.
NOTIC: [8] Undefined variable: Think /Applications/XAMPP/xamppfiles/htdocs/efan/Application/Runtime/Cache/Home/8cc16675c4c4cf00393fc15126d7c183.php 第 167 行.
NOTIC: [8] Undefined variable: Think /Applications/XAMPP/xamppfiles/htdocs/efan/Application/Runtime/Cache/Home/8cc16675c4c4cf00393fc15126d7c183.php 第 234 行.
INFO: Run Behavior\ParseTemplateBehavior [ RunTime:0.013171s ]
INFO: [ view_parse ] --END-- [ RunTime:0.013195s ]
INFO: [ view_filter ] --START--
INFO: Run Behavior\WriteHtmlCacheBehavior [ RunTime:0.000375s ]
INFO: [ view_filter ] --END-- [ RunTime:0.000399s ]
INFO: [ app_end ] --START--
INFO: Run Behavior\ShowPageTraceBehavior [ RunTime:0.000560s ]
INFO: [ app_end ] --END-- [ RunTime:0.000594s ]

