[ 2017-07-21T21:42:05+08:00 ] 192.168.199.251 /
INFO: [ app_init ] --START--
INFO: Run Behavior\BuildLiteBehavior [ RunTime:0.000017s ]
INFO: [ app_init ] --END-- [ RunTime:0.000370s ]
INFO: [ app_begin ] --START--
INFO: Run Behavior\ReadHtmlCacheBehavior [ RunTime:0.000494s ]
INFO: [ app_begin ] --END-- [ RunTime:0.000537s ]

[ 2017-07-21T21:42:06+08:00 ] 192.168.199.251 /index.php/Home/Main/Index/index/key/WELCOMEINDEX.efan
INFO: [ app_init ] --START--
INFO: Run Behavior\BuildLiteBehavior [ RunTime:0.000011s ]
INFO: [ app_init ] --END-- [ RunTime:0.000272s ]
INFO: [ app_begin ] --START--
INFO: Run Behavior\ReadHtmlCacheBehavior [ RunTime:0.000392s ]
INFO: [ app_begin ] --END-- [ RunTime:0.000430s ]
NOTIC: [8] Use of undefined constant URL_HTML_SUFFIX - assumed 'URL_HTML_SUFFIX' D:\www_efan\Application\Home\Controller\HomeController.class.php 第 211 行.
ERR: SQLSTATE[HY000] [1049] Unknown database 'efan_admin'

[ 2017-07-21T21:43:55+08:00 ] 192.168.199.251 /
INFO: [ app_init ] --START--
INFO: Run Behavior\BuildLiteBehavior [ RunTime:0.000011s ]
INFO: [ app_init ] --END-- [ RunTime:0.000311s ]
INFO: [ app_begin ] --START--
INFO: Run Behavior\ReadHtmlCacheBehavior [ RunTime:0.000498s ]
INFO: [ app_begin ] --END-- [ RunTime:0.000540s ]

[ 2017-07-21T21:43:56+08:00 ] 192.168.199.251 /index.php/Home/Main/Index/index/key/WELCOMEINDEX.efan
INFO: [ app_init ] --START--
INFO: Run Behavior\BuildLiteBehavior [ RunTime:0.000011s ]
INFO: [ app_init ] --END-- [ RunTime:0.000297s ]
INFO: [ app_begin ] --START--
INFO: Run Behavior\ReadHtmlCacheBehavior [ RunTime:0.000475s ]
INFO: [ app_begin ] --END-- [ RunTime:0.000513s ]
NOTIC: [8] Use of undefined constant URL_HTML_SUFFIX - assumed 'URL_HTML_SUFFIX' D:\www_efan\Application\Home\Controller\HomeController.class.php 第 211 行.
SQL: SHOW COLUMNS FROM `efan_module` [ RunTime:0.0047s ]
SQL: SELECT COUNT(*) AS tp_count FROM `efan_module` WHERE `url` = 'Main/Index/index' AND `key` = 'WELCOMEINDEX' AND `hide` = 0 LIMIT 1   [ RunTime:0.0003s ]
SQL: SHOW COLUMNS FROM `efan_auth_group_module` [ RunTime:0.0023s ]
SQL: SELECT * FROM `efan_auth_group_module` WHERE `module_key` = 'WELCOMEINDEX'  [ RunTime:0.0002s ]
NOTIC: [8] Undefined index: group_id D:\www_efan\Application\Home\Controller\HomeController.class.php 第 173 行.
SQL: SELECT DISTINCT  `permision` FROM `efan_auth_group_module` WHERE `module_key` = 'WELCOMEINDEX'  [ RunTime:0.0002s ]
SQL: SHOW COLUMNS FROM `efan_interim_permision` [ RunTime:0.0025s ]
SQL: SELECT `interimpermision` FROM `efan_interim_permision` WHERE `uid` = 18 AND `time` > 1500644636  [ RunTime:0.0002s ]
NOTIC: [8] Undefined variable: authGroupAccess D:\www_efan\Application\Home\Controller\HomeController.class.php 第 109 行.
NOTIC: [2] Invalid argument supplied for foreach() D:\www_efan\Application\Home\Controller\HomeController.class.php 第 109 行.
SQL: SHOW COLUMNS FROM `efan_auth_group_module` [ RunTime:0.0028s ]
SQL: SELECT DISTINCT  `module_key` FROM `efan_auth_group_module` WHERE `permision` <= 10  [ RunTime:0.0009s ]
SQL: SHOW COLUMNS FROM `efan_interim_permision` [ RunTime:0.0026s ]
SQL: SELECT `interimpermision` FROM `efan_interim_permision` WHERE `uid` = 18 AND `time` > 1500644636  [ RunTime:0.0002s ]
SQL: SHOW COLUMNS FROM `efan_module` [ RunTime:0.0026s ]
SQL: SELECT `title`,`url`,`key`,`pid`,`pic` FROM `efan_module` WHERE `key` IN ('CREATIVECLUB','CREATIVECLUBLIST','CREATIVECLUBLISTREPLY','CREATIVECLUBLISTREPLYDELETE','CREATIVECLUBLISTREPLYDISCUSS','CREATIVECLUBLISTREPLYREPLY','CREATIVECLUBLISTREPLYRETURN','INFORMATION','INFORMATIONBUG','INFORMATIONBUGSUBMIT','INFORMATIONCHANGEPASSWORD','INFORMATIONCHANGEPASSWORDSUBMIT','INFORMATIONLOGINOUT','INFORMATIONUSER','INFORMATIONUSERSUBMIT','MOBILE','MOBILECREATIVE','MOBILECREATIVESUBMIT','MOBILELIST','MOBILELISTDELETE','MOBILELISTEDIT','MOBILELISTEDITSUBMIT','MOBILELISTLOOK','TEAMDAILY','TEAMDAILYLIST','TEAMDAILYLISTLOOK','TEAMDAILYLISTUPLOAD','TEAMDAILYNEW','TEAMDAILYOTHER','TEAMDAILYOTHERSUBMIT','TEAMDAILYSUBMIT','WELCOMEINDEX','WELCOMEINDEXNOTICE','MOBILESCORE','MOBILESCORESCORE','MOBILESCORESCORESUBMIT','CREATIVECLUBADMIN','CREATIVECLUBADMINCLOSE','CREATIVECLUBADMINCOUNTNO','CREATIVECLUBADMINDELETE','CREATIVECLUBADMINDOWNLOAD','CREATIVECLUBADMINEDIT','CREATIVECLUBADMINEDITEDIT','CREATIVECLUBADMINGROUP','CREATIVECLUBADMINGROUPSUBMIT','CREATIVECLUBADMINLEADINGIN','CREATIVECLUBADMINOPEN','CREATIVECLUBADMINPDF','CREATIVECLUBLISTEDIT','CREATIVECLUBLISTEDITSUBMIT','CREATIVECLUBLISTREPLYEDIT','CREATIVECLUBLISTREPLYEDITSUBMIT','CREATIVECLUBNEW','CREATIVECLUBNEWSUBMIT','MOBIELADMINSUBMITTIMENEWSUBMIT','MOBILEADMIN','MOBILEADMINDELETE','MOBILEADMINEDIT','MOBILEADMINEDITSUBMIT','MOBILEADMINGROUPLIST','MOBILEADMINGROUPLISTDELETE','MOBILEADMINGROUPLISTEDIT','MOBILEADMINGROUPLISTEDITSUBMIT','MOBILEADMINGROUPLISTLOCK','MOBILEADMINGROUPLISTNEW','MOBILEADMINGROUPLISTNEWSUBMIT','MOBILEADMINGROUPLISTUNLOCK','MOBILEADMINSUBMITTIME','MOBILEADMINSUBMITTIMEDELETE','MOBILEADMINSUBMITTIMEEDIT','MOBILEADMINSUBMITTIMEEDITSUBMIT','MOBILEADMINSUBMITTIMENEW','MOBILEADMINUPLOADLEADER','RECRUIT','RECRUITCHANGE','RECRUITINDEX','RECRUITVIEW','AUDITION','AUDITIONADD','AUDITIONEDIT','AUDITIONEDITSUBMIT','AUDITIONIN','AUDITIONINTERIM','AUDITIONLAST','AUDITIONNEXT','AUDITIONOUT','AUDITIONROTATION','AUDITIONSENDMESSAGE','AUDITIONTIME','AUDITIONTIMESUBMIT','RECRUITADMIN','RECRUITADMINNEW','RECRUITADMINNEWSUBMIT','SYSTEM','SYSTEMMAJOREDIT','SYSTEMMAJORINDEX','SYSTEMMAJORNEW','SYSTEMMAJORNEWSUBMIT','USERCHANGEPERMISION','USERDELETE','USERDISLIMITLOGIN','USEREDIT','USEREDITSUBMIT','USERINFORMATION','USERINTERIMPERMISION','USERINTERIMPERMISIONDELETE','USERINTERIMPERMISIONEDIT','USERINTERIMPERMISIONEDITSUBMIT','USERINTERIMPERMISIONNEW','USERINTERIMPERMISIONNEWSUBMIT','USERLEADINGIN','USERLEADINGINSUBMIT','USERLIMITLOGIN','USERLIST','USERMESSAGE','USERMESSAGESEND','USERNEW','USERNEWSUBMIT','USERRESETPASSWORLD','USERTEMPLEDOWNLOAD','WELCOMEINDEXNOTICEDELETE','WELCOMEINDEXNOTICEDISIMPORTANT','WELCOMEINDEXNOTICEEDIT','WELCOMEINDEXNOTICEEDITSUBMIT','WELCOMEINDEXNOTICEIMPORTANT','WELCOMEINDEXNOTICENEW','WELCOMEINDEXNOTICENEWSUBMIT','MOBILELEADER','MOBILELEADERCHANGE','MOBILELEADERCHANGESUBMIT','TEAMDAILYADMIN','TEAMDAILYADMINLOOK','TEAMDAILYADMINMAKE') AND `hide` = 0 AND `type` = 1 ORDER BY sort asc  [ RunTime:0.0009s ]
SQL: SHOW COLUMNS FROM `efan_module` [ RunTime:0.0026s ]
SQL: SELECT `url`,`key` FROM `efan_module` WHERE `hide` = 0 AND `pid` = 'WELCOMEINDEX' AND `type` = 2 ORDER BY sort asc  [ RunTime:0.0002s ]
SQL: SHOW COLUMNS FROM `efan_auth_group_module` [ RunTime:0.0022s ]
SQL: SELECT DISTINCT  `module_key` FROM `efan_auth_group_module` WHERE `permision` <= 10  [ RunTime:0.0008s ]
SQL: SHOW COLUMNS FROM `efan_interim_permision` [ RunTime:0.0028s ]
SQL: SELECT `interimpermision` FROM `efan_interim_permision` WHERE `uid` = 18 AND `time` > 1500644636  [ RunTime:0.0002s ]
SQL: SHOW COLUMNS FROM `efan_user` [ RunTime:0.0030s ]
SQL: SELECT `id`,`name`,`uid`,`url` FROM `efan_user` WHERE `uid` = 18  [ RunTime:0.0002s ]
SQL: SHOW COLUMNS FROM `efan_notice` [ RunTime:0.0023s ]
SQL: SELECT COUNT(*) AS tp_count FROM `efan_notice` LIMIT 1   [ RunTime:0.0002s ]
SQL: SELECT * FROM `efan_notice` ORDER BY `id` desc LIMIT 0,10   [ RunTime:0.0002s ]
INFO: [ view_parse ] --START--
INFO: [ template_filter ] --START--
INFO: Run Behavior\ContentReplaceBehavior [ RunTime:0.000128s ]
INFO: [ template_filter ] --END-- [ RunTime:0.000170s ]
NOTIC: [8] Undefined variable: Think D:\www_efan\Application\Runtime\Cache\Home\a13dae09a421c6f3da00619f94a7ad1a.php 第 116 行.
INFO: Run Behavior\ParseTemplateBehavior [ RunTime:0.009378s ]
INFO: [ view_parse ] --END-- [ RunTime:0.009415s ]
INFO: [ view_filter ] --START--
INFO: Run Behavior\WriteHtmlCacheBehavior [ RunTime:0.000274s ]
INFO: [ view_filter ] --END-- [ RunTime:0.000303s ]
INFO: [ app_end ] --START--
INFO: Run Behavior\ShowPageTraceBehavior [ RunTime:0.000491s ]
INFO: [ app_end ] --END-- [ RunTime:0.000527s ]

[ 2017-07-21T21:44:00+08:00 ] 192.168.199.251 /index.php/Home/User/User/index/key/USERLIST.efan
INFO: [ app_init ] --START--
INFO: Run Behavior\BuildLiteBehavior [ RunTime:0.000015s ]
INFO: [ app_init ] --END-- [ RunTime:0.000352s ]
INFO: [ app_begin ] --START--
INFO: Run Behavior\ReadHtmlCacheBehavior [ RunTime:0.000524s ]
INFO: [ app_begin ] --END-- [ RunTime:0.000569s ]
NOTIC: [8] Use of undefined constant URL_HTML_SUFFIX - assumed 'URL_HTML_SUFFIX' D:\www_efan\Application\Home\Controller\HomeController.class.php 第 211 行.
SQL: SHOW COLUMNS FROM `efan_module` [ RunTime:0.0026s ]
SQL: SELECT COUNT(*) AS tp_count FROM `efan_module` WHERE `url` = 'User/User/index' AND `key` = 'USERLIST' AND `hide` = 0 LIMIT 1   [ RunTime:0.0002s ]
SQL: SHOW COLUMNS FROM `efan_auth_group_module` [ RunTime:0.0022s ]
SQL: SELECT * FROM `efan_auth_group_module` WHERE `module_key` = 'USERLIST'  [ RunTime:0.0002s ]
NOTIC: [8] Undefined index: group_id D:\www_efan\Application\Home\Controller\HomeController.class.php 第 173 行.
SQL: SELECT DISTINCT  `permision` FROM `efan_auth_group_module` WHERE `module_key` = 'USERLIST'  [ RunTime:0.0002s ]
SQL: SHOW COLUMNS FROM `efan_interim_permision` [ RunTime:0.0026s ]
SQL: SELECT `interimpermision` FROM `efan_interim_permision` WHERE `uid` = 18 AND `time` > 1500644640  [ RunTime:0.0002s ]
NOTIC: [8] Undefined variable: authGroupAccess D:\www_efan\Application\Home\Controller\HomeController.class.php 第 109 行.
NOTIC: [2] Invalid argument supplied for foreach() D:\www_efan\Application\Home\Controller\HomeController.class.php 第 109 行.
SQL: SHOW COLUMNS FROM `efan_auth_group_module` [ RunTime:0.0024s ]
SQL: SELECT DISTINCT  `module_key` FROM `efan_auth_group_module` WHERE `permision` <= 10  [ RunTime:0.0007s ]
SQL: SHOW COLUMNS FROM `efan_interim_permision` [ RunTime:0.0027s ]
SQL: SELECT `interimpermision` FROM `efan_interim_permision` WHERE `uid` = 18 AND `time` > 1500644640  [ RunTime:0.0002s ]
SQL: SHOW COLUMNS FROM `efan_module` [ RunTime:0.0025s ]
SQL: SELECT `title`,`url`,`key`,`pid`,`pic` FROM `efan_module` WHERE `key` IN ('CREATIVECLUB','CREATIVECLUBLIST','CREATIVECLUBLISTREPLY','CREATIVECLUBLISTREPLYDELETE','CREATIVECLUBLISTREPLYDISCUSS','CREATIVECLUBLISTREPLYREPLY','CREATIVECLUBLISTREPLYRETURN','INFORMATION','INFORMATIONBUG','INFORMATIONBUGSUBMIT','INFORMATIONCHANGEPASSWORD','INFORMATIONCHANGEPASSWORDSUBMIT','INFORMATIONLOGINOUT','INFORMATIONUSER','INFORMATIONUSERSUBMIT','MOBILE','MOBILECREATIVE','MOBILECREATIVESUBMIT','MOBILELIST','MOBILELISTDELETE','MOBILELISTEDIT','MOBILELISTEDITSUBMIT','MOBILELISTLOOK','TEAMDAILY','TEAMDAILYLIST','TEAMDAILYLISTLOOK','TEAMDAILYLISTUPLOAD','TEAMDAILYNEW','TEAMDAILYOTHER','TEAMDAILYOTHERSUBMIT','TEAMDAILYSUBMIT','WELCOMEINDEX','WELCOMEINDEXNOTICE','MOBILESCORE','MOBILESCORESCORE','MOBILESCORESCORESUBMIT','CREATIVECLUBADMIN','CREATIVECLUBADMINCLOSE','CREATIVECLUBADMINCOUNTNO','CREATIVECLUBADMINDELETE','CREATIVECLUBADMINDOWNLOAD','CREATIVECLUBADMINEDIT','CREATIVECLUBADMINEDITEDIT','CREATIVECLUBADMINGROUP','CREATIVECLUBADMINGROUPSUBMIT','CREATIVECLUBADMINLEADINGIN','CREATIVECLUBADMINOPEN','CREATIVECLUBADMINPDF','CREATIVECLUBLISTEDIT','CREATIVECLUBLISTEDITSUBMIT','CREATIVECLUBLISTREPLYEDIT','CREATIVECLUBLISTREPLYEDITSUBMIT','CREATIVECLUBNEW','CREATIVECLUBNEWSUBMIT','MOBIELADMINSUBMITTIMENEWSUBMIT','MOBILEADMIN','MOBILEADMINDELETE','MOBILEADMINEDIT','MOBILEADMINEDITSUBMIT','MOBILEADMINGROUPLIST','MOBILEADMINGROUPLISTDELETE','MOBILEADMINGROUPLISTEDIT','MOBILEADMINGROUPLISTEDITSUBMIT','MOBILEADMINGROUPLISTLOCK','MOBILEADMINGROUPLISTNEW','MOBILEADMINGROUPLISTNEWSUBMIT','MOBILEADMINGROUPLISTUNLOCK','MOBILEADMINSUBMITTIME','MOBILEADMINSUBMITTIMEDELETE','MOBILEADMINSUBMITTIMEEDIT','MOBILEADMINSUBMITTIMEEDITSUBMIT','MOBILEADMINSUBMITTIMENEW','MOBILEADMINUPLOADLEADER','RECRUIT','RECRUITCHANGE','RECRUITINDEX','RECRUITVIEW','AUDITION','AUDITIONADD','AUDITIONEDIT','AUDITIONEDITSUBMIT','AUDITIONIN','AUDITIONINTERIM','AUDITIONLAST','AUDITIONNEXT','AUDITIONOUT','AUDITIONROTATION','AUDITIONSENDMESSAGE','AUDITIONTIME','AUDITIONTIMESUBMIT','RECRUITADMIN','RECRUITADMINNEW','RECRUITADMINNEWSUBMIT','SYSTEM','SYSTEMMAJOREDIT','SYSTEMMAJORINDEX','SYSTEMMAJORNEW','SYSTEMMAJORNEWSUBMIT','USERCHANGEPERMISION','USERDELETE','USERDISLIMITLOGIN','USEREDIT','USEREDITSUBMIT','USERINFORMATION','USERINTERIMPERMISION','USERINTERIMPERMISIONDELETE','USERINTERIMPERMISIONEDIT','USERINTERIMPERMISIONEDITSUBMIT','USERINTERIMPERMISIONNEW','USERINTERIMPERMISIONNEWSUBMIT','USERLEADINGIN','USERLEADINGINSUBMIT','USERLIMITLOGIN','USERLIST','USERMESSAGE','USERMESSAGESEND','USERNEW','USERNEWSUBMIT','USERRESETPASSWORLD','USERTEMPLEDOWNLOAD','WELCOMEINDEXNOTICEDELETE','WELCOMEINDEXNOTICEDISIMPORTANT','WELCOMEINDEXNOTICEEDIT','WELCOMEINDEXNOTICEEDITSUBMIT','WELCOMEINDEXNOTICEIMPORTANT','WELCOMEINDEXNOTICENEW','WELCOMEINDEXNOTICENEWSUBMIT','MOBILELEADER','MOBILELEADERCHANGE','MOBILELEADERCHANGESUBMIT','TEAMDAILYADMIN','TEAMDAILYADMINLOOK','TEAMDAILYADMINMAKE') AND `hide` = 0 AND `type` = 1 ORDER BY sort asc  [ RunTime:0.0009s ]
SQL: SHOW COLUMNS FROM `efan_module` [ RunTime:0.0028s ]
SQL: SELECT `url`,`key` FROM `efan_module` WHERE `hide` = 0 AND `pid` = 'USERLIST' AND `type` = 2 ORDER BY sort asc  [ RunTime:0.0003s ]
SQL: SHOW COLUMNS FROM `efan_auth_group_module` [ RunTime:0.0025s ]
SQL: SELECT DISTINCT  `module_key` FROM `efan_auth_group_module` WHERE `permision` <= 10  [ RunTime:0.0007s ]
SQL: SHOW COLUMNS FROM `efan_interim_permision` [ RunTime:0.0025s ]
SQL: SELECT `interimpermision` FROM `efan_interim_permision` WHERE `uid` = 18 AND `time` > 1500644640  [ RunTime:0.0002s ]
SQL: SHOW COLUMNS FROM `efan_user` [ RunTime:0.0028s ]
SQL: SELECT `id`,`name`,`uid`,`url` FROM `efan_user` WHERE `uid` = 18  [ RunTime:0.0002s ]
SQL: SHOW COLUMNS FROM `efan_user` [ RunTime:0.0027s ]
SQL: SELECT `id`,`uid`,`name`,`phone`,`major`,`permision`,`state` FROM `efan_user`  [ RunTime:0.0002s ]
SQL: SHOW COLUMNS FROM `efan_permision` [ RunTime:0.0023s ]
SQL: SELECT * FROM `efan_permision` WHERE `class` = 1  [ RunTime:0.0002s ]
SQL: SELECT * FROM `efan_permision` WHERE `class` = 2  [ RunTime:0.0002s ]
INFO: [ view_parse ] --START--
INFO: [ template_filter ] --START--
INFO: Run Behavior\ContentReplaceBehavior [ RunTime:0.000213s ]
INFO: [ template_filter ] --END-- [ RunTime:0.000257s ]
NOTIC: [8] Undefined variable: Think D:\www_efan\Application\Runtime\Cache\Home\8cc16675c4c4cf00393fc15126d7c183.php 第 127 行.
NOTIC: [8] Undefined variable: Think D:\www_efan\Application\Runtime\Cache\Home\8cc16675c4c4cf00393fc15126d7c183.php 第 128 行.
NOTIC: [8] Undefined variable: Think D:\www_efan\Application\Runtime\Cache\Home\8cc16675c4c4cf00393fc15126d7c183.php 第 129 行.
NOTIC: [8] Undefined variable: Think D:\www_efan\Application\Runtime\Cache\Home\8cc16675c4c4cf00393fc15126d7c183.php 第 130 行.
NOTIC: [8] Undefined variable: Think D:\www_efan\Application\Runtime\Cache\Home\8cc16675c4c4cf00393fc15126d7c183.php 第 131 行.
NOTIC: [8] Undefined variable: Think D:\www_efan\Application\Runtime\Cache\Home\8cc16675c4c4cf00393fc15126d7c183.php 第 172 行.
NOTIC: [8] Undefined variable: Think D:\www_efan\Application\Runtime\Cache\Home\8cc16675c4c4cf00393fc15126d7c183.php 第 173 行.
NOTIC: [8] Undefined variable: Think D:\www_efan\Application\Runtime\Cache\Home\8cc16675c4c4cf00393fc15126d7c183.php 第 174 行.
NOTIC: [8] Undefined variable: Think D:\www_efan\Application\Runtime\Cache\Home\8cc16675c4c4cf00393fc15126d7c183.php 第 175 行.
NOTIC: [8] Undefined variable: Think D:\www_efan\Application\Runtime\Cache\Home\8cc16675c4c4cf00393fc15126d7c183.php 第 176 行.
NOTIC: [8] Undefined variable: Think D:\www_efan\Application\Runtime\Cache\Home\8cc16675c4c4cf00393fc15126d7c183.php 第 177 行.
NOTIC: [8] Undefined variable: Think D:\www_efan\Application\Runtime\Cache\Home\8cc16675c4c4cf00393fc15126d7c183.php 第 172 行.
NOTIC: [8] Undefined variable: Think D:\www_efan\Application\Runtime\Cache\Home\8cc16675c4c4cf00393fc15126d7c183.php 第 173 行.
NOTIC: [8] Undefined variable: Think D:\www_efan\Application\Runtime\Cache\Home\8cc16675c4c4cf00393fc15126d7c183.php 第 174 行.
NOTIC: [8] Undefined variable: Think D:\www_efan\Application\Runtime\Cache\Home\8cc16675c4c4cf00393fc15126d7c183.php 第 175 行.
NOTIC: [8] Undefined variable: Think D:\www_efan\Application\Runtime\Cache\Home\8cc16675c4c4cf00393fc15126d7c183.php 第 176 行.
NOTIC: [8] Undefined variable: Think D:\www_efan\Application\Runtime\Cache\Home\8cc16675c4c4cf00393fc15126d7c183.php 第 177 行.
NOTIC: [8] Undefined variable: Think D:\www_efan\Application\Runtime\Cache\Home\8cc16675c4c4cf00393fc15126d7c183.php 第 172 行.
NOTIC: [8] Undefined variable: Think D:\www_efan\Application\Runtime\Cache\Home\8cc16675c4c4cf00393fc15126d7c183.php 第 173 行.
NOTIC: [8] Undefined variable: Think D:\www_efan\Application\Runtime\Cache\Home\8cc16675c4c4cf00393fc15126d7c183.php 第 174 行.
NOTIC: [8] Undefined variable: Think D:\www_efan\Application\Runtime\Cache\Home\8cc16675c4c4cf00393fc15126d7c183.php 第 175 行.
NOTIC: [8] Undefined variable: Think D:\www_efan\Application\Runtime\Cache\Home\8cc16675c4c4cf00393fc15126d7c183.php 第 176 行.
NOTIC: [8] Undefined variable: Think D:\www_efan\Application\Runtime\Cache\Home\8cc16675c4c4cf00393fc15126d7c183.php 第 177 行.
NOTIC: [8] Undefined variable: Think D:\www_efan\Application\Runtime\Cache\Home\8cc16675c4c4cf00393fc15126d7c183.php 第 172 行.
NOTIC: [8] Undefined variable: Think D:\www_efan\Application\Runtime\Cache\Home\8cc16675c4c4cf00393fc15126d7c183.php 第 173 行.
NOTIC: [8] Undefined variable: Think D:\www_efan\Application\Runtime\Cache\Home\8cc16675c4c4cf00393fc15126d7c183.php 第 174 行.
NOTIC: [8] Undefined variable: Think D:\www_efan\Application\Runtime\Cache\Home\8cc16675c4c4cf00393fc15126d7c183.php 第 175 行.
NOTIC: [8] Undefined variable: Think D:\www_efan\Application\Runtime\Cache\Home\8cc16675c4c4cf00393fc15126d7c183.php 第 176 行.
NOTIC: [8] Undefined variable: Think D:\www_efan\Application\Runtime\Cache\Home\8cc16675c4c4cf00393fc15126d7c183.php 第 177 行.
NOTIC: [8] Undefined variable: Think D:\www_efan\Application\Runtime\Cache\Home\8cc16675c4c4cf00393fc15126d7c183.php 第 172 行.
NOTIC: [8] Undefined variable: Think D:\www_efan\Application\Runtime\Cache\Home\8cc16675c4c4cf00393fc15126d7c183.php 第 173 行.
NOTIC: [8] Undefined variable: Think D:\www_efan\Application\Runtime\Cache\Home\8cc16675c4c4cf00393fc15126d7c183.php 第 174 行.
NOTIC: [8] Undefined variable: Think D:\www_efan\Application\Runtime\Cache\Home\8cc16675c4c4cf00393fc15126d7c183.php 第 175 行.
NOTIC: [8] Undefined variable: Think D:\www_efan\Application\Runtime\Cache\Home\8cc16675c4c4cf00393fc15126d7c183.php 第 176 行.
NOTIC: [8] Undefined variable: Think D:\www_efan\Application\Runtime\Cache\Home\8cc16675c4c4cf00393fc15126d7c183.php 第 177 行.
NOTIC: [8] Undefined variable: Think D:\www_efan\Application\Runtime\Cache\Home\8cc16675c4c4cf00393fc15126d7c183.php 第 172 行.
NOTIC: [8] Undefined variable: Think D:\www_efan\Application\Runtime\Cache\Home\8cc16675c4c4cf00393fc15126d7c183.php 第 173 行.
NOTIC: [8] Undefined variable: Think D:\www_efan\Application\Runtime\Cache\Home\8cc16675c4c4cf00393fc15126d7c183.php 第 174 行.
NOTIC: [8] Undefined variable: Think D:\www_efan\Application\Runtime\Cache\Home\8cc16675c4c4cf00393fc15126d7c183.php 第 175 行.
NOTIC: [8] Undefined variable: Think D:\www_efan\Application\Runtime\Cache\Home\8cc16675c4c4cf00393fc15126d7c183.php 第 176 行.
NOTIC: [8] Undefined variable: Think D:\www_efan\Application\Runtime\Cache\Home\8cc16675c4c4cf00393fc15126d7c183.php 第 177 行.
NOTIC: [8] Undefined variable: Think D:\www_efan\Application\Runtime\Cache\Home\8cc16675c4c4cf00393fc15126d7c183.php 第 172 行.
NOTIC: [8] Undefined variable: Think D:\www_efan\Application\Runtime\Cache\Home\8cc16675c4c4cf00393fc15126d7c183.php 第 173 行.
NOTIC: [8] Undefined variable: Think D:\www_efan\Application\Runtime\Cache\Home\8cc16675c4c4cf00393fc15126d7c183.php 第 174 行.
NOTIC: [8] Undefined variable: Think D:\www_efan\Application\Runtime\Cache\Home\8cc16675c4c4cf00393fc15126d7c183.php 第 175 行.
NOTIC: [8] Undefined variable: Think D:\www_efan\Application\Runtime\Cache\Home\8cc16675c4c4cf00393fc15126d7c183.php 第 176 行.
NOTIC: [8] Undefined variable: Think D:\www_efan\Application\Runtime\Cache\Home\8cc16675c4c4cf00393fc15126d7c183.php 第 177 行.
NOTIC: [8] Undefined variable: Think D:\www_efan\Application\Runtime\Cache\Home\8cc16675c4c4cf00393fc15126d7c183.php 第 172 行.
NOTIC: [8] Undefined variable: Think D:\www_efan\Application\Runtime\Cache\Home\8cc16675c4c4cf00393fc15126d7c183.php 第 173 行.
NOTIC: [8] Undefined variable: Think D:\www_efan\Application\Runtime\Cache\Home\8cc16675c4c4cf00393fc15126d7c183.php 第 174 行.
NOTIC: [8] Undefined variable: Think D:\www_efan\Application\Runtime\Cache\Home\8cc16675c4c4cf00393fc15126d7c183.php 第 175 行.
NOTIC: [8] Undefined variable: Think D:\www_efan\Application\Runtime\Cache\Home\8cc16675c4c4cf00393fc15126d7c183.php 第 176 行.
NOTIC: [8] Undefined variable: Think D:\www_efan\Application\Runtime\Cache\Home\8cc16675c4c4cf00393fc15126d7c183.php 第 177 行.
NOTIC: [8] Undefined variable: Think D:\www_efan\Application\Runtime\Cache\Home\8cc16675c4c4cf00393fc15126d7c183.php 第 172 行.
NOTIC: [8] Undefined variable: Think D:\www_efan\Application\Runtime\Cache\Home\8cc16675c4c4cf00393fc15126d7c183.php 第 173 行.
NOTIC: [8] Undefined variable: Think D:\www_efan\Application\Runtime\Cache\Home\8cc16675c4c4cf00393fc15126d7c183.php 第 174 行.
NOTIC: [8] Undefined variable: Think D:\www_efan\Application\Runtime\Cache\Home\8cc16675c4c4cf00393fc15126d7c183.php 第 175 行.
NOTIC: [8] Undefined variable: Think D:\www_efan\Application\Runtime\Cache\Home\8cc16675c4c4cf00393fc15126d7c183.php 第 176 行.
NOTIC: [8] Undefined variable: Think D:\www_efan\Application\Runtime\Cache\Home\8cc16675c4c4cf00393fc15126d7c183.php 第 177 行.
NOTIC: [8] Undefined variable: Think D:\www_efan\Application\Runtime\Cache\Home\8cc16675c4c4cf00393fc15126d7c183.php 第 172 行.
NOTIC: [8] Undefined variable: Think D:\www_efan\Application\Runtime\Cache\Home\8cc16675c4c4cf00393fc15126d7c183.php 第 173 行.
NOTIC: [8] Undefined variable: Think D:\www_efan\Application\Runtime\Cache\Home\8cc16675c4c4cf00393fc15126d7c183.php 第 174 行.
NOTIC: [8] Undefined variable: Think D:\www_efan\Application\Runtime\Cache\Home\8cc16675c4c4cf00393fc15126d7c183.php 第 175 行.
NOTIC: [8] Undefined variable: Think D:\www_efan\Application\Runtime\Cache\Home\8cc16675c4c4cf00393fc15126d7c183.php 第 176 行.
NOTIC: [8] Undefined variable: Think D:\www_efan\Application\Runtime\Cache\Home\8cc16675c4c4cf00393fc15126d7c183.php 第 177 行.
NOTIC: [8] Undefined variable: Think D:\www_efan\Application\Runtime\Cache\Home\8cc16675c4c4cf00393fc15126d7c183.php 第 172 行.
NOTIC: [8] Undefined variable: Think D:\www_efan\Application\Runtime\Cache\Home\8cc16675c4c4cf00393fc15126d7c183.php 第 173 行.
NOTIC: [8] Undefined variable: Think D:\www_efan\Application\Runtime\Cache\Home\8cc16675c4c4cf00393fc15126d7c183.php 第 174 行.
NOTIC: [8] Undefined variable: Think D:\www_efan\Application\Runtime\Cache\Home\8cc16675c4c4cf00393fc15126d7c183.php 第 175 行.
NOTIC: [8] Undefined variable: Think D:\www_efan\Application\Runtime\Cache\Home\8cc16675c4c4cf00393fc15126d7c183.php 第 176 行.
NOTIC: [8] Undefined variable: Think D:\www_efan\Application\Runtime\Cache\Home\8cc16675c4c4cf00393fc15126d7c183.php 第 177 行.
NOTIC: [8] Undefined variable: Think D:\www_efan\Application\Runtime\Cache\Home\8cc16675c4c4cf00393fc15126d7c183.php 第 172 行.
NOTIC: [8] Undefined variable: Think D:\www_efan\Application\Runtime\Cache\Home\8cc16675c4c4cf00393fc15126d7c183.php 第 173 行.
NOTIC: [8] Undefined variable: Think D:\www_efan\Application\Runtime\Cache\Home\8cc16675c4c4cf00393fc15126d7c183.php 第 174 行.
NOTIC: [8] Undefined variable: Think D:\www_efan\Application\Runtime\Cache\Home\8cc16675c4c4cf00393fc15126d7c183.php 第 175 行.
NOTIC: [8] Undefined variable: Think D:\www_efan\Application\Runtime\Cache\Home\8cc16675c4c4cf00393fc15126d7c183.php 第 176 行.
NOTIC: [8] Undefined variable: Think D:\www_efan\Application\Runtime\Cache\Home\8cc16675c4c4cf00393fc15126d7c183.php 第 177 行.
NOTIC: [8] Undefined variable: Think D:\www_efan\Application\Runtime\Cache\Home\8cc16675c4c4cf00393fc15126d7c183.php 第 172 行.
NOTIC: [8] Undefined variable: Think D:\www_efan\Application\Runtime\Cache\Home\8cc16675c4c4cf00393fc15126d7c183.php 第 173 行.
NOTIC: [8] Undefined variable: Think D:\www_efan\Application\Runtime\Cache\Home\8cc16675c4c4cf00393fc15126d7c183.php 第 174 行.
NOTIC: [8] Undefined variable: Think D:\www_efan\Application\Runtime\Cache\Home\8cc16675c4c4cf00393fc15126d7c183.php 第 175 行.
NOTIC: [8] Undefined variable: Think D:\www_efan\Application\Runtime\Cache\Home\8cc16675c4c4cf00393fc15126d7c183.php 第 176 行.
NOTIC: [8] Undefined variable: Think D:\www_efan\Application\Runtime\Cache\Home\8cc16675c4c4cf00393fc15126d7c183.php 第 177 行.
NOTIC: [8] Undefined variable: Think D:\www_efan\Application\Runtime\Cache\Home\8cc16675c4c4cf00393fc15126d7c183.php 第 172 行.
NOTIC: [8] Undefined variable: Think D:\www_efan\Application\Runtime\Cache\Home\8cc16675c4c4cf00393fc15126d7c183.php 第 173 行.
NOTIC: [8] Undefined variable: Think D:\www_efan\Application\Runtime\Cache\Home\8cc16675c4c4cf00393fc15126d7c183.php 第 174 行.
NOTIC: [8] Undefined variable: Think D:\www_efan\Application\Runtime\Cache\Home\8cc16675c4c4cf00393fc15126d7c183.php 第 175 行.
NOTIC: [8] Undefined variable: Think D:\www_efan\Application\Runtime\Cache\Home\8cc16675c4c4cf00393fc15126d7c183.php 第 176 行.
NOTIC: [8] Undefined variable: Think D:\www_efan\Application\Runtime\Cache\Home\8cc16675c4c4cf00393fc15126d7c183.php 第 177 行.
NOTIC: [8] Undefined variable: Think D:\www_efan\Application\Runtime\Cache\Home\8cc16675c4c4cf00393fc15126d7c183.php 第 172 行.
NOTIC: [8] Undefined variable: Think D:\www_efan\Application\Runtime\Cache\Home\8cc16675c4c4cf00393fc15126d7c183.php 第 173 行.
NOTIC: [8] Undefined variable: Think D:\www_efan\Application\Runtime\Cache\Home\8cc16675c4c4cf00393fc15126d7c183.php 第 174 行.
NOTIC: [8] Undefined variable: Think D:\www_efan\Application\Runtime\Cache\Home\8cc16675c4c4cf00393fc15126d7c183.php 第 175 行.
NOTIC: [8] Undefined variable: Think D:\www_efan\Application\Runtime\Cache\Home\8cc16675c4c4cf00393fc15126d7c183.php 第 176 行.
NOTIC: [8] Undefined variable: Think D:\www_efan\Application\Runtime\Cache\Home\8cc16675c4c4cf00393fc15126d7c183.php 第 177 行.
NOTIC: [8] Undefined variable: Think D:\www_efan\Application\Runtime\Cache\Home\8cc16675c4c4cf00393fc15126d7c183.php 第 243 行.
NOTIC: [8] Undefined variable: Think D:\www_efan\Application\Runtime\Cache\Home\8cc16675c4c4cf00393fc15126d7c183.php 第 285 行.
NOTIC: [8] Undefined variable: Think D:\www_efan\Application\Runtime\Cache\Home\8cc16675c4c4cf00393fc15126d7c183.php 第 328 行.
INFO: Run Behavior\ParseTemplateBehavior [ RunTime:0.018255s ]
INFO: [ view_parse ] --END-- [ RunTime:0.018295s ]
INFO: [ view_filter ] --START--
INFO: Run Behavior\WriteHtmlCacheBehavior [ RunTime:0.000373s ]
INFO: [ view_filter ] --END-- [ RunTime:0.000402s ]
INFO: [ app_end ] --START--
INFO: Run Behavior\ShowPageTraceBehavior [ RunTime:0.000732s ]
INFO: [ app_end ] --END-- [ RunTime:0.000777s ]

[ 2017-07-21T21:44:06+08:00 ] 192.168.199.251 /index.php/Home/Mobile/Mobileadmin/index/key/MOBILEADMIN.efan
INFO: [ app_init ] --START--
INFO: Run Behavior\BuildLiteBehavior [ RunTime:0.000010s ]
INFO: [ app_init ] --END-- [ RunTime:0.000304s ]
INFO: [ app_begin ] --START--
INFO: Run Behavior\ReadHtmlCacheBehavior [ RunTime:0.000482s ]
INFO: [ app_begin ] --END-- [ RunTime:0.000520s ]
NOTIC: [8] Use of undefined constant URL_HTML_SUFFIX - assumed 'URL_HTML_SUFFIX' D:\www_efan\Application\Home\Controller\HomeController.class.php 第 211 行.
SQL: SHOW COLUMNS FROM `efan_module` [ RunTime:0.0047s ]
SQL: SELECT COUNT(*) AS tp_count FROM `efan_module` WHERE `url` = 'Mobile/Mobileadmin/index' AND `key` = 'MOBILEADMIN' AND `hide` = 0 LIMIT 1   [ RunTime:0.0002s ]
SQL: SHOW COLUMNS FROM `efan_auth_group_module` [ RunTime:0.0022s ]
SQL: SELECT * FROM `efan_auth_group_module` WHERE `module_key` = 'MOBILEADMIN'  [ RunTime:0.0002s ]
NOTIC: [8] Undefined index: group_id D:\www_efan\Application\Home\Controller\HomeController.class.php 第 173 行.
SQL: SELECT DISTINCT  `permision` FROM `efan_auth_group_module` WHERE `module_key` = 'MOBILEADMIN'  [ RunTime:0.0002s ]
SQL: SHOW COLUMNS FROM `efan_interim_permision` [ RunTime:0.0024s ]
SQL: SELECT `interimpermision` FROM `efan_interim_permision` WHERE `uid` = 18 AND `time` > 1500644646  [ RunTime:0.0002s ]
NOTIC: [8] Undefined variable: authGroupAccess D:\www_efan\Application\Home\Controller\HomeController.class.php 第 109 行.
NOTIC: [2] Invalid argument supplied for foreach() D:\www_efan\Application\Home\Controller\HomeController.class.php 第 109 行.
SQL: SHOW COLUMNS FROM `efan_auth_group_module` [ RunTime:0.0021s ]
SQL: SELECT DISTINCT  `module_key` FROM `efan_auth_group_module` WHERE `permision` <= 10  [ RunTime:0.0007s ]
SQL: SHOW COLUMNS FROM `efan_interim_permision` [ RunTime:0.0026s ]
SQL: SELECT `interimpermision` FROM `efan_interim_permision` WHERE `uid` = 18 AND `time` > 1500644646  [ RunTime:0.0002s ]
SQL: SHOW COLUMNS FROM `efan_module` [ RunTime:0.0025s ]
SQL: SELECT `title`,`url`,`key`,`pid`,`pic` FROM `efan_module` WHERE `key` IN ('CREATIVECLUB','CREATIVECLUBLIST','CREATIVECLUBLISTREPLY','CREATIVECLUBLISTREPLYDELETE','CREATIVECLUBLISTREPLYDISCUSS','CREATIVECLUBLISTREPLYREPLY','CREATIVECLUBLISTREPLYRETURN','INFORMATION','INFORMATIONBUG','INFORMATIONBUGSUBMIT','INFORMATIONCHANGEPASSWORD','INFORMATIONCHANGEPASSWORDSUBMIT','INFORMATIONLOGINOUT','INFORMATIONUSER','INFORMATIONUSERSUBMIT','MOBILE','MOBILECREATIVE','MOBILECREATIVESUBMIT','MOBILELIST','MOBILELISTDELETE','MOBILELISTEDIT','MOBILELISTEDITSUBMIT','MOBILELISTLOOK','TEAMDAILY','TEAMDAILYLIST','TEAMDAILYLISTLOOK','TEAMDAILYLISTUPLOAD','TEAMDAILYNEW','TEAMDAILYOTHER','TEAMDAILYOTHERSUBMIT','TEAMDAILYSUBMIT','WELCOMEINDEX','WELCOMEINDEXNOTICE','MOBILESCORE','MOBILESCORESCORE','MOBILESCORESCORESUBMIT','CREATIVECLUBADMIN','CREATIVECLUBADMINCLOSE','CREATIVECLUBADMINCOUNTNO','CREATIVECLUBADMINDELETE','CREATIVECLUBADMINDOWNLOAD','CREATIVECLUBADMINEDIT','CREATIVECLUBADMINEDITEDIT','CREATIVECLUBADMINGROUP','CREATIVECLUBADMINGROUPSUBMIT','CREATIVECLUBADMINLEADINGIN','CREATIVECLUBADMINOPEN','CREATIVECLUBADMINPDF','CREATIVECLUBLISTEDIT','CREATIVECLUBLISTEDITSUBMIT','CREATIVECLUBLISTREPLYEDIT','CREATIVECLUBLISTREPLYEDITSUBMIT','CREATIVECLUBNEW','CREATIVECLUBNEWSUBMIT','MOBIELADMINSUBMITTIMENEWSUBMIT','MOBILEADMIN','MOBILEADMINDELETE','MOBILEADMINEDIT','MOBILEADMINEDITSUBMIT','MOBILEADMINGROUPLIST','MOBILEADMINGROUPLISTDELETE','MOBILEADMINGROUPLISTEDIT','MOBILEADMINGROUPLISTEDITSUBMIT','MOBILEADMINGROUPLISTLOCK','MOBILEADMINGROUPLISTNEW','MOBILEADMINGROUPLISTNEWSUBMIT','MOBILEADMINGROUPLISTUNLOCK','MOBILEADMINSUBMITTIME','MOBILEADMINSUBMITTIMEDELETE','MOBILEADMINSUBMITTIMEEDIT','MOBILEADMINSUBMITTIMEEDITSUBMIT','MOBILEADMINSUBMITTIMENEW','MOBILEADMINUPLOADLEADER','RECRUIT','RECRUITCHANGE','RECRUITINDEX','RECRUITVIEW','AUDITION','AUDITIONADD','AUDITIONEDIT','AUDITIONEDITSUBMIT','AUDITIONIN','AUDITIONINTERIM','AUDITIONLAST','AUDITIONNEXT','AUDITIONOUT','AUDITIONROTATION','AUDITIONSENDMESSAGE','AUDITIONTIME','AUDITIONTIMESUBMIT','RECRUITADMIN','RECRUITADMINNEW','RECRUITADMINNEWSUBMIT','SYSTEM','SYSTEMMAJOREDIT','SYSTEMMAJORINDEX','SYSTEMMAJORNEW','SYSTEMMAJORNEWSUBMIT','USERCHANGEPERMISION','USERDELETE','USERDISLIMITLOGIN','USEREDIT','USEREDITSUBMIT','USERINFORMATION','USERINTERIMPERMISION','USERINTERIMPERMISIONDELETE','USERINTERIMPERMISIONEDIT','USERINTERIMPERMISIONEDITSUBMIT','USERINTERIMPERMISIONNEW','USERINTERIMPERMISIONNEWSUBMIT','USERLEADINGIN','USERLEADINGINSUBMIT','USERLIMITLOGIN','USERLIST','USERMESSAGE','USERMESSAGESEND','USERNEW','USERNEWSUBMIT','USERRESETPASSWORLD','USERTEMPLEDOWNLOAD','WELCOMEINDEXNOTICEDELETE','WELCOMEINDEXNOTICEDISIMPORTANT','WELCOMEINDEXNOTICEEDIT','WELCOMEINDEXNOTICEEDITSUBMIT','WELCOMEINDEXNOTICEIMPORTANT','WELCOMEINDEXNOTICENEW','WELCOMEINDEXNOTICENEWSUBMIT','MOBILELEADER','MOBILELEADERCHANGE','MOBILELEADERCHANGESUBMIT','TEAMDAILYADMIN','TEAMDAILYADMINLOOK','TEAMDAILYADMINMAKE') AND `hide` = 0 AND `type` = 1 ORDER BY sort asc  [ RunTime:0.0009s ]
SQL: SHOW COLUMNS FROM `efan_module` [ RunTime:0.0027s ]
SQL: SELECT `url`,`key` FROM `efan_module` WHERE `hide` = 0 AND `pid` = 'MOBILEADMIN' AND `type` = 2 ORDER BY sort asc  [ RunTime:0.0004s ]
SQL: SHOW COLUMNS FROM `efan_auth_group_module` [ RunTime:0.0021s ]
SQL: SELECT DISTINCT  `module_key` FROM `efan_auth_group_module` WHERE `permision` <= 10  [ RunTime:0.0007s ]
SQL: SHOW COLUMNS FROM `efan_interim_permision` [ RunTime:0.0023s ]
SQL: SELECT `interimpermision` FROM `efan_interim_permision` WHERE `uid` = 18 AND `time` > 1500644646  [ RunTime:0.0002s ]
SQL: SHOW COLUMNS FROM `efan_user` [ RunTime:0.0026s ]
SQL: SELECT `id`,`name`,`uid`,`url` FROM `efan_user` WHERE `uid` = 18  [ RunTime:0.0002s ]
SQL: SHOW COLUMNS FROM `efan_mobile_group` [ RunTime:0.0021s ]
SQL: SELECT * FROM `efan_mobile_group`  [ RunTime:0.0002s ]
SQL: SHOW COLUMNS FROM `efan_mobile_creative_time` [ RunTime:0.0023s ]
SQL: SHOW COLUMNS FROM `efan_mobile_creative` [ RunTime:0.0023s ]
SQL: SELECT * FROM `efan_mobile_creative`  [ RunTime:0.0002s ]
SQL: SHOW COLUMNS FROM `efan_user` [ RunTime:0.0027s ]
SQL: SELECT `name` FROM `efan_user` WHERE `uid` = 18 LIMIT 1   [ RunTime:0.0002s ]
SQL: SELECT `info` FROM `efan_mobile_creative_time` WHERE `creative_time_start` <= '1499354057' AND `creative_time_end` >= '1499354057' LIMIT 1   [ RunTime:0.0002s ]
SQL: SELECT `name` FROM `efan_user` WHERE `uid` = 18 LIMIT 1   [ RunTime:0.0001s ]
SQL: SELECT `info` FROM `efan_mobile_creative_time` WHERE `creative_time_start` <= '1499354940' AND `creative_time_end` >= '1499354940' LIMIT 1   [ RunTime:0.0002s ]
INFO: [ view_parse ] --START--
INFO: [ template_filter ] --START--
INFO: Run Behavior\ContentReplaceBehavior [ RunTime:0.000218s ]
INFO: [ template_filter ] --END-- [ RunTime:0.000256s ]
NOTIC: [8] Undefined index: state D:\www_efan\Application\Runtime\Cache\Home\d2752404b8487697e839958f51f740c9.php 第 172 行.
NOTIC: [8] Undefined index: state D:\www_efan\Application\Runtime\Cache\Home\d2752404b8487697e839958f51f740c9.php 第 178 行.
NOTIC: [8] Undefined index: state D:\www_efan\Application\Runtime\Cache\Home\d2752404b8487697e839958f51f740c9.php 第 172 行.
NOTIC: [8] Undefined index: state D:\www_efan\Application\Runtime\Cache\Home\d2752404b8487697e839958f51f740c9.php 第 178 行.
NOTIC: [8] Undefined variable: permisionList D:\www_efan\Application\Runtime\Cache\Home\d2752404b8487697e839958f51f740c9.php 第 275 行.
NOTIC: [8] Undefined variable: interimPermisionList D:\www_efan\Application\Runtime\Cache\Home\d2752404b8487697e839958f51f740c9.php 第 361 行.
INFO: Run Behavior\ParseTemplateBehavior [ RunTime:0.013391s ]
INFO: [ view_parse ] --END-- [ RunTime:0.013428s ]
INFO: [ view_filter ] --START--
INFO: Run Behavior\WriteHtmlCacheBehavior [ RunTime:0.000281s ]
INFO: [ view_filter ] --END-- [ RunTime:0.000309s ]
INFO: [ app_end ] --START--
INFO: Run Behavior\ShowPageTraceBehavior [ RunTime:0.000540s ]
INFO: [ app_end ] --END-- [ RunTime:0.000576s ]

[ 2017-07-21T21:45:08+08:00 ] 192.168.199.251 /index.php/Home/Creative/Admin/index/key/CREATIVECLUBADMIN.efan
INFO: [ app_init ] --START--
INFO: Run Behavior\BuildLiteBehavior [ RunTime:0.000012s ]
INFO: [ app_init ] --END-- [ RunTime:0.000284s ]
INFO: [ app_begin ] --START--
INFO: Run Behavior\ReadHtmlCacheBehavior [ RunTime:0.000392s ]
INFO: [ app_begin ] --END-- [ RunTime:0.000430s ]
NOTIC: [8] Use of undefined constant URL_HTML_SUFFIX - assumed 'URL_HTML_SUFFIX' D:\www_efan\Application\Home\Controller\HomeController.class.php 第 211 行.
SQL: SHOW COLUMNS FROM `efan_module` [ RunTime:0.0046s ]
SQL: SELECT COUNT(*) AS tp_count FROM `efan_module` WHERE `url` = 'Creative/Admin/index' AND `key` = 'CREATIVECLUBADMIN' AND `hide` = 0 LIMIT 1   [ RunTime:0.0002s ]
SQL: SHOW COLUMNS FROM `efan_auth_group_module` [ RunTime:0.0025s ]
SQL: SELECT * FROM `efan_auth_group_module` WHERE `module_key` = 'CREATIVECLUBADMIN'  [ RunTime:0.0003s ]
NOTIC: [8] Undefined index: group_id D:\www_efan\Application\Home\Controller\HomeController.class.php 第 173 行.
SQL: SELECT DISTINCT  `permision` FROM `efan_auth_group_module` WHERE `module_key` = 'CREATIVECLUBADMIN'  [ RunTime:0.0002s ]
SQL: SHOW COLUMNS FROM `efan_interim_permision` [ RunTime:0.0027s ]
SQL: SELECT `interimpermision` FROM `efan_interim_permision` WHERE `uid` = 18 AND `time` > 1500644708  [ RunTime:0.0002s ]
NOTIC: [8] Undefined variable: authGroupAccess D:\www_efan\Application\Home\Controller\HomeController.class.php 第 109 行.
NOTIC: [2] Invalid argument supplied for foreach() D:\www_efan\Application\Home\Controller\HomeController.class.php 第 109 行.
SQL: SHOW COLUMNS FROM `efan_auth_group_module` [ RunTime:0.0022s ]
SQL: SELECT DISTINCT  `module_key` FROM `efan_auth_group_module` WHERE `permision` <= 10  [ RunTime:0.0007s ]
SQL: SHOW COLUMNS FROM `efan_interim_permision` [ RunTime:0.0024s ]
SQL: SELECT `interimpermision` FROM `efan_interim_permision` WHERE `uid` = 18 AND `time` > 1500644708  [ RunTime:0.0002s ]
SQL: SHOW COLUMNS FROM `efan_module` [ RunTime:0.0025s ]
SQL: SELECT `title`,`url`,`key`,`pid`,`pic` FROM `efan_module` WHERE `key` IN ('CREATIVECLUB','CREATIVECLUBLIST','CREATIVECLUBLISTREPLY','CREATIVECLUBLISTREPLYDELETE','CREATIVECLUBLISTREPLYDISCUSS','CREATIVECLUBLISTREPLYREPLY','CREATIVECLUBLISTREPLYRETURN','INFORMATION','INFORMATIONBUG','INFORMATIONBUGSUBMIT','INFORMATIONCHANGEPASSWORD','INFORMATIONCHANGEPASSWORDSUBMIT','INFORMATIONLOGINOUT','INFORMATIONUSER','INFORMATIONUSERSUBMIT','MOBILE','MOBILECREATIVE','MOBILECREATIVESUBMIT','MOBILELIST','MOBILELISTDELETE','MOBILELISTEDIT','MOBILELISTEDITSUBMIT','MOBILELISTLOOK','TEAMDAILY','TEAMDAILYLIST','TEAMDAILYLISTLOOK','TEAMDAILYLISTUPLOAD','TEAMDAILYNEW','TEAMDAILYOTHER','TEAMDAILYOTHERSUBMIT','TEAMDAILYSUBMIT','WELCOMEINDEX','WELCOMEINDEXNOTICE','MOBILESCORE','MOBILESCORESCORE','MOBILESCORESCORESUBMIT','CREATIVECLUBADMIN','CREATIVECLUBADMINCLOSE','CREATIVECLUBADMINCOUNTNO','CREATIVECLUBADMINDELETE','CREATIVECLUBADMINDOWNLOAD','CREATIVECLUBADMINEDIT','CREATIVECLUBADMINEDITEDIT','CREATIVECLUBADMINGROUP','CREATIVECLUBADMINGROUPSUBMIT','CREATIVECLUBADMINLEADINGIN','CREATIVECLUBADMINOPEN','CREATIVECLUBADMINPDF','CREATIVECLUBLISTEDIT','CREATIVECLUBLISTEDITSUBMIT','CREATIVECLUBLISTREPLYEDIT','CREATIVECLUBLISTREPLYEDITSUBMIT','CREATIVECLUBNEW','CREATIVECLUBNEWSUBMIT','MOBIELADMINSUBMITTIMENEWSUBMIT','MOBILEADMIN','MOBILEADMINDELETE','MOBILEADMINEDIT','MOBILEADMINEDITSUBMIT','MOBILEADMINGROUPLIST','MOBILEADMINGROUPLISTDELETE','MOBILEADMINGROUPLISTEDIT','MOBILEADMINGROUPLISTEDITSUBMIT','MOBILEADMINGROUPLISTLOCK','MOBILEADMINGROUPLISTNEW','MOBILEADMINGROUPLISTNEWSUBMIT','MOBILEADMINGROUPLISTUNLOCK','MOBILEADMINSUBMITTIME','MOBILEADMINSUBMITTIMEDELETE','MOBILEADMINSUBMITTIMEEDIT','MOBILEADMINSUBMITTIMEEDITSUBMIT','MOBILEADMINSUBMITTIMENEW','MOBILEADMINUPLOADLEADER','RECRUIT','RECRUITCHANGE','RECRUITINDEX','RECRUITVIEW','AUDITION','AUDITIONADD','AUDITIONEDIT','AUDITIONEDITSUBMIT','AUDITIONIN','AUDITIONINTERIM','AUDITIONLAST','AUDITIONNEXT','AUDITIONOUT','AUDITIONROTATION','AUDITIONSENDMESSAGE','AUDITIONTIME','AUDITIONTIMESUBMIT','RECRUITADMIN','RECRUITADMINNEW','RECRUITADMINNEWSUBMIT','SYSTEM','SYSTEMMAJOREDIT','SYSTEMMAJORINDEX','SYSTEMMAJORNEW','SYSTEMMAJORNEWSUBMIT','USERCHANGEPERMISION','USERDELETE','USERDISLIMITLOGIN','USEREDIT','USEREDITSUBMIT','USERINFORMATION','USERINTERIMPERMISION','USERINTERIMPERMISIONDELETE','USERINTERIMPERMISIONEDIT','USERINTERIMPERMISIONEDITSUBMIT','USERINTERIMPERMISIONNEW','USERINTERIMPERMISIONNEWSUBMIT','USERLEADINGIN','USERLEADINGINSUBMIT','USERLIMITLOGIN','USERLIST','USERMESSAGE','USERMESSAGESEND','USERNEW','USERNEWSUBMIT','USERRESETPASSWORLD','USERTEMPLEDOWNLOAD','WELCOMEINDEXNOTICEDELETE','WELCOMEINDEXNOTICEDISIMPORTANT','WELCOMEINDEXNOTICEEDIT','WELCOMEINDEXNOTICEEDITSUBMIT','WELCOMEINDEXNOTICEIMPORTANT','WELCOMEINDEXNOTICENEW','WELCOMEINDEXNOTICENEWSUBMIT','MOBILELEADER','MOBILELEADERCHANGE','MOBILELEADERCHANGESUBMIT','TEAMDAILYADMIN','TEAMDAILYADMINLOOK','TEAMDAILYADMINMAKE') AND `hide` = 0 AND `type` = 1 ORDER BY sort asc  [ RunTime:0.0009s ]
SQL: SHOW COLUMNS FROM `efan_module` [ RunTime:0.0026s ]
SQL: SELECT `url`,`key` FROM `efan_module` WHERE `hide` = 0 AND `pid` = 'CREATIVECLUBADMIN' AND `type` = 2 ORDER BY sort asc  [ RunTime:0.0003s ]
SQL: SHOW COLUMNS FROM `efan_auth_group_module` [ RunTime:0.0023s ]
SQL: SELECT DISTINCT  `module_key` FROM `efan_auth_group_module` WHERE `permision` <= 10  [ RunTime:0.0007s ]
SQL: SHOW COLUMNS FROM `efan_interim_permision` [ RunTime:0.0025s ]
SQL: SELECT `interimpermision` FROM `efan_interim_permision` WHERE `uid` = 18 AND `time` > 1500644708  [ RunTime:0.0002s ]
SQL: SHOW COLUMNS FROM `efan_user` [ RunTime:0.0029s ]
SQL: SELECT `id`,`name`,`uid`,`url` FROM `efan_user` WHERE `uid` = 18  [ RunTime:0.0002s ]
SQL: SHOW COLUMNS FROM `efan_creative` [ RunTime:0.0025s ]
SQL: SELECT `id`,`uid`,`creativetitle`,`group`,`state`,`zentaostate`,`pdfurl` FROM `efan_creative`  [ RunTime:0.0002s ]
SQL: SHOW COLUMNS FROM `efan_user` [ RunTime:0.0027s ]
SQL: SHOW COLUMNS FROM `efan_creative_group` [ RunTime:0.0024s ]
SQL: SELECT `name` FROM `efan_user` WHERE `uid` = 18 LIMIT 1   [ RunTime:0.0002s ]
SQL: SELECT `group` FROM `efan_creative_group` WHERE `id` = 2 LIMIT 1   [ RunTime:0.0002s ]
SQL: SELECT `name` FROM `efan_user` WHERE `uid` = 18 LIMIT 1   [ RunTime:0.0002s ]
SQL: SELECT `group` FROM `efan_creative_group` WHERE `id` = 1 LIMIT 1   [ RunTime:0.0002s ]
SQL: SELECT `name` FROM `efan_user` WHERE `uid` = 18 LIMIT 1   [ RunTime:0.0001s ]
SQL: SELECT `group` FROM `efan_creative_group` WHERE `id` = 2 LIMIT 1   [ RunTime:0.0001s ]
SQL: SELECT `name` FROM `efan_user` WHERE `uid` = 18 LIMIT 1   [ RunTime:0.0001s ]
SQL: SELECT `group` FROM `efan_creative_group` WHERE `id` = 1 LIMIT 1   [ RunTime:0.0001s ]
SQL: SELECT `name` FROM `efan_user` WHERE `uid` = 18 LIMIT 1   [ RunTime:0.0001s ]
SQL: SELECT `group` FROM `efan_creative_group` WHERE `id` = 1 LIMIT 1   [ RunTime:0.0001s ]
SQL: SELECT `name` FROM `efan_user` WHERE `uid` = 18 LIMIT 1   [ RunTime:0.0001s ]
SQL: SELECT `group` FROM `efan_creative_group` WHERE `id` = 2 LIMIT 1   [ RunTime:0.0001s ]
SQL: SELECT `name` FROM `efan_user` WHERE `uid` = 18 LIMIT 1   [ RunTime:0.0001s ]
SQL: SELECT `group` FROM `efan_creative_group` WHERE `id` = 1 LIMIT 1   [ RunTime:0.0001s ]
SQL: SELECT `name` FROM `efan_user` WHERE `uid` = 18 LIMIT 1   [ RunTime:0.0001s ]
SQL: SELECT `group` FROM `efan_creative_group` WHERE `id` = 2 LIMIT 1   [ RunTime:0.0001s ]
SQL: SELECT `name` FROM `efan_user` WHERE `uid` = 18 LIMIT 1   [ RunTime:0.0001s ]
SQL: SELECT `group` FROM `efan_creative_group` WHERE `id` = 3 LIMIT 1   [ RunTime:0.0001s ]
SQL: SELECT `name` FROM `efan_user` WHERE `uid` = 18 LIMIT 1   [ RunTime:0.0001s ]
SQL: SELECT `group` FROM `efan_creative_group` WHERE `id` = 3 LIMIT 1   [ RunTime:0.0001s ]
SQL: SELECT `name` FROM `efan_user` WHERE `uid` = 18 LIMIT 1   [ RunTime:0.0002s ]
SQL: SELECT `group` FROM `efan_creative_group` WHERE `id` = 4 LIMIT 1   [ RunTime:0.0001s ]
INFO: [ view_parse ] --START--
INFO: [ template_filter ] --START--
INFO: Run Behavior\ContentReplaceBehavior [ RunTime:0.000156s ]
INFO: [ template_filter ] --END-- [ RunTime:0.000203s ]
NOTIC: [8] Undefined variable: Think D:\www_efan\Application\Runtime\Cache\Home\dfae7c47a7fd92899b52de889f96540d.php 第 117 行.
NOTIC: [8] Undefined variable: Think D:\www_efan\Application\Runtime\Cache\Home\dfae7c47a7fd92899b52de889f96540d.php 第 118 行.
NOTIC: [8] Undefined variable: Think D:\www_efan\Application\Runtime\Cache\Home\dfae7c47a7fd92899b52de889f96540d.php 第 119 行.
NOTIC: [8] Undefined index: id D:\www_efan\Application\Runtime\Cache\Home\dfae7c47a7fd92899b52de889f96540d.php 第 120 行.
NOTIC: [8] Undefined index: id D:\www_efan\Application\Runtime\Cache\Home\dfae7c47a7fd92899b52de889f96540d.php 第 120 行.
NOTIC: [8] Undefined variable: Think D:\www_efan\Application\Runtime\Cache\Home\dfae7c47a7fd92899b52de889f96540d.php 第 120 行.
NOTIC: [8] Undefined index: id D:\www_efan\Application\Runtime\Cache\Home\dfae7c47a7fd92899b52de889f96540d.php 第 121 行.
NOTIC: [8] Undefined index: id D:\www_efan\Application\Runtime\Cache\Home\dfae7c47a7fd92899b52de889f96540d.php 第 121 行.
NOTIC: [8] Undefined variable: Think D:\www_efan\Application\Runtime\Cache\Home\dfae7c47a7fd92899b52de889f96540d.php 第 121 行.
NOTIC: [8] Undefined index: id D:\www_efan\Application\Runtime\Cache\Home\dfae7c47a7fd92899b52de889f96540d.php 第 121 行.
NOTIC: [8] Undefined index: id D:\www_efan\Application\Runtime\Cache\Home\dfae7c47a7fd92899b52de889f96540d.php 第 122 行.
NOTIC: [8] Undefined index: id D:\www_efan\Application\Runtime\Cache\Home\dfae7c47a7fd92899b52de889f96540d.php 第 122 行.
NOTIC: [8] Undefined variable: Think D:\www_efan\Application\Runtime\Cache\Home\dfae7c47a7fd92899b52de889f96540d.php 第 122 行.
NOTIC: [8] Undefined index: id D:\www_efan\Application\Runtime\Cache\Home\dfae7c47a7fd92899b52de889f96540d.php 第 122 行.
NOTIC: [8] Undefined variable: Think D:\www_efan\Application\Runtime\Cache\Home\dfae7c47a7fd92899b52de889f96540d.php 第 159 行.
NOTIC: [8] Undefined variable: Think D:\www_efan\Application\Runtime\Cache\Home\dfae7c47a7fd92899b52de889f96540d.php 第 160 行.
NOTIC: [8] Undefined variable: Think D:\www_efan\Application\Runtime\Cache\Home\dfae7c47a7fd92899b52de889f96540d.php 第 162 行.
NOTIC: [8] Undefined variable: Think D:\www_efan\Application\Runtime\Cache\Home\dfae7c47a7fd92899b52de889f96540d.php 第 163 行.
NOTIC: [8] Undefined variable: Think D:\www_efan\Application\Runtime\Cache\Home\dfae7c47a7fd92899b52de889f96540d.php 第 164 行.
NOTIC: [8] Undefined variable: Think D:\www_efan\Application\Runtime\Cache\Home\dfae7c47a7fd92899b52de889f96540d.php 第 159 行.
NOTIC: [8] Undefined variable: Think D:\www_efan\Application\Runtime\Cache\Home\dfae7c47a7fd92899b52de889f96540d.php 第 160 行.
NOTIC: [8] Undefined variable: Think D:\www_efan\Application\Runtime\Cache\Home\dfae7c47a7fd92899b52de889f96540d.php 第 162 行.
NOTIC: [8] Undefined variable: Think D:\www_efan\Application\Runtime\Cache\Home\dfae7c47a7fd92899b52de889f96540d.php 第 163 行.
NOTIC: [8] Undefined variable: Think D:\www_efan\Application\Runtime\Cache\Home\dfae7c47a7fd92899b52de889f96540d.php 第 164 行.
NOTIC: [8] Undefined variable: Think D:\www_efan\Application\Runtime\Cache\Home\dfae7c47a7fd92899b52de889f96540d.php 第 159 行.
NOTIC: [8] Undefined variable: Think D:\www_efan\Application\Runtime\Cache\Home\dfae7c47a7fd92899b52de889f96540d.php 第 160 行.
NOTIC: [8] Undefined variable: Think D:\www_efan\Application\Runtime\Cache\Home\dfae7c47a7fd92899b52de889f96540d.php 第 162 行.
NOTIC: [8] Undefined variable: Think D:\www_efan\Application\Runtime\Cache\Home\dfae7c47a7fd92899b52de889f96540d.php 第 163 行.
NOTIC: [8] Undefined variable: Think D:\www_efan\Application\Runtime\Cache\Home\dfae7c47a7fd92899b52de889f96540d.php 第 164 行.
NOTIC: [8] Undefined variable: Think D:\www_efan\Application\Runtime\Cache\Home\dfae7c47a7fd92899b52de889f96540d.php 第 159 行.
NOTIC: [8] Undefined variable: Think D:\www_efan\Application\Runtime\Cache\Home\dfae7c47a7fd92899b52de889f96540d.php 第 160 行.
NOTIC: [8] Undefined variable: Think D:\www_efan\Application\Runtime\Cache\Home\dfae7c47a7fd92899b52de889f96540d.php 第 162 行.
NOTIC: [8] Undefined variable: Think D:\www_efan\Application\Runtime\Cache\Home\dfae7c47a7fd92899b52de889f96540d.php 第 163 行.
NOTIC: [8] Undefined variable: Think D:\www_efan\Application\Runtime\Cache\Home\dfae7c47a7fd92899b52de889f96540d.php 第 164 行.
NOTIC: [8] Undefined variable: Think D:\www_efan\Application\Runtime\Cache\Home\dfae7c47a7fd92899b52de889f96540d.php 第 159 行.
NOTIC: [8] Undefined variable: Think D:\www_efan\Application\Runtime\Cache\Home\dfae7c47a7fd92899b52de889f96540d.php 第 160 行.
NOTIC: [8] Undefined variable: Think D:\www_efan\Application\Runtime\Cache\Home\dfae7c47a7fd92899b52de889f96540d.php 第 162 行.
NOTIC: [8] Undefined variable: Think D:\www_efan\Application\Runtime\Cache\Home\dfae7c47a7fd92899b52de889f96540d.php 第 163 行.
NOTIC: [8] Undefined variable: Think D:\www_efan\Application\Runtime\Cache\Home\dfae7c47a7fd92899b52de889f96540d.php 第 164 行.
NOTIC: [8] Undefined variable: Think D:\www_efan\Application\Runtime\Cache\Home\dfae7c47a7fd92899b52de889f96540d.php 第 159 行.
NOTIC: [8] Undefined variable: Think D:\www_efan\Application\Runtime\Cache\Home\dfae7c47a7fd92899b52de889f96540d.php 第 160 行.
NOTIC: [8] Undefined variable: Think D:\www_efan\Application\Runtime\Cache\Home\dfae7c47a7fd92899b52de889f96540d.php 第 162 行.
NOTIC: [8] Undefined variable: Think D:\www_efan\Application\Runtime\Cache\Home\dfae7c47a7fd92899b52de889f96540d.php 第 163 行.
NOTIC: [8] Undefined variable: Think D:\www_efan\Application\Runtime\Cache\Home\dfae7c47a7fd92899b52de889f96540d.php 第 164 行.
NOTIC: [8] Undefined variable: Think D:\www_efan\Application\Runtime\Cache\Home\dfae7c47a7fd92899b52de889f96540d.php 第 159 行.
NOTIC: [8] Undefined variable: Think D:\www_efan\Application\Runtime\Cache\Home\dfae7c47a7fd92899b52de889f96540d.php 第 160 行.
NOTIC: [8] Undefined variable: Think D:\www_efan\Application\Runtime\Cache\Home\dfae7c47a7fd92899b52de889f96540d.php 第 162 行.
NOTIC: [8] Undefined variable: Think D:\www_efan\Application\Runtime\Cache\Home\dfae7c47a7fd92899b52de889f96540d.php 第 163 行.
NOTIC: [8] Undefined variable: Think D:\www_efan\Application\Runtime\Cache\Home\dfae7c47a7fd92899b52de889f96540d.php 第 164 行.
NOTIC: [8] Undefined variable: Think D:\www_efan\Application\Runtime\Cache\Home\dfae7c47a7fd92899b52de889f96540d.php 第 159 行.
NOTIC: [8] Undefined variable: Think D:\www_efan\Application\Runtime\Cache\Home\dfae7c47a7fd92899b52de889f96540d.php 第 160 行.
NOTIC: [8] Undefined variable: Think D:\www_efan\Application\Runtime\Cache\Home\dfae7c47a7fd92899b52de889f96540d.php 第 162 行.
NOTIC: [8] Undefined variable: Think D:\www_efan\Application\Runtime\Cache\Home\dfae7c47a7fd92899b52de889f96540d.php 第 163 行.
NOTIC: [8] Undefined variable: Think D:\www_efan\Application\Runtime\Cache\Home\dfae7c47a7fd92899b52de889f96540d.php 第 164 行.
NOTIC: [8] Undefined variable: Think D:\www_efan\Application\Runtime\Cache\Home\dfae7c47a7fd92899b52de889f96540d.php 第 159 行.
NOTIC: [8] Undefined variable: Think D:\www_efan\Application\Runtime\Cache\Home\dfae7c47a7fd92899b52de889f96540d.php 第 160 行.
NOTIC: [8] Undefined variable: Think D:\www_efan\Application\Runtime\Cache\Home\dfae7c47a7fd92899b52de889f96540d.php 第 162 行.
NOTIC: [8] Undefined variable: Think D:\www_efan\Application\Runtime\Cache\Home\dfae7c47a7fd92899b52de889f96540d.php 第 163 行.
NOTIC: [8] Undefined variable: Think D:\www_efan\Application\Runtime\Cache\Home\dfae7c47a7fd92899b52de889f96540d.php 第 164 行.
NOTIC: [8] Undefined variable: Think D:\www_efan\Application\Runtime\Cache\Home\dfae7c47a7fd92899b52de889f96540d.php 第 159 行.
NOTIC: [8] Undefined variable: Think D:\www_efan\Application\Runtime\Cache\Home\dfae7c47a7fd92899b52de889f96540d.php 第 160 行.
NOTIC: [8] Undefined variable: Think D:\www_efan\Application\Runtime\Cache\Home\dfae7c47a7fd92899b52de889f96540d.php 第 162 行.
NOTIC: [8] Undefined variable: Think D:\www_efan\Application\Runtime\Cache\Home\dfae7c47a7fd92899b52de889f96540d.php 第 163 行.
NOTIC: [8] Undefined variable: Think D:\www_efan\Application\Runtime\Cache\Home\dfae7c47a7fd92899b52de889f96540d.php 第 164 行.
NOTIC: [8] Undefined variable: Think D:\www_efan\Application\Runtime\Cache\Home\dfae7c47a7fd92899b52de889f96540d.php 第 159 行.
NOTIC: [8] Undefined variable: Think D:\www_efan\Application\Runtime\Cache\Home\dfae7c47a7fd92899b52de889f96540d.php 第 160 行.
NOTIC: [8] Undefined variable: Think D:\www_efan\Application\Runtime\Cache\Home\dfae7c47a7fd92899b52de889f96540d.php 第 162 行.
NOTIC: [8] Undefined variable: Think D:\www_efan\Application\Runtime\Cache\Home\dfae7c47a7fd92899b52de889f96540d.php 第 163 行.
NOTIC: [8] Undefined variable: Think D:\www_efan\Application\Runtime\Cache\Home\dfae7c47a7fd92899b52de889f96540d.php 第 164 行.
INFO: Run Behavior\ParseTemplateBehavior [ RunTime:0.014916s ]
INFO: [ view_parse ] --END-- [ RunTime:0.014953s ]
INFO: [ view_filter ] --START--
INFO: Run Behavior\WriteHtmlCacheBehavior [ RunTime:0.000231s ]
INFO: [ view_filter ] --END-- [ RunTime:0.000273s ]
INFO: [ app_end ] --START--
INFO: Run Behavior\ShowPageTraceBehavior [ RunTime:0.000448s ]
INFO: [ app_end ] --END-- [ RunTime:0.000486s ]

