[ 2017-07-14T17:29:12+08:00 ] ::1 /efan/
INFO: [ app_init ] --START--
INFO: Run Behavior\BuildLiteBehavior [ RunTime:0.000036s ]
INFO: [ app_init ] --END-- [ RunTime:0.008906s ]
INFO: [ app_begin ] --START--
INFO: Run Behavior\ReadHtmlCacheBehavior [ RunTime:0.008181s ]
INFO: [ app_begin ] --END-- [ RunTime:0.008407s ]

[ 2017-07-14T17:29:14+08:00 ] ::1 /efan/index.php/Home/Main/Index/index/key/WELCOMEINDEX.efan
INFO: [ app_init ] --START--
INFO: Run Behavior\BuildLiteBehavior [ RunTime:0.000024s ]
INFO: [ app_init ] --END-- [ RunTime:0.000753s ]
INFO: [ app_begin ] --START--
INFO: Run Behavior\ReadHtmlCacheBehavior [ RunTime:0.000798s ]
INFO: [ app_begin ] --END-- [ RunTime:0.000903s ]
NOTIC: [8] Use of undefined constant URL_HTML_SUFFIX - assumed 'URL_HTML_SUFFIX' D:\phpStudy\WWW\efan\Application\Home\Controller\HomeController.class.php 第 211 行.
SQL: SHOW COLUMNS FROM `efan_module` [ RunTime:0.0261s ]
SQL: SELECT COUNT(*) AS tp_count FROM `efan_module` WHERE `url` = 'Main/Index/index' AND `key` = 'WELCOMEINDEX' AND `hide` = 0 LIMIT 1   [ RunTime:0.0009s ]
SQL: SHOW COLUMNS FROM `efan_auth_group_module` [ RunTime:0.0099s ]
SQL: SELECT * FROM `efan_auth_group_module` WHERE `module_key` = 'WELCOMEINDEX'  [ RunTime:0.0005s ]
NOTIC: [8] Undefined index: group_id D:\phpStudy\WWW\efan\Application\Home\Controller\HomeController.class.php 第 173 行.
SQL: SELECT DISTINCT  `permision` FROM `efan_auth_group_module` WHERE `module_key` = 'WELCOMEINDEX'  [ RunTime:0.0005s ]
SQL: SHOW COLUMNS FROM `efan_interim_permision` [ RunTime:0.0206s ]
SQL: SELECT `interimpermision` FROM `efan_interim_permision` WHERE `uid` = 18 AND `time` > 1500024553  [ RunTime:0.0004s ]
NOTIC: [8] Undefined variable: authGroupAccess D:\phpStudy\WWW\efan\Application\Home\Controller\HomeController.class.php 第 109 行.
NOTIC: [2] Invalid argument supplied for foreach() D:\phpStudy\WWW\efan\Application\Home\Controller\HomeController.class.php 第 109 行.
SQL: SHOW COLUMNS FROM `efan_auth_group_module` [ RunTime:0.0071s ]
SQL: SELECT DISTINCT  `module_key` FROM `efan_auth_group_module` WHERE `permision` <= 10  [ RunTime:0.0016s ]
SQL: SHOW COLUMNS FROM `efan_interim_permision` [ RunTime:0.0061s ]
SQL: SELECT `interimpermision` FROM `efan_interim_permision` WHERE `uid` = 18 AND `time` > 1500024553  [ RunTime:0.0004s ]
SQL: SHOW COLUMNS FROM `efan_module` [ RunTime:0.0070s ]
SQL: SELECT `title`,`url`,`key`,`pid`,`pic` FROM `efan_module` WHERE `key` IN ('CREATIVECLUB','CREATIVECLUBLIST','CREATIVECLUBLISTREPLY','CREATIVECLUBLISTREPLYDELETE','CREATIVECLUBLISTREPLYDISCUSS','CREATIVECLUBLISTREPLYREPLY','CREATIVECLUBLISTREPLYRETURN','INFORMATION','INFORMATIONBUG','INFORMATIONBUGSUBMIT','INFORMATIONCHANGEPASSWORD','INFORMATIONCHANGEPASSWORDSUBMIT','INFORMATIONLOGINOUT','INFORMATIONUSER','INFORMATIONUSERSUBMIT','MOBILE','MOBILECREATIVE','MOBILECREATIVESUBMIT','MOBILELIST','MOBILELISTDELETE','MOBILELISTEDIT','MOBILELISTEDITSUBMIT','MOBILELISTLOOK','TEAMDAILY','TEAMDAILYLIST','TEAMDAILYLISTLOOK','TEAMDAILYLISTUPLOAD','TEAMDAILYNEW','TEAMDAILYOTHER','TEAMDAILYOTHERSUBMIT','TEAMDAILYSUBMIT','WELCOMEINDEX','WELCOMEINDEXNOTICE','MOBILESCORE','MOBILESCORESCORE','MOBILESCORESCORESUBMIT','CREATIVECLUBADMIN','CREATIVECLUBADMINCLOSE','CREATIVECLUBADMINCOUNTNO','CREATIVECLUBADMINDELETE','CREATIVECLUBADMINDOWNLOAD','CREATIVECLUBADMINEDIT','CREATIVECLUBADMINEDITEDIT','CREATIVECLUBADMINGROUP','CREATIVECLUBADMINGROUPSUBMIT','CREATIVECLUBADMINLEADINGIN','CREATIVECLUBADMINOPEN','CREATIVECLUBADMINPDF','CREATIVECLUBLISTEDIT','CREATIVECLUBLISTEDITSUBMIT','CREATIVECLUBLISTREPLYEDIT','CREATIVECLUBLISTREPLYEDITSUBMIT','CREATIVECLUBNEW','CREATIVECLUBNEWSUBMIT','MOBIELADMINSUBMITTIMENEWSUBMIT','MOBILEADMIN','MOBILEADMINDELETE','MOBILEADMINEDIT','MOBILEADMINEDITSUBMIT','MOBILEADMINGROUPLIST','MOBILEADMINGROUPLISTDELETE','MOBILEADMINGROUPLISTEDIT','MOBILEADMINGROUPLISTEDITSUBMIT','MOBILEADMINGROUPLISTLOCK','MOBILEADMINGROUPLISTNEW','MOBILEADMINGROUPLISTNEWSUBMIT','MOBILEADMINGROUPLISTUNLOCK','MOBILEADMINSUBMITTIME','MOBILEADMINSUBMITTIMEDELETE','MOBILEADMINSUBMITTIMEEDIT','MOBILEADMINSUBMITTIMEEDITSUBMIT','MOBILEADMINSUBMITTIMENEW','MOBILEADMINUPLOADLEADER','RECRUIT','RECRUITCHANGE','RECRUITINDEX','RECRUITVIEW','AUDITION','AUDITIONADD','AUDITIONEDIT','AUDITIONEDITSUBMIT','AUDITIONIN','AUDITIONINTERIM','AUDITIONLAST','AUDITIONNEXT','AUDITIONOUT','AUDITIONROTATION','AUDITIONSENDMESSAGE','AUDITIONTIME','AUDITIONTIMESUBMIT','RECRUITADMIN','RECRUITADMINNEW','RECRUITADMINNEWSUBMIT','SYSTEM','SYSTEMMAJOREDIT','SYSTEMMAJORINDEX','SYSTEMMAJORNEW','SYSTEMMAJORNEWSUBMIT','USERCHANGEPERMISION','USERDELETE','USERDISLIMITLOGIN','USEREDIT','USEREDITSUBMIT','USERINFORMATION','USERINTERIMPERMISION','USERINTERIMPERMISIONDELETE','USERINTERIMPERMISIONEDIT','USERINTERIMPERMISIONEDITSUBMIT','USERINTERIMPERMISIONNEW','USERINTERIMPERMISIONNEWSUBMIT','USERLEADINGIN','USERLEADINGINSUBMIT','USERLIMITLOGIN','USERLIST','USERMESSAGE','USERMESSAGESEND','USERNEW','USERNEWSUBMIT','USERRESETPASSWORLD','USERTEMPLEDOWNLOAD','WELCOMEINDEXNOTICEDELETE','WELCOMEINDEXNOTICEDISIMPORTANT','WELCOMEINDEXNOTICEEDIT','WELCOMEINDEXNOTICEEDITSUBMIT','WELCOMEINDEXNOTICEIMPORTANT','WELCOMEINDEXNOTICENEW','WELCOMEINDEXNOTICENEWSUBMIT','MOBILELEADER','MOBILELEADERCHANGE','MOBILELEADERCHANGESUBMIT','TEAMDAILYADMIN','TEAMDAILYADMINLOOK','TEAMDAILYADMINMAKE') AND `hide` = 0 AND `type` = 1 ORDER BY sort asc  [ RunTime:0.0021s ]
SQL: SHOW COLUMNS FROM `efan_module` [ RunTime:0.0073s ]
SQL: SELECT `url`,`key` FROM `efan_module` WHERE `hide` = 0 AND `pid` = 'WELCOMEINDEX' AND `type` = 2 ORDER BY sort asc  [ RunTime:0.0007s ]
SQL: SHOW COLUMNS FROM `efan_auth_group_module` [ RunTime:0.0064s ]
SQL: SELECT DISTINCT  `module_key` FROM `efan_auth_group_module` WHERE `permision` <= 10  [ RunTime:0.0017s ]
SQL: SHOW COLUMNS FROM `efan_interim_permision` [ RunTime:0.0054s ]
SQL: SELECT `interimpermision` FROM `efan_interim_permision` WHERE `uid` = 18 AND `time` > 1500024553  [ RunTime:0.0005s ]
SQL: SHOW COLUMNS FROM `efan_user` [ RunTime:0.0112s ]
SQL: SELECT `id`,`name`,`uid`,`url` FROM `efan_user` WHERE `uid` = 18  [ RunTime:0.0009s ]
SQL: SHOW COLUMNS FROM `efan_notice` [ RunTime:0.0184s ]
SQL: SELECT COUNT(*) AS tp_count FROM `efan_notice` LIMIT 1   [ RunTime:0.0009s ]
SQL: SELECT * FROM `efan_notice` ORDER BY `id` desc LIMIT 0,10   [ RunTime:0.0006s ]
INFO: [ view_parse ] --START--
INFO: [ template_filter ] --START--
INFO: Run Behavior\ContentReplaceBehavior [ RunTime:0.055140s ]
INFO: [ template_filter ] --END-- [ RunTime:0.055250s ]
NOTIC: [8] Undefined variable: Think D:\phpStudy\WWW\efan\Application\Runtime\Cache\Home\a13dae09a421c6f3da00619f94a7ad1a.php 第 116 行.
INFO: Run Behavior\ParseTemplateBehavior [ RunTime:0.226248s ]
INFO: [ view_parse ] --END-- [ RunTime:0.226348s ]
INFO: [ view_filter ] --START--
INFO: Run Behavior\WriteHtmlCacheBehavior [ RunTime:0.022987s ]
INFO: [ view_filter ] --END-- [ RunTime:0.023067s ]
INFO: [ app_end ] --START--
INFO: Run Behavior\ShowPageTraceBehavior [ RunTime:0.001966s ]
INFO: [ app_end ] --END-- [ RunTime:0.002064s ]

[ 2017-07-14T17:34:01+08:00 ] ::1 /efan/index.php/Home/User/User/index/key/USERLIST.efan
INFO: [ app_init ] --START--
INFO: Run Behavior\BuildLiteBehavior [ RunTime:0.000016s ]
INFO: [ app_init ] --END-- [ RunTime:0.000518s ]
INFO: [ app_begin ] --START--
INFO: Run Behavior\ReadHtmlCacheBehavior [ RunTime:0.000586s ]
INFO: [ app_begin ] --END-- [ RunTime:0.000639s ]
NOTIC: [8] Use of undefined constant URL_HTML_SUFFIX - assumed 'URL_HTML_SUFFIX' D:\phpStudy\WWW\efan\Application\Home\Controller\HomeController.class.php 第 211 行.
SQL: SHOW COLUMNS FROM `efan_module` [ RunTime:0.0075s ]
SQL: SELECT COUNT(*) AS tp_count FROM `efan_module` WHERE `url` = 'User/User/index' AND `key` = 'USERLIST' AND `hide` = 0 LIMIT 1   [ RunTime:0.0003s ]
SQL: SHOW COLUMNS FROM `efan_auth_group_module` [ RunTime:0.0041s ]
SQL: SELECT * FROM `efan_auth_group_module` WHERE `module_key` = 'USERLIST'  [ RunTime:0.0005s ]
NOTIC: [8] Undefined index: group_id D:\phpStudy\WWW\efan\Application\Home\Controller\HomeController.class.php 第 173 行.
SQL: SELECT DISTINCT  `permision` FROM `efan_auth_group_module` WHERE `module_key` = 'USERLIST'  [ RunTime:0.0004s ]
SQL: SHOW COLUMNS FROM `efan_interim_permision` [ RunTime:0.0052s ]
SQL: SELECT `interimpermision` FROM `efan_interim_permision` WHERE `uid` = 18 AND `time` > 1500024841  [ RunTime:0.0005s ]
NOTIC: [8] Undefined variable: authGroupAccess D:\phpStudy\WWW\efan\Application\Home\Controller\HomeController.class.php 第 109 行.
NOTIC: [2] Invalid argument supplied for foreach() D:\phpStudy\WWW\efan\Application\Home\Controller\HomeController.class.php 第 109 行.
SQL: SHOW COLUMNS FROM `efan_auth_group_module` [ RunTime:0.0048s ]
SQL: SELECT DISTINCT  `module_key` FROM `efan_auth_group_module` WHERE `permision` <= 10  [ RunTime:0.0011s ]
SQL: SHOW COLUMNS FROM `efan_interim_permision` [ RunTime:0.0048s ]
SQL: SELECT `interimpermision` FROM `efan_interim_permision` WHERE `uid` = 18 AND `time` > 1500024841  [ RunTime:0.0004s ]
SQL: SHOW COLUMNS FROM `efan_module` [ RunTime:0.0048s ]
SQL: SELECT `title`,`url`,`key`,`pid`,`pic` FROM `efan_module` WHERE `key` IN ('CREATIVECLUB','CREATIVECLUBLIST','CREATIVECLUBLISTREPLY','CREATIVECLUBLISTREPLYDELETE','CREATIVECLUBLISTREPLYDISCUSS','CREATIVECLUBLISTREPLYREPLY','CREATIVECLUBLISTREPLYRETURN','INFORMATION','INFORMATIONBUG','INFORMATIONBUGSUBMIT','INFORMATIONCHANGEPASSWORD','INFORMATIONCHANGEPASSWORDSUBMIT','INFORMATIONLOGINOUT','INFORMATIONUSER','INFORMATIONUSERSUBMIT','MOBILE','MOBILECREATIVE','MOBILECREATIVESUBMIT','MOBILELIST','MOBILELISTDELETE','MOBILELISTEDIT','MOBILELISTEDITSUBMIT','MOBILELISTLOOK','TEAMDAILY','TEAMDAILYLIST','TEAMDAILYLISTLOOK','TEAMDAILYLISTUPLOAD','TEAMDAILYNEW','TEAMDAILYOTHER','TEAMDAILYOTHERSUBMIT','TEAMDAILYSUBMIT','WELCOMEINDEX','WELCOMEINDEXNOTICE','MOBILESCORE','MOBILESCORESCORE','MOBILESCORESCORESUBMIT','CREATIVECLUBADMIN','CREATIVECLUBADMINCLOSE','CREATIVECLUBADMINCOUNTNO','CREATIVECLUBADMINDELETE','CREATIVECLUBADMINDOWNLOAD','CREATIVECLUBADMINEDIT','CREATIVECLUBADMINEDITEDIT','CREATIVECLUBADMINGROUP','CREATIVECLUBADMINGROUPSUBMIT','CREATIVECLUBADMINLEADINGIN','CREATIVECLUBADMINOPEN','CREATIVECLUBADMINPDF','CREATIVECLUBLISTEDIT','CREATIVECLUBLISTEDITSUBMIT','CREATIVECLUBLISTREPLYEDIT','CREATIVECLUBLISTREPLYEDITSUBMIT','CREATIVECLUBNEW','CREATIVECLUBNEWSUBMIT','MOBIELADMINSUBMITTIMENEWSUBMIT','MOBILEADMIN','MOBILEADMINDELETE','MOBILEADMINEDIT','MOBILEADMINEDITSUBMIT','MOBILEADMINGROUPLIST','MOBILEADMINGROUPLISTDELETE','MOBILEADMINGROUPLISTEDIT','MOBILEADMINGROUPLISTEDITSUBMIT','MOBILEADMINGROUPLISTLOCK','MOBILEADMINGROUPLISTNEW','MOBILEADMINGROUPLISTNEWSUBMIT','MOBILEADMINGROUPLISTUNLOCK','MOBILEADMINSUBMITTIME','MOBILEADMINSUBMITTIMEDELETE','MOBILEADMINSUBMITTIMEEDIT','MOBILEADMINSUBMITTIMEEDITSUBMIT','MOBILEADMINSUBMITTIMENEW','MOBILEADMINUPLOADLEADER','RECRUIT','RECRUITCHANGE','RECRUITINDEX','RECRUITVIEW','AUDITION','AUDITIONADD','AUDITIONEDIT','AUDITIONEDITSUBMIT','AUDITIONIN','AUDITIONINTERIM','AUDITIONLAST','AUDITIONNEXT','AUDITIONOUT','AUDITIONROTATION','AUDITIONSENDMESSAGE','AUDITIONTIME','AUDITIONTIMESUBMIT','RECRUITADMIN','RECRUITADMINNEW','RECRUITADMINNEWSUBMIT','SYSTEM','SYSTEMMAJOREDIT','SYSTEMMAJORINDEX','SYSTEMMAJORNEW','SYSTEMMAJORNEWSUBMIT','USERCHANGEPERMISION','USERDELETE','USERDISLIMITLOGIN','USEREDIT','USEREDITSUBMIT','USERINFORMATION','USERINTERIMPERMISION','USERINTERIMPERMISIONDELETE','USERINTERIMPERMISIONEDIT','USERINTERIMPERMISIONEDITSUBMIT','USERINTERIMPERMISIONNEW','USERINTERIMPERMISIONNEWSUBMIT','USERLEADINGIN','USERLEADINGINSUBMIT','USERLIMITLOGIN','USERLIST','USERMESSAGE','USERMESSAGESEND','USERNEW','USERNEWSUBMIT','USERRESETPASSWORLD','USERTEMPLEDOWNLOAD','WELCOMEINDEXNOTICEDELETE','WELCOMEINDEXNOTICEDISIMPORTANT','WELCOMEINDEXNOTICEEDIT','WELCOMEINDEXNOTICEEDITSUBMIT','WELCOMEINDEXNOTICEIMPORTANT','WELCOMEINDEXNOTICENEW','WELCOMEINDEXNOTICENEWSUBMIT','MOBILELEADER','MOBILELEADERCHANGE','MOBILELEADERCHANGESUBMIT','TEAMDAILYADMIN','TEAMDAILYADMINLOOK','TEAMDAILYADMINMAKE') AND `hide` = 0 AND `type` = 1 ORDER BY sort asc  [ RunTime:0.0026s ]
SQL: SHOW COLUMNS FROM `efan_module` [ RunTime:0.0051s ]
SQL: SELECT `url`,`key` FROM `efan_module` WHERE `hide` = 0 AND `pid` = 'USERLIST' AND `type` = 2 ORDER BY sort asc  [ RunTime:0.0005s ]
SQL: SHOW COLUMNS FROM `efan_auth_group_module` [ RunTime:0.0049s ]
SQL: SELECT DISTINCT  `module_key` FROM `efan_auth_group_module` WHERE `permision` <= 10  [ RunTime:0.0015s ]
SQL: SHOW COLUMNS FROM `efan_interim_permision` [ RunTime:0.0054s ]
SQL: SELECT `interimpermision` FROM `efan_interim_permision` WHERE `uid` = 18 AND `time` > 1500024841  [ RunTime:0.0003s ]
SQL: SHOW COLUMNS FROM `efan_user` [ RunTime:0.0049s ]
SQL: SELECT `id`,`name`,`uid`,`url` FROM `efan_user` WHERE `uid` = 18  [ RunTime:0.0003s ]
SQL: SHOW COLUMNS FROM `efan_user` [ RunTime:0.0052s ]
SQL: SELECT `id`,`uid`,`name`,`phone`,`major`,`permision`,`state` FROM `efan_user`  [ RunTime:0.0004s ]
SQL: SHOW COLUMNS FROM `efan_permision` [ RunTime:0.0563s ]
SQL: SELECT * FROM `efan_permision` WHERE `class` = 1  [ RunTime:0.0004s ]
SQL: SELECT * FROM `efan_permision` WHERE `class` = 2  [ RunTime:0.0003s ]
INFO: [ view_parse ] --START--
INFO: [ template_filter ] --START--
INFO: Run Behavior\ContentReplaceBehavior [ RunTime:0.000424s ]
INFO: [ template_filter ] --END-- [ RunTime:0.000518s ]
NOTIC: [8] Undefined variable: Think D:\phpStudy\WWW\efan\Application\Runtime\Cache\Home\8cc16675c4c4cf00393fc15126d7c183.php 第 127 行.
NOTIC: [8] Undefined variable: Think D:\phpStudy\WWW\efan\Application\Runtime\Cache\Home\8cc16675c4c4cf00393fc15126d7c183.php 第 128 行.
NOTIC: [8] Undefined variable: Think D:\phpStudy\WWW\efan\Application\Runtime\Cache\Home\8cc16675c4c4cf00393fc15126d7c183.php 第 129 行.
NOTIC: [8] Undefined variable: Think D:\phpStudy\WWW\efan\Application\Runtime\Cache\Home\8cc16675c4c4cf00393fc15126d7c183.php 第 130 行.
NOTIC: [8] Undefined variable: Think D:\phpStudy\WWW\efan\Application\Runtime\Cache\Home\8cc16675c4c4cf00393fc15126d7c183.php 第 131 行.
NOTIC: [8] Undefined variable: Think D:\phpStudy\WWW\efan\Application\Runtime\Cache\Home\8cc16675c4c4cf00393fc15126d7c183.php 第 172 行.
NOTIC: [8] Undefined variable: Think D:\phpStudy\WWW\efan\Application\Runtime\Cache\Home\8cc16675c4c4cf00393fc15126d7c183.php 第 173 行.
NOTIC: [8] Undefined variable: Think D:\phpStudy\WWW\efan\Application\Runtime\Cache\Home\8cc16675c4c4cf00393fc15126d7c183.php 第 174 行.
NOTIC: [8] Undefined variable: Think D:\phpStudy\WWW\efan\Application\Runtime\Cache\Home\8cc16675c4c4cf00393fc15126d7c183.php 第 175 行.
NOTIC: [8] Undefined variable: Think D:\phpStudy\WWW\efan\Application\Runtime\Cache\Home\8cc16675c4c4cf00393fc15126d7c183.php 第 176 行.
NOTIC: [8] Undefined variable: Think D:\phpStudy\WWW\efan\Application\Runtime\Cache\Home\8cc16675c4c4cf00393fc15126d7c183.php 第 177 行.
NOTIC: [8] Undefined variable: Think D:\phpStudy\WWW\efan\Application\Runtime\Cache\Home\8cc16675c4c4cf00393fc15126d7c183.php 第 172 行.
NOTIC: [8] Undefined variable: Think D:\phpStudy\WWW\efan\Application\Runtime\Cache\Home\8cc16675c4c4cf00393fc15126d7c183.php 第 173 行.
NOTIC: [8] Undefined variable: Think D:\phpStudy\WWW\efan\Application\Runtime\Cache\Home\8cc16675c4c4cf00393fc15126d7c183.php 第 174 行.
NOTIC: [8] Undefined variable: Think D:\phpStudy\WWW\efan\Application\Runtime\Cache\Home\8cc16675c4c4cf00393fc15126d7c183.php 第 175 行.
NOTIC: [8] Undefined variable: Think D:\phpStudy\WWW\efan\Application\Runtime\Cache\Home\8cc16675c4c4cf00393fc15126d7c183.php 第 176 行.
NOTIC: [8] Undefined variable: Think D:\phpStudy\WWW\efan\Application\Runtime\Cache\Home\8cc16675c4c4cf00393fc15126d7c183.php 第 177 行.
NOTIC: [8] Undefined variable: Think D:\phpStudy\WWW\efan\Application\Runtime\Cache\Home\8cc16675c4c4cf00393fc15126d7c183.php 第 172 行.
NOTIC: [8] Undefined variable: Think D:\phpStudy\WWW\efan\Application\Runtime\Cache\Home\8cc16675c4c4cf00393fc15126d7c183.php 第 173 行.
NOTIC: [8] Undefined variable: Think D:\phpStudy\WWW\efan\Application\Runtime\Cache\Home\8cc16675c4c4cf00393fc15126d7c183.php 第 174 行.
NOTIC: [8] Undefined variable: Think D:\phpStudy\WWW\efan\Application\Runtime\Cache\Home\8cc16675c4c4cf00393fc15126d7c183.php 第 175 行.
NOTIC: [8] Undefined variable: Think D:\phpStudy\WWW\efan\Application\Runtime\Cache\Home\8cc16675c4c4cf00393fc15126d7c183.php 第 176 行.
NOTIC: [8] Undefined variable: Think D:\phpStudy\WWW\efan\Application\Runtime\Cache\Home\8cc16675c4c4cf00393fc15126d7c183.php 第 177 行.
NOTIC: [8] Undefined variable: Think D:\phpStudy\WWW\efan\Application\Runtime\Cache\Home\8cc16675c4c4cf00393fc15126d7c183.php 第 172 行.
NOTIC: [8] Undefined variable: Think D:\phpStudy\WWW\efan\Application\Runtime\Cache\Home\8cc16675c4c4cf00393fc15126d7c183.php 第 173 行.
NOTIC: [8] Undefined variable: Think D:\phpStudy\WWW\efan\Application\Runtime\Cache\Home\8cc16675c4c4cf00393fc15126d7c183.php 第 174 行.
NOTIC: [8] Undefined variable: Think D:\phpStudy\WWW\efan\Application\Runtime\Cache\Home\8cc16675c4c4cf00393fc15126d7c183.php 第 175 行.
NOTIC: [8] Undefined variable: Think D:\phpStudy\WWW\efan\Application\Runtime\Cache\Home\8cc16675c4c4cf00393fc15126d7c183.php 第 176 行.
NOTIC: [8] Undefined variable: Think D:\phpStudy\WWW\efan\Application\Runtime\Cache\Home\8cc16675c4c4cf00393fc15126d7c183.php 第 177 行.
NOTIC: [8] Undefined variable: Think D:\phpStudy\WWW\efan\Application\Runtime\Cache\Home\8cc16675c4c4cf00393fc15126d7c183.php 第 172 行.
NOTIC: [8] Undefined variable: Think D:\phpStudy\WWW\efan\Application\Runtime\Cache\Home\8cc16675c4c4cf00393fc15126d7c183.php 第 173 行.
NOTIC: [8] Undefined variable: Think D:\phpStudy\WWW\efan\Application\Runtime\Cache\Home\8cc16675c4c4cf00393fc15126d7c183.php 第 174 行.
NOTIC: [8] Undefined variable: Think D:\phpStudy\WWW\efan\Application\Runtime\Cache\Home\8cc16675c4c4cf00393fc15126d7c183.php 第 175 行.
NOTIC: [8] Undefined variable: Think D:\phpStudy\WWW\efan\Application\Runtime\Cache\Home\8cc16675c4c4cf00393fc15126d7c183.php 第 176 行.
NOTIC: [8] Undefined variable: Think D:\phpStudy\WWW\efan\Application\Runtime\Cache\Home\8cc16675c4c4cf00393fc15126d7c183.php 第 177 行.
NOTIC: [8] Undefined variable: Think D:\phpStudy\WWW\efan\Application\Runtime\Cache\Home\8cc16675c4c4cf00393fc15126d7c183.php 第 172 行.
NOTIC: [8] Undefined variable: Think D:\phpStudy\WWW\efan\Application\Runtime\Cache\Home\8cc16675c4c4cf00393fc15126d7c183.php 第 173 行.
NOTIC: [8] Undefined variable: Think D:\phpStudy\WWW\efan\Application\Runtime\Cache\Home\8cc16675c4c4cf00393fc15126d7c183.php 第 174 行.
NOTIC: [8] Undefined variable: Think D:\phpStudy\WWW\efan\Application\Runtime\Cache\Home\8cc16675c4c4cf00393fc15126d7c183.php 第 175 行.
NOTIC: [8] Undefined variable: Think D:\phpStudy\WWW\efan\Application\Runtime\Cache\Home\8cc16675c4c4cf00393fc15126d7c183.php 第 176 行.
NOTIC: [8] Undefined variable: Think D:\phpStudy\WWW\efan\Application\Runtime\Cache\Home\8cc16675c4c4cf00393fc15126d7c183.php 第 177 行.
NOTIC: [8] Undefined variable: Think D:\phpStudy\WWW\efan\Application\Runtime\Cache\Home\8cc16675c4c4cf00393fc15126d7c183.php 第 172 行.
NOTIC: [8] Undefined variable: Think D:\phpStudy\WWW\efan\Application\Runtime\Cache\Home\8cc16675c4c4cf00393fc15126d7c183.php 第 173 行.
NOTIC: [8] Undefined variable: Think D:\phpStudy\WWW\efan\Application\Runtime\Cache\Home\8cc16675c4c4cf00393fc15126d7c183.php 第 174 行.
NOTIC: [8] Undefined variable: Think D:\phpStudy\WWW\efan\Application\Runtime\Cache\Home\8cc16675c4c4cf00393fc15126d7c183.php 第 175 行.
NOTIC: [8] Undefined variable: Think D:\phpStudy\WWW\efan\Application\Runtime\Cache\Home\8cc16675c4c4cf00393fc15126d7c183.php 第 176 行.
NOTIC: [8] Undefined variable: Think D:\phpStudy\WWW\efan\Application\Runtime\Cache\Home\8cc16675c4c4cf00393fc15126d7c183.php 第 177 行.
NOTIC: [8] Undefined variable: Think D:\phpStudy\WWW\efan\Application\Runtime\Cache\Home\8cc16675c4c4cf00393fc15126d7c183.php 第 172 行.
NOTIC: [8] Undefined variable: Think D:\phpStudy\WWW\efan\Application\Runtime\Cache\Home\8cc16675c4c4cf00393fc15126d7c183.php 第 173 行.
NOTIC: [8] Undefined variable: Think D:\phpStudy\WWW\efan\Application\Runtime\Cache\Home\8cc16675c4c4cf00393fc15126d7c183.php 第 174 行.
NOTIC: [8] Undefined variable: Think D:\phpStudy\WWW\efan\Application\Runtime\Cache\Home\8cc16675c4c4cf00393fc15126d7c183.php 第 175 行.
NOTIC: [8] Undefined variable: Think D:\phpStudy\WWW\efan\Application\Runtime\Cache\Home\8cc16675c4c4cf00393fc15126d7c183.php 第 176 行.
NOTIC: [8] Undefined variable: Think D:\phpStudy\WWW\efan\Application\Runtime\Cache\Home\8cc16675c4c4cf00393fc15126d7c183.php 第 177 行.
NOTIC: [8] Undefined variable: Think D:\phpStudy\WWW\efan\Application\Runtime\Cache\Home\8cc16675c4c4cf00393fc15126d7c183.php 第 172 行.
NOTIC: [8] Undefined variable: Think D:\phpStudy\WWW\efan\Application\Runtime\Cache\Home\8cc16675c4c4cf00393fc15126d7c183.php 第 173 行.
NOTIC: [8] Undefined variable: Think D:\phpStudy\WWW\efan\Application\Runtime\Cache\Home\8cc16675c4c4cf00393fc15126d7c183.php 第 174 行.
NOTIC: [8] Undefined variable: Think D:\phpStudy\WWW\efan\Application\Runtime\Cache\Home\8cc16675c4c4cf00393fc15126d7c183.php 第 175 行.
NOTIC: [8] Undefined variable: Think D:\phpStudy\WWW\efan\Application\Runtime\Cache\Home\8cc16675c4c4cf00393fc15126d7c183.php 第 176 行.
NOTIC: [8] Undefined variable: Think D:\phpStudy\WWW\efan\Application\Runtime\Cache\Home\8cc16675c4c4cf00393fc15126d7c183.php 第 177 行.
NOTIC: [8] Undefined variable: Think D:\phpStudy\WWW\efan\Application\Runtime\Cache\Home\8cc16675c4c4cf00393fc15126d7c183.php 第 172 行.
NOTIC: [8] Undefined variable: Think D:\phpStudy\WWW\efan\Application\Runtime\Cache\Home\8cc16675c4c4cf00393fc15126d7c183.php 第 173 行.
NOTIC: [8] Undefined variable: Think D:\phpStudy\WWW\efan\Application\Runtime\Cache\Home\8cc16675c4c4cf00393fc15126d7c183.php 第 174 行.
NOTIC: [8] Undefined variable: Think D:\phpStudy\WWW\efan\Application\Runtime\Cache\Home\8cc16675c4c4cf00393fc15126d7c183.php 第 175 行.
NOTIC: [8] Undefined variable: Think D:\phpStudy\WWW\efan\Application\Runtime\Cache\Home\8cc16675c4c4cf00393fc15126d7c183.php 第 176 行.
NOTIC: [8] Undefined variable: Think D:\phpStudy\WWW\efan\Application\Runtime\Cache\Home\8cc16675c4c4cf00393fc15126d7c183.php 第 177 行.
NOTIC: [8] Undefined variable: Think D:\phpStudy\WWW\efan\Application\Runtime\Cache\Home\8cc16675c4c4cf00393fc15126d7c183.php 第 172 行.
NOTIC: [8] Undefined variable: Think D:\phpStudy\WWW\efan\Application\Runtime\Cache\Home\8cc16675c4c4cf00393fc15126d7c183.php 第 173 行.
NOTIC: [8] Undefined variable: Think D:\phpStudy\WWW\efan\Application\Runtime\Cache\Home\8cc16675c4c4cf00393fc15126d7c183.php 第 174 行.
NOTIC: [8] Undefined variable: Think D:\phpStudy\WWW\efan\Application\Runtime\Cache\Home\8cc16675c4c4cf00393fc15126d7c183.php 第 175 行.
NOTIC: [8] Undefined variable: Think D:\phpStudy\WWW\efan\Application\Runtime\Cache\Home\8cc16675c4c4cf00393fc15126d7c183.php 第 176 行.
NOTIC: [8] Undefined variable: Think D:\phpStudy\WWW\efan\Application\Runtime\Cache\Home\8cc16675c4c4cf00393fc15126d7c183.php 第 177 行.
NOTIC: [8] Undefined variable: Think D:\phpStudy\WWW\efan\Application\Runtime\Cache\Home\8cc16675c4c4cf00393fc15126d7c183.php 第 172 行.
NOTIC: [8] Undefined variable: Think D:\phpStudy\WWW\efan\Application\Runtime\Cache\Home\8cc16675c4c4cf00393fc15126d7c183.php 第 173 行.
NOTIC: [8] Undefined variable: Think D:\phpStudy\WWW\efan\Application\Runtime\Cache\Home\8cc16675c4c4cf00393fc15126d7c183.php 第 174 行.
NOTIC: [8] Undefined variable: Think D:\phpStudy\WWW\efan\Application\Runtime\Cache\Home\8cc16675c4c4cf00393fc15126d7c183.php 第 175 行.
NOTIC: [8] Undefined variable: Think D:\phpStudy\WWW\efan\Application\Runtime\Cache\Home\8cc16675c4c4cf00393fc15126d7c183.php 第 176 行.
NOTIC: [8] Undefined variable: Think D:\phpStudy\WWW\efan\Application\Runtime\Cache\Home\8cc16675c4c4cf00393fc15126d7c183.php 第 177 行.
NOTIC: [8] Undefined variable: Think D:\phpStudy\WWW\efan\Application\Runtime\Cache\Home\8cc16675c4c4cf00393fc15126d7c183.php 第 172 行.
NOTIC: [8] Undefined variable: Think D:\phpStudy\WWW\efan\Application\Runtime\Cache\Home\8cc16675c4c4cf00393fc15126d7c183.php 第 173 行.
NOTIC: [8] Undefined variable: Think D:\phpStudy\WWW\efan\Application\Runtime\Cache\Home\8cc16675c4c4cf00393fc15126d7c183.php 第 174 行.
NOTIC: [8] Undefined variable: Think D:\phpStudy\WWW\efan\Application\Runtime\Cache\Home\8cc16675c4c4cf00393fc15126d7c183.php 第 175 行.
NOTIC: [8] Undefined variable: Think D:\phpStudy\WWW\efan\Application\Runtime\Cache\Home\8cc16675c4c4cf00393fc15126d7c183.php 第 176 行.
NOTIC: [8] Undefined variable: Think D:\phpStudy\WWW\efan\Application\Runtime\Cache\Home\8cc16675c4c4cf00393fc15126d7c183.php 第 177 行.
NOTIC: [8] Undefined variable: Think D:\phpStudy\WWW\efan\Application\Runtime\Cache\Home\8cc16675c4c4cf00393fc15126d7c183.php 第 172 行.
NOTIC: [8] Undefined variable: Think D:\phpStudy\WWW\efan\Application\Runtime\Cache\Home\8cc16675c4c4cf00393fc15126d7c183.php 第 173 行.
NOTIC: [8] Undefined variable: Think D:\phpStudy\WWW\efan\Application\Runtime\Cache\Home\8cc16675c4c4cf00393fc15126d7c183.php 第 174 行.
NOTIC: [8] Undefined variable: Think D:\phpStudy\WWW\efan\Application\Runtime\Cache\Home\8cc16675c4c4cf00393fc15126d7c183.php 第 175 行.
NOTIC: [8] Undefined variable: Think D:\phpStudy\WWW\efan\Application\Runtime\Cache\Home\8cc16675c4c4cf00393fc15126d7c183.php 第 176 行.
NOTIC: [8] Undefined variable: Think D:\phpStudy\WWW\efan\Application\Runtime\Cache\Home\8cc16675c4c4cf00393fc15126d7c183.php 第 177 行.
NOTIC: [8] Undefined variable: Think D:\phpStudy\WWW\efan\Application\Runtime\Cache\Home\8cc16675c4c4cf00393fc15126d7c183.php 第 172 行.
NOTIC: [8] Undefined variable: Think D:\phpStudy\WWW\efan\Application\Runtime\Cache\Home\8cc16675c4c4cf00393fc15126d7c183.php 第 173 行.
NOTIC: [8] Undefined variable: Think D:\phpStudy\WWW\efan\Application\Runtime\Cache\Home\8cc16675c4c4cf00393fc15126d7c183.php 第 174 行.
NOTIC: [8] Undefined variable: Think D:\phpStudy\WWW\efan\Application\Runtime\Cache\Home\8cc16675c4c4cf00393fc15126d7c183.php 第 175 行.
NOTIC: [8] Undefined variable: Think D:\phpStudy\WWW\efan\Application\Runtime\Cache\Home\8cc16675c4c4cf00393fc15126d7c183.php 第 176 行.
NOTIC: [8] Undefined variable: Think D:\phpStudy\WWW\efan\Application\Runtime\Cache\Home\8cc16675c4c4cf00393fc15126d7c183.php 第 177 行.
NOTIC: [8] Undefined variable: Think D:\phpStudy\WWW\efan\Application\Runtime\Cache\Home\8cc16675c4c4cf00393fc15126d7c183.php 第 243 行.
NOTIC: [8] Undefined variable: Think D:\phpStudy\WWW\efan\Application\Runtime\Cache\Home\8cc16675c4c4cf00393fc15126d7c183.php 第 285 行.
NOTIC: [8] Undefined variable: Think D:\phpStudy\WWW\efan\Application\Runtime\Cache\Home\8cc16675c4c4cf00393fc15126d7c183.php 第 328 行.
INFO: Run Behavior\ParseTemplateBehavior [ RunTime:0.050996s ]
INFO: [ view_parse ] --END-- [ RunTime:0.051054s ]
INFO: [ view_filter ] --START--
INFO: Run Behavior\WriteHtmlCacheBehavior [ RunTime:0.000607s ]
INFO: [ view_filter ] --END-- [ RunTime:0.000691s ]
INFO: [ app_end ] --START--
INFO: Run Behavior\ShowPageTraceBehavior [ RunTime:0.001651s ]
INFO: [ app_end ] --END-- [ RunTime:0.001775s ]

[ 2017-07-14T17:34:21+08:00 ] ::1 /efan/index.php/Home/User/User/viewInterimPermision/key/USERINTERIMPERMISION.efan
INFO: [ app_init ] --START--
INFO: Run Behavior\BuildLiteBehavior [ RunTime:0.000020s ]
INFO: [ app_init ] --END-- [ RunTime:0.000862s ]
INFO: [ app_begin ] --START--
INFO: Run Behavior\ReadHtmlCacheBehavior [ RunTime:0.000992s ]
INFO: [ app_begin ] --END-- [ RunTime:0.001131s ]
NOTIC: [8] Use of undefined constant URL_HTML_SUFFIX - assumed 'URL_HTML_SUFFIX' D:\phpStudy\WWW\efan\Application\Home\Controller\HomeController.class.php 第 211 行.
SQL: SHOW COLUMNS FROM `efan_module` [ RunTime:0.0088s ]
SQL: SELECT COUNT(*) AS tp_count FROM `efan_module` WHERE `url` = 'User/User/viewInterimPermision' AND `key` = 'USERINTERIMPERMISION' AND `hide` = 0 LIMIT 1   [ RunTime:0.0004s ]
SQL: SHOW COLUMNS FROM `efan_auth_group_module` [ RunTime:0.0048s ]
SQL: SELECT * FROM `efan_auth_group_module` WHERE `module_key` = 'USERINTERIMPERMISION'  [ RunTime:0.0005s ]
NOTIC: [8] Undefined index: group_id D:\phpStudy\WWW\efan\Application\Home\Controller\HomeController.class.php 第 173 行.
SQL: SELECT DISTINCT  `permision` FROM `efan_auth_group_module` WHERE `module_key` = 'USERINTERIMPERMISION'  [ RunTime:0.0004s ]
SQL: SHOW COLUMNS FROM `efan_interim_permision` [ RunTime:0.0055s ]
SQL: SELECT `interimpermision` FROM `efan_interim_permision` WHERE `uid` = 18 AND `time` > 1500024861  [ RunTime:0.0003s ]
NOTIC: [8] Undefined variable: authGroupAccess D:\phpStudy\WWW\efan\Application\Home\Controller\HomeController.class.php 第 109 行.
NOTIC: [2] Invalid argument supplied for foreach() D:\phpStudy\WWW\efan\Application\Home\Controller\HomeController.class.php 第 109 行.
SQL: SHOW COLUMNS FROM `efan_auth_group_module` [ RunTime:0.0052s ]
SQL: SELECT DISTINCT  `module_key` FROM `efan_auth_group_module` WHERE `permision` <= 10  [ RunTime:0.0014s ]
SQL: SHOW COLUMNS FROM `efan_interim_permision` [ RunTime:0.0050s ]
SQL: SELECT `interimpermision` FROM `efan_interim_permision` WHERE `uid` = 18 AND `time` > 1500024861  [ RunTime:0.0003s ]
SQL: SHOW COLUMNS FROM `efan_module` [ RunTime:0.0085s ]
SQL: SELECT `title`,`url`,`key`,`pid`,`pic` FROM `efan_module` WHERE `key` IN ('CREATIVECLUB','CREATIVECLUBLIST','CREATIVECLUBLISTREPLY','CREATIVECLUBLISTREPLYDELETE','CREATIVECLUBLISTREPLYDISCUSS','CREATIVECLUBLISTREPLYREPLY','CREATIVECLUBLISTREPLYRETURN','INFORMATION','INFORMATIONBUG','INFORMATIONBUGSUBMIT','INFORMATIONCHANGEPASSWORD','INFORMATIONCHANGEPASSWORDSUBMIT','INFORMATIONLOGINOUT','INFORMATIONUSER','INFORMATIONUSERSUBMIT','MOBILE','MOBILECREATIVE','MOBILECREATIVESUBMIT','MOBILELIST','MOBILELISTDELETE','MOBILELISTEDIT','MOBILELISTEDITSUBMIT','MOBILELISTLOOK','TEAMDAILY','TEAMDAILYLIST','TEAMDAILYLISTLOOK','TEAMDAILYLISTUPLOAD','TEAMDAILYNEW','TEAMDAILYOTHER','TEAMDAILYOTHERSUBMIT','TEAMDAILYSUBMIT','WELCOMEINDEX','WELCOMEINDEXNOTICE','MOBILESCORE','MOBILESCORESCORE','MOBILESCORESCORESUBMIT','CREATIVECLUBADMIN','CREATIVECLUBADMINCLOSE','CREATIVECLUBADMINCOUNTNO','CREATIVECLUBADMINDELETE','CREATIVECLUBADMINDOWNLOAD','CREATIVECLUBADMINEDIT','CREATIVECLUBADMINEDITEDIT','CREATIVECLUBADMINGROUP','CREATIVECLUBADMINGROUPSUBMIT','CREATIVECLUBADMINLEADINGIN','CREATIVECLUBADMINOPEN','CREATIVECLUBADMINPDF','CREATIVECLUBLISTEDIT','CREATIVECLUBLISTEDITSUBMIT','CREATIVECLUBLISTREPLYEDIT','CREATIVECLUBLISTREPLYEDITSUBMIT','CREATIVECLUBNEW','CREATIVECLUBNEWSUBMIT','MOBIELADMINSUBMITTIMENEWSUBMIT','MOBILEADMIN','MOBILEADMINDELETE','MOBILEADMINEDIT','MOBILEADMINEDITSUBMIT','MOBILEADMINGROUPLIST','MOBILEADMINGROUPLISTDELETE','MOBILEADMINGROUPLISTEDIT','MOBILEADMINGROUPLISTEDITSUBMIT','MOBILEADMINGROUPLISTLOCK','MOBILEADMINGROUPLISTNEW','MOBILEADMINGROUPLISTNEWSUBMIT','MOBILEADMINGROUPLISTUNLOCK','MOBILEADMINSUBMITTIME','MOBILEADMINSUBMITTIMEDELETE','MOBILEADMINSUBMITTIMEEDIT','MOBILEADMINSUBMITTIMEEDITSUBMIT','MOBILEADMINSUBMITTIMENEW','MOBILEADMINUPLOADLEADER','RECRUIT','RECRUITCHANGE','RECRUITINDEX','RECRUITVIEW','AUDITION','AUDITIONADD','AUDITIONEDIT','AUDITIONEDITSUBMIT','AUDITIONIN','AUDITIONINTERIM','AUDITIONLAST','AUDITIONNEXT','AUDITIONOUT','AUDITIONROTATION','AUDITIONSENDMESSAGE','AUDITIONTIME','AUDITIONTIMESUBMIT','RECRUITADMIN','RECRUITADMINNEW','RECRUITADMINNEWSUBMIT','SYSTEM','SYSTEMMAJOREDIT','SYSTEMMAJORINDEX','SYSTEMMAJORNEW','SYSTEMMAJORNEWSUBMIT','USERCHANGEPERMISION','USERDELETE','USERDISLIMITLOGIN','USEREDIT','USEREDITSUBMIT','USERINFORMATION','USERINTERIMPERMISION','USERINTERIMPERMISIONDELETE','USERINTERIMPERMISIONEDIT','USERINTERIMPERMISIONEDITSUBMIT','USERINTERIMPERMISIONNEW','USERINTERIMPERMISIONNEWSUBMIT','USERLEADINGIN','USERLEADINGINSUBMIT','USERLIMITLOGIN','USERLIST','USERMESSAGE','USERMESSAGESEND','USERNEW','USERNEWSUBMIT','USERRESETPASSWORLD','USERTEMPLEDOWNLOAD','WELCOMEINDEXNOTICEDELETE','WELCOMEINDEXNOTICEDISIMPORTANT','WELCOMEINDEXNOTICEEDIT','WELCOMEINDEXNOTICEEDITSUBMIT','WELCOMEINDEXNOTICEIMPORTANT','WELCOMEINDEXNOTICENEW','WELCOMEINDEXNOTICENEWSUBMIT','MOBILELEADER','MOBILELEADERCHANGE','MOBILELEADERCHANGESUBMIT','TEAMDAILYADMIN','TEAMDAILYADMINLOOK','TEAMDAILYADMINMAKE') AND `hide` = 0 AND `type` = 1 ORDER BY sort asc  [ RunTime:0.0015s ]
SQL: SHOW COLUMNS FROM `efan_module` [ RunTime:0.0059s ]
SQL: SELECT `url`,`key` FROM `efan_module` WHERE `hide` = 0 AND `pid` = 'USERINTERIMPERMISION' AND `type` = 2 ORDER BY sort asc  [ RunTime:0.0005s ]
SQL: SHOW COLUMNS FROM `efan_auth_group_module` [ RunTime:0.0073s ]
SQL: SELECT DISTINCT  `module_key` FROM `efan_auth_group_module` WHERE `permision` <= 10  [ RunTime:0.0020s ]
SQL: SHOW COLUMNS FROM `efan_interim_permision` [ RunTime:0.0052s ]
SQL: SELECT `interimpermision` FROM `efan_interim_permision` WHERE `uid` = 18 AND `time` > 1500024861  [ RunTime:0.0003s ]
SQL: SHOW COLUMNS FROM `efan_user` [ RunTime:0.0056s ]
SQL: SELECT `id`,`name`,`uid`,`url` FROM `efan_user` WHERE `uid` = 18  [ RunTime:0.0003s ]
SQL: SHOW COLUMNS FROM `efan_user` [ RunTime:0.0062s ]
SQL: SELECT `uid` FROM `efan_user` WHERE `id` = 21 LIMIT 1   [ RunTime:0.0004s ]
SQL: SHOW COLUMNS FROM `efan_interim_permision` [ RunTime:0.0045s ]
SQL: SHOW COLUMNS FROM `efan_permision` [ RunTime:0.0045s ]
SQL: SELECT * FROM `efan_interim_permision` WHERE `uid` = 18  [ RunTime:0.0002s ]
SQL: SELECT `permision` FROM `efan_permision` WHERE `id` = 4 LIMIT 1   [ RunTime:0.0003s ]
SQL: SELECT `permision` FROM `efan_permision` WHERE `id` = 8 LIMIT 1   [ RunTime:0.0002s ]
SQL: SELECT `permision` FROM `efan_permision` WHERE `id` = 3 LIMIT 1   [ RunTime:0.0003s ]
SQL: SELECT `name` FROM `efan_user` WHERE `uid` = 18 LIMIT 1   [ RunTime:0.0007s ]

[ 2017-07-14T17:34:26+08:00 ] ::1 /efan/index.php/Home/User/User/viewInterimPermision/key/USERINTERIMPERMISION.efan
INFO: [ app_init ] --START--
INFO: Run Behavior\BuildLiteBehavior [ RunTime:0.000027s ]
INFO: [ app_init ] --END-- [ RunTime:0.000599s ]
INFO: [ app_begin ] --START--
INFO: Run Behavior\ReadHtmlCacheBehavior [ RunTime:0.000741s ]
INFO: [ app_begin ] --END-- [ RunTime:0.000840s ]
NOTIC: [8] Use of undefined constant URL_HTML_SUFFIX - assumed 'URL_HTML_SUFFIX' D:\phpStudy\WWW\efan\Application\Home\Controller\HomeController.class.php 第 211 行.
SQL: SHOW COLUMNS FROM `efan_module` [ RunTime:0.0065s ]
SQL: SELECT COUNT(*) AS tp_count FROM `efan_module` WHERE `url` = 'User/User/viewInterimPermision' AND `key` = 'USERINTERIMPERMISION' AND `hide` = 0 LIMIT 1   [ RunTime:0.0003s ]
SQL: SHOW COLUMNS FROM `efan_auth_group_module` [ RunTime:0.0042s ]
SQL: SELECT * FROM `efan_auth_group_module` WHERE `module_key` = 'USERINTERIMPERMISION'  [ RunTime:0.0006s ]
NOTIC: [8] Undefined index: group_id D:\phpStudy\WWW\efan\Application\Home\Controller\HomeController.class.php 第 173 行.
SQL: SELECT DISTINCT  `permision` FROM `efan_auth_group_module` WHERE `module_key` = 'USERINTERIMPERMISION'  [ RunTime:0.0005s ]
SQL: SHOW COLUMNS FROM `efan_interim_permision` [ RunTime:0.0044s ]
SQL: SELECT `interimpermision` FROM `efan_interim_permision` WHERE `uid` = 18 AND `time` > 1500024866  [ RunTime:0.0003s ]
NOTIC: [8] Undefined variable: authGroupAccess D:\phpStudy\WWW\efan\Application\Home\Controller\HomeController.class.php 第 109 行.
NOTIC: [2] Invalid argument supplied for foreach() D:\phpStudy\WWW\efan\Application\Home\Controller\HomeController.class.php 第 109 行.
SQL: SHOW COLUMNS FROM `efan_auth_group_module` [ RunTime:0.0042s ]
SQL: SELECT DISTINCT  `module_key` FROM `efan_auth_group_module` WHERE `permision` <= 10  [ RunTime:0.0011s ]
SQL: SHOW COLUMNS FROM `efan_interim_permision` [ RunTime:0.0043s ]
SQL: SELECT `interimpermision` FROM `efan_interim_permision` WHERE `uid` = 18 AND `time` > 1500024866  [ RunTime:0.0003s ]
SQL: SHOW COLUMNS FROM `efan_module` [ RunTime:0.0042s ]
SQL: SELECT `title`,`url`,`key`,`pid`,`pic` FROM `efan_module` WHERE `key` IN ('CREATIVECLUB','CREATIVECLUBLIST','CREATIVECLUBLISTREPLY','CREATIVECLUBLISTREPLYDELETE','CREATIVECLUBLISTREPLYDISCUSS','CREATIVECLUBLISTREPLYREPLY','CREATIVECLUBLISTREPLYRETURN','INFORMATION','INFORMATIONBUG','INFORMATIONBUGSUBMIT','INFORMATIONCHANGEPASSWORD','INFORMATIONCHANGEPASSWORDSUBMIT','INFORMATIONLOGINOUT','INFORMATIONUSER','INFORMATIONUSERSUBMIT','MOBILE','MOBILECREATIVE','MOBILECREATIVESUBMIT','MOBILELIST','MOBILELISTDELETE','MOBILELISTEDIT','MOBILELISTEDITSUBMIT','MOBILELISTLOOK','TEAMDAILY','TEAMDAILYLIST','TEAMDAILYLISTLOOK','TEAMDAILYLISTUPLOAD','TEAMDAILYNEW','TEAMDAILYOTHER','TEAMDAILYOTHERSUBMIT','TEAMDAILYSUBMIT','WELCOMEINDEX','WELCOMEINDEXNOTICE','MOBILESCORE','MOBILESCORESCORE','MOBILESCORESCORESUBMIT','CREATIVECLUBADMIN','CREATIVECLUBADMINCLOSE','CREATIVECLUBADMINCOUNTNO','CREATIVECLUBADMINDELETE','CREATIVECLUBADMINDOWNLOAD','CREATIVECLUBADMINEDIT','CREATIVECLUBADMINEDITEDIT','CREATIVECLUBADMINGROUP','CREATIVECLUBADMINGROUPSUBMIT','CREATIVECLUBADMINLEADINGIN','CREATIVECLUBADMINOPEN','CREATIVECLUBADMINPDF','CREATIVECLUBLISTEDIT','CREATIVECLUBLISTEDITSUBMIT','CREATIVECLUBLISTREPLYEDIT','CREATIVECLUBLISTREPLYEDITSUBMIT','CREATIVECLUBNEW','CREATIVECLUBNEWSUBMIT','MOBIELADMINSUBMITTIMENEWSUBMIT','MOBILEADMIN','MOBILEADMINDELETE','MOBILEADMINEDIT','MOBILEADMINEDITSUBMIT','MOBILEADMINGROUPLIST','MOBILEADMINGROUPLISTDELETE','MOBILEADMINGROUPLISTEDIT','MOBILEADMINGROUPLISTEDITSUBMIT','MOBILEADMINGROUPLISTLOCK','MOBILEADMINGROUPLISTNEW','MOBILEADMINGROUPLISTNEWSUBMIT','MOBILEADMINGROUPLISTUNLOCK','MOBILEADMINSUBMITTIME','MOBILEADMINSUBMITTIMEDELETE','MOBILEADMINSUBMITTIMEEDIT','MOBILEADMINSUBMITTIMEEDITSUBMIT','MOBILEADMINSUBMITTIMENEW','MOBILEADMINUPLOADLEADER','RECRUIT','RECRUITCHANGE','RECRUITINDEX','RECRUITVIEW','AUDITION','AUDITIONADD','AUDITIONEDIT','AUDITIONEDITSUBMIT','AUDITIONIN','AUDITIONINTERIM','AUDITIONLAST','AUDITIONNEXT','AUDITIONOUT','AUDITIONROTATION','AUDITIONSENDMESSAGE','AUDITIONTIME','AUDITIONTIMESUBMIT','RECRUITADMIN','RECRUITADMINNEW','RECRUITADMINNEWSUBMIT','SYSTEM','SYSTEMMAJOREDIT','SYSTEMMAJORINDEX','SYSTEMMAJORNEW','SYSTEMMAJORNEWSUBMIT','USERCHANGEPERMISION','USERDELETE','USERDISLIMITLOGIN','USEREDIT','USEREDITSUBMIT','USERINFORMATION','USERINTERIMPERMISION','USERINTERIMPERMISIONDELETE','USERINTERIMPERMISIONEDIT','USERINTERIMPERMISIONEDITSUBMIT','USERINTERIMPERMISIONNEW','USERINTERIMPERMISIONNEWSUBMIT','USERLEADINGIN','USERLEADINGINSUBMIT','USERLIMITLOGIN','USERLIST','USERMESSAGE','USERMESSAGESEND','USERNEW','USERNEWSUBMIT','USERRESETPASSWORLD','USERTEMPLEDOWNLOAD','WELCOMEINDEXNOTICEDELETE','WELCOMEINDEXNOTICEDISIMPORTANT','WELCOMEINDEXNOTICEEDIT','WELCOMEINDEXNOTICEEDITSUBMIT','WELCOMEINDEXNOTICEIMPORTANT','WELCOMEINDEXNOTICENEW','WELCOMEINDEXNOTICENEWSUBMIT','MOBILELEADER','MOBILELEADERCHANGE','MOBILELEADERCHANGESUBMIT','TEAMDAILYADMIN','TEAMDAILYADMINLOOK','TEAMDAILYADMINMAKE') AND `hide` = 0 AND `type` = 1 ORDER BY sort asc  [ RunTime:0.0022s ]
SQL: SHOW COLUMNS FROM `efan_module` [ RunTime:0.0050s ]
SQL: SELECT `url`,`key` FROM `efan_module` WHERE `hide` = 0 AND `pid` = 'USERINTERIMPERMISION' AND `type` = 2 ORDER BY sort asc  [ RunTime:0.0004s ]
SQL: SHOW COLUMNS FROM `efan_auth_group_module` [ RunTime:0.0046s ]
SQL: SELECT DISTINCT  `module_key` FROM `efan_auth_group_module` WHERE `permision` <= 10  [ RunTime:0.0011s ]
SQL: SHOW COLUMNS FROM `efan_interim_permision` [ RunTime:0.0042s ]
SQL: SELECT `interimpermision` FROM `efan_interim_permision` WHERE `uid` = 18 AND `time` > 1500024866  [ RunTime:0.0003s ]
SQL: SHOW COLUMNS FROM `efan_user` [ RunTime:0.0046s ]
SQL: SELECT `id`,`name`,`uid`,`url` FROM `efan_user` WHERE `uid` = 18  [ RunTime:0.0003s ]
SQL: SHOW COLUMNS FROM `efan_user` [ RunTime:0.0053s ]
SQL: SELECT `uid` FROM `efan_user` WHERE `id` = 21 LIMIT 1   [ RunTime:0.0003s ]
SQL: SHOW COLUMNS FROM `efan_interim_permision` [ RunTime:0.0043s ]
SQL: SHOW COLUMNS FROM `efan_permision` [ RunTime:0.0038s ]
SQL: SELECT * FROM `efan_interim_permision` WHERE `uid` = 18  [ RunTime:0.0005s ]
SQL: SELECT `permision` FROM `efan_permision` WHERE `id` = 4 LIMIT 1   [ RunTime:0.0005s ]
SQL: SELECT `permision` FROM `efan_permision` WHERE `id` = 8 LIMIT 1   [ RunTime:0.0003s ]
SQL: SELECT `permision` FROM `efan_permision` WHERE `id` = 3 LIMIT 1   [ RunTime:0.0007s ]
SQL: SELECT `name` FROM `efan_user` WHERE `uid` = 18 LIMIT 1   [ RunTime:0.0003s ]

[ 2017-07-14T17:34:37+08:00 ] ::1 /efan/index.php/Home/User/User/interimPermisionEdit/key/USERINTERIMPERMISIONEDIT.efan
INFO: [ app_init ] --START--
INFO: Run Behavior\BuildLiteBehavior [ RunTime:0.000016s ]
INFO: [ app_init ] --END-- [ RunTime:0.000385s ]
INFO: [ app_begin ] --START--
INFO: Run Behavior\ReadHtmlCacheBehavior [ RunTime:0.000597s ]
INFO: [ app_begin ] --END-- [ RunTime:0.000674s ]
NOTIC: [8] Use of undefined constant URL_HTML_SUFFIX - assumed 'URL_HTML_SUFFIX' D:\phpStudy\WWW\efan\Application\Home\Controller\HomeController.class.php 第 211 行.
SQL: SHOW COLUMNS FROM `efan_module` [ RunTime:0.0068s ]
SQL: SELECT COUNT(*) AS tp_count FROM `efan_module` WHERE `url` = 'User/User/interimPermisionEdit' AND `key` = 'USERINTERIMPERMISIONEDIT' AND `hide` = 0 LIMIT 1   [ RunTime:0.0005s ]
SQL: SHOW COLUMNS FROM `efan_auth_group_module` [ RunTime:0.0041s ]
SQL: SELECT * FROM `efan_auth_group_module` WHERE `module_key` = 'USERINTERIMPERMISIONEDIT'  [ RunTime:0.0004s ]
NOTIC: [8] Undefined index: group_id D:\phpStudy\WWW\efan\Application\Home\Controller\HomeController.class.php 第 173 行.
SQL: SELECT DISTINCT  `permision` FROM `efan_auth_group_module` WHERE `module_key` = 'USERINTERIMPERMISIONEDIT'  [ RunTime:0.0003s ]
SQL: SHOW COLUMNS FROM `efan_interim_permision` [ RunTime:0.0045s ]
SQL: SELECT `interimpermision` FROM `efan_interim_permision` WHERE `uid` = 18 AND `time` > 1500024877  [ RunTime:0.0003s ]
NOTIC: [8] Undefined variable: authGroupAccess D:\phpStudy\WWW\efan\Application\Home\Controller\HomeController.class.php 第 109 行.
NOTIC: [2] Invalid argument supplied for foreach() D:\phpStudy\WWW\efan\Application\Home\Controller\HomeController.class.php 第 109 行.
SQL: SHOW COLUMNS FROM `efan_auth_group_module` [ RunTime:0.0061s ]
SQL: SELECT DISTINCT  `module_key` FROM `efan_auth_group_module` WHERE `permision` <= 10  [ RunTime:0.0011s ]
SQL: SHOW COLUMNS FROM `efan_interim_permision` [ RunTime:0.0046s ]
SQL: SELECT `interimpermision` FROM `efan_interim_permision` WHERE `uid` = 18 AND `time` > 1500024877  [ RunTime:0.0003s ]
SQL: SHOW COLUMNS FROM `efan_module` [ RunTime:0.0044s ]
SQL: SELECT `title`,`url`,`key`,`pid`,`pic` FROM `efan_module` WHERE `key` IN ('CREATIVECLUB','CREATIVECLUBLIST','CREATIVECLUBLISTREPLY','CREATIVECLUBLISTREPLYDELETE','CREATIVECLUBLISTREPLYDISCUSS','CREATIVECLUBLISTREPLYREPLY','CREATIVECLUBLISTREPLYRETURN','INFORMATION','INFORMATIONBUG','INFORMATIONBUGSUBMIT','INFORMATIONCHANGEPASSWORD','INFORMATIONCHANGEPASSWORDSUBMIT','INFORMATIONLOGINOUT','INFORMATIONUSER','INFORMATIONUSERSUBMIT','MOBILE','MOBILECREATIVE','MOBILECREATIVESUBMIT','MOBILELIST','MOBILELISTDELETE','MOBILELISTEDIT','MOBILELISTEDITSUBMIT','MOBILELISTLOOK','TEAMDAILY','TEAMDAILYLIST','TEAMDAILYLISTLOOK','TEAMDAILYLISTUPLOAD','TEAMDAILYNEW','TEAMDAILYOTHER','TEAMDAILYOTHERSUBMIT','TEAMDAILYSUBMIT','WELCOMEINDEX','WELCOMEINDEXNOTICE','MOBILESCORE','MOBILESCORESCORE','MOBILESCORESCORESUBMIT','CREATIVECLUBADMIN','CREATIVECLUBADMINCLOSE','CREATIVECLUBADMINCOUNTNO','CREATIVECLUBADMINDELETE','CREATIVECLUBADMINDOWNLOAD','CREATIVECLUBADMINEDIT','CREATIVECLUBADMINEDITEDIT','CREATIVECLUBADMINGROUP','CREATIVECLUBADMINGROUPSUBMIT','CREATIVECLUBADMINLEADINGIN','CREATIVECLUBADMINOPEN','CREATIVECLUBADMINPDF','CREATIVECLUBLISTEDIT','CREATIVECLUBLISTEDITSUBMIT','CREATIVECLUBLISTREPLYEDIT','CREATIVECLUBLISTREPLYEDITSUBMIT','CREATIVECLUBNEW','CREATIVECLUBNEWSUBMIT','MOBIELADMINSUBMITTIMENEWSUBMIT','MOBILEADMIN','MOBILEADMINDELETE','MOBILEADMINEDIT','MOBILEADMINEDITSUBMIT','MOBILEADMINGROUPLIST','MOBILEADMINGROUPLISTDELETE','MOBILEADMINGROUPLISTEDIT','MOBILEADMINGROUPLISTEDITSUBMIT','MOBILEADMINGROUPLISTLOCK','MOBILEADMINGROUPLISTNEW','MOBILEADMINGROUPLISTNEWSUBMIT','MOBILEADMINGROUPLISTUNLOCK','MOBILEADMINSUBMITTIME','MOBILEADMINSUBMITTIMEDELETE','MOBILEADMINSUBMITTIMEEDIT','MOBILEADMINSUBMITTIMEEDITSUBMIT','MOBILEADMINSUBMITTIMENEW','MOBILEADMINUPLOADLEADER','RECRUIT','RECRUITCHANGE','RECRUITINDEX','RECRUITVIEW','AUDITION','AUDITIONADD','AUDITIONEDIT','AUDITIONEDITSUBMIT','AUDITIONIN','AUDITIONINTERIM','AUDITIONLAST','AUDITIONNEXT','AUDITIONOUT','AUDITIONROTATION','AUDITIONSENDMESSAGE','AUDITIONTIME','AUDITIONTIMESUBMIT','RECRUITADMIN','RECRUITADMINNEW','RECRUITADMINNEWSUBMIT','SYSTEM','SYSTEMMAJOREDIT','SYSTEMMAJORINDEX','SYSTEMMAJORNEW','SYSTEMMAJORNEWSUBMIT','USERCHANGEPERMISION','USERDELETE','USERDISLIMITLOGIN','USEREDIT','USEREDITSUBMIT','USERINFORMATION','USERINTERIMPERMISION','USERINTERIMPERMISIONDELETE','USERINTERIMPERMISIONEDIT','USERINTERIMPERMISIONEDITSUBMIT','USERINTERIMPERMISIONNEW','USERINTERIMPERMISIONNEWSUBMIT','USERLEADINGIN','USERLEADINGINSUBMIT','USERLIMITLOGIN','USERLIST','USERMESSAGE','USERMESSAGESEND','USERNEW','USERNEWSUBMIT','USERRESETPASSWORLD','USERTEMPLEDOWNLOAD','WELCOMEINDEXNOTICEDELETE','WELCOMEINDEXNOTICEDISIMPORTANT','WELCOMEINDEXNOTICEEDIT','WELCOMEINDEXNOTICEEDITSUBMIT','WELCOMEINDEXNOTICEIMPORTANT','WELCOMEINDEXNOTICENEW','WELCOMEINDEXNOTICENEWSUBMIT','MOBILELEADER','MOBILELEADERCHANGE','MOBILELEADERCHANGESUBMIT','TEAMDAILYADMIN','TEAMDAILYADMINLOOK','TEAMDAILYADMINMAKE') AND `hide` = 0 AND `type` = 1 ORDER BY sort asc  [ RunTime:0.0016s ]
SQL: SHOW COLUMNS FROM `efan_module` [ RunTime:0.0045s ]
SQL: SELECT `url`,`key` FROM `efan_module` WHERE `hide` = 0 AND `pid` = 'USERINTERIMPERMISIONEDIT' AND `type` = 2 ORDER BY sort asc  [ RunTime:0.0004s ]
SQL: SHOW COLUMNS FROM `efan_auth_group_module` [ RunTime:0.0040s ]
SQL: SELECT DISTINCT  `module_key` FROM `efan_auth_group_module` WHERE `permision` <= 10  [ RunTime:0.0011s ]
SQL: SHOW COLUMNS FROM `efan_interim_permision` [ RunTime:0.0043s ]
SQL: SELECT `interimpermision` FROM `efan_interim_permision` WHERE `uid` = 18 AND `time` > 1500024877  [ RunTime:0.0004s ]
SQL: SHOW COLUMNS FROM `efan_user` [ RunTime:0.0049s ]
SQL: SELECT `id`,`name`,`uid`,`url` FROM `efan_user` WHERE `uid` = 18  [ RunTime:0.0005s ]
SQL: SHOW COLUMNS FROM `efan_interim_permision` [ RunTime:0.0049s ]
SQL: SELECT * FROM `efan_interim_permision` WHERE `id` = 5 LIMIT 1   [ RunTime:0.0003s ]

[ 2017-07-14T17:34:50+08:00 ] ::1 /efan/index.php/Home/Main/Index/index/key/WELCOMEINDEX.efan
INFO: [ app_init ] --START--
INFO: Run Behavior\BuildLiteBehavior [ RunTime:0.000022s ]
INFO: [ app_init ] --END-- [ RunTime:0.000330s ]
INFO: [ app_begin ] --START--
INFO: Run Behavior\ReadHtmlCacheBehavior [ RunTime:0.000552s ]
INFO: [ app_begin ] --END-- [ RunTime:0.000604s ]
NOTIC: [8] Use of undefined constant URL_HTML_SUFFIX - assumed 'URL_HTML_SUFFIX' D:\phpStudy\WWW\efan\Application\Home\Controller\HomeController.class.php 第 211 行.
SQL: SHOW COLUMNS FROM `efan_module` [ RunTime:0.0068s ]
SQL: SELECT COUNT(*) AS tp_count FROM `efan_module` WHERE `url` = 'Main/Index/index' AND `key` = 'WELCOMEINDEX' AND `hide` = 0 LIMIT 1   [ RunTime:0.0003s ]
SQL: SHOW COLUMNS FROM `efan_auth_group_module` [ RunTime:0.0058s ]
SQL: SELECT * FROM `efan_auth_group_module` WHERE `module_key` = 'WELCOMEINDEX'  [ RunTime:0.0006s ]
NOTIC: [8] Undefined index: group_id D:\phpStudy\WWW\efan\Application\Home\Controller\HomeController.class.php 第 173 行.
SQL: SELECT DISTINCT  `permision` FROM `efan_auth_group_module` WHERE `module_key` = 'WELCOMEINDEX'  [ RunTime:0.0005s ]
SQL: SHOW COLUMNS FROM `efan_interim_permision` [ RunTime:0.0068s ]
SQL: SELECT `interimpermision` FROM `efan_interim_permision` WHERE `uid` = 18 AND `time` > 1500024890  [ RunTime:0.0003s ]
NOTIC: [8] Undefined variable: authGroupAccess D:\phpStudy\WWW\efan\Application\Home\Controller\HomeController.class.php 第 109 行.
NOTIC: [2] Invalid argument supplied for foreach() D:\phpStudy\WWW\efan\Application\Home\Controller\HomeController.class.php 第 109 行.
SQL: SHOW COLUMNS FROM `efan_auth_group_module` [ RunTime:0.0046s ]
SQL: SELECT DISTINCT  `module_key` FROM `efan_auth_group_module` WHERE `permision` <= 10  [ RunTime:0.0017s ]
SQL: SHOW COLUMNS FROM `efan_interim_permision` [ RunTime:0.0081s ]
SQL: SELECT `interimpermision` FROM `efan_interim_permision` WHERE `uid` = 18 AND `time` > 1500024890  [ RunTime:0.0003s ]
SQL: SHOW COLUMNS FROM `efan_module` [ RunTime:0.0056s ]
SQL: SELECT `title`,`url`,`key`,`pid`,`pic` FROM `efan_module` WHERE `key` IN ('CREATIVECLUB','CREATIVECLUBLIST','CREATIVECLUBLISTREPLY','CREATIVECLUBLISTREPLYDELETE','CREATIVECLUBLISTREPLYDISCUSS','CREATIVECLUBLISTREPLYREPLY','CREATIVECLUBLISTREPLYRETURN','INFORMATION','INFORMATIONBUG','INFORMATIONBUGSUBMIT','INFORMATIONCHANGEPASSWORD','INFORMATIONCHANGEPASSWORDSUBMIT','INFORMATIONLOGINOUT','INFORMATIONUSER','INFORMATIONUSERSUBMIT','MOBILE','MOBILECREATIVE','MOBILECREATIVESUBMIT','MOBILELIST','MOBILELISTDELETE','MOBILELISTEDIT','MOBILELISTEDITSUBMIT','MOBILELISTLOOK','TEAMDAILY','TEAMDAILYLIST','TEAMDAILYLISTLOOK','TEAMDAILYLISTUPLOAD','TEAMDAILYNEW','TEAMDAILYOTHER','TEAMDAILYOTHERSUBMIT','TEAMDAILYSUBMIT','WELCOMEINDEX','WELCOMEINDEXNOTICE','MOBILESCORE','MOBILESCORESCORE','MOBILESCORESCORESUBMIT','CREATIVECLUBADMIN','CREATIVECLUBADMINCLOSE','CREATIVECLUBADMINCOUNTNO','CREATIVECLUBADMINDELETE','CREATIVECLUBADMINDOWNLOAD','CREATIVECLUBADMINEDIT','CREATIVECLUBADMINEDITEDIT','CREATIVECLUBADMINGROUP','CREATIVECLUBADMINGROUPSUBMIT','CREATIVECLUBADMINLEADINGIN','CREATIVECLUBADMINOPEN','CREATIVECLUBADMINPDF','CREATIVECLUBLISTEDIT','CREATIVECLUBLISTEDITSUBMIT','CREATIVECLUBLISTREPLYEDIT','CREATIVECLUBLISTREPLYEDITSUBMIT','CREATIVECLUBNEW','CREATIVECLUBNEWSUBMIT','MOBIELADMINSUBMITTIMENEWSUBMIT','MOBILEADMIN','MOBILEADMINDELETE','MOBILEADMINEDIT','MOBILEADMINEDITSUBMIT','MOBILEADMINGROUPLIST','MOBILEADMINGROUPLISTDELETE','MOBILEADMINGROUPLISTEDIT','MOBILEADMINGROUPLISTEDITSUBMIT','MOBILEADMINGROUPLISTLOCK','MOBILEADMINGROUPLISTNEW','MOBILEADMINGROUPLISTNEWSUBMIT','MOBILEADMINGROUPLISTUNLOCK','MOBILEADMINSUBMITTIME','MOBILEADMINSUBMITTIMEDELETE','MOBILEADMINSUBMITTIMEEDIT','MOBILEADMINSUBMITTIMEEDITSUBMIT','MOBILEADMINSUBMITTIMENEW','MOBILEADMINUPLOADLEADER','RECRUIT','RECRUITCHANGE','RECRUITINDEX','RECRUITVIEW','AUDITION','AUDITIONADD','AUDITIONEDIT','AUDITIONEDITSUBMIT','AUDITIONIN','AUDITIONINTERIM','AUDITIONLAST','AUDITIONNEXT','AUDITIONOUT','AUDITIONROTATION','AUDITIONSENDMESSAGE','AUDITIONTIME','AUDITIONTIMESUBMIT','RECRUITADMIN','RECRUITADMINNEW','RECRUITADMINNEWSUBMIT','SYSTEM','SYSTEMMAJOREDIT','SYSTEMMAJORINDEX','SYSTEMMAJORNEW','SYSTEMMAJORNEWSUBMIT','USERCHANGEPERMISION','USERDELETE','USERDISLIMITLOGIN','USEREDIT','USEREDITSUBMIT','USERINFORMATION','USERINTERIMPERMISION','USERINTERIMPERMISIONDELETE','USERINTERIMPERMISIONEDIT','USERINTERIMPERMISIONEDITSUBMIT','USERINTERIMPERMISIONNEW','USERINTERIMPERMISIONNEWSUBMIT','USERLEADINGIN','USERLEADINGINSUBMIT','USERLIMITLOGIN','USERLIST','USERMESSAGE','USERMESSAGESEND','USERNEW','USERNEWSUBMIT','USERRESETPASSWORLD','USERTEMPLEDOWNLOAD','WELCOMEINDEXNOTICEDELETE','WELCOMEINDEXNOTICEDISIMPORTANT','WELCOMEINDEXNOTICEEDIT','WELCOMEINDEXNOTICEEDITSUBMIT','WELCOMEINDEXNOTICEIMPORTANT','WELCOMEINDEXNOTICENEW','WELCOMEINDEXNOTICENEWSUBMIT','MOBILELEADER','MOBILELEADERCHANGE','MOBILELEADERCHANGESUBMIT','TEAMDAILYADMIN','TEAMDAILYADMINLOOK','TEAMDAILYADMINMAKE') AND `hide` = 0 AND `type` = 1 ORDER BY sort asc  [ RunTime:0.0022s ]
SQL: SHOW COLUMNS FROM `efan_module` [ RunTime:0.0065s ]
SQL: SELECT `url`,`key` FROM `efan_module` WHERE `hide` = 0 AND `pid` = 'WELCOMEINDEX' AND `type` = 2 ORDER BY sort asc  [ RunTime:0.0004s ]
SQL: SHOW COLUMNS FROM `efan_auth_group_module` [ RunTime:0.0044s ]
SQL: SELECT DISTINCT  `module_key` FROM `efan_auth_group_module` WHERE `permision` <= 10  [ RunTime:0.0015s ]
SQL: SHOW COLUMNS FROM `efan_interim_permision` [ RunTime:0.0066s ]
SQL: SELECT `interimpermision` FROM `efan_interim_permision` WHERE `uid` = 18 AND `time` > 1500024890  [ RunTime:0.0004s ]
SQL: SHOW COLUMNS FROM `efan_user` [ RunTime:0.0087s ]
SQL: SELECT `id`,`name`,`uid`,`url` FROM `efan_user` WHERE `uid` = 18  [ RunTime:0.0005s ]
SQL: SHOW COLUMNS FROM `efan_notice` [ RunTime:0.0064s ]
SQL: SELECT COUNT(*) AS tp_count FROM `efan_notice` LIMIT 1   [ RunTime:0.0003s ]
SQL: SELECT * FROM `efan_notice` ORDER BY `id` desc LIMIT 0,10   [ RunTime:0.0004s ]
INFO: [ view_parse ] --START--
INFO: [ template_filter ] --START--
INFO: Run Behavior\ContentReplaceBehavior [ RunTime:0.000156s ]
INFO: [ template_filter ] --END-- [ RunTime:0.000225s ]
NOTIC: [8] Undefined variable: Think D:\phpStudy\WWW\efan\Application\Runtime\Cache\Home\a13dae09a421c6f3da00619f94a7ad1a.php 第 116 行.
INFO: Run Behavior\ParseTemplateBehavior [ RunTime:0.016846s ]
INFO: [ view_parse ] --END-- [ RunTime:0.016902s ]
INFO: [ view_filter ] --START--
INFO: Run Behavior\WriteHtmlCacheBehavior [ RunTime:0.001040s ]
INFO: [ view_filter ] --END-- [ RunTime:0.001111s ]
INFO: [ app_end ] --START--
INFO: Run Behavior\ShowPageTraceBehavior [ RunTime:0.001513s ]
INFO: [ app_end ] --END-- [ RunTime:0.001640s ]

[ 2017-07-14T17:34:55+08:00 ] ::1 /efan/index.php/Home/User/User/index/key/USERLIST.efan
INFO: [ app_init ] --START--
INFO: Run Behavior\BuildLiteBehavior [ RunTime:0.000028s ]
INFO: [ app_init ] --END-- [ RunTime:0.000736s ]
INFO: [ app_begin ] --START--
INFO: Run Behavior\ReadHtmlCacheBehavior [ RunTime:0.000642s ]
INFO: [ app_begin ] --END-- [ RunTime:0.000732s ]
NOTIC: [8] Use of undefined constant URL_HTML_SUFFIX - assumed 'URL_HTML_SUFFIX' D:\phpStudy\WWW\efan\Application\Home\Controller\HomeController.class.php 第 211 行.
SQL: SHOW COLUMNS FROM `efan_module` [ RunTime:0.0074s ]
SQL: SELECT COUNT(*) AS tp_count FROM `efan_module` WHERE `url` = 'User/User/index' AND `key` = 'USERLIST' AND `hide` = 0 LIMIT 1   [ RunTime:0.0003s ]
SQL: SHOW COLUMNS FROM `efan_auth_group_module` [ RunTime:0.0041s ]
SQL: SELECT * FROM `efan_auth_group_module` WHERE `module_key` = 'USERLIST'  [ RunTime:0.0009s ]
NOTIC: [8] Undefined index: group_id D:\phpStudy\WWW\efan\Application\Home\Controller\HomeController.class.php 第 173 行.
SQL: SELECT DISTINCT  `permision` FROM `efan_auth_group_module` WHERE `module_key` = 'USERLIST'  [ RunTime:0.0004s ]
SQL: SHOW COLUMNS FROM `efan_interim_permision` [ RunTime:0.0051s ]
SQL: SELECT `interimpermision` FROM `efan_interim_permision` WHERE `uid` = 18 AND `time` > 1500024895  [ RunTime:0.0003s ]
NOTIC: [8] Undefined variable: authGroupAccess D:\phpStudy\WWW\efan\Application\Home\Controller\HomeController.class.php 第 109 行.
NOTIC: [2] Invalid argument supplied for foreach() D:\phpStudy\WWW\efan\Application\Home\Controller\HomeController.class.php 第 109 行.
SQL: SHOW COLUMNS FROM `efan_auth_group_module` [ RunTime:0.0039s ]
SQL: SELECT DISTINCT  `module_key` FROM `efan_auth_group_module` WHERE `permision` <= 10  [ RunTime:0.0015s ]
SQL: SHOW COLUMNS FROM `efan_interim_permision` [ RunTime:0.0043s ]
SQL: SELECT `interimpermision` FROM `efan_interim_permision` WHERE `uid` = 18 AND `time` > 1500024895  [ RunTime:0.0005s ]
SQL: SHOW COLUMNS FROM `efan_module` [ RunTime:0.0054s ]
SQL: SELECT `title`,`url`,`key`,`pid`,`pic` FROM `efan_module` WHERE `key` IN ('CREATIVECLUB','CREATIVECLUBLIST','CREATIVECLUBLISTREPLY','CREATIVECLUBLISTREPLYDELETE','CREATIVECLUBLISTREPLYDISCUSS','CREATIVECLUBLISTREPLYREPLY','CREATIVECLUBLISTREPLYRETURN','INFORMATION','INFORMATIONBUG','INFORMATIONBUGSUBMIT','INFORMATIONCHANGEPASSWORD','INFORMATIONCHANGEPASSWORDSUBMIT','INFORMATIONLOGINOUT','INFORMATIONUSER','INFORMATIONUSERSUBMIT','MOBILE','MOBILECREATIVE','MOBILECREATIVESUBMIT','MOBILELIST','MOBILELISTDELETE','MOBILELISTEDIT','MOBILELISTEDITSUBMIT','MOBILELISTLOOK','TEAMDAILY','TEAMDAILYLIST','TEAMDAILYLISTLOOK','TEAMDAILYLISTUPLOAD','TEAMDAILYNEW','TEAMDAILYOTHER','TEAMDAILYOTHERSUBMIT','TEAMDAILYSUBMIT','WELCOMEINDEX','WELCOMEINDEXNOTICE','MOBILESCORE','MOBILESCORESCORE','MOBILESCORESCORESUBMIT','CREATIVECLUBADMIN','CREATIVECLUBADMINCLOSE','CREATIVECLUBADMINCOUNTNO','CREATIVECLUBADMINDELETE','CREATIVECLUBADMINDOWNLOAD','CREATIVECLUBADMINEDIT','CREATIVECLUBADMINEDITEDIT','CREATIVECLUBADMINGROUP','CREATIVECLUBADMINGROUPSUBMIT','CREATIVECLUBADMINLEADINGIN','CREATIVECLUBADMINOPEN','CREATIVECLUBADMINPDF','CREATIVECLUBLISTEDIT','CREATIVECLUBLISTEDITSUBMIT','CREATIVECLUBLISTREPLYEDIT','CREATIVECLUBLISTREPLYEDITSUBMIT','CREATIVECLUBNEW','CREATIVECLUBNEWSUBMIT','MOBIELADMINSUBMITTIMENEWSUBMIT','MOBILEADMIN','MOBILEADMINDELETE','MOBILEADMINEDIT','MOBILEADMINEDITSUBMIT','MOBILEADMINGROUPLIST','MOBILEADMINGROUPLISTDELETE','MOBILEADMINGROUPLISTEDIT','MOBILEADMINGROUPLISTEDITSUBMIT','MOBILEADMINGROUPLISTLOCK','MOBILEADMINGROUPLISTNEW','MOBILEADMINGROUPLISTNEWSUBMIT','MOBILEADMINGROUPLISTUNLOCK','MOBILEADMINSUBMITTIME','MOBILEADMINSUBMITTIMEDELETE','MOBILEADMINSUBMITTIMEEDIT','MOBILEADMINSUBMITTIMEEDITSUBMIT','MOBILEADMINSUBMITTIMENEW','MOBILEADMINUPLOADLEADER','RECRUIT','RECRUITCHANGE','RECRUITINDEX','RECRUITVIEW','AUDITION','AUDITIONADD','AUDITIONEDIT','AUDITIONEDITSUBMIT','AUDITIONIN','AUDITIONINTERIM','AUDITIONLAST','AUDITIONNEXT','AUDITIONOUT','AUDITIONROTATION','AUDITIONSENDMESSAGE','AUDITIONTIME','AUDITIONTIMESUBMIT','RECRUITADMIN','RECRUITADMINNEW','RECRUITADMINNEWSUBMIT','SYSTEM','SYSTEMMAJOREDIT','SYSTEMMAJORINDEX','SYSTEMMAJORNEW','SYSTEMMAJORNEWSUBMIT','USERCHANGEPERMISION','USERDELETE','USERDISLIMITLOGIN','USEREDIT','USEREDITSUBMIT','USERINFORMATION','USERINTERIMPERMISION','USERINTERIMPERMISIONDELETE','USERINTERIMPERMISIONEDIT','USERINTERIMPERMISIONEDITSUBMIT','USERINTERIMPERMISIONNEW','USERINTERIMPERMISIONNEWSUBMIT','USERLEADINGIN','USERLEADINGINSUBMIT','USERLIMITLOGIN','USERLIST','USERMESSAGE','USERMESSAGESEND','USERNEW','USERNEWSUBMIT','USERRESETPASSWORLD','USERTEMPLEDOWNLOAD','WELCOMEINDEXNOTICEDELETE','WELCOMEINDEXNOTICEDISIMPORTANT','WELCOMEINDEXNOTICEEDIT','WELCOMEINDEXNOTICEEDITSUBMIT','WELCOMEINDEXNOTICEIMPORTANT','WELCOMEINDEXNOTICENEW','WELCOMEINDEXNOTICENEWSUBMIT','MOBILELEADER','MOBILELEADERCHANGE','MOBILELEADERCHANGESUBMIT','TEAMDAILYADMIN','TEAMDAILYADMINLOOK','TEAMDAILYADMINMAKE') AND `hide` = 0 AND `type` = 1 ORDER BY sort asc  [ RunTime:0.0012s ]
SQL: SHOW COLUMNS FROM `efan_module` [ RunTime:0.0048s ]
SQL: SELECT `url`,`key` FROM `efan_module` WHERE `hide` = 0 AND `pid` = 'USERLIST' AND `type` = 2 ORDER BY sort asc  [ RunTime:0.0005s ]
SQL: SHOW COLUMNS FROM `efan_auth_group_module` [ RunTime:0.0049s ]
SQL: SELECT DISTINCT  `module_key` FROM `efan_auth_group_module` WHERE `permision` <= 10  [ RunTime:0.0022s ]
SQL: SHOW COLUMNS FROM `efan_interim_permision` [ RunTime:0.0044s ]
SQL: SELECT `interimpermision` FROM `efan_interim_permision` WHERE `uid` = 18 AND `time` > 1500024895  [ RunTime:0.0003s ]
SQL: SHOW COLUMNS FROM `efan_user` [ RunTime:0.0052s ]
SQL: SELECT `id`,`name`,`uid`,`url` FROM `efan_user` WHERE `uid` = 18  [ RunTime:0.0005s ]
SQL: SHOW COLUMNS FROM `efan_user` [ RunTime:0.0051s ]
SQL: SELECT `id`,`uid`,`name`,`phone`,`major`,`permision`,`state` FROM `efan_user`  [ RunTime:0.0004s ]
SQL: SHOW COLUMNS FROM `efan_permision` [ RunTime:0.0039s ]
SQL: SELECT * FROM `efan_permision` WHERE `class` = 1  [ RunTime:0.0003s ]
SQL: SELECT * FROM `efan_permision` WHERE `class` = 2  [ RunTime:0.0002s ]
INFO: [ view_parse ] --START--
INFO: [ template_filter ] --START--
INFO: Run Behavior\ContentReplaceBehavior [ RunTime:0.000705s ]
INFO: [ template_filter ] --END-- [ RunTime:0.000863s ]
NOTIC: [8] Undefined variable: Think D:\phpStudy\WWW\efan\Application\Runtime\Cache\Home\8cc16675c4c4cf00393fc15126d7c183.php 第 127 行.
NOTIC: [8] Undefined variable: Think D:\phpStudy\WWW\efan\Application\Runtime\Cache\Home\8cc16675c4c4cf00393fc15126d7c183.php 第 128 行.
NOTIC: [8] Undefined variable: Think D:\phpStudy\WWW\efan\Application\Runtime\Cache\Home\8cc16675c4c4cf00393fc15126d7c183.php 第 129 行.
NOTIC: [8] Undefined variable: Think D:\phpStudy\WWW\efan\Application\Runtime\Cache\Home\8cc16675c4c4cf00393fc15126d7c183.php 第 130 行.
NOTIC: [8] Undefined variable: Think D:\phpStudy\WWW\efan\Application\Runtime\Cache\Home\8cc16675c4c4cf00393fc15126d7c183.php 第 131 行.
NOTIC: [8] Undefined variable: Think D:\phpStudy\WWW\efan\Application\Runtime\Cache\Home\8cc16675c4c4cf00393fc15126d7c183.php 第 172 行.
NOTIC: [8] Undefined variable: Think D:\phpStudy\WWW\efan\Application\Runtime\Cache\Home\8cc16675c4c4cf00393fc15126d7c183.php 第 173 行.
NOTIC: [8] Undefined variable: Think D:\phpStudy\WWW\efan\Application\Runtime\Cache\Home\8cc16675c4c4cf00393fc15126d7c183.php 第 174 行.
NOTIC: [8] Undefined variable: Think D:\phpStudy\WWW\efan\Application\Runtime\Cache\Home\8cc16675c4c4cf00393fc15126d7c183.php 第 175 行.
NOTIC: [8] Undefined variable: Think D:\phpStudy\WWW\efan\Application\Runtime\Cache\Home\8cc16675c4c4cf00393fc15126d7c183.php 第 176 行.
NOTIC: [8] Undefined variable: Think D:\phpStudy\WWW\efan\Application\Runtime\Cache\Home\8cc16675c4c4cf00393fc15126d7c183.php 第 177 行.
NOTIC: [8] Undefined variable: Think D:\phpStudy\WWW\efan\Application\Runtime\Cache\Home\8cc16675c4c4cf00393fc15126d7c183.php 第 172 行.
NOTIC: [8] Undefined variable: Think D:\phpStudy\WWW\efan\Application\Runtime\Cache\Home\8cc16675c4c4cf00393fc15126d7c183.php 第 173 行.
NOTIC: [8] Undefined variable: Think D:\phpStudy\WWW\efan\Application\Runtime\Cache\Home\8cc16675c4c4cf00393fc15126d7c183.php 第 174 行.
NOTIC: [8] Undefined variable: Think D:\phpStudy\WWW\efan\Application\Runtime\Cache\Home\8cc16675c4c4cf00393fc15126d7c183.php 第 175 行.
NOTIC: [8] Undefined variable: Think D:\phpStudy\WWW\efan\Application\Runtime\Cache\Home\8cc16675c4c4cf00393fc15126d7c183.php 第 176 行.
NOTIC: [8] Undefined variable: Think D:\phpStudy\WWW\efan\Application\Runtime\Cache\Home\8cc16675c4c4cf00393fc15126d7c183.php 第 177 行.
NOTIC: [8] Undefined variable: Think D:\phpStudy\WWW\efan\Application\Runtime\Cache\Home\8cc16675c4c4cf00393fc15126d7c183.php 第 172 行.
NOTIC: [8] Undefined variable: Think D:\phpStudy\WWW\efan\Application\Runtime\Cache\Home\8cc16675c4c4cf00393fc15126d7c183.php 第 173 行.
NOTIC: [8] Undefined variable: Think D:\phpStudy\WWW\efan\Application\Runtime\Cache\Home\8cc16675c4c4cf00393fc15126d7c183.php 第 174 行.
NOTIC: [8] Undefined variable: Think D:\phpStudy\WWW\efan\Application\Runtime\Cache\Home\8cc16675c4c4cf00393fc15126d7c183.php 第 175 行.
NOTIC: [8] Undefined variable: Think D:\phpStudy\WWW\efan\Application\Runtime\Cache\Home\8cc16675c4c4cf00393fc15126d7c183.php 第 176 行.
NOTIC: [8] Undefined variable: Think D:\phpStudy\WWW\efan\Application\Runtime\Cache\Home\8cc16675c4c4cf00393fc15126d7c183.php 第 177 行.
NOTIC: [8] Undefined variable: Think D:\phpStudy\WWW\efan\Application\Runtime\Cache\Home\8cc16675c4c4cf00393fc15126d7c183.php 第 172 行.
NOTIC: [8] Undefined variable: Think D:\phpStudy\WWW\efan\Application\Runtime\Cache\Home\8cc16675c4c4cf00393fc15126d7c183.php 第 173 行.
NOTIC: [8] Undefined variable: Think D:\phpStudy\WWW\efan\Application\Runtime\Cache\Home\8cc16675c4c4cf00393fc15126d7c183.php 第 174 行.
NOTIC: [8] Undefined variable: Think D:\phpStudy\WWW\efan\Application\Runtime\Cache\Home\8cc16675c4c4cf00393fc15126d7c183.php 第 175 行.
NOTIC: [8] Undefined variable: Think D:\phpStudy\WWW\efan\Application\Runtime\Cache\Home\8cc16675c4c4cf00393fc15126d7c183.php 第 176 行.
NOTIC: [8] Undefined variable: Think D:\phpStudy\WWW\efan\Application\Runtime\Cache\Home\8cc16675c4c4cf00393fc15126d7c183.php 第 177 行.
NOTIC: [8] Undefined variable: Think D:\phpStudy\WWW\efan\Application\Runtime\Cache\Home\8cc16675c4c4cf00393fc15126d7c183.php 第 172 行.
NOTIC: [8] Undefined variable: Think D:\phpStudy\WWW\efan\Application\Runtime\Cache\Home\8cc16675c4c4cf00393fc15126d7c183.php 第 173 行.
NOTIC: [8] Undefined variable: Think D:\phpStudy\WWW\efan\Application\Runtime\Cache\Home\8cc16675c4c4cf00393fc15126d7c183.php 第 174 行.
NOTIC: [8] Undefined variable: Think D:\phpStudy\WWW\efan\Application\Runtime\Cache\Home\8cc16675c4c4cf00393fc15126d7c183.php 第 175 行.
NOTIC: [8] Undefined variable: Think D:\phpStudy\WWW\efan\Application\Runtime\Cache\Home\8cc16675c4c4cf00393fc15126d7c183.php 第 176 行.
NOTIC: [8] Undefined variable: Think D:\phpStudy\WWW\efan\Application\Runtime\Cache\Home\8cc16675c4c4cf00393fc15126d7c183.php 第 177 行.
NOTIC: [8] Undefined variable: Think D:\phpStudy\WWW\efan\Application\Runtime\Cache\Home\8cc16675c4c4cf00393fc15126d7c183.php 第 172 行.
NOTIC: [8] Undefined variable: Think D:\phpStudy\WWW\efan\Application\Runtime\Cache\Home\8cc16675c4c4cf00393fc15126d7c183.php 第 173 行.
NOTIC: [8] Undefined variable: Think D:\phpStudy\WWW\efan\Application\Runtime\Cache\Home\8cc16675c4c4cf00393fc15126d7c183.php 第 174 行.
NOTIC: [8] Undefined variable: Think D:\phpStudy\WWW\efan\Application\Runtime\Cache\Home\8cc16675c4c4cf00393fc15126d7c183.php 第 175 行.
NOTIC: [8] Undefined variable: Think D:\phpStudy\WWW\efan\Application\Runtime\Cache\Home\8cc16675c4c4cf00393fc15126d7c183.php 第 176 行.
NOTIC: [8] Undefined variable: Think D:\phpStudy\WWW\efan\Application\Runtime\Cache\Home\8cc16675c4c4cf00393fc15126d7c183.php 第 177 行.
NOTIC: [8] Undefined variable: Think D:\phpStudy\WWW\efan\Application\Runtime\Cache\Home\8cc16675c4c4cf00393fc15126d7c183.php 第 172 行.
NOTIC: [8] Undefined variable: Think D:\phpStudy\WWW\efan\Application\Runtime\Cache\Home\8cc16675c4c4cf00393fc15126d7c183.php 第 173 行.
NOTIC: [8] Undefined variable: Think D:\phpStudy\WWW\efan\Application\Runtime\Cache\Home\8cc16675c4c4cf00393fc15126d7c183.php 第 174 行.
NOTIC: [8] Undefined variable: Think D:\phpStudy\WWW\efan\Application\Runtime\Cache\Home\8cc16675c4c4cf00393fc15126d7c183.php 第 175 行.
NOTIC: [8] Undefined variable: Think D:\phpStudy\WWW\efan\Application\Runtime\Cache\Home\8cc16675c4c4cf00393fc15126d7c183.php 第 176 行.
NOTIC: [8] Undefined variable: Think D:\phpStudy\WWW\efan\Application\Runtime\Cache\Home\8cc16675c4c4cf00393fc15126d7c183.php 第 177 行.
NOTIC: [8] Undefined variable: Think D:\phpStudy\WWW\efan\Application\Runtime\Cache\Home\8cc16675c4c4cf00393fc15126d7c183.php 第 172 行.
NOTIC: [8] Undefined variable: Think D:\phpStudy\WWW\efan\Application\Runtime\Cache\Home\8cc16675c4c4cf00393fc15126d7c183.php 第 173 行.
NOTIC: [8] Undefined variable: Think D:\phpStudy\WWW\efan\Application\Runtime\Cache\Home\8cc16675c4c4cf00393fc15126d7c183.php 第 174 行.
NOTIC: [8] Undefined variable: Think D:\phpStudy\WWW\efan\Application\Runtime\Cache\Home\8cc16675c4c4cf00393fc15126d7c183.php 第 175 行.
NOTIC: [8] Undefined variable: Think D:\phpStudy\WWW\efan\Application\Runtime\Cache\Home\8cc16675c4c4cf00393fc15126d7c183.php 第 176 行.
NOTIC: [8] Undefined variable: Think D:\phpStudy\WWW\efan\Application\Runtime\Cache\Home\8cc16675c4c4cf00393fc15126d7c183.php 第 177 行.
NOTIC: [8] Undefined variable: Think D:\phpStudy\WWW\efan\Application\Runtime\Cache\Home\8cc16675c4c4cf00393fc15126d7c183.php 第 172 行.
NOTIC: [8] Undefined variable: Think D:\phpStudy\WWW\efan\Application\Runtime\Cache\Home\8cc16675c4c4cf00393fc15126d7c183.php 第 173 行.
NOTIC: [8] Undefined variable: Think D:\phpStudy\WWW\efan\Application\Runtime\Cache\Home\8cc16675c4c4cf00393fc15126d7c183.php 第 174 行.
NOTIC: [8] Undefined variable: Think D:\phpStudy\WWW\efan\Application\Runtime\Cache\Home\8cc16675c4c4cf00393fc15126d7c183.php 第 175 行.
NOTIC: [8] Undefined variable: Think D:\phpStudy\WWW\efan\Application\Runtime\Cache\Home\8cc16675c4c4cf00393fc15126d7c183.php 第 176 行.
NOTIC: [8] Undefined variable: Think D:\phpStudy\WWW\efan\Application\Runtime\Cache\Home\8cc16675c4c4cf00393fc15126d7c183.php 第 177 行.
NOTIC: [8] Undefined variable: Think D:\phpStudy\WWW\efan\Application\Runtime\Cache\Home\8cc16675c4c4cf00393fc15126d7c183.php 第 172 行.
NOTIC: [8] Undefined variable: Think D:\phpStudy\WWW\efan\Application\Runtime\Cache\Home\8cc16675c4c4cf00393fc15126d7c183.php 第 173 行.
NOTIC: [8] Undefined variable: Think D:\phpStudy\WWW\efan\Application\Runtime\Cache\Home\8cc16675c4c4cf00393fc15126d7c183.php 第 174 行.
NOTIC: [8] Undefined variable: Think D:\phpStudy\WWW\efan\Application\Runtime\Cache\Home\8cc16675c4c4cf00393fc15126d7c183.php 第 175 行.
NOTIC: [8] Undefined variable: Think D:\phpStudy\WWW\efan\Application\Runtime\Cache\Home\8cc16675c4c4cf00393fc15126d7c183.php 第 176 行.
NOTIC: [8] Undefined variable: Think D:\phpStudy\WWW\efan\Application\Runtime\Cache\Home\8cc16675c4c4cf00393fc15126d7c183.php 第 177 行.
NOTIC: [8] Undefined variable: Think D:\phpStudy\WWW\efan\Application\Runtime\Cache\Home\8cc16675c4c4cf00393fc15126d7c183.php 第 172 行.
NOTIC: [8] Undefined variable: Think D:\phpStudy\WWW\efan\Application\Runtime\Cache\Home\8cc16675c4c4cf00393fc15126d7c183.php 第 173 行.
NOTIC: [8] Undefined variable: Think D:\phpStudy\WWW\efan\Application\Runtime\Cache\Home\8cc16675c4c4cf00393fc15126d7c183.php 第 174 行.
NOTIC: [8] Undefined variable: Think D:\phpStudy\WWW\efan\Application\Runtime\Cache\Home\8cc16675c4c4cf00393fc15126d7c183.php 第 175 行.
NOTIC: [8] Undefined variable: Think D:\phpStudy\WWW\efan\Application\Runtime\Cache\Home\8cc16675c4c4cf00393fc15126d7c183.php 第 176 行.
NOTIC: [8] Undefined variable: Think D:\phpStudy\WWW\efan\Application\Runtime\Cache\Home\8cc16675c4c4cf00393fc15126d7c183.php 第 177 行.
NOTIC: [8] Undefined variable: Think D:\phpStudy\WWW\efan\Application\Runtime\Cache\Home\8cc16675c4c4cf00393fc15126d7c183.php 第 172 行.
NOTIC: [8] Undefined variable: Think D:\phpStudy\WWW\efan\Application\Runtime\Cache\Home\8cc16675c4c4cf00393fc15126d7c183.php 第 173 行.
NOTIC: [8] Undefined variable: Think D:\phpStudy\WWW\efan\Application\Runtime\Cache\Home\8cc16675c4c4cf00393fc15126d7c183.php 第 174 行.
NOTIC: [8] Undefined variable: Think D:\phpStudy\WWW\efan\Application\Runtime\Cache\Home\8cc16675c4c4cf00393fc15126d7c183.php 第 175 行.
NOTIC: [8] Undefined variable: Think D:\phpStudy\WWW\efan\Application\Runtime\Cache\Home\8cc16675c4c4cf00393fc15126d7c183.php 第 176 行.
NOTIC: [8] Undefined variable: Think D:\phpStudy\WWW\efan\Application\Runtime\Cache\Home\8cc16675c4c4cf00393fc15126d7c183.php 第 177 行.
NOTIC: [8] Undefined variable: Think D:\phpStudy\WWW\efan\Application\Runtime\Cache\Home\8cc16675c4c4cf00393fc15126d7c183.php 第 172 行.
NOTIC: [8] Undefined variable: Think D:\phpStudy\WWW\efan\Application\Runtime\Cache\Home\8cc16675c4c4cf00393fc15126d7c183.php 第 173 行.
NOTIC: [8] Undefined variable: Think D:\phpStudy\WWW\efan\Application\Runtime\Cache\Home\8cc16675c4c4cf00393fc15126d7c183.php 第 174 行.
NOTIC: [8] Undefined variable: Think D:\phpStudy\WWW\efan\Application\Runtime\Cache\Home\8cc16675c4c4cf00393fc15126d7c183.php 第 175 行.
NOTIC: [8] Undefined variable: Think D:\phpStudy\WWW\efan\Application\Runtime\Cache\Home\8cc16675c4c4cf00393fc15126d7c183.php 第 176 行.
NOTIC: [8] Undefined variable: Think D:\phpStudy\WWW\efan\Application\Runtime\Cache\Home\8cc16675c4c4cf00393fc15126d7c183.php 第 177 行.
NOTIC: [8] Undefined variable: Think D:\phpStudy\WWW\efan\Application\Runtime\Cache\Home\8cc16675c4c4cf00393fc15126d7c183.php 第 172 行.
NOTIC: [8] Undefined variable: Think D:\phpStudy\WWW\efan\Application\Runtime\Cache\Home\8cc16675c4c4cf00393fc15126d7c183.php 第 173 行.
NOTIC: [8] Undefined variable: Think D:\phpStudy\WWW\efan\Application\Runtime\Cache\Home\8cc16675c4c4cf00393fc15126d7c183.php 第 174 行.
NOTIC: [8] Undefined variable: Think D:\phpStudy\WWW\efan\Application\Runtime\Cache\Home\8cc16675c4c4cf00393fc15126d7c183.php 第 175 行.
NOTIC: [8] Undefined variable: Think D:\phpStudy\WWW\efan\Application\Runtime\Cache\Home\8cc16675c4c4cf00393fc15126d7c183.php 第 176 行.
NOTIC: [8] Undefined variable: Think D:\phpStudy\WWW\efan\Application\Runtime\Cache\Home\8cc16675c4c4cf00393fc15126d7c183.php 第 177 行.
NOTIC: [8] Undefined variable: Think D:\phpStudy\WWW\efan\Application\Runtime\Cache\Home\8cc16675c4c4cf00393fc15126d7c183.php 第 172 行.
NOTIC: [8] Undefined variable: Think D:\phpStudy\WWW\efan\Application\Runtime\Cache\Home\8cc16675c4c4cf00393fc15126d7c183.php 第 173 行.
NOTIC: [8] Undefined variable: Think D:\phpStudy\WWW\efan\Application\Runtime\Cache\Home\8cc16675c4c4cf00393fc15126d7c183.php 第 174 行.
NOTIC: [8] Undefined variable: Think D:\phpStudy\WWW\efan\Application\Runtime\Cache\Home\8cc16675c4c4cf00393fc15126d7c183.php 第 175 行.
NOTIC: [8] Undefined variable: Think D:\phpStudy\WWW\efan\Application\Runtime\Cache\Home\8cc16675c4c4cf00393fc15126d7c183.php 第 176 行.
NOTIC: [8] Undefined variable: Think D:\phpStudy\WWW\efan\Application\Runtime\Cache\Home\8cc16675c4c4cf00393fc15126d7c183.php 第 177 行.
NOTIC: [8] Undefined variable: Think D:\phpStudy\WWW\efan\Application\Runtime\Cache\Home\8cc16675c4c4cf00393fc15126d7c183.php 第 243 行.
NOTIC: [8] Undefined variable: Think D:\phpStudy\WWW\efan\Application\Runtime\Cache\Home\8cc16675c4c4cf00393fc15126d7c183.php 第 285 行.
NOTIC: [8] Undefined variable: Think D:\phpStudy\WWW\efan\Application\Runtime\Cache\Home\8cc16675c4c4cf00393fc15126d7c183.php 第 328 行.
INFO: Run Behavior\ParseTemplateBehavior [ RunTime:0.029995s ]
INFO: [ view_parse ] --END-- [ RunTime:0.030047s ]
INFO: [ view_filter ] --START--
INFO: Run Behavior\WriteHtmlCacheBehavior [ RunTime:0.000611s ]
INFO: [ view_filter ] --END-- [ RunTime:0.000652s ]
INFO: [ app_end ] --START--
INFO: Run Behavior\ShowPageTraceBehavior [ RunTime:0.001078s ]
INFO: [ app_end ] --END-- [ RunTime:0.001178s ]

[ 2017-07-14T17:35:00+08:00 ] ::1 /efan/index.php/Home/Creative/Admin/index/key/CREATIVECLUBADMIN.efan
INFO: [ app_init ] --START--
INFO: Run Behavior\BuildLiteBehavior [ RunTime:0.000014s ]
INFO: [ app_init ] --END-- [ RunTime:0.000353s ]
INFO: [ app_begin ] --START--
INFO: Run Behavior\ReadHtmlCacheBehavior [ RunTime:0.000440s ]
INFO: [ app_begin ] --END-- [ RunTime:0.000495s ]
NOTIC: [8] Use of undefined constant URL_HTML_SUFFIX - assumed 'URL_HTML_SUFFIX' D:\phpStudy\WWW\efan\Application\Home\Controller\HomeController.class.php 第 211 行.
SQL: SHOW COLUMNS FROM `efan_module` [ RunTime:0.0053s ]
SQL: SELECT COUNT(*) AS tp_count FROM `efan_module` WHERE `url` = 'Creative/Admin/index' AND `key` = 'CREATIVECLUBADMIN' AND `hide` = 0 LIMIT 1   [ RunTime:0.0003s ]
SQL: SHOW COLUMNS FROM `efan_auth_group_module` [ RunTime:0.0056s ]
SQL: SELECT * FROM `efan_auth_group_module` WHERE `module_key` = 'CREATIVECLUBADMIN'  [ RunTime:0.0005s ]
NOTIC: [8] Undefined index: group_id D:\phpStudy\WWW\efan\Application\Home\Controller\HomeController.class.php 第 173 行.
SQL: SELECT DISTINCT  `permision` FROM `efan_auth_group_module` WHERE `module_key` = 'CREATIVECLUBADMIN'  [ RunTime:0.0004s ]
SQL: SHOW COLUMNS FROM `efan_interim_permision` [ RunTime:0.0048s ]
SQL: SELECT `interimpermision` FROM `efan_interim_permision` WHERE `uid` = 18 AND `time` > 1500024900  [ RunTime:0.0004s ]
NOTIC: [8] Undefined variable: authGroupAccess D:\phpStudy\WWW\efan\Application\Home\Controller\HomeController.class.php 第 109 行.
NOTIC: [2] Invalid argument supplied for foreach() D:\phpStudy\WWW\efan\Application\Home\Controller\HomeController.class.php 第 109 行.
SQL: SHOW COLUMNS FROM `efan_auth_group_module` [ RunTime:0.0045s ]
SQL: SELECT DISTINCT  `module_key` FROM `efan_auth_group_module` WHERE `permision` <= 10  [ RunTime:0.0013s ]
SQL: SHOW COLUMNS FROM `efan_interim_permision` [ RunTime:0.0043s ]
SQL: SELECT `interimpermision` FROM `efan_interim_permision` WHERE `uid` = 18 AND `time` > 1500024900  [ RunTime:0.0003s ]
SQL: SHOW COLUMNS FROM `efan_module` [ RunTime:0.0047s ]
SQL: SELECT `title`,`url`,`key`,`pid`,`pic` FROM `efan_module` WHERE `key` IN ('CREATIVECLUB','CREATIVECLUBLIST','CREATIVECLUBLISTREPLY','CREATIVECLUBLISTREPLYDELETE','CREATIVECLUBLISTREPLYDISCUSS','CREATIVECLUBLISTREPLYREPLY','CREATIVECLUBLISTREPLYRETURN','INFORMATION','INFORMATIONBUG','INFORMATIONBUGSUBMIT','INFORMATIONCHANGEPASSWORD','INFORMATIONCHANGEPASSWORDSUBMIT','INFORMATIONLOGINOUT','INFORMATIONUSER','INFORMATIONUSERSUBMIT','MOBILE','MOBILECREATIVE','MOBILECREATIVESUBMIT','MOBILELIST','MOBILELISTDELETE','MOBILELISTEDIT','MOBILELISTEDITSUBMIT','MOBILELISTLOOK','TEAMDAILY','TEAMDAILYLIST','TEAMDAILYLISTLOOK','TEAMDAILYLISTUPLOAD','TEAMDAILYNEW','TEAMDAILYOTHER','TEAMDAILYOTHERSUBMIT','TEAMDAILYSUBMIT','WELCOMEINDEX','WELCOMEINDEXNOTICE','MOBILESCORE','MOBILESCORESCORE','MOBILESCORESCORESUBMIT','CREATIVECLUBADMIN','CREATIVECLUBADMINCLOSE','CREATIVECLUBADMINCOUNTNO','CREATIVECLUBADMINDELETE','CREATIVECLUBADMINDOWNLOAD','CREATIVECLUBADMINEDIT','CREATIVECLUBADMINEDITEDIT','CREATIVECLUBADMINGROUP','CREATIVECLUBADMINGROUPSUBMIT','CREATIVECLUBADMINLEADINGIN','CREATIVECLUBADMINOPEN','CREATIVECLUBADMINPDF','CREATIVECLUBLISTEDIT','CREATIVECLUBLISTEDITSUBMIT','CREATIVECLUBLISTREPLYEDIT','CREATIVECLUBLISTREPLYEDITSUBMIT','CREATIVECLUBNEW','CREATIVECLUBNEWSUBMIT','MOBIELADMINSUBMITTIMENEWSUBMIT','MOBILEADMIN','MOBILEADMINDELETE','MOBILEADMINEDIT','MOBILEADMINEDITSUBMIT','MOBILEADMINGROUPLIST','MOBILEADMINGROUPLISTDELETE','MOBILEADMINGROUPLISTEDIT','MOBILEADMINGROUPLISTEDITSUBMIT','MOBILEADMINGROUPLISTLOCK','MOBILEADMINGROUPLISTNEW','MOBILEADMINGROUPLISTNEWSUBMIT','MOBILEADMINGROUPLISTUNLOCK','MOBILEADMINSUBMITTIME','MOBILEADMINSUBMITTIMEDELETE','MOBILEADMINSUBMITTIMEEDIT','MOBILEADMINSUBMITTIMEEDITSUBMIT','MOBILEADMINSUBMITTIMENEW','MOBILEADMINUPLOADLEADER','RECRUIT','RECRUITCHANGE','RECRUITINDEX','RECRUITVIEW','AUDITION','AUDITIONADD','AUDITIONEDIT','AUDITIONEDITSUBMIT','AUDITIONIN','AUDITIONINTERIM','AUDITIONLAST','AUDITIONNEXT','AUDITIONOUT','AUDITIONROTATION','AUDITIONSENDMESSAGE','AUDITIONTIME','AUDITIONTIMESUBMIT','RECRUITADMIN','RECRUITADMINNEW','RECRUITADMINNEWSUBMIT','SYSTEM','SYSTEMMAJOREDIT','SYSTEMMAJORINDEX','SYSTEMMAJORNEW','SYSTEMMAJORNEWSUBMIT','USERCHANGEPERMISION','USERDELETE','USERDISLIMITLOGIN','USEREDIT','USEREDITSUBMIT','USERINFORMATION','USERINTERIMPERMISION','USERINTERIMPERMISIONDELETE','USERINTERIMPERMISIONEDIT','USERINTERIMPERMISIONEDITSUBMIT','USERINTERIMPERMISIONNEW','USERINTERIMPERMISIONNEWSUBMIT','USERLEADINGIN','USERLEADINGINSUBMIT','USERLIMITLOGIN','USERLIST','USERMESSAGE','USERMESSAGESEND','USERNEW','USERNEWSUBMIT','USERRESETPASSWORLD','USERTEMPLEDOWNLOAD','WELCOMEINDEXNOTICEDELETE','WELCOMEINDEXNOTICEDISIMPORTANT','WELCOMEINDEXNOTICEEDIT','WELCOMEINDEXNOTICEEDITSUBMIT','WELCOMEINDEXNOTICEIMPORTANT','WELCOMEINDEXNOTICENEW','WELCOMEINDEXNOTICENEWSUBMIT','MOBILELEADER','MOBILELEADERCHANGE','MOBILELEADERCHANGESUBMIT','TEAMDAILYADMIN','TEAMDAILYADMINLOOK','TEAMDAILYADMINMAKE') AND `hide` = 0 AND `type` = 1 ORDER BY sort asc  [ RunTime:0.0013s ]
SQL: SHOW COLUMNS FROM `efan_module` [ RunTime:0.0051s ]
SQL: SELECT `url`,`key` FROM `efan_module` WHERE `hide` = 0 AND `pid` = 'CREATIVECLUBADMIN' AND `type` = 2 ORDER BY sort asc  [ RunTime:0.0005s ]
SQL: SHOW COLUMNS FROM `efan_auth_group_module` [ RunTime:0.0060s ]
SQL: SELECT DISTINCT  `module_key` FROM `efan_auth_group_module` WHERE `permision` <= 10  [ RunTime:0.0017s ]
SQL: SHOW COLUMNS FROM `efan_interim_permision` [ RunTime:0.0051s ]
SQL: SELECT `interimpermision` FROM `efan_interim_permision` WHERE `uid` = 18 AND `time` > 1500024900  [ RunTime:0.0007s ]
SQL: SHOW COLUMNS FROM `efan_user` [ RunTime:0.0057s ]
SQL: SELECT `id`,`name`,`uid`,`url` FROM `efan_user` WHERE `uid` = 18  [ RunTime:0.0005s ]
SQL: SHOW COLUMNS FROM `efan_creative` [ RunTime:0.0413s ]
SQL: SELECT `id`,`uid`,`creativetitle`,`group`,`state`,`zentaostate`,`pdfurl` FROM `efan_creative`  [ RunTime:0.0004s ]
SQL: SHOW COLUMNS FROM `efan_user` [ RunTime:0.0049s ]
SQL: SHOW COLUMNS FROM `efan_creative_group` [ RunTime:0.0061s ]
SQL: SELECT `name` FROM `efan_user` WHERE `uid` = 18 LIMIT 1   [ RunTime:0.0004s ]
SQL: SELECT `group` FROM `efan_creative_group` WHERE `id` = 2 LIMIT 1   [ RunTime:0.0003s ]
SQL: SELECT `name` FROM `efan_user` WHERE `uid` = 18 LIMIT 1   [ RunTime:0.0003s ]
SQL: SELECT `group` FROM `efan_creative_group` WHERE `id` = 1 LIMIT 1   [ RunTime:0.0003s ]
SQL: SELECT `name` FROM `efan_user` WHERE `uid` = 18 LIMIT 1   [ RunTime:0.0004s ]
SQL: SELECT `group` FROM `efan_creative_group` WHERE `id` = 2 LIMIT 1   [ RunTime:0.0004s ]
SQL: SELECT `name` FROM `efan_user` WHERE `uid` = 18 LIMIT 1   [ RunTime:0.0003s ]
SQL: SELECT `group` FROM `efan_creative_group` WHERE `id` = 1 LIMIT 1   [ RunTime:0.0003s ]
SQL: SELECT `name` FROM `efan_user` WHERE `uid` = 18 LIMIT 1   [ RunTime:0.0003s ]
SQL: SELECT `group` FROM `efan_creative_group` WHERE `id` = 1 LIMIT 1   [ RunTime:0.0002s ]
SQL: SELECT `name` FROM `efan_user` WHERE `uid` = 18 LIMIT 1   [ RunTime:0.0002s ]
SQL: SELECT `group` FROM `efan_creative_group` WHERE `id` = 2 LIMIT 1   [ RunTime:0.0002s ]
SQL: SELECT `name` FROM `efan_user` WHERE `uid` = 18 LIMIT 1   [ RunTime:0.0002s ]
SQL: SELECT `group` FROM `efan_creative_group` WHERE `id` = 1 LIMIT 1   [ RunTime:0.0002s ]
SQL: SELECT `name` FROM `efan_user` WHERE `uid` = 18 LIMIT 1   [ RunTime:0.0002s ]
SQL: SELECT `group` FROM `efan_creative_group` WHERE `id` = 2 LIMIT 1   [ RunTime:0.0002s ]
SQL: SELECT `name` FROM `efan_user` WHERE `uid` = 18 LIMIT 1   [ RunTime:0.0002s ]
SQL: SELECT `group` FROM `efan_creative_group` WHERE `id` = 3 LIMIT 1   [ RunTime:0.0002s ]
SQL: SELECT `name` FROM `efan_user` WHERE `uid` = 18 LIMIT 1   [ RunTime:0.0002s ]
SQL: SELECT `group` FROM `efan_creative_group` WHERE `id` = 3 LIMIT 1   [ RunTime:0.0002s ]
SQL: SELECT `name` FROM `efan_user` WHERE `uid` = 18 LIMIT 1   [ RunTime:0.0002s ]
SQL: SELECT `group` FROM `efan_creative_group` WHERE `id` = 4 LIMIT 1   [ RunTime:0.0002s ]
INFO: [ view_parse ] --START--
INFO: [ template_filter ] --START--
INFO: Run Behavior\ContentReplaceBehavior [ RunTime:0.000203s ]
INFO: [ template_filter ] --END-- [ RunTime:0.000255s ]
NOTIC: [8] Undefined variable: Think D:\phpStudy\WWW\efan\Application\Runtime\Cache\Home\dfae7c47a7fd92899b52de889f96540d.php 第 117 行.
NOTIC: [8] Undefined variable: Think D:\phpStudy\WWW\efan\Application\Runtime\Cache\Home\dfae7c47a7fd92899b52de889f96540d.php 第 118 行.
NOTIC: [8] Undefined variable: Think D:\phpStudy\WWW\efan\Application\Runtime\Cache\Home\dfae7c47a7fd92899b52de889f96540d.php 第 119 行.
NOTIC: [8] Undefined index: id D:\phpStudy\WWW\efan\Application\Runtime\Cache\Home\dfae7c47a7fd92899b52de889f96540d.php 第 120 行.
NOTIC: [8] Undefined index: id D:\phpStudy\WWW\efan\Application\Runtime\Cache\Home\dfae7c47a7fd92899b52de889f96540d.php 第 120 行.
NOTIC: [8] Undefined variable: Think D:\phpStudy\WWW\efan\Application\Runtime\Cache\Home\dfae7c47a7fd92899b52de889f96540d.php 第 120 行.
NOTIC: [8] Undefined index: id D:\phpStudy\WWW\efan\Application\Runtime\Cache\Home\dfae7c47a7fd92899b52de889f96540d.php 第 121 行.
NOTIC: [8] Undefined index: id D:\phpStudy\WWW\efan\Application\Runtime\Cache\Home\dfae7c47a7fd92899b52de889f96540d.php 第 121 行.
NOTIC: [8] Undefined variable: Think D:\phpStudy\WWW\efan\Application\Runtime\Cache\Home\dfae7c47a7fd92899b52de889f96540d.php 第 121 行.
NOTIC: [8] Undefined index: id D:\phpStudy\WWW\efan\Application\Runtime\Cache\Home\dfae7c47a7fd92899b52de889f96540d.php 第 121 行.
NOTIC: [8] Undefined index: id D:\phpStudy\WWW\efan\Application\Runtime\Cache\Home\dfae7c47a7fd92899b52de889f96540d.php 第 122 行.
NOTIC: [8] Undefined index: id D:\phpStudy\WWW\efan\Application\Runtime\Cache\Home\dfae7c47a7fd92899b52de889f96540d.php 第 122 行.
NOTIC: [8] Undefined variable: Think D:\phpStudy\WWW\efan\Application\Runtime\Cache\Home\dfae7c47a7fd92899b52de889f96540d.php 第 122 行.
NOTIC: [8] Undefined index: id D:\phpStudy\WWW\efan\Application\Runtime\Cache\Home\dfae7c47a7fd92899b52de889f96540d.php 第 122 行.
NOTIC: [8] Undefined variable: Think D:\phpStudy\WWW\efan\Application\Runtime\Cache\Home\dfae7c47a7fd92899b52de889f96540d.php 第 159 行.
NOTIC: [8] Undefined variable: Think D:\phpStudy\WWW\efan\Application\Runtime\Cache\Home\dfae7c47a7fd92899b52de889f96540d.php 第 160 行.
NOTIC: [8] Undefined variable: Think D:\phpStudy\WWW\efan\Application\Runtime\Cache\Home\dfae7c47a7fd92899b52de889f96540d.php 第 162 行.
NOTIC: [8] Undefined variable: Think D:\phpStudy\WWW\efan\Application\Runtime\Cache\Home\dfae7c47a7fd92899b52de889f96540d.php 第 163 行.
NOTIC: [8] Undefined variable: Think D:\phpStudy\WWW\efan\Application\Runtime\Cache\Home\dfae7c47a7fd92899b52de889f96540d.php 第 164 行.
NOTIC: [8] Undefined variable: Think D:\phpStudy\WWW\efan\Application\Runtime\Cache\Home\dfae7c47a7fd92899b52de889f96540d.php 第 159 行.
NOTIC: [8] Undefined variable: Think D:\phpStudy\WWW\efan\Application\Runtime\Cache\Home\dfae7c47a7fd92899b52de889f96540d.php 第 160 行.
NOTIC: [8] Undefined variable: Think D:\phpStudy\WWW\efan\Application\Runtime\Cache\Home\dfae7c47a7fd92899b52de889f96540d.php 第 162 行.
NOTIC: [8] Undefined variable: Think D:\phpStudy\WWW\efan\Application\Runtime\Cache\Home\dfae7c47a7fd92899b52de889f96540d.php 第 163 行.
NOTIC: [8] Undefined variable: Think D:\phpStudy\WWW\efan\Application\Runtime\Cache\Home\dfae7c47a7fd92899b52de889f96540d.php 第 164 行.
NOTIC: [8] Undefined variable: Think D:\phpStudy\WWW\efan\Application\Runtime\Cache\Home\dfae7c47a7fd92899b52de889f96540d.php 第 159 行.
NOTIC: [8] Undefined variable: Think D:\phpStudy\WWW\efan\Application\Runtime\Cache\Home\dfae7c47a7fd92899b52de889f96540d.php 第 160 行.
NOTIC: [8] Undefined variable: Think D:\phpStudy\WWW\efan\Application\Runtime\Cache\Home\dfae7c47a7fd92899b52de889f96540d.php 第 162 行.
NOTIC: [8] Undefined variable: Think D:\phpStudy\WWW\efan\Application\Runtime\Cache\Home\dfae7c47a7fd92899b52de889f96540d.php 第 163 行.
NOTIC: [8] Undefined variable: Think D:\phpStudy\WWW\efan\Application\Runtime\Cache\Home\dfae7c47a7fd92899b52de889f96540d.php 第 164 行.
NOTIC: [8] Undefined variable: Think D:\phpStudy\WWW\efan\Application\Runtime\Cache\Home\dfae7c47a7fd92899b52de889f96540d.php 第 159 行.
NOTIC: [8] Undefined variable: Think D:\phpStudy\WWW\efan\Application\Runtime\Cache\Home\dfae7c47a7fd92899b52de889f96540d.php 第 160 行.
NOTIC: [8] Undefined variable: Think D:\phpStudy\WWW\efan\Application\Runtime\Cache\Home\dfae7c47a7fd92899b52de889f96540d.php 第 162 行.
NOTIC: [8] Undefined variable: Think D:\phpStudy\WWW\efan\Application\Runtime\Cache\Home\dfae7c47a7fd92899b52de889f96540d.php 第 163 行.
NOTIC: [8] Undefined variable: Think D:\phpStudy\WWW\efan\Application\Runtime\Cache\Home\dfae7c47a7fd92899b52de889f96540d.php 第 164 行.
NOTIC: [8] Undefined variable: Think D:\phpStudy\WWW\efan\Application\Runtime\Cache\Home\dfae7c47a7fd92899b52de889f96540d.php 第 159 行.
NOTIC: [8] Undefined variable: Think D:\phpStudy\WWW\efan\Application\Runtime\Cache\Home\dfae7c47a7fd92899b52de889f96540d.php 第 160 行.
NOTIC: [8] Undefined variable: Think D:\phpStudy\WWW\efan\Application\Runtime\Cache\Home\dfae7c47a7fd92899b52de889f96540d.php 第 162 行.
NOTIC: [8] Undefined variable: Think D:\phpStudy\WWW\efan\Application\Runtime\Cache\Home\dfae7c47a7fd92899b52de889f96540d.php 第 163 行.
NOTIC: [8] Undefined variable: Think D:\phpStudy\WWW\efan\Application\Runtime\Cache\Home\dfae7c47a7fd92899b52de889f96540d.php 第 164 行.
NOTIC: [8] Undefined variable: Think D:\phpStudy\WWW\efan\Application\Runtime\Cache\Home\dfae7c47a7fd92899b52de889f96540d.php 第 159 行.
NOTIC: [8] Undefined variable: Think D:\phpStudy\WWW\efan\Application\Runtime\Cache\Home\dfae7c47a7fd92899b52de889f96540d.php 第 160 行.
NOTIC: [8] Undefined variable: Think D:\phpStudy\WWW\efan\Application\Runtime\Cache\Home\dfae7c47a7fd92899b52de889f96540d.php 第 162 行.
NOTIC: [8] Undefined variable: Think D:\phpStudy\WWW\efan\Application\Runtime\Cache\Home\dfae7c47a7fd92899b52de889f96540d.php 第 163 行.
NOTIC: [8] Undefined variable: Think D:\phpStudy\WWW\efan\Application\Runtime\Cache\Home\dfae7c47a7fd92899b52de889f96540d.php 第 164 行.
NOTIC: [8] Undefined variable: Think D:\phpStudy\WWW\efan\Application\Runtime\Cache\Home\dfae7c47a7fd92899b52de889f96540d.php 第 159 行.
NOTIC: [8] Undefined variable: Think D:\phpStudy\WWW\efan\Application\Runtime\Cache\Home\dfae7c47a7fd92899b52de889f96540d.php 第 160 行.
NOTIC: [8] Undefined variable: Think D:\phpStudy\WWW\efan\Application\Runtime\Cache\Home\dfae7c47a7fd92899b52de889f96540d.php 第 162 行.
NOTIC: [8] Undefined variable: Think D:\phpStudy\WWW\efan\Application\Runtime\Cache\Home\dfae7c47a7fd92899b52de889f96540d.php 第 163 行.
NOTIC: [8] Undefined variable: Think D:\phpStudy\WWW\efan\Application\Runtime\Cache\Home\dfae7c47a7fd92899b52de889f96540d.php 第 164 行.
NOTIC: [8] Undefined variable: Think D:\phpStudy\WWW\efan\Application\Runtime\Cache\Home\dfae7c47a7fd92899b52de889f96540d.php 第 159 行.
NOTIC: [8] Undefined variable: Think D:\phpStudy\WWW\efan\Application\Runtime\Cache\Home\dfae7c47a7fd92899b52de889f96540d.php 第 160 行.
NOTIC: [8] Undefined variable: Think D:\phpStudy\WWW\efan\Application\Runtime\Cache\Home\dfae7c47a7fd92899b52de889f96540d.php 第 162 行.
NOTIC: [8] Undefined variable: Think D:\phpStudy\WWW\efan\Application\Runtime\Cache\Home\dfae7c47a7fd92899b52de889f96540d.php 第 163 行.
NOTIC: [8] Undefined variable: Think D:\phpStudy\WWW\efan\Application\Runtime\Cache\Home\dfae7c47a7fd92899b52de889f96540d.php 第 164 行.
NOTIC: [8] Undefined variable: Think D:\phpStudy\WWW\efan\Application\Runtime\Cache\Home\dfae7c47a7fd92899b52de889f96540d.php 第 159 行.
NOTIC: [8] Undefined variable: Think D:\phpStudy\WWW\efan\Application\Runtime\Cache\Home\dfae7c47a7fd92899b52de889f96540d.php 第 160 行.
NOTIC: [8] Undefined variable: Think D:\phpStudy\WWW\efan\Application\Runtime\Cache\Home\dfae7c47a7fd92899b52de889f96540d.php 第 162 行.
NOTIC: [8] Undefined variable: Think D:\phpStudy\WWW\efan\Application\Runtime\Cache\Home\dfae7c47a7fd92899b52de889f96540d.php 第 163 行.
NOTIC: [8] Undefined variable: Think D:\phpStudy\WWW\efan\Application\Runtime\Cache\Home\dfae7c47a7fd92899b52de889f96540d.php 第 164 行.
NOTIC: [8] Undefined variable: Think D:\phpStudy\WWW\efan\Application\Runtime\Cache\Home\dfae7c47a7fd92899b52de889f96540d.php 第 159 行.
NOTIC: [8] Undefined variable: Think D:\phpStudy\WWW\efan\Application\Runtime\Cache\Home\dfae7c47a7fd92899b52de889f96540d.php 第 160 行.
NOTIC: [8] Undefined variable: Think D:\phpStudy\WWW\efan\Application\Runtime\Cache\Home\dfae7c47a7fd92899b52de889f96540d.php 第 162 行.
NOTIC: [8] Undefined variable: Think D:\phpStudy\WWW\efan\Application\Runtime\Cache\Home\dfae7c47a7fd92899b52de889f96540d.php 第 163 行.
NOTIC: [8] Undefined variable: Think D:\phpStudy\WWW\efan\Application\Runtime\Cache\Home\dfae7c47a7fd92899b52de889f96540d.php 第 164 行.
NOTIC: [8] Undefined variable: Think D:\phpStudy\WWW\efan\Application\Runtime\Cache\Home\dfae7c47a7fd92899b52de889f96540d.php 第 159 行.
NOTIC: [8] Undefined variable: Think D:\phpStudy\WWW\efan\Application\Runtime\Cache\Home\dfae7c47a7fd92899b52de889f96540d.php 第 160 行.
NOTIC: [8] Undefined variable: Think D:\phpStudy\WWW\efan\Application\Runtime\Cache\Home\dfae7c47a7fd92899b52de889f96540d.php 第 162 行.
NOTIC: [8] Undefined variable: Think D:\phpStudy\WWW\efan\Application\Runtime\Cache\Home\dfae7c47a7fd92899b52de889f96540d.php 第 163 行.
NOTIC: [8] Undefined variable: Think D:\phpStudy\WWW\efan\Application\Runtime\Cache\Home\dfae7c47a7fd92899b52de889f96540d.php 第 164 行.
INFO: Run Behavior\ParseTemplateBehavior [ RunTime:0.046567s ]
INFO: [ view_parse ] --END-- [ RunTime:0.046622s ]
INFO: [ view_filter ] --START--
INFO: Run Behavior\WriteHtmlCacheBehavior [ RunTime:0.000819s ]
INFO: [ view_filter ] --END-- [ RunTime:0.000875s ]
INFO: [ app_end ] --START--
INFO: Run Behavior\ShowPageTraceBehavior [ RunTime:0.001692s ]
INFO: [ app_end ] --END-- [ RunTime:0.001803s ]

[ 2017-07-14T17:35:06+08:00 ] ::1 /efan/index.php/Home/Creative/Publish/index/key/CREATIVECLUBNEW.efan
INFO: [ app_init ] --START--
INFO: Run Behavior\BuildLiteBehavior [ RunTime:0.000018s ]
INFO: [ app_init ] --END-- [ RunTime:0.000441s ]
INFO: [ app_begin ] --START--
INFO: Run Behavior\ReadHtmlCacheBehavior [ RunTime:0.000509s ]
INFO: [ app_begin ] --END-- [ RunTime:0.000580s ]
NOTIC: [8] Use of undefined constant URL_HTML_SUFFIX - assumed 'URL_HTML_SUFFIX' D:\phpStudy\WWW\efan\Application\Home\Controller\HomeController.class.php 第 211 行.
SQL: SHOW COLUMNS FROM `efan_module` [ RunTime:0.0044s ]
SQL: SELECT COUNT(*) AS tp_count FROM `efan_module` WHERE `url` = 'Creative/Publish/index' AND `key` = 'CREATIVECLUBNEW' AND `hide` = 0 LIMIT 1   [ RunTime:0.0003s ]
SQL: SHOW COLUMNS FROM `efan_auth_group_module` [ RunTime:0.0047s ]
SQL: SELECT * FROM `efan_auth_group_module` WHERE `module_key` = 'CREATIVECLUBNEW'  [ RunTime:0.0003s ]
NOTIC: [8] Undefined index: group_id D:\phpStudy\WWW\efan\Application\Home\Controller\HomeController.class.php 第 173 行.
SQL: SELECT DISTINCT  `permision` FROM `efan_auth_group_module` WHERE `module_key` = 'CREATIVECLUBNEW'  [ RunTime:0.0003s ]
SQL: SHOW COLUMNS FROM `efan_interim_permision` [ RunTime:0.0042s ]
SQL: SELECT `interimpermision` FROM `efan_interim_permision` WHERE `uid` = 18 AND `time` > 1500024905  [ RunTime:0.0004s ]
NOTIC: [8] Undefined variable: authGroupAccess D:\phpStudy\WWW\efan\Application\Home\Controller\HomeController.class.php 第 109 行.
NOTIC: [2] Invalid argument supplied for foreach() D:\phpStudy\WWW\efan\Application\Home\Controller\HomeController.class.php 第 109 行.
SQL: SHOW COLUMNS FROM `efan_auth_group_module` [ RunTime:0.0063s ]
SQL: SELECT DISTINCT  `module_key` FROM `efan_auth_group_module` WHERE `permision` <= 10  [ RunTime:0.0011s ]
SQL: SHOW COLUMNS FROM `efan_interim_permision` [ RunTime:0.0048s ]
SQL: SELECT `interimpermision` FROM `efan_interim_permision` WHERE `uid` = 18 AND `time` > 1500024905  [ RunTime:0.0004s ]
SQL: SHOW COLUMNS FROM `efan_module` [ RunTime:0.0042s ]
SQL: SELECT `title`,`url`,`key`,`pid`,`pic` FROM `efan_module` WHERE `key` IN ('CREATIVECLUB','CREATIVECLUBLIST','CREATIVECLUBLISTREPLY','CREATIVECLUBLISTREPLYDELETE','CREATIVECLUBLISTREPLYDISCUSS','CREATIVECLUBLISTREPLYREPLY','CREATIVECLUBLISTREPLYRETURN','INFORMATION','INFORMATIONBUG','INFORMATIONBUGSUBMIT','INFORMATIONCHANGEPASSWORD','INFORMATIONCHANGEPASSWORDSUBMIT','INFORMATIONLOGINOUT','INFORMATIONUSER','INFORMATIONUSERSUBMIT','MOBILE','MOBILECREATIVE','MOBILECREATIVESUBMIT','MOBILELIST','MOBILELISTDELETE','MOBILELISTEDIT','MOBILELISTEDITSUBMIT','MOBILELISTLOOK','TEAMDAILY','TEAMDAILYLIST','TEAMDAILYLISTLOOK','TEAMDAILYLISTUPLOAD','TEAMDAILYNEW','TEAMDAILYOTHER','TEAMDAILYOTHERSUBMIT','TEAMDAILYSUBMIT','WELCOMEINDEX','WELCOMEINDEXNOTICE','MOBILESCORE','MOBILESCORESCORE','MOBILESCORESCORESUBMIT','CREATIVECLUBADMIN','CREATIVECLUBADMINCLOSE','CREATIVECLUBADMINCOUNTNO','CREATIVECLUBADMINDELETE','CREATIVECLUBADMINDOWNLOAD','CREATIVECLUBADMINEDIT','CREATIVECLUBADMINEDITEDIT','CREATIVECLUBADMINGROUP','CREATIVECLUBADMINGROUPSUBMIT','CREATIVECLUBADMINLEADINGIN','CREATIVECLUBADMINOPEN','CREATIVECLUBADMINPDF','CREATIVECLUBLISTEDIT','CREATIVECLUBLISTEDITSUBMIT','CREATIVECLUBLISTREPLYEDIT','CREATIVECLUBLISTREPLYEDITSUBMIT','CREATIVECLUBNEW','CREATIVECLUBNEWSUBMIT','MOBIELADMINSUBMITTIMENEWSUBMIT','MOBILEADMIN','MOBILEADMINDELETE','MOBILEADMINEDIT','MOBILEADMINEDITSUBMIT','MOBILEADMINGROUPLIST','MOBILEADMINGROUPLISTDELETE','MOBILEADMINGROUPLISTEDIT','MOBILEADMINGROUPLISTEDITSUBMIT','MOBILEADMINGROUPLISTLOCK','MOBILEADMINGROUPLISTNEW','MOBILEADMINGROUPLISTNEWSUBMIT','MOBILEADMINGROUPLISTUNLOCK','MOBILEADMINSUBMITTIME','MOBILEADMINSUBMITTIMEDELETE','MOBILEADMINSUBMITTIMEEDIT','MOBILEADMINSUBMITTIMEEDITSUBMIT','MOBILEADMINSUBMITTIMENEW','MOBILEADMINUPLOADLEADER','RECRUIT','RECRUITCHANGE','RECRUITINDEX','RECRUITVIEW','AUDITION','AUDITIONADD','AUDITIONEDIT','AUDITIONEDITSUBMIT','AUDITIONIN','AUDITIONINTERIM','AUDITIONLAST','AUDITIONNEXT','AUDITIONOUT','AUDITIONROTATION','AUDITIONSENDMESSAGE','AUDITIONTIME','AUDITIONTIMESUBMIT','RECRUITADMIN','RECRUITADMINNEW','RECRUITADMINNEWSUBMIT','SYSTEM','SYSTEMMAJOREDIT','SYSTEMMAJORINDEX','SYSTEMMAJORNEW','SYSTEMMAJORNEWSUBMIT','USERCHANGEPERMISION','USERDELETE','USERDISLIMITLOGIN','USEREDIT','USEREDITSUBMIT','USERINFORMATION','USERINTERIMPERMISION','USERINTERIMPERMISIONDELETE','USERINTERIMPERMISIONEDIT','USERINTERIMPERMISIONEDITSUBMIT','USERINTERIMPERMISIONNEW','USERINTERIMPERMISIONNEWSUBMIT','USERLEADINGIN','USERLEADINGINSUBMIT','USERLIMITLOGIN','USERLIST','USERMESSAGE','USERMESSAGESEND','USERNEW','USERNEWSUBMIT','USERRESETPASSWORLD','USERTEMPLEDOWNLOAD','WELCOMEINDEXNOTICEDELETE','WELCOMEINDEXNOTICEDISIMPORTANT','WELCOMEINDEXNOTICEEDIT','WELCOMEINDEXNOTICEEDITSUBMIT','WELCOMEINDEXNOTICEIMPORTANT','WELCOMEINDEXNOTICENEW','WELCOMEINDEXNOTICENEWSUBMIT','MOBILELEADER','MOBILELEADERCHANGE','MOBILELEADERCHANGESUBMIT','TEAMDAILYADMIN','TEAMDAILYADMINLOOK','TEAMDAILYADMINMAKE') AND `hide` = 0 AND `type` = 1 ORDER BY sort asc  [ RunTime:0.0013s ]
SQL: SHOW COLUMNS FROM `efan_module` [ RunTime:0.0046s ]
SQL: SELECT `url`,`key` FROM `efan_module` WHERE `hide` = 0 AND `pid` = 'CREATIVECLUBNEW' AND `type` = 2 ORDER BY sort asc  [ RunTime:0.0004s ]
SQL: SHOW COLUMNS FROM `efan_auth_group_module` [ RunTime:0.0038s ]
SQL: SELECT DISTINCT  `module_key` FROM `efan_auth_group_module` WHERE `permision` <= 10  [ RunTime:0.0013s ]
SQL: SHOW COLUMNS FROM `efan_interim_permision` [ RunTime:0.0045s ]
SQL: SELECT `interimpermision` FROM `efan_interim_permision` WHERE `uid` = 18 AND `time` > 1500024905  [ RunTime:0.0003s ]
SQL: SHOW COLUMNS FROM `efan_user` [ RunTime:0.0049s ]
SQL: SELECT `id`,`name`,`uid`,`url` FROM `efan_user` WHERE `uid` = 18  [ RunTime:0.0003s ]
INFO: [ view_parse ] --START--
INFO: [ template_filter ] --START--
INFO: Run Behavior\ContentReplaceBehavior [ RunTime:0.000223s ]
INFO: [ template_filter ] --END-- [ RunTime:0.000311s ]
NOTIC: [8] Undefined variable: Think D:\phpStudy\WWW\efan\Application\Runtime\Cache\Home\1c580164d6f75231894448f520f40bd1.php 第 168 行.
INFO: Run Behavior\ParseTemplateBehavior [ RunTime:0.057144s ]
INFO: [ view_parse ] --END-- [ RunTime:0.057551s ]
INFO: [ view_filter ] --START--
INFO: Run Behavior\WriteHtmlCacheBehavior [ RunTime:0.000530s ]
INFO: [ view_filter ] --END-- [ RunTime:0.000569s ]
INFO: [ app_end ] --START--
INFO: Run Behavior\ShowPageTraceBehavior [ RunTime:0.001469s ]
INFO: [ app_end ] --END-- [ RunTime:0.001567s ]

