[ 2017-08-04T00:35:49+08:00 ] 192.168.199.251 /
INFO: [ app_init ] --START--
INFO: Run Behavior\BuildLiteBehavior [ RunTime:0.000014s ]
INFO: [ app_init ] --END-- [ RunTime:0.001984s ]
INFO: [ app_begin ] --START--
INFO: Run Behavior\ReadHtmlCacheBehavior [ RunTime:0.000947s ]
INFO: [ app_begin ] --END-- [ RunTime:0.000998s ]

[ 2017-08-04T00:35:50+08:00 ] 192.168.199.251 /index.php/Home/Main/Index/index/key/WELCOMEINDEX.efan
INFO: [ app_init ] --START--
INFO: Run Behavior\BuildLiteBehavior [ RunTime:0.000010s ]
INFO: [ app_init ] --END-- [ RunTime:0.000268s ]
INFO: [ app_begin ] --START--
INFO: Run Behavior\ReadHtmlCacheBehavior [ RunTime:0.000395s ]
INFO: [ app_begin ] --END-- [ RunTime:0.000432s ]
NOTIC: [8] Use of undefined constant URL_HTML_SUFFIX - assumed 'URL_HTML_SUFFIX' D:\www_efan\Application\Home\Controller\HomeController.class.php 第 211 行.
SQL: SHOW COLUMNS FROM `efan_module` [ RunTime:0.0314s ]
SQL: SELECT COUNT(*) AS tp_count FROM `efan_module` WHERE `url` = 'Main/Index/index' AND `key` = 'WELCOMEINDEX' AND `hide` = 0 LIMIT 1   [ RunTime:0.0007s ]
SQL: SHOW COLUMNS FROM `efan_auth_group_module` [ RunTime:0.0248s ]
SQL: SELECT * FROM `efan_auth_group_module` WHERE `module_key` = 'WELCOMEINDEX'  [ RunTime:0.0003s ]
NOTIC: [8] Undefined index: group_id D:\www_efan\Application\Home\Controller\HomeController.class.php 第 173 行.
SQL: SELECT DISTINCT  `permision` FROM `efan_auth_group_module` WHERE `module_key` = 'WELCOMEINDEX'  [ RunTime:0.0003s ]
SQL: SHOW COLUMNS FROM `efan_interim_permision` [ RunTime:0.0063s ]
SQL: SELECT `interimpermision` FROM `efan_interim_permision` WHERE `uid` = 18 AND `time` > 1501778150  [ RunTime:0.0003s ]
NOTIC: [8] Undefined variable: authGroupAccess D:\www_efan\Application\Home\Controller\HomeController.class.php 第 109 行.
NOTIC: [2] Invalid argument supplied for foreach() D:\www_efan\Application\Home\Controller\HomeController.class.php 第 109 行.
SQL: SHOW COLUMNS FROM `efan_auth_group_module` [ RunTime:0.0024s ]
SQL: SELECT DISTINCT  `module_key` FROM `efan_auth_group_module` WHERE `permision` <= 10  [ RunTime:0.0008s ]
SQL: SHOW COLUMNS FROM `efan_interim_permision` [ RunTime:0.0023s ]
SQL: SELECT `interimpermision` FROM `efan_interim_permision` WHERE `uid` = 18 AND `time` > 1501778150  [ RunTime:0.0002s ]
SQL: SHOW COLUMNS FROM `efan_module` [ RunTime:0.0023s ]
SQL: SELECT `title`,`url`,`key`,`pid`,`pic` FROM `efan_module` WHERE `key` IN ('CREATIVECLUB','CREATIVECLUBLIST','CREATIVECLUBLISTREPLY','CREATIVECLUBLISTREPLYDELETE','CREATIVECLUBLISTREPLYDISCUSS','CREATIVECLUBLISTREPLYREPLY','CREATIVECLUBLISTREPLYRETURN','INFORMATION','INFORMATIONBUG','INFORMATIONBUGSUBMIT','INFORMATIONCHANGEPASSWORD','INFORMATIONCHANGEPASSWORDSUBMIT','INFORMATIONLOGINOUT','INFORMATIONUSER','INFORMATIONUSERSUBMIT','MOBILE','MOBILECREATIVE','MOBILECREATIVESUBMIT','MOBILELIST','MOBILELISTDELETE','MOBILELISTEDIT','MOBILELISTEDITSUBMIT','MOBILELISTLOOK','TEAMDAILY','TEAMDAILYLIST','TEAMDAILYLISTLOOK','TEAMDAILYLISTUPLOAD','TEAMDAILYNEW','TEAMDAILYOTHER','TEAMDAILYOTHERSUBMIT','TEAMDAILYSUBMIT','WELCOMEINDEX','WELCOMEINDEXNOTICE','MOBILESCORE','MOBILESCORESCORE','MOBILESCORESCORESUBMIT','CREATIVECLUBADMIN','CREATIVECLUBADMINCLOSE','CREATIVECLUBADMINCOUNTNO','CREATIVECLUBADMINDELETE','CREATIVECLUBADMINDOWNLOAD','CREATIVECLUBADMINEDIT','CREATIVECLUBADMINEDITEDIT','CREATIVECLUBADMINEDITFINDUID','CREATIVECLUBADMINGROUP','CREATIVECLUBADMINGROUPSUBMIT','CREATIVECLUBADMINLEADINGIN','CREATIVECLUBADMINOPEN','CREATIVECLUBADMINPDF','CREATIVECLUBLISTEDIT','CREATIVECLUBLISTEDITSUBMIT','CREATIVECLUBLISTREPLYEDIT','CREATIVECLUBLISTREPLYEDITFINDUID','CREATIVECLUBLISTREPLYEDITSUBMIT','CREATIVECLUBNEW','CREATIVECLUBNEWFINDUID','CREATIVECLUBNEWSUBMIT','MOBIELADMINSUBMITTIMENEWSUBMIT','MOBILEADMIN','MOBILEADMINDELETE','MOBILEADMINEDIT','MOBILEADMINEDITSUBMIT','MOBILEADMINGROUPLIST','MOBILEADMINGROUPLISTDELETE','MOBILEADMINGROUPLISTEDIT','MOBILEADMINGROUPLISTEDITSUBMIT','MOBILEADMINGROUPLISTLOCK','MOBILEADMINGROUPLISTNEW','MOBILEADMINGROUPLISTNEWSUBMIT','MOBILEADMINGROUPLISTUNLOCK','MOBILEADMINSUBMITTIME','MOBILEADMINSUBMITTIMEDELETE','MOBILEADMINSUBMITTIMEEDIT','MOBILEADMINSUBMITTIMEEDITSUBMIT','MOBILEADMINSUBMITTIMENEW','MOBILEADMINUPLOADLEADER','RECRUIT','RECRUITCHANGE','RECRUITINDEX','RECRUITVIEW','AUDITION','AUDITIONADD','AUDITIONEDIT','AUDITIONEDITSUBMIT','AUDITIONIN','AUDITIONINTERIM','AUDITIONLAST','AUDITIONNEXT','AUDITIONOUT','AUDITIONROTATION','AUDITIONSENDMESSAGE','AUDITIONTIME','AUDITIONTIMESUBMIT','RECRUITADMIN','RECRUITADMINNEW','RECRUITADMINNEWSUBMIT','SYSTEM','SYSTEMMAJOREDIT','SYSTEMMAJORINDEX','SYSTEMMAJORNEW','SYSTEMMAJORNEWSUBMIT','USERCHANGEPERMISION','USERDELETE','USERDISLIMITLOGIN','USEREDIT','USEREDITSUBMIT','USERINFORMATION','USERINTERIMPERMISION','USERINTERIMPERMISIONDELETE','USERINTERIMPERMISIONEDIT','USERINTERIMPERMISIONEDITSUBMIT','USERINTERIMPERMISIONNEW','USERINTERIMPERMISIONNEWSUBMIT','USERLEADINGIN','USERLEADINGINSUBMIT','USERLIMITLOGIN','USERLIST','USERMESSAGE','USERMESSAGESEND','USERNEW','USERNEWSUBMIT','USERRESETPASSWORLD','USERTEMPLEDOWNLOAD','WELCOMEINDEXNOTICEDELETE','WELCOMEINDEXNOTICEDISIMPORTANT','WELCOMEINDEXNOTICEEDIT','WELCOMEINDEXNOTICEEDITSUBMIT','WELCOMEINDEXNOTICEIMPORTANT','WELCOMEINDEXNOTICENEW','WELCOMEINDEXNOTICENEWSUBMIT','MOBILELEADER','MOBILELEADERCHANGE','MOBILELEADERCHANGESUBMIT','TEAMDAILYADMIN','TEAMDAILYADMINLOOK','TEAMDAILYADMINMAKE') AND `hide` = 0 AND `type` = 1 ORDER BY sort asc  [ RunTime:0.0009s ]
SQL: SHOW COLUMNS FROM `efan_module` [ RunTime:0.0023s ]
SQL: SELECT `url`,`key` FROM `efan_module` WHERE `hide` = 0 AND `pid` = 'WELCOMEINDEX' AND `type` = 2 ORDER BY sort asc  [ RunTime:0.0002s ]
SQL: SHOW COLUMNS FROM `efan_auth_group_module` [ RunTime:0.0021s ]
SQL: SELECT DISTINCT  `module_key` FROM `efan_auth_group_module` WHERE `permision` <= 10  [ RunTime:0.0007s ]
SQL: SHOW COLUMNS FROM `efan_interim_permision` [ RunTime:0.0023s ]
SQL: SELECT `interimpermision` FROM `efan_interim_permision` WHERE `uid` = 18 AND `time` > 1501778150  [ RunTime:0.0002s ]
SQL: SHOW COLUMNS FROM `efan_user` [ RunTime:0.0045s ]
SQL: SELECT `id`,`name`,`uid`,`url` FROM `efan_user` WHERE `uid` = 18  [ RunTime:0.0004s ]
SQL: SHOW COLUMNS FROM `efan_notice` [ RunTime:0.0158s ]
SQL: SELECT COUNT(*) AS tp_count FROM `efan_notice` LIMIT 1   [ RunTime:0.0003s ]
SQL: SELECT * FROM `efan_notice` ORDER BY `id` desc LIMIT 0,10   [ RunTime:0.0002s ]
INFO: [ view_parse ] --START--
INFO: [ template_filter ] --START--
INFO: Run Behavior\ContentReplaceBehavior [ RunTime:0.003533s ]
INFO: [ template_filter ] --END-- [ RunTime:0.003581s ]
NOTIC: [8] Undefined variable: Think D:\www_efan\Application\Runtime\Cache\Home\a13dae09a421c6f3da00619f94a7ad1a.php 第 116 行.
INFO: Run Behavior\ParseTemplateBehavior [ RunTime:0.037479s ]
INFO: [ view_parse ] --END-- [ RunTime:0.037521s ]
INFO: [ view_filter ] --START--
INFO: Run Behavior\WriteHtmlCacheBehavior [ RunTime:0.008848s ]
INFO: [ view_filter ] --END-- [ RunTime:0.008878s ]
INFO: [ app_end ] --START--
INFO: Run Behavior\ShowPageTraceBehavior [ RunTime:0.008685s ]
INFO: [ app_end ] --END-- [ RunTime:0.008744s ]

[ 2017-08-04T00:35:58+08:00 ] 192.168.199.251 /index.php/Home/Recruit/Audition/index/key/AUDITION.efan
INFO: [ app_init ] --START--
INFO: Run Behavior\BuildLiteBehavior [ RunTime:0.000012s ]
INFO: [ app_init ] --END-- [ RunTime:0.000309s ]
INFO: [ app_begin ] --START--
INFO: Run Behavior\ReadHtmlCacheBehavior [ RunTime:0.000486s ]
INFO: [ app_begin ] --END-- [ RunTime:0.000523s ]
NOTIC: [8] Use of undefined constant URL_HTML_SUFFIX - assumed 'URL_HTML_SUFFIX' D:\www_efan\Application\Home\Controller\HomeController.class.php 第 211 行.
SQL: SHOW COLUMNS FROM `efan_module` [ RunTime:0.0045s ]
SQL: SELECT COUNT(*) AS tp_count FROM `efan_module` WHERE `url` = 'Recruit/Audition/index' AND `key` = 'AUDITION' AND `hide` = 0 LIMIT 1   [ RunTime:0.0002s ]
SQL: SHOW COLUMNS FROM `efan_auth_group_module` [ RunTime:0.0022s ]
SQL: SELECT * FROM `efan_auth_group_module` WHERE `module_key` = 'AUDITION'  [ RunTime:0.0002s ]
NOTIC: [8] Undefined index: group_id D:\www_efan\Application\Home\Controller\HomeController.class.php 第 173 行.
SQL: SELECT DISTINCT  `permision` FROM `efan_auth_group_module` WHERE `module_key` = 'AUDITION'  [ RunTime:0.0002s ]
SQL: SHOW COLUMNS FROM `efan_interim_permision` [ RunTime:0.0024s ]
SQL: SELECT `interimpermision` FROM `efan_interim_permision` WHERE `uid` = 18 AND `time` > 1501778158  [ RunTime:0.0002s ]
NOTIC: [8] Undefined variable: authGroupAccess D:\www_efan\Application\Home\Controller\HomeController.class.php 第 109 行.
NOTIC: [2] Invalid argument supplied for foreach() D:\www_efan\Application\Home\Controller\HomeController.class.php 第 109 行.
SQL: SHOW COLUMNS FROM `efan_auth_group_module` [ RunTime:0.0023s ]
SQL: SELECT DISTINCT  `module_key` FROM `efan_auth_group_module` WHERE `permision` <= 10  [ RunTime:0.0008s ]
SQL: SHOW COLUMNS FROM `efan_interim_permision` [ RunTime:0.0024s ]
SQL: SELECT `interimpermision` FROM `efan_interim_permision` WHERE `uid` = 18 AND `time` > 1501778158  [ RunTime:0.0002s ]
SQL: SHOW COLUMNS FROM `efan_module` [ RunTime:0.0026s ]
SQL: SELECT `title`,`url`,`key`,`pid`,`pic` FROM `efan_module` WHERE `key` IN ('CREATIVECLUB','CREATIVECLUBLIST','CREATIVECLUBLISTREPLY','CREATIVECLUBLISTREPLYDELETE','CREATIVECLUBLISTREPLYDISCUSS','CREATIVECLUBLISTREPLYREPLY','CREATIVECLUBLISTREPLYRETURN','INFORMATION','INFORMATIONBUG','INFORMATIONBUGSUBMIT','INFORMATIONCHANGEPASSWORD','INFORMATIONCHANGEPASSWORDSUBMIT','INFORMATIONLOGINOUT','INFORMATIONUSER','INFORMATIONUSERSUBMIT','MOBILE','MOBILECREATIVE','MOBILECREATIVESUBMIT','MOBILELIST','MOBILELISTDELETE','MOBILELISTEDIT','MOBILELISTEDITSUBMIT','MOBILELISTLOOK','TEAMDAILY','TEAMDAILYLIST','TEAMDAILYLISTLOOK','TEAMDAILYLISTUPLOAD','TEAMDAILYNEW','TEAMDAILYOTHER','TEAMDAILYOTHERSUBMIT','TEAMDAILYSUBMIT','WELCOMEINDEX','WELCOMEINDEXNOTICE','MOBILESCORE','MOBILESCORESCORE','MOBILESCORESCORESUBMIT','CREATIVECLUBADMIN','CREATIVECLUBADMINCLOSE','CREATIVECLUBADMINCOUNTNO','CREATIVECLUBADMINDELETE','CREATIVECLUBADMINDOWNLOAD','CREATIVECLUBADMINEDIT','CREATIVECLUBADMINEDITEDIT','CREATIVECLUBADMINEDITFINDUID','CREATIVECLUBADMINGROUP','CREATIVECLUBADMINGROUPSUBMIT','CREATIVECLUBADMINLEADINGIN','CREATIVECLUBADMINOPEN','CREATIVECLUBADMINPDF','CREATIVECLUBLISTEDIT','CREATIVECLUBLISTEDITSUBMIT','CREATIVECLUBLISTREPLYEDIT','CREATIVECLUBLISTREPLYEDITFINDUID','CREATIVECLUBLISTREPLYEDITSUBMIT','CREATIVECLUBNEW','CREATIVECLUBNEWFINDUID','CREATIVECLUBNEWSUBMIT','MOBIELADMINSUBMITTIMENEWSUBMIT','MOBILEADMIN','MOBILEADMINDELETE','MOBILEADMINEDIT','MOBILEADMINEDITSUBMIT','MOBILEADMINGROUPLIST','MOBILEADMINGROUPLISTDELETE','MOBILEADMINGROUPLISTEDIT','MOBILEADMINGROUPLISTEDITSUBMIT','MOBILEADMINGROUPLISTLOCK','MOBILEADMINGROUPLISTNEW','MOBILEADMINGROUPLISTNEWSUBMIT','MOBILEADMINGROUPLISTUNLOCK','MOBILEADMINSUBMITTIME','MOBILEADMINSUBMITTIMEDELETE','MOBILEADMINSUBMITTIMEEDIT','MOBILEADMINSUBMITTIMEEDITSUBMIT','MOBILEADMINSUBMITTIMENEW','MOBILEADMINUPLOADLEADER','RECRUIT','RECRUITCHANGE','RECRUITINDEX','RECRUITVIEW','AUDITION','AUDITIONADD','AUDITIONEDIT','AUDITIONEDITSUBMIT','AUDITIONIN','AUDITIONINTERIM','AUDITIONLAST','AUDITIONNEXT','AUDITIONOUT','AUDITIONROTATION','AUDITIONSENDMESSAGE','AUDITIONTIME','AUDITIONTIMESUBMIT','RECRUITADMIN','RECRUITADMINNEW','RECRUITADMINNEWSUBMIT','SYSTEM','SYSTEMMAJOREDIT','SYSTEMMAJORINDEX','SYSTEMMAJORNEW','SYSTEMMAJORNEWSUBMIT','USERCHANGEPERMISION','USERDELETE','USERDISLIMITLOGIN','USEREDIT','USEREDITSUBMIT','USERINFORMATION','USERINTERIMPERMISION','USERINTERIMPERMISIONDELETE','USERINTERIMPERMISIONEDIT','USERINTERIMPERMISIONEDITSUBMIT','USERINTERIMPERMISIONNEW','USERINTERIMPERMISIONNEWSUBMIT','USERLEADINGIN','USERLEADINGINSUBMIT','USERLIMITLOGIN','USERLIST','USERMESSAGE','USERMESSAGESEND','USERNEW','USERNEWSUBMIT','USERRESETPASSWORLD','USERTEMPLEDOWNLOAD','WELCOMEINDEXNOTICEDELETE','WELCOMEINDEXNOTICEDISIMPORTANT','WELCOMEINDEXNOTICEEDIT','WELCOMEINDEXNOTICEEDITSUBMIT','WELCOMEINDEXNOTICEIMPORTANT','WELCOMEINDEXNOTICENEW','WELCOMEINDEXNOTICENEWSUBMIT','MOBILELEADER','MOBILELEADERCHANGE','MOBILELEADERCHANGESUBMIT','TEAMDAILYADMIN','TEAMDAILYADMINLOOK','TEAMDAILYADMINMAKE') AND `hide` = 0 AND `type` = 1 ORDER BY sort asc  [ RunTime:0.0009s ]
SQL: SHOW COLUMNS FROM `efan_module` [ RunTime:0.0026s ]
SQL: SELECT `url`,`key` FROM `efan_module` WHERE `hide` = 0 AND `pid` = 'AUDITION' AND `type` = 2 ORDER BY sort asc  [ RunTime:0.0003s ]
SQL: SHOW COLUMNS FROM `efan_auth_group_module` [ RunTime:0.0023s ]
SQL: SELECT DISTINCT  `module_key` FROM `efan_auth_group_module` WHERE `permision` <= 10  [ RunTime:0.0008s ]
SQL: SHOW COLUMNS FROM `efan_interim_permision` [ RunTime:0.0028s ]
SQL: SELECT `interimpermision` FROM `efan_interim_permision` WHERE `uid` = 18 AND `time` > 1501778158  [ RunTime:0.0002s ]
SQL: SHOW COLUMNS FROM `efan_user` [ RunTime:0.0027s ]
SQL: SELECT `id`,`name`,`uid`,`url` FROM `efan_user` WHERE `uid` = 18  [ RunTime:0.0002s ]
SQL: SHOW COLUMNS FROM `efan_recruit` [ RunTime:0.0043s ]
SQL: SELECT * FROM `efan_recruit` ORDER BY id desc  [ RunTime:0.0006s ]
SQL: SHOW COLUMNS FROM `efan_recruit_time` [ RunTime:0.0036s ]
SQL: SELECT * FROM `efan_recruit_time` ORDER BY recruit_time_start desc LIMIT 1   [ RunTime:0.0002s ]
INFO: [ view_parse ] --START--
INFO: [ template_filter ] --START--
INFO: Run Behavior\ContentReplaceBehavior [ RunTime:0.000146s ]
INFO: [ template_filter ] --END-- [ RunTime:0.000189s ]
NOTIC: [8] Undefined variable: Think D:\www_efan\Application\Runtime\Cache\Home\5753502451d4f8084032651dfc8a2386.php 第 158 行.
NOTIC: [8] Undefined variable: Think D:\www_efan\Application\Runtime\Cache\Home\5753502451d4f8084032651dfc8a2386.php 第 159 行.
NOTIC: [8] Undefined variable: Think D:\www_efan\Application\Runtime\Cache\Home\5753502451d4f8084032651dfc8a2386.php 第 160 行.
NOTIC: [8] Undefined variable: Think D:\www_efan\Application\Runtime\Cache\Home\5753502451d4f8084032651dfc8a2386.php 第 161 行.
NOTIC: [8] Undefined variable: Think D:\www_efan\Application\Runtime\Cache\Home\5753502451d4f8084032651dfc8a2386.php 第 162 行.
NOTIC: [8] Undefined index: id D:\www_efan\Application\Runtime\Cache\Home\5753502451d4f8084032651dfc8a2386.php 第 162 行.
NOTIC: [8] Undefined variable: Think D:\www_efan\Application\Runtime\Cache\Home\5753502451d4f8084032651dfc8a2386.php 第 163 行.
NOTIC: [8] Undefined index: id D:\www_efan\Application\Runtime\Cache\Home\5753502451d4f8084032651dfc8a2386.php 第 163 行.
NOTIC: [8] Undefined variable: Think D:\www_efan\Application\Runtime\Cache\Home\5753502451d4f8084032651dfc8a2386.php 第 203 行.
NOTIC: [8] Undefined variable: Think D:\www_efan\Application\Runtime\Cache\Home\5753502451d4f8084032651dfc8a2386.php 第 204 行.
NOTIC: [8] Undefined variable: Think D:\www_efan\Application\Runtime\Cache\Home\5753502451d4f8084032651dfc8a2386.php 第 206 行.
NOTIC: [8] Undefined variable: Think D:\www_efan\Application\Runtime\Cache\Home\5753502451d4f8084032651dfc8a2386.php 第 207 行.
NOTIC: [8] Undefined variable: Think D:\www_efan\Application\Runtime\Cache\Home\5753502451d4f8084032651dfc8a2386.php 第 208 行.
NOTIC: [8] Undefined variable: Think D:\www_efan\Application\Runtime\Cache\Home\5753502451d4f8084032651dfc8a2386.php 第 203 行.
NOTIC: [8] Undefined variable: Think D:\www_efan\Application\Runtime\Cache\Home\5753502451d4f8084032651dfc8a2386.php 第 203 行.
NOTIC: [8] Undefined variable: Think D:\www_efan\Application\Runtime\Cache\Home\5753502451d4f8084032651dfc8a2386.php 第 203 行.
NOTIC: [8] Undefined variable: Think D:\www_efan\Application\Runtime\Cache\Home\5753502451d4f8084032651dfc8a2386.php 第 203 行.
NOTIC: [8] Undefined variable: Think D:\www_efan\Application\Runtime\Cache\Home\5753502451d4f8084032651dfc8a2386.php 第 203 行.
NOTIC: [8] Undefined variable: Think D:\www_efan\Application\Runtime\Cache\Home\5753502451d4f8084032651dfc8a2386.php 第 203 行.
NOTIC: [8] Undefined variable: Think D:\www_efan\Application\Runtime\Cache\Home\5753502451d4f8084032651dfc8a2386.php 第 203 行.
NOTIC: [8] Undefined variable: Think D:\www_efan\Application\Runtime\Cache\Home\5753502451d4f8084032651dfc8a2386.php 第 203 行.
NOTIC: [8] Undefined variable: Think D:\www_efan\Application\Runtime\Cache\Home\5753502451d4f8084032651dfc8a2386.php 第 203 行.
NOTIC: [8] Undefined variable: Think D:\www_efan\Application\Runtime\Cache\Home\5753502451d4f8084032651dfc8a2386.php 第 203 行.
INFO: Run Behavior\ParseTemplateBehavior [ RunTime:0.029863s ]
INFO: [ view_parse ] --END-- [ RunTime:0.029909s ]
INFO: [ view_filter ] --START--
INFO: Run Behavior\WriteHtmlCacheBehavior [ RunTime:0.000359s ]
INFO: [ view_filter ] --END-- [ RunTime:0.000393s ]
INFO: [ app_end ] --START--
INFO: Run Behavior\ShowPageTraceBehavior [ RunTime:0.000532s ]
INFO: [ app_end ] --END-- [ RunTime:0.000587s ]

[ 2017-08-04T00:36:00+08:00 ] 192.168.199.251 /index.php/Home/Recruit/Audition/edit/key/AUDITIONEDIT/id/NmEzNUIzT1BDYmVnQ3gyNXo2YWFZc1N0OThXTkxzQThUTlFPWGVla0dB.efan
INFO: [ app_init ] --START--
INFO: Run Behavior\BuildLiteBehavior [ RunTime:0.000011s ]
INFO: [ app_init ] --END-- [ RunTime:0.000281s ]
INFO: [ app_begin ] --START--
INFO: Run Behavior\ReadHtmlCacheBehavior [ RunTime:0.000409s ]
INFO: [ app_begin ] --END-- [ RunTime:0.000451s ]
NOTIC: [8] Use of undefined constant URL_HTML_SUFFIX - assumed 'URL_HTML_SUFFIX' D:\www_efan\Application\Home\Controller\HomeController.class.php 第 211 行.
SQL: SHOW COLUMNS FROM `efan_module` [ RunTime:0.0045s ]
SQL: SELECT COUNT(*) AS tp_count FROM `efan_module` WHERE `url` = 'Recruit/Audition/edit' AND `key` = 'AUDITIONEDIT' AND `hide` = 0 LIMIT 1   [ RunTime:0.0002s ]
SQL: SHOW COLUMNS FROM `efan_auth_group_module` [ RunTime:0.0021s ]
SQL: SELECT * FROM `efan_auth_group_module` WHERE `module_key` = 'AUDITIONEDIT'  [ RunTime:0.0002s ]
NOTIC: [8] Undefined index: group_id D:\www_efan\Application\Home\Controller\HomeController.class.php 第 173 行.
SQL: SELECT DISTINCT  `permision` FROM `efan_auth_group_module` WHERE `module_key` = 'AUDITIONEDIT'  [ RunTime:0.0002s ]
SQL: SHOW COLUMNS FROM `efan_interim_permision` [ RunTime:0.0022s ]
SQL: SELECT `interimpermision` FROM `efan_interim_permision` WHERE `uid` = 18 AND `time` > 1501778160  [ RunTime:0.0002s ]
NOTIC: [8] Undefined variable: authGroupAccess D:\www_efan\Application\Home\Controller\HomeController.class.php 第 109 行.
NOTIC: [2] Invalid argument supplied for foreach() D:\www_efan\Application\Home\Controller\HomeController.class.php 第 109 行.
SQL: SHOW COLUMNS FROM `efan_auth_group_module` [ RunTime:0.0020s ]
SQL: SELECT DISTINCT  `module_key` FROM `efan_auth_group_module` WHERE `permision` <= 10  [ RunTime:0.0007s ]
SQL: SHOW COLUMNS FROM `efan_interim_permision` [ RunTime:0.0022s ]
SQL: SELECT `interimpermision` FROM `efan_interim_permision` WHERE `uid` = 18 AND `time` > 1501778160  [ RunTime:0.0002s ]
SQL: SHOW COLUMNS FROM `efan_module` [ RunTime:0.0024s ]
SQL: SELECT `title`,`url`,`key`,`pid`,`pic` FROM `efan_module` WHERE `key` IN ('CREATIVECLUB','CREATIVECLUBLIST','CREATIVECLUBLISTREPLY','CREATIVECLUBLISTREPLYDELETE','CREATIVECLUBLISTREPLYDISCUSS','CREATIVECLUBLISTREPLYREPLY','CREATIVECLUBLISTREPLYRETURN','INFORMATION','INFORMATIONBUG','INFORMATIONBUGSUBMIT','INFORMATIONCHANGEPASSWORD','INFORMATIONCHANGEPASSWORDSUBMIT','INFORMATIONLOGINOUT','INFORMATIONUSER','INFORMATIONUSERSUBMIT','MOBILE','MOBILECREATIVE','MOBILECREATIVESUBMIT','MOBILELIST','MOBILELISTDELETE','MOBILELISTEDIT','MOBILELISTEDITSUBMIT','MOBILELISTLOOK','TEAMDAILY','TEAMDAILYLIST','TEAMDAILYLISTLOOK','TEAMDAILYLISTUPLOAD','TEAMDAILYNEW','TEAMDAILYOTHER','TEAMDAILYOTHERSUBMIT','TEAMDAILYSUBMIT','WELCOMEINDEX','WELCOMEINDEXNOTICE','MOBILESCORE','MOBILESCORESCORE','MOBILESCORESCORESUBMIT','CREATIVECLUBADMIN','CREATIVECLUBADMINCLOSE','CREATIVECLUBADMINCOUNTNO','CREATIVECLUBADMINDELETE','CREATIVECLUBADMINDOWNLOAD','CREATIVECLUBADMINEDIT','CREATIVECLUBADMINEDITEDIT','CREATIVECLUBADMINEDITFINDUID','CREATIVECLUBADMINGROUP','CREATIVECLUBADMINGROUPSUBMIT','CREATIVECLUBADMINLEADINGIN','CREATIVECLUBADMINOPEN','CREATIVECLUBADMINPDF','CREATIVECLUBLISTEDIT','CREATIVECLUBLISTEDITSUBMIT','CREATIVECLUBLISTREPLYEDIT','CREATIVECLUBLISTREPLYEDITFINDUID','CREATIVECLUBLISTREPLYEDITSUBMIT','CREATIVECLUBNEW','CREATIVECLUBNEWFINDUID','CREATIVECLUBNEWSUBMIT','MOBIELADMINSUBMITTIMENEWSUBMIT','MOBILEADMIN','MOBILEADMINDELETE','MOBILEADMINEDIT','MOBILEADMINEDITSUBMIT','MOBILEADMINGROUPLIST','MOBILEADMINGROUPLISTDELETE','MOBILEADMINGROUPLISTEDIT','MOBILEADMINGROUPLISTEDITSUBMIT','MOBILEADMINGROUPLISTLOCK','MOBILEADMINGROUPLISTNEW','MOBILEADMINGROUPLISTNEWSUBMIT','MOBILEADMINGROUPLISTUNLOCK','MOBILEADMINSUBMITTIME','MOBILEADMINSUBMITTIMEDELETE','MOBILEADMINSUBMITTIMEEDIT','MOBILEADMINSUBMITTIMEEDITSUBMIT','MOBILEADMINSUBMITTIMENEW','MOBILEADMINUPLOADLEADER','RECRUIT','RECRUITCHANGE','RECRUITINDEX','RECRUITVIEW','AUDITION','AUDITIONADD','AUDITIONEDIT','AUDITIONEDITSUBMIT','AUDITIONIN','AUDITIONINTERIM','AUDITIONLAST','AUDITIONNEXT','AUDITIONOUT','AUDITIONROTATION','AUDITIONSENDMESSAGE','AUDITIONTIME','AUDITIONTIMESUBMIT','RECRUITADMIN','RECRUITADMINNEW','RECRUITADMINNEWSUBMIT','SYSTEM','SYSTEMMAJOREDIT','SYSTEMMAJORINDEX','SYSTEMMAJORNEW','SYSTEMMAJORNEWSUBMIT','USERCHANGEPERMISION','USERDELETE','USERDISLIMITLOGIN','USEREDIT','USEREDITSUBMIT','USERINFORMATION','USERINTERIMPERMISION','USERINTERIMPERMISIONDELETE','USERINTERIMPERMISIONEDIT','USERINTERIMPERMISIONEDITSUBMIT','USERINTERIMPERMISIONNEW','USERINTERIMPERMISIONNEWSUBMIT','USERLEADINGIN','USERLEADINGINSUBMIT','USERLIMITLOGIN','USERLIST','USERMESSAGE','USERMESSAGESEND','USERNEW','USERNEWSUBMIT','USERRESETPASSWORLD','USERTEMPLEDOWNLOAD','WELCOMEINDEXNOTICEDELETE','WELCOMEINDEXNOTICEDISIMPORTANT','WELCOMEINDEXNOTICEEDIT','WELCOMEINDEXNOTICEEDITSUBMIT','WELCOMEINDEXNOTICEIMPORTANT','WELCOMEINDEXNOTICENEW','WELCOMEINDEXNOTICENEWSUBMIT','MOBILELEADER','MOBILELEADERCHANGE','MOBILELEADERCHANGESUBMIT','TEAMDAILYADMIN','TEAMDAILYADMINLOOK','TEAMDAILYADMINMAKE') AND `hide` = 0 AND `type` = 1 ORDER BY sort asc  [ RunTime:0.0009s ]
SQL: SHOW COLUMNS FROM `efan_module` [ RunTime:0.0025s ]
SQL: SELECT `url`,`key` FROM `efan_module` WHERE `hide` = 0 AND `pid` = 'AUDITIONEDIT' AND `type` = 2 ORDER BY sort asc  [ RunTime:0.0002s ]
SQL: SHOW COLUMNS FROM `efan_auth_group_module` [ RunTime:0.0021s ]
SQL: SELECT DISTINCT  `module_key` FROM `efan_auth_group_module` WHERE `permision` <= 10  [ RunTime:0.0007s ]
SQL: SHOW COLUMNS FROM `efan_interim_permision` [ RunTime:0.0023s ]
SQL: SELECT `interimpermision` FROM `efan_interim_permision` WHERE `uid` = 18 AND `time` > 1501778160  [ RunTime:0.0002s ]
SQL: SHOW COLUMNS FROM `efan_user` [ RunTime:0.0025s ]
SQL: SELECT `id`,`name`,`uid`,`url` FROM `efan_user` WHERE `uid` = 18  [ RunTime:0.0002s ]
SQL: SHOW COLUMNS FROM `efan_recruit` [ RunTime:0.0026s ]
SQL: SELECT * FROM `efan_recruit` WHERE `id` IN ('22') LIMIT 1   [ RunTime:0.0003s ]
SQL: SHOW COLUMNS FROM `efan_recruit_time` [ RunTime:0.0024s ]
SQL: SELECT `info` FROM `efan_recruit_time` WHERE `recruit_time_start` <= '1474467211' LIMIT 1   [ RunTime:0.0002s ]
INFO: [ view_parse ] --START--
INFO: [ template_filter ] --START--
INFO: Run Behavior\ContentReplaceBehavior [ RunTime:0.000130s ]
INFO: [ template_filter ] --END-- [ RunTime:0.000170s ]
NOTIC: [8] Undefined variable: title D:\www_efan\Application\Runtime\Cache\Home\76b5e9da3a416bff35acb7b1a10f3928.php 第 155 行.
NOTIC: [8] Undefined variable: Think D:\www_efan\Application\Runtime\Cache\Home\76b5e9da3a416bff35acb7b1a10f3928.php 第 287 行.
INFO: Run Behavior\ParseTemplateBehavior [ RunTime:0.027953s ]
INFO: [ view_parse ] --END-- [ RunTime:0.027988s ]
INFO: [ view_filter ] --START--
INFO: Run Behavior\WriteHtmlCacheBehavior [ RunTime:0.000184s ]
INFO: [ view_filter ] --END-- [ RunTime:0.000284s ]
INFO: [ app_end ] --START--
INFO: Run Behavior\ShowPageTraceBehavior [ RunTime:0.000443s ]
INFO: [ app_end ] --END-- [ RunTime:0.000479s ]

[ 2017-08-04T00:42:26+08:00 ] 192.168.199.251 /index.php/Home/Recruit/Audition/edit/key/AUDITIONEDIT/id/NmEzNUIzT1BDYmVnQ3gyNXo2YWFZc1N0OThXTkxzQThUTlFPWGVla0dB.efan
INFO: [ app_init ] --START--
INFO: Run Behavior\BuildLiteBehavior [ RunTime:0.000014s ]
INFO: [ app_init ] --END-- [ RunTime:0.000335s ]
INFO: [ app_begin ] --START--
INFO: Run Behavior\ReadHtmlCacheBehavior [ RunTime:0.000497s ]
INFO: [ app_begin ] --END-- [ RunTime:0.000536s ]
NOTIC: [8] Use of undefined constant URL_HTML_SUFFIX - assumed 'URL_HTML_SUFFIX' D:\www_efan\Application\Home\Controller\HomeController.class.php 第 211 行.
SQL: SHOW COLUMNS FROM `efan_module` [ RunTime:0.0048s ]
SQL: SELECT COUNT(*) AS tp_count FROM `efan_module` WHERE `url` = 'Recruit/Audition/edit' AND `key` = 'AUDITIONEDIT' AND `hide` = 0 LIMIT 1   [ RunTime:0.0002s ]
SQL: SHOW COLUMNS FROM `efan_auth_group_module` [ RunTime:0.0022s ]
SQL: SELECT * FROM `efan_auth_group_module` WHERE `module_key` = 'AUDITIONEDIT'  [ RunTime:0.0002s ]
NOTIC: [8] Undefined index: group_id D:\www_efan\Application\Home\Controller\HomeController.class.php 第 173 行.
SQL: SELECT DISTINCT  `permision` FROM `efan_auth_group_module` WHERE `module_key` = 'AUDITIONEDIT'  [ RunTime:0.0002s ]
SQL: SHOW COLUMNS FROM `efan_interim_permision` [ RunTime:0.0024s ]
SQL: SELECT `interimpermision` FROM `efan_interim_permision` WHERE `uid` = 18 AND `time` > 1501778546  [ RunTime:0.0002s ]
NOTIC: [8] Undefined variable: authGroupAccess D:\www_efan\Application\Home\Controller\HomeController.class.php 第 109 行.
NOTIC: [2] Invalid argument supplied for foreach() D:\www_efan\Application\Home\Controller\HomeController.class.php 第 109 行.
SQL: SHOW COLUMNS FROM `efan_auth_group_module` [ RunTime:0.0024s ]
SQL: SELECT DISTINCT  `module_key` FROM `efan_auth_group_module` WHERE `permision` <= 10  [ RunTime:0.0008s ]
SQL: SHOW COLUMNS FROM `efan_interim_permision` [ RunTime:0.0024s ]
SQL: SELECT `interimpermision` FROM `efan_interim_permision` WHERE `uid` = 18 AND `time` > 1501778546  [ RunTime:0.0002s ]
SQL: SHOW COLUMNS FROM `efan_module` [ RunTime:0.0025s ]
SQL: SELECT `title`,`url`,`key`,`pid`,`pic` FROM `efan_module` WHERE `key` IN ('CREATIVECLUB','CREATIVECLUBLIST','CREATIVECLUBLISTREPLY','CREATIVECLUBLISTREPLYDELETE','CREATIVECLUBLISTREPLYDISCUSS','CREATIVECLUBLISTREPLYREPLY','CREATIVECLUBLISTREPLYRETURN','INFORMATION','INFORMATIONBUG','INFORMATIONBUGSUBMIT','INFORMATIONCHANGEPASSWORD','INFORMATIONCHANGEPASSWORDSUBMIT','INFORMATIONLOGINOUT','INFORMATIONUSER','INFORMATIONUSERSUBMIT','MOBILE','MOBILECREATIVE','MOBILECREATIVESUBMIT','MOBILELIST','MOBILELISTDELETE','MOBILELISTEDIT','MOBILELISTEDITSUBMIT','MOBILELISTLOOK','TEAMDAILY','TEAMDAILYLIST','TEAMDAILYLISTLOOK','TEAMDAILYLISTUPLOAD','TEAMDAILYNEW','TEAMDAILYOTHER','TEAMDAILYOTHERSUBMIT','TEAMDAILYSUBMIT','WELCOMEINDEX','WELCOMEINDEXNOTICE','MOBILESCORE','MOBILESCORESCORE','MOBILESCORESCORESUBMIT','CREATIVECLUBADMIN','CREATIVECLUBADMINCLOSE','CREATIVECLUBADMINCOUNTNO','CREATIVECLUBADMINDELETE','CREATIVECLUBADMINDOWNLOAD','CREATIVECLUBADMINEDIT','CREATIVECLUBADMINEDITEDIT','CREATIVECLUBADMINEDITFINDUID','CREATIVECLUBADMINGROUP','CREATIVECLUBADMINGROUPSUBMIT','CREATIVECLUBADMINLEADINGIN','CREATIVECLUBADMINOPEN','CREATIVECLUBADMINPDF','CREATIVECLUBLISTEDIT','CREATIVECLUBLISTEDITSUBMIT','CREATIVECLUBLISTREPLYEDIT','CREATIVECLUBLISTREPLYEDITFINDUID','CREATIVECLUBLISTREPLYEDITSUBMIT','CREATIVECLUBNEW','CREATIVECLUBNEWFINDUID','CREATIVECLUBNEWSUBMIT','MOBIELADMINSUBMITTIMENEWSUBMIT','MOBILEADMIN','MOBILEADMINDELETE','MOBILEADMINEDIT','MOBILEADMINEDITSUBMIT','MOBILEADMINGROUPLIST','MOBILEADMINGROUPLISTDELETE','MOBILEADMINGROUPLISTEDIT','MOBILEADMINGROUPLISTEDITSUBMIT','MOBILEADMINGROUPLISTLOCK','MOBILEADMINGROUPLISTNEW','MOBILEADMINGROUPLISTNEWSUBMIT','MOBILEADMINGROUPLISTUNLOCK','MOBILEADMINSUBMITTIME','MOBILEADMINSUBMITTIMEDELETE','MOBILEADMINSUBMITTIMEEDIT','MOBILEADMINSUBMITTIMEEDITSUBMIT','MOBILEADMINSUBMITTIMENEW','MOBILEADMINUPLOADLEADER','RECRUIT','RECRUITCHANGE','RECRUITINDEX','RECRUITVIEW','AUDITION','AUDITIONADD','AUDITIONEDIT','AUDITIONEDITSUBMIT','AUDITIONIN','AUDITIONINTERIM','AUDITIONLAST','AUDITIONNEXT','AUDITIONOUT','AUDITIONROTATION','AUDITIONSENDMESSAGE','AUDITIONTIME','AUDITIONTIMESUBMIT','RECRUITADMIN','RECRUITADMINNEW','RECRUITADMINNEWSUBMIT','SYSTEM','SYSTEMMAJOREDIT','SYSTEMMAJORINDEX','SYSTEMMAJORNEW','SYSTEMMAJORNEWSUBMIT','USERCHANGEPERMISION','USERDELETE','USERDISLIMITLOGIN','USEREDIT','USEREDITSUBMIT','USERINFORMATION','USERINTERIMPERMISION','USERINTERIMPERMISIONDELETE','USERINTERIMPERMISIONEDIT','USERINTERIMPERMISIONEDITSUBMIT','USERINTERIMPERMISIONNEW','USERINTERIMPERMISIONNEWSUBMIT','USERLEADINGIN','USERLEADINGINSUBMIT','USERLIMITLOGIN','USERLIST','USERMESSAGE','USERMESSAGESEND','USERNEW','USERNEWSUBMIT','USERRESETPASSWORLD','USERTEMPLEDOWNLOAD','WELCOMEINDEXNOTICEDELETE','WELCOMEINDEXNOTICEDISIMPORTANT','WELCOMEINDEXNOTICEEDIT','WELCOMEINDEXNOTICEEDITSUBMIT','WELCOMEINDEXNOTICEIMPORTANT','WELCOMEINDEXNOTICENEW','WELCOMEINDEXNOTICENEWSUBMIT','MOBILELEADER','MOBILELEADERCHANGE','MOBILELEADERCHANGESUBMIT','TEAMDAILYADMIN','TEAMDAILYADMINLOOK','TEAMDAILYADMINMAKE') AND `hide` = 0 AND `type` = 1 ORDER BY sort asc  [ RunTime:0.0009s ]
SQL: SHOW COLUMNS FROM `efan_module` [ RunTime:0.0026s ]
SQL: SELECT `url`,`key` FROM `efan_module` WHERE `hide` = 0 AND `pid` = 'AUDITIONEDIT' AND `type` = 2 ORDER BY sort asc  [ RunTime:0.0003s ]
SQL: SHOW COLUMNS FROM `efan_auth_group_module` [ RunTime:0.0022s ]
SQL: SELECT DISTINCT  `module_key` FROM `efan_auth_group_module` WHERE `permision` <= 10  [ RunTime:0.0008s ]
SQL: SHOW COLUMNS FROM `efan_interim_permision` [ RunTime:0.0029s ]
SQL: SELECT `interimpermision` FROM `efan_interim_permision` WHERE `uid` = 18 AND `time` > 1501778546  [ RunTime:0.0002s ]
SQL: SHOW COLUMNS FROM `efan_user` [ RunTime:0.0027s ]
SQL: SELECT `id`,`name`,`uid`,`url` FROM `efan_user` WHERE `uid` = 18  [ RunTime:0.0002s ]
SQL: SHOW COLUMNS FROM `efan_recruit` [ RunTime:0.0025s ]
SQL: SELECT * FROM `efan_recruit` WHERE `id` IN ('22') LIMIT 1   [ RunTime:0.0002s ]
SQL: SHOW COLUMNS FROM `efan_recruit_time` [ RunTime:0.0023s ]

[ 2017-08-04T00:42:55+08:00 ] 192.168.199.251 /index.php/Home/Recruit/Audition/edit/key/AUDITIONEDIT/id/NmEzNUIzT1BDYmVnQ3gyNXo2YWFZc1N0OThXTkxzQThUTlFPWGVla0dB.efan
INFO: [ app_init ] --START--
INFO: Run Behavior\BuildLiteBehavior [ RunTime:0.000013s ]
INFO: [ app_init ] --END-- [ RunTime:0.000330s ]
INFO: [ app_begin ] --START--
INFO: Run Behavior\ReadHtmlCacheBehavior [ RunTime:0.000495s ]
INFO: [ app_begin ] --END-- [ RunTime:0.000536s ]
NOTIC: [8] Use of undefined constant URL_HTML_SUFFIX - assumed 'URL_HTML_SUFFIX' D:\www_efan\Application\Home\Controller\HomeController.class.php 第 211 行.
SQL: SHOW COLUMNS FROM `efan_module` [ RunTime:0.0044s ]
SQL: SELECT COUNT(*) AS tp_count FROM `efan_module` WHERE `url` = 'Recruit/Audition/edit' AND `key` = 'AUDITIONEDIT' AND `hide` = 0 LIMIT 1   [ RunTime:0.0002s ]
SQL: SHOW COLUMNS FROM `efan_auth_group_module` [ RunTime:0.0021s ]
SQL: SELECT * FROM `efan_auth_group_module` WHERE `module_key` = 'AUDITIONEDIT'  [ RunTime:0.0002s ]
NOTIC: [8] Undefined index: group_id D:\www_efan\Application\Home\Controller\HomeController.class.php 第 173 行.
SQL: SELECT DISTINCT  `permision` FROM `efan_auth_group_module` WHERE `module_key` = 'AUDITIONEDIT'  [ RunTime:0.0002s ]
SQL: SHOW COLUMNS FROM `efan_interim_permision` [ RunTime:0.0024s ]
SQL: SELECT `interimpermision` FROM `efan_interim_permision` WHERE `uid` = 18 AND `time` > 1501778575  [ RunTime:0.0002s ]
NOTIC: [8] Undefined variable: authGroupAccess D:\www_efan\Application\Home\Controller\HomeController.class.php 第 109 行.
NOTIC: [2] Invalid argument supplied for foreach() D:\www_efan\Application\Home\Controller\HomeController.class.php 第 109 行.
SQL: SHOW COLUMNS FROM `efan_auth_group_module` [ RunTime:0.0021s ]
SQL: SELECT DISTINCT  `module_key` FROM `efan_auth_group_module` WHERE `permision` <= 10  [ RunTime:0.0007s ]
SQL: SHOW COLUMNS FROM `efan_interim_permision` [ RunTime:0.0023s ]
SQL: SELECT `interimpermision` FROM `efan_interim_permision` WHERE `uid` = 18 AND `time` > 1501778575  [ RunTime:0.0001s ]
SQL: SHOW COLUMNS FROM `efan_module` [ RunTime:0.0025s ]
SQL: SELECT `title`,`url`,`key`,`pid`,`pic` FROM `efan_module` WHERE `key` IN ('CREATIVECLUB','CREATIVECLUBLIST','CREATIVECLUBLISTREPLY','CREATIVECLUBLISTREPLYDELETE','CREATIVECLUBLISTREPLYDISCUSS','CREATIVECLUBLISTREPLYREPLY','CREATIVECLUBLISTREPLYRETURN','INFORMATION','INFORMATIONBUG','INFORMATIONBUGSUBMIT','INFORMATIONCHANGEPASSWORD','INFORMATIONCHANGEPASSWORDSUBMIT','INFORMATIONLOGINOUT','INFORMATIONUSER','INFORMATIONUSERSUBMIT','MOBILE','MOBILECREATIVE','MOBILECREATIVESUBMIT','MOBILELIST','MOBILELISTDELETE','MOBILELISTEDIT','MOBILELISTEDITSUBMIT','MOBILELISTLOOK','TEAMDAILY','TEAMDAILYLIST','TEAMDAILYLISTLOOK','TEAMDAILYLISTUPLOAD','TEAMDAILYNEW','TEAMDAILYOTHER','TEAMDAILYOTHERSUBMIT','TEAMDAILYSUBMIT','WELCOMEINDEX','WELCOMEINDEXNOTICE','MOBILESCORE','MOBILESCORESCORE','MOBILESCORESCORESUBMIT','CREATIVECLUBADMIN','CREATIVECLUBADMINCLOSE','CREATIVECLUBADMINCOUNTNO','CREATIVECLUBADMINDELETE','CREATIVECLUBADMINDOWNLOAD','CREATIVECLUBADMINEDIT','CREATIVECLUBADMINEDITEDIT','CREATIVECLUBADMINEDITFINDUID','CREATIVECLUBADMINGROUP','CREATIVECLUBADMINGROUPSUBMIT','CREATIVECLUBADMINLEADINGIN','CREATIVECLUBADMINOPEN','CREATIVECLUBADMINPDF','CREATIVECLUBLISTEDIT','CREATIVECLUBLISTEDITSUBMIT','CREATIVECLUBLISTREPLYEDIT','CREATIVECLUBLISTREPLYEDITFINDUID','CREATIVECLUBLISTREPLYEDITSUBMIT','CREATIVECLUBNEW','CREATIVECLUBNEWFINDUID','CREATIVECLUBNEWSUBMIT','MOBIELADMINSUBMITTIMENEWSUBMIT','MOBILEADMIN','MOBILEADMINDELETE','MOBILEADMINEDIT','MOBILEADMINEDITSUBMIT','MOBILEADMINGROUPLIST','MOBILEADMINGROUPLISTDELETE','MOBILEADMINGROUPLISTEDIT','MOBILEADMINGROUPLISTEDITSUBMIT','MOBILEADMINGROUPLISTLOCK','MOBILEADMINGROUPLISTNEW','MOBILEADMINGROUPLISTNEWSUBMIT','MOBILEADMINGROUPLISTUNLOCK','MOBILEADMINSUBMITTIME','MOBILEADMINSUBMITTIMEDELETE','MOBILEADMINSUBMITTIMEEDIT','MOBILEADMINSUBMITTIMEEDITSUBMIT','MOBILEADMINSUBMITTIMENEW','MOBILEADMINUPLOADLEADER','RECRUIT','RECRUITCHANGE','RECRUITINDEX','RECRUITVIEW','AUDITION','AUDITIONADD','AUDITIONEDIT','AUDITIONEDITSUBMIT','AUDITIONIN','AUDITIONINTERIM','AUDITIONLAST','AUDITIONNEXT','AUDITIONOUT','AUDITIONROTATION','AUDITIONSENDMESSAGE','AUDITIONTIME','AUDITIONTIMESUBMIT','RECRUITADMIN','RECRUITADMINNEW','RECRUITADMINNEWSUBMIT','SYSTEM','SYSTEMMAJOREDIT','SYSTEMMAJORINDEX','SYSTEMMAJORNEW','SYSTEMMAJORNEWSUBMIT','USERCHANGEPERMISION','USERDELETE','USERDISLIMITLOGIN','USEREDIT','USEREDITSUBMIT','USERINFORMATION','USERINTERIMPERMISION','USERINTERIMPERMISIONDELETE','USERINTERIMPERMISIONEDIT','USERINTERIMPERMISIONEDITSUBMIT','USERINTERIMPERMISIONNEW','USERINTERIMPERMISIONNEWSUBMIT','USERLEADINGIN','USERLEADINGINSUBMIT','USERLIMITLOGIN','USERLIST','USERMESSAGE','USERMESSAGESEND','USERNEW','USERNEWSUBMIT','USERRESETPASSWORLD','USERTEMPLEDOWNLOAD','WELCOMEINDEXNOTICEDELETE','WELCOMEINDEXNOTICEDISIMPORTANT','WELCOMEINDEXNOTICEEDIT','WELCOMEINDEXNOTICEEDITSUBMIT','WELCOMEINDEXNOTICEIMPORTANT','WELCOMEINDEXNOTICENEW','WELCOMEINDEXNOTICENEWSUBMIT','MOBILELEADER','MOBILELEADERCHANGE','MOBILELEADERCHANGESUBMIT','TEAMDAILYADMIN','TEAMDAILYADMINLOOK','TEAMDAILYADMINMAKE') AND `hide` = 0 AND `type` = 1 ORDER BY sort asc  [ RunTime:0.0009s ]
SQL: SHOW COLUMNS FROM `efan_module` [ RunTime:0.0024s ]
SQL: SELECT `url`,`key` FROM `efan_module` WHERE `hide` = 0 AND `pid` = 'AUDITIONEDIT' AND `type` = 2 ORDER BY sort asc  [ RunTime:0.0002s ]
SQL: SHOW COLUMNS FROM `efan_auth_group_module` [ RunTime:0.0022s ]
SQL: SELECT DISTINCT  `module_key` FROM `efan_auth_group_module` WHERE `permision` <= 10  [ RunTime:0.0007s ]
SQL: SHOW COLUMNS FROM `efan_interim_permision` [ RunTime:0.0023s ]
SQL: SELECT `interimpermision` FROM `efan_interim_permision` WHERE `uid` = 18 AND `time` > 1501778575  [ RunTime:0.0002s ]
SQL: SHOW COLUMNS FROM `efan_user` [ RunTime:0.0025s ]
SQL: SELECT `id`,`name`,`uid`,`url` FROM `efan_user` WHERE `uid` = 18  [ RunTime:0.0002s ]
SQL: SHOW COLUMNS FROM `efan_recruit` [ RunTime:0.0025s ]
SQL: SELECT * FROM `efan_recruit` WHERE `id` IN ('22') LIMIT 1   [ RunTime:0.0002s ]
SQL: SHOW COLUMNS FROM `efan_recruit_time` [ RunTime:0.0023s ]

[ 2017-08-04T00:43:12+08:00 ] 192.168.199.251 /index.php/Home/Recruit/Audition/edit/key/AUDITIONEDIT/id/NmEzNUIzT1BDYmVnQ3gyNXo2YWFZc1N0OThXTkxzQThUTlFPWGVla0dB.efan
INFO: [ app_init ] --START--
INFO: Run Behavior\BuildLiteBehavior [ RunTime:0.000017s ]
INFO: [ app_init ] --END-- [ RunTime:0.000367s ]
INFO: [ app_begin ] --START--
INFO: Run Behavior\ReadHtmlCacheBehavior [ RunTime:0.000502s ]
INFO: [ app_begin ] --END-- [ RunTime:0.000543s ]
NOTIC: [8] Use of undefined constant URL_HTML_SUFFIX - assumed 'URL_HTML_SUFFIX' D:\www_efan\Application\Home\Controller\HomeController.class.php 第 211 行.
SQL: SHOW COLUMNS FROM `efan_module` [ RunTime:0.0045s ]
SQL: SELECT COUNT(*) AS tp_count FROM `efan_module` WHERE `url` = 'Recruit/Audition/edit' AND `key` = 'AUDITIONEDIT' AND `hide` = 0 LIMIT 1   [ RunTime:0.0002s ]
SQL: SHOW COLUMNS FROM `efan_auth_group_module` [ RunTime:0.0024s ]
SQL: SELECT * FROM `efan_auth_group_module` WHERE `module_key` = 'AUDITIONEDIT'  [ RunTime:0.0003s ]
NOTIC: [8] Undefined index: group_id D:\www_efan\Application\Home\Controller\HomeController.class.php 第 173 行.
SQL: SELECT DISTINCT  `permision` FROM `efan_auth_group_module` WHERE `module_key` = 'AUDITIONEDIT'  [ RunTime:0.0002s ]
SQL: SHOW COLUMNS FROM `efan_interim_permision` [ RunTime:0.0028s ]
SQL: SELECT `interimpermision` FROM `efan_interim_permision` WHERE `uid` = 18 AND `time` > 1501778592  [ RunTime:0.0002s ]
NOTIC: [8] Undefined variable: authGroupAccess D:\www_efan\Application\Home\Controller\HomeController.class.php 第 109 行.
NOTIC: [2] Invalid argument supplied for foreach() D:\www_efan\Application\Home\Controller\HomeController.class.php 第 109 行.
SQL: SHOW COLUMNS FROM `efan_auth_group_module` [ RunTime:0.0023s ]
SQL: SELECT DISTINCT  `module_key` FROM `efan_auth_group_module` WHERE `permision` <= 10  [ RunTime:0.0007s ]
SQL: SHOW COLUMNS FROM `efan_interim_permision` [ RunTime:0.0025s ]
SQL: SELECT `interimpermision` FROM `efan_interim_permision` WHERE `uid` = 18 AND `time` > 1501778592  [ RunTime:0.0002s ]
SQL: SHOW COLUMNS FROM `efan_module` [ RunTime:0.0025s ]
SQL: SELECT `title`,`url`,`key`,`pid`,`pic` FROM `efan_module` WHERE `key` IN ('CREATIVECLUB','CREATIVECLUBLIST','CREATIVECLUBLISTREPLY','CREATIVECLUBLISTREPLYDELETE','CREATIVECLUBLISTREPLYDISCUSS','CREATIVECLUBLISTREPLYREPLY','CREATIVECLUBLISTREPLYRETURN','INFORMATION','INFORMATIONBUG','INFORMATIONBUGSUBMIT','INFORMATIONCHANGEPASSWORD','INFORMATIONCHANGEPASSWORDSUBMIT','INFORMATIONLOGINOUT','INFORMATIONUSER','INFORMATIONUSERSUBMIT','MOBILE','MOBILECREATIVE','MOBILECREATIVESUBMIT','MOBILELIST','MOBILELISTDELETE','MOBILELISTEDIT','MOBILELISTEDITSUBMIT','MOBILELISTLOOK','TEAMDAILY','TEAMDAILYLIST','TEAMDAILYLISTLOOK','TEAMDAILYLISTUPLOAD','TEAMDAILYNEW','TEAMDAILYOTHER','TEAMDAILYOTHERSUBMIT','TEAMDAILYSUBMIT','WELCOMEINDEX','WELCOMEINDEXNOTICE','MOBILESCORE','MOBILESCORESCORE','MOBILESCORESCORESUBMIT','CREATIVECLUBADMIN','CREATIVECLUBADMINCLOSE','CREATIVECLUBADMINCOUNTNO','CREATIVECLUBADMINDELETE','CREATIVECLUBADMINDOWNLOAD','CREATIVECLUBADMINEDIT','CREATIVECLUBADMINEDITEDIT','CREATIVECLUBADMINEDITFINDUID','CREATIVECLUBADMINGROUP','CREATIVECLUBADMINGROUPSUBMIT','CREATIVECLUBADMINLEADINGIN','CREATIVECLUBADMINOPEN','CREATIVECLUBADMINPDF','CREATIVECLUBLISTEDIT','CREATIVECLUBLISTEDITSUBMIT','CREATIVECLUBLISTREPLYEDIT','CREATIVECLUBLISTREPLYEDITFINDUID','CREATIVECLUBLISTREPLYEDITSUBMIT','CREATIVECLUBNEW','CREATIVECLUBNEWFINDUID','CREATIVECLUBNEWSUBMIT','MOBIELADMINSUBMITTIMENEWSUBMIT','MOBILEADMIN','MOBILEADMINDELETE','MOBILEADMINEDIT','MOBILEADMINEDITSUBMIT','MOBILEADMINGROUPLIST','MOBILEADMINGROUPLISTDELETE','MOBILEADMINGROUPLISTEDIT','MOBILEADMINGROUPLISTEDITSUBMIT','MOBILEADMINGROUPLISTLOCK','MOBILEADMINGROUPLISTNEW','MOBILEADMINGROUPLISTNEWSUBMIT','MOBILEADMINGROUPLISTUNLOCK','MOBILEADMINSUBMITTIME','MOBILEADMINSUBMITTIMEDELETE','MOBILEADMINSUBMITTIMEEDIT','MOBILEADMINSUBMITTIMEEDITSUBMIT','MOBILEADMINSUBMITTIMENEW','MOBILEADMINUPLOADLEADER','RECRUIT','RECRUITCHANGE','RECRUITINDEX','RECRUITVIEW','AUDITION','AUDITIONADD','AUDITIONEDIT','AUDITIONEDITSUBMIT','AUDITIONIN','AUDITIONINTERIM','AUDITIONLAST','AUDITIONNEXT','AUDITIONOUT','AUDITIONROTATION','AUDITIONSENDMESSAGE','AUDITIONTIME','AUDITIONTIMESUBMIT','RECRUITADMIN','RECRUITADMINNEW','RECRUITADMINNEWSUBMIT','SYSTEM','SYSTEMMAJOREDIT','SYSTEMMAJORINDEX','SYSTEMMAJORNEW','SYSTEMMAJORNEWSUBMIT','USERCHANGEPERMISION','USERDELETE','USERDISLIMITLOGIN','USEREDIT','USEREDITSUBMIT','USERINFORMATION','USERINTERIMPERMISION','USERINTERIMPERMISIONDELETE','USERINTERIMPERMISIONEDIT','USERINTERIMPERMISIONEDITSUBMIT','USERINTERIMPERMISIONNEW','USERINTERIMPERMISIONNEWSUBMIT','USERLEADINGIN','USERLEADINGINSUBMIT','USERLIMITLOGIN','USERLIST','USERMESSAGE','USERMESSAGESEND','USERNEW','USERNEWSUBMIT','USERRESETPASSWORLD','USERTEMPLEDOWNLOAD','WELCOMEINDEXNOTICEDELETE','WELCOMEINDEXNOTICEDISIMPORTANT','WELCOMEINDEXNOTICEEDIT','WELCOMEINDEXNOTICEEDITSUBMIT','WELCOMEINDEXNOTICEIMPORTANT','WELCOMEINDEXNOTICENEW','WELCOMEINDEXNOTICENEWSUBMIT','MOBILELEADER','MOBILELEADERCHANGE','MOBILELEADERCHANGESUBMIT','TEAMDAILYADMIN','TEAMDAILYADMINLOOK','TEAMDAILYADMINMAKE') AND `hide` = 0 AND `type` = 1 ORDER BY sort asc  [ RunTime:0.0009s ]
SQL: SHOW COLUMNS FROM `efan_module` [ RunTime:0.0028s ]
SQL: SELECT `url`,`key` FROM `efan_module` WHERE `hide` = 0 AND `pid` = 'AUDITIONEDIT' AND `type` = 2 ORDER BY sort asc  [ RunTime:0.0003s ]
SQL: SHOW COLUMNS FROM `efan_auth_group_module` [ RunTime:0.0027s ]
SQL: SELECT DISTINCT  `module_key` FROM `efan_auth_group_module` WHERE `permision` <= 10  [ RunTime:0.0008s ]
SQL: SHOW COLUMNS FROM `efan_interim_permision` [ RunTime:0.0025s ]
SQL: SELECT `interimpermision` FROM `efan_interim_permision` WHERE `uid` = 18 AND `time` > 1501778592  [ RunTime:0.0002s ]
SQL: SHOW COLUMNS FROM `efan_user` [ RunTime:0.0027s ]
SQL: SELECT `id`,`name`,`uid`,`url` FROM `efan_user` WHERE `uid` = 18  [ RunTime:0.0002s ]
SQL: SHOW COLUMNS FROM `efan_recruit` [ RunTime:0.0025s ]
SQL: SELECT * FROM `efan_recruit` WHERE `id` IN ('22') LIMIT 1   [ RunTime:0.0002s ]
SQL: SHOW COLUMNS FROM `efan_recruit_time` [ RunTime:0.0029s ]
SQL: SELECT `info` FROM `efan_recruit_time` WHERE `recruit_time_start` <= '1474467211' AND `recruit_time_end` >= '1474467211' LIMIT 1   [ RunTime:0.0002s ]
INFO: [ view_parse ] --START--
INFO: [ template_filter ] --START--
INFO: Run Behavior\ContentReplaceBehavior [ RunTime:0.000130s ]
INFO: [ template_filter ] --END-- [ RunTime:0.000166s ]
NOTIC: [8] Undefined variable: title D:\www_efan\Application\Runtime\Cache\Home\76b5e9da3a416bff35acb7b1a10f3928.php 第 155 行.
NOTIC: [8] Undefined variable: Think D:\www_efan\Application\Runtime\Cache\Home\76b5e9da3a416bff35acb7b1a10f3928.php 第 287 行.
INFO: Run Behavior\ParseTemplateBehavior [ RunTime:0.008955s ]
INFO: [ view_parse ] --END-- [ RunTime:0.008991s ]
INFO: [ view_filter ] --START--
INFO: Run Behavior\WriteHtmlCacheBehavior [ RunTime:0.000261s ]
INFO: [ view_filter ] --END-- [ RunTime:0.000288s ]
INFO: [ app_end ] --START--
INFO: Run Behavior\ShowPageTraceBehavior [ RunTime:0.000526s ]
INFO: [ app_end ] --END-- [ RunTime:0.000562s ]

[ 2017-08-04T00:47:17+08:00 ] 192.168.199.251 /index.php/Home/Recruit/Audition/edit/key/AUDITIONEDIT/id/N2JlYTFnQTN5amJ2RDJjTmNCMlNyMkd2VDBMejRxazJDd2xabk1VWFR3.efan
INFO: [ app_init ] --START--
INFO: Run Behavior\BuildLiteBehavior [ RunTime:0.000013s ]
INFO: [ app_init ] --END-- [ RunTime:0.000314s ]
INFO: [ app_begin ] --START--
INFO: Run Behavior\ReadHtmlCacheBehavior [ RunTime:0.000482s ]
INFO: [ app_begin ] --END-- [ RunTime:0.000520s ]
NOTIC: [8] Use of undefined constant URL_HTML_SUFFIX - assumed 'URL_HTML_SUFFIX' D:\www_efan\Application\Home\Controller\HomeController.class.php 第 211 行.
SQL: SHOW COLUMNS FROM `efan_module` [ RunTime:0.0056s ]
SQL: SELECT COUNT(*) AS tp_count FROM `efan_module` WHERE `url` = 'Recruit/Audition/edit' AND `key` = 'AUDITIONEDIT' AND `hide` = 0 LIMIT 1   [ RunTime:0.0002s ]
SQL: SHOW COLUMNS FROM `efan_auth_group_module` [ RunTime:0.0023s ]
SQL: SELECT * FROM `efan_auth_group_module` WHERE `module_key` = 'AUDITIONEDIT'  [ RunTime:0.0002s ]
NOTIC: [8] Undefined index: group_id D:\www_efan\Application\Home\Controller\HomeController.class.php 第 173 行.
SQL: SELECT DISTINCT  `permision` FROM `efan_auth_group_module` WHERE `module_key` = 'AUDITIONEDIT'  [ RunTime:0.0002s ]
SQL: SHOW COLUMNS FROM `efan_interim_permision` [ RunTime:0.0023s ]
SQL: SELECT `interimpermision` FROM `efan_interim_permision` WHERE `uid` = 18 AND `time` > 1501778837  [ RunTime:0.0002s ]
NOTIC: [8] Undefined variable: authGroupAccess D:\www_efan\Application\Home\Controller\HomeController.class.php 第 109 行.
NOTIC: [2] Invalid argument supplied for foreach() D:\www_efan\Application\Home\Controller\HomeController.class.php 第 109 行.
SQL: SHOW COLUMNS FROM `efan_auth_group_module` [ RunTime:0.0023s ]
SQL: SELECT DISTINCT  `module_key` FROM `efan_auth_group_module` WHERE `permision` <= 10  [ RunTime:0.0007s ]
SQL: SHOW COLUMNS FROM `efan_interim_permision` [ RunTime:0.0024s ]
SQL: SELECT `interimpermision` FROM `efan_interim_permision` WHERE `uid` = 18 AND `time` > 1501778837  [ RunTime:0.0002s ]
SQL: SHOW COLUMNS FROM `efan_module` [ RunTime:0.0024s ]
SQL: SELECT `title`,`url`,`key`,`pid`,`pic` FROM `efan_module` WHERE `key` IN ('CREATIVECLUB','CREATIVECLUBLIST','CREATIVECLUBLISTREPLY','CREATIVECLUBLISTREPLYDELETE','CREATIVECLUBLISTREPLYDISCUSS','CREATIVECLUBLISTREPLYREPLY','CREATIVECLUBLISTREPLYRETURN','INFORMATION','INFORMATIONBUG','INFORMATIONBUGSUBMIT','INFORMATIONCHANGEPASSWORD','INFORMATIONCHANGEPASSWORDSUBMIT','INFORMATIONLOGINOUT','INFORMATIONUSER','INFORMATIONUSERSUBMIT','MOBILE','MOBILECREATIVE','MOBILECREATIVESUBMIT','MOBILELIST','MOBILELISTDELETE','MOBILELISTEDIT','MOBILELISTEDITSUBMIT','MOBILELISTLOOK','TEAMDAILY','TEAMDAILYLIST','TEAMDAILYLISTLOOK','TEAMDAILYLISTUPLOAD','TEAMDAILYNEW','TEAMDAILYOTHER','TEAMDAILYOTHERSUBMIT','TEAMDAILYSUBMIT','WELCOMEINDEX','WELCOMEINDEXNOTICE','MOBILESCORE','MOBILESCORESCORE','MOBILESCORESCORESUBMIT','CREATIVECLUBADMIN','CREATIVECLUBADMINCLOSE','CREATIVECLUBADMINCOUNTNO','CREATIVECLUBADMINDELETE','CREATIVECLUBADMINDOWNLOAD','CREATIVECLUBADMINEDIT','CREATIVECLUBADMINEDITEDIT','CREATIVECLUBADMINEDITFINDUID','CREATIVECLUBADMINGROUP','CREATIVECLUBADMINGROUPSUBMIT','CREATIVECLUBADMINLEADINGIN','CREATIVECLUBADMINOPEN','CREATIVECLUBADMINPDF','CREATIVECLUBLISTEDIT','CREATIVECLUBLISTEDITSUBMIT','CREATIVECLUBLISTREPLYEDIT','CREATIVECLUBLISTREPLYEDITFINDUID','CREATIVECLUBLISTREPLYEDITSUBMIT','CREATIVECLUBNEW','CREATIVECLUBNEWFINDUID','CREATIVECLUBNEWSUBMIT','MOBIELADMINSUBMITTIMENEWSUBMIT','MOBILEADMIN','MOBILEADMINDELETE','MOBILEADMINEDIT','MOBILEADMINEDITSUBMIT','MOBILEADMINGROUPLIST','MOBILEADMINGROUPLISTDELETE','MOBILEADMINGROUPLISTEDIT','MOBILEADMINGROUPLISTEDITSUBMIT','MOBILEADMINGROUPLISTLOCK','MOBILEADMINGROUPLISTNEW','MOBILEADMINGROUPLISTNEWSUBMIT','MOBILEADMINGROUPLISTUNLOCK','MOBILEADMINSUBMITTIME','MOBILEADMINSUBMITTIMEDELETE','MOBILEADMINSUBMITTIMEEDIT','MOBILEADMINSUBMITTIMEEDITSUBMIT','MOBILEADMINSUBMITTIMENEW','MOBILEADMINUPLOADLEADER','RECRUIT','RECRUITCHANGE','RECRUITINDEX','RECRUITVIEW','AUDITION','AUDITIONADD','AUDITIONEDIT','AUDITIONEDITSUBMIT','AUDITIONIN','AUDITIONINTERIM','AUDITIONLAST','AUDITIONNEXT','AUDITIONOUT','AUDITIONROTATION','AUDITIONSENDMESSAGE','AUDITIONTIME','AUDITIONTIMESUBMIT','RECRUITADMIN','RECRUITADMINNEW','RECRUITADMINNEWSUBMIT','SYSTEM','SYSTEMMAJOREDIT','SYSTEMMAJORINDEX','SYSTEMMAJORNEW','SYSTEMMAJORNEWSUBMIT','USERCHANGEPERMISION','USERDELETE','USERDISLIMITLOGIN','USEREDIT','USEREDITSUBMIT','USERINFORMATION','USERINTERIMPERMISION','USERINTERIMPERMISIONDELETE','USERINTERIMPERMISIONEDIT','USERINTERIMPERMISIONEDITSUBMIT','USERINTERIMPERMISIONNEW','USERINTERIMPERMISIONNEWSUBMIT','USERLEADINGIN','USERLEADINGINSUBMIT','USERLIMITLOGIN','USERLIST','USERMESSAGE','USERMESSAGESEND','USERNEW','USERNEWSUBMIT','USERRESETPASSWORLD','USERTEMPLEDOWNLOAD','WELCOMEINDEXNOTICEDELETE','WELCOMEINDEXNOTICEDISIMPORTANT','WELCOMEINDEXNOTICEEDIT','WELCOMEINDEXNOTICEEDITSUBMIT','WELCOMEINDEXNOTICEIMPORTANT','WELCOMEINDEXNOTICENEW','WELCOMEINDEXNOTICENEWSUBMIT','MOBILELEADER','MOBILELEADERCHANGE','MOBILELEADERCHANGESUBMIT','TEAMDAILYADMIN','TEAMDAILYADMINLOOK','TEAMDAILYADMINMAKE') AND `hide` = 0 AND `type` = 1 ORDER BY sort asc  [ RunTime:0.0009s ]
SQL: SHOW COLUMNS FROM `efan_module` [ RunTime:0.0023s ]
SQL: SELECT `url`,`key` FROM `efan_module` WHERE `hide` = 0 AND `pid` = 'AUDITIONEDIT' AND `type` = 2 ORDER BY sort asc  [ RunTime:0.0002s ]
SQL: SHOW COLUMNS FROM `efan_auth_group_module` [ RunTime:0.0021s ]
SQL: SELECT DISTINCT  `module_key` FROM `efan_auth_group_module` WHERE `permision` <= 10  [ RunTime:0.0007s ]
SQL: SHOW COLUMNS FROM `efan_interim_permision` [ RunTime:0.0022s ]
SQL: SELECT `interimpermision` FROM `efan_interim_permision` WHERE `uid` = 18 AND `time` > 1501778837  [ RunTime:0.0002s ]
SQL: SHOW COLUMNS FROM `efan_user` [ RunTime:0.0025s ]
SQL: SELECT `id`,`name`,`uid`,`url` FROM `efan_user` WHERE `uid` = 18  [ RunTime:0.0002s ]
SQL: SHOW COLUMNS FROM `efan_recruit` [ RunTime:0.0024s ]
SQL: SELECT * FROM `efan_recruit` WHERE `id` IN ('23') LIMIT 1   [ RunTime:0.0002s ]
SQL: SHOW COLUMNS FROM `efan_recruit_time` [ RunTime:0.0023s ]
SQL: SELECT `info` FROM `efan_recruit_time` WHERE `recruit_time_start` <= '1501665889' AND `recruit_time_end` >= '1501665889' LIMIT 1   [ RunTime:0.0002s ]
INFO: [ view_parse ] --START--
INFO: [ template_filter ] --START--
INFO: Run Behavior\ContentReplaceBehavior [ RunTime:0.000130s ]
INFO: [ template_filter ] --END-- [ RunTime:0.000167s ]
NOTIC: [8] Undefined variable: title D:\www_efan\Application\Runtime\Cache\Home\76b5e9da3a416bff35acb7b1a10f3928.php 第 155 行.
NOTIC: [8] Undefined variable: Think D:\www_efan\Application\Runtime\Cache\Home\76b5e9da3a416bff35acb7b1a10f3928.php 第 287 行.
INFO: Run Behavior\ParseTemplateBehavior [ RunTime:0.008912s ]
INFO: [ view_parse ] --END-- [ RunTime:0.008948s ]
INFO: [ view_filter ] --START--
INFO: Run Behavior\WriteHtmlCacheBehavior [ RunTime:0.000271s ]
INFO: [ view_filter ] --END-- [ RunTime:0.000300s ]
INFO: [ app_end ] --START--
INFO: Run Behavior\ShowPageTraceBehavior [ RunTime:0.000551s ]
INFO: [ app_end ] --END-- [ RunTime:0.000587s ]

