[ 2017-08-02T17:24:48+08:00 ] 192.168.199.251 /index.php/Recruit
INFO: [ app_init ] --START--
INFO: Run Behavior\BuildLiteBehavior [ RunTime:0.000011s ]
INFO: [ app_init ] --END-- [ RunTime:0.000283s ]
NOTIC: [8] Undefined variable: Think D:\www_efan\Application\Recruit\Conf\config.php 第 9 行.
INFO: [ app_begin ] --START--
INFO: Run Behavior\ReadHtmlCacheBehavior [ RunTime:0.000394s ]
INFO: [ app_begin ] --END-- [ RunTime:0.000430s ]

[ 2017-08-02T17:24:49+08:00 ] 192.168.199.251 /index.php/Recruit/Recruit/index.efan
INFO: [ app_init ] --START--
INFO: Run Behavior\BuildLiteBehavior [ RunTime:0.000011s ]
INFO: [ app_init ] --END-- [ RunTime:0.000275s ]
NOTIC: [8] Undefined variable: Think D:\www_efan\Application\Recruit\Conf\config.php 第 9 行.
INFO: [ app_begin ] --START--
INFO: Run Behavior\ReadHtmlCacheBehavior [ RunTime:0.000391s ]
INFO: [ app_begin ] --END-- [ RunTime:0.000427s ]
SQL: SHOW COLUMNS FROM `efan_recruit_time` [ RunTime:0.0045s ]
SQL: SELECT * FROM `efan_recruit_time` ORDER BY recruit_time_start desc LIMIT 1   [ RunTime:0.0002s ]
INFO: [ view_parse ] --START--
INFO: [ template_filter ] --START--
INFO: Run Behavior\ContentReplaceBehavior [ RunTime:0.000110s ]
INFO: [ template_filter ] --END-- [ RunTime:0.000152s ]
NOTIC: [8] Undefined variable: Think D:\www_efan\Application\Runtime\Cache\Recruit\e608b06efd6d458154d267a4db0247ae.php 第 100 行.
NOTIC: [8] Undefined variable: Think D:\www_efan\Application\Runtime\Cache\Recruit\e608b06efd6d458154d267a4db0247ae.php 第 188 行.
INFO: Run Behavior\ParseTemplateBehavior [ RunTime:0.021258s ]
INFO: [ view_parse ] --END-- [ RunTime:0.021295s ]
INFO: [ view_filter ] --START--
INFO: Run Behavior\WriteHtmlCacheBehavior [ RunTime:0.000193s ]
INFO: [ view_filter ] --END-- [ RunTime:0.000220s ]
INFO: [ app_end ] --START--
INFO: Run Behavior\ShowPageTraceBehavior [ RunTime:0.000540s ]
INFO: [ app_end ] --END-- [ RunTime:0.000577s ]

[ 2017-08-02T17:25:17+08:00 ] 192.168.199.251 /index.php/Recruit/Recruit/sendCode.efan
INFO: [ app_init ] --START--
INFO: Run Behavior\BuildLiteBehavior [ RunTime:0.000011s ]
INFO: [ app_init ] --END-- [ RunTime:0.000283s ]
NOTIC: [8] Undefined variable: Think D:\www_efan\Application\Recruit\Conf\config.php 第 9 行.
INFO: [ app_begin ] --START--
INFO: Run Behavior\ReadHtmlCacheBehavior [ RunTime:0.000396s ]
INFO: [ app_begin ] --END-- [ RunTime:0.000431s ]
SQL: SHOW COLUMNS FROM `efan_recruit_time` [ RunTime:0.0045s ]
SQL: SELECT * FROM `efan_recruit_time` ORDER BY recruit_time_start desc LIMIT 1   [ RunTime:0.0002s ]
SQL: SHOW COLUMNS FROM `efan_recruit` [ RunTime:0.0026s ]
SQL: SELECT COUNT(*) AS tp_count FROM `efan_recruit` WHERE `studentid` = '120106071' AND `time` >= '1501665829' LIMIT 1   [ RunTime:0.0002s ]
SQL: SELECT COUNT(*) AS tp_count FROM `efan_recruit` WHERE `phone` = '18514410732' AND `time` >= '1501665829' LIMIT 1   [ RunTime:0.0002s ]

[ 2017-08-02T17:25:22+08:00 ] 192.168.199.251 /index.php/Recruit/Recruit/sendCode.efan
INFO: [ app_init ] --START--
INFO: Run Behavior\BuildLiteBehavior [ RunTime:0.000010s ]
INFO: [ app_init ] --END-- [ RunTime:0.000267s ]
NOTIC: [8] Undefined variable: Think D:\www_efan\Application\Recruit\Conf\config.php 第 9 行.
INFO: [ app_begin ] --START--
INFO: Run Behavior\ReadHtmlCacheBehavior [ RunTime:0.000458s ]
INFO: [ app_begin ] --END-- [ RunTime:0.000492s ]
SQL: SHOW COLUMNS FROM `efan_recruit_time` [ RunTime:0.0043s ]
SQL: SELECT * FROM `efan_recruit_time` ORDER BY recruit_time_start desc LIMIT 1   [ RunTime:0.0002s ]
SQL: SHOW COLUMNS FROM `efan_recruit` [ RunTime:0.0026s ]
SQL: SELECT COUNT(*) AS tp_count FROM `efan_recruit` WHERE `studentid` = '120106071' AND `time` >= '1501665829' LIMIT 1   [ RunTime:0.0002s ]
SQL: SELECT COUNT(*) AS tp_count FROM `efan_recruit` WHERE `phone` = '18514410732' AND `time` >= '1501665829' LIMIT 1   [ RunTime:0.0002s ]

[ 2017-08-02T17:26:08+08:00 ] 192.168.199.251 /index.php/Recruit/Recruit/newRecruit.efan
INFO: [ app_init ] --START--
INFO: Run Behavior\BuildLiteBehavior [ RunTime:0.000012s ]
INFO: [ app_init ] --END-- [ RunTime:0.000330s ]
NOTIC: [8] Undefined variable: Think D:\www_efan\Application\Recruit\Conf\config.php 第 9 行.
INFO: [ app_begin ] --START--
INFO: Run Behavior\ReadHtmlCacheBehavior [ RunTime:0.000500s ]
INFO: [ app_begin ] --END-- [ RunTime:0.000535s ]
SQL: SHOW COLUMNS FROM `efan_recruit_time` [ RunTime:0.0045s ]
SQL: SELECT * FROM `efan_recruit_time` ORDER BY recruit_time_start desc LIMIT 1   [ RunTime:0.0002s ]
SQL: SHOW COLUMNS FROM `efan_recruit` [ RunTime:0.0025s ]
SQL: SELECT COUNT(*) AS tp_count FROM `efan_recruit` WHERE `studentid` = '120106071' AND `time` >= '1501665829' LIMIT 1   [ RunTime:0.0002s ]
SQL: SELECT COUNT(*) AS tp_count FROM `efan_recruit` WHERE `phone` = '18514410732' AND `time` >= '1501665829' LIMIT 1   [ RunTime:0.0001s ]
SQL: INSERT INTO `efan_recruit` (`time`,`studentid`,`name`,`phone`,`college`,`major`,`class`,`birthday`,`QQ`,`email`,`introduce`) VALUES ('1501665889','120106071','刘一博','18514410732','机械工程','123','1233','756403200','19613525','123158@qq.com','12313213') [ RunTime:0.0002s ]

[ 2017-08-02T17:26:10+08:00 ] 192.168.199.251 /index.php/Recruit/Recruit/index.efan
INFO: [ app_init ] --START--
INFO: Run Behavior\BuildLiteBehavior [ RunTime:0.000011s ]
INFO: [ app_init ] --END-- [ RunTime:0.000275s ]
NOTIC: [8] Undefined variable: Think D:\www_efan\Application\Recruit\Conf\config.php 第 9 行.
INFO: [ app_begin ] --START--
INFO: Run Behavior\ReadHtmlCacheBehavior [ RunTime:0.000389s ]
INFO: [ app_begin ] --END-- [ RunTime:0.000425s ]
SQL: SHOW COLUMNS FROM `efan_recruit_time` [ RunTime:0.0047s ]
SQL: SELECT * FROM `efan_recruit_time` ORDER BY recruit_time_start desc LIMIT 1   [ RunTime:0.0002s ]
INFO: [ view_parse ] --START--
INFO: [ template_filter ] --START--
INFO: Run Behavior\ContentReplaceBehavior [ RunTime:0.000109s ]
INFO: [ template_filter ] --END-- [ RunTime:0.000146s ]
NOTIC: [8] Undefined variable: Think D:\www_efan\Application\Runtime\Cache\Recruit\e608b06efd6d458154d267a4db0247ae.php 第 100 行.
NOTIC: [8] Undefined variable: Think D:\www_efan\Application\Runtime\Cache\Recruit\e608b06efd6d458154d267a4db0247ae.php 第 188 行.
INFO: Run Behavior\ParseTemplateBehavior [ RunTime:0.006060s ]
INFO: [ view_parse ] --END-- [ RunTime:0.006093s ]
INFO: [ view_filter ] --START--
INFO: Run Behavior\WriteHtmlCacheBehavior [ RunTime:0.000275s ]
INFO: [ view_filter ] --END-- [ RunTime:0.000303s ]
INFO: [ app_end ] --START--
INFO: Run Behavior\ShowPageTraceBehavior [ RunTime:0.000583s ]
INFO: [ app_end ] --END-- [ RunTime:0.000623s ]

